<?xml version="1.0" encoding="UTF-8"?>
<ChoiceMakerMarkedRecordPairs>
<MarkedRecordPair decision="differ" date="2007-03-22" user="rphall" src="matcher" comment="0.2">
<person entityId="93670" recordId="187818" ssn="635466036" firstName="Luci" middleName="A" lastName="Alyshia" streetNumber="850" streetName="Gramiak Ave" apartmentNumber="8y0" city="Wilmington" state="DE" zip="19888"/>
<person entityId="108966" recordId="197910" ssn="160740180" firstName="Macreynolds" middleName="J" lastName="Tallon" streetNumber="" streetName="PO Box 936" apartmentNumber="" city="Wilmington" state="DE" zip="19888"/>
</MarkedRecordPair>
<MarkedRecordPair decision="differ" date="2007-03-22" user="rphall" src="matcher" comment="0.2">
<person entityId="101710" recordId="186966" ssn="000000000" firstName="Fenoglio" middleName="R" lastName="Hubertus" streetNumber="721" streetName="Yerga Avenue" apartmentNumber="8m1" city="Canton" state="CT" zip="06019"/>
<person entityId="95684" recordId="188941" ssn="000000000" firstName="Horrocks" middleName="E" lastName="Catharine" streetNumber="773" streetName="Ber Road" apartmentNumber="5v8" city="Canton" state="CT" zip="06019"/>
</MarkedRecordPair>
<MarkedRecordPair decision="differ" date="2007-03-22" user="rphall" src="matcher" comment="0.2">
<person entityId="86706" recordId="184720" ssn="000000000" firstName="Sibuya" middleName="D" lastName="Lune" streetNumber="977" streetName="Wisniewski Pkwy" apartmentNumber="8i5" city="Townsend" state="DE" zip="19734"/>
<person entityId="105458" recordId="185799" ssn="000000000" firstName="Tripon" middleName="" lastName="Eckery" streetNumber="780" streetName="Menor Parkway" apartmentNumber="4b6" city="Townsend" state="DE" zip="19734"/>
</MarkedRecordPair>
<MarkedRecordPair decision="differ" date="2007-03-22" user="rphall" src="matcher" comment="0.2">
<person entityId="88041" recordId="187051" ssn="583510133" firstName="Morrish" middleName="W" lastName="Dornick" streetNumber="" streetName="PO Box 521" apartmentNumber="" city="Christiansted" state="VI" zip="00824"/>
<person entityId="94876" recordId="189706" ssn="428633382" firstName="H" middleName="A" lastName="Rous" streetNumber="936" streetName="Villa" apartmentNumber="1r7" city="Christiansted" state="VI" zip="00824"/>
</MarkedRecordPair>
<MarkedRecordPair decision="differ" date="2007-03-22" user="rphall" src="matcher" comment="0.2">
<person entityId="89067" recordId="170545" ssn="000000000" firstName="Alphard" middleName="D" lastName="Chaudiere" streetNumber="734" streetName="Wink Ln" apartmentNumber="7p1" city="Christiansted" state="VI" zip="00820"/>
<person entityId="88410" recordId="172903" ssn="000000000" firstName="Gilson" middleName="" lastName="Meismer" streetNumber="934" streetName="Alstrom" apartmentNumber="0q5" city="Christiansted" state="VI" zip="00820"/>
</MarkedRecordPair>
<MarkedRecordPair decision="differ" date="2007-03-22" user="rphall" src="matcher" comment="0.2">
<person entityId="82551" recordId="180129" ssn="000000000" firstName="Gwinnett" middleName="A" lastName="Aiman" streetNumber="698" streetName="Rios Avenue" apartmentNumber="8g1" city="FPO San Francisco" state="GU" zip="96637"/>
<person entityId="98650" recordId="181106" ssn="000000000" firstName="Kazo" middleName="H" lastName="Loke" streetNumber="201" streetName="Saltsman Avenue" apartmentNumber="1f6" city="FPO San Francisco" state="GU" zip="96637"/>
</MarkedRecordPair>
<MarkedRecordPair decision="differ" date="2007-03-22" user="rphall" src="matcher" comment="0.2">
<person entityId="99738" recordId="183107" ssn="545236301" firstName="Carrole" middleName="V" lastName="Naguib" streetNumber="464" streetName="Vallat Rd" apartmentNumber="7k7" city="Kosrae" state="FM" zip="96944"/>
<person entityId="89100" recordId="184087" ssn="724182185" firstName="Hipolito" middleName="L" lastName="Lamotte" streetNumber="" streetName="PO Box 810" apartmentNumber="" city="Kosrae" state="FM" zip="96944"/>
</MarkedRecordPair>
<MarkedRecordPair decision="differ" date="2007-03-22" user="rphall" src="matcher" comment="0.05882353">
<person entityId="98706" recordId="185109" ssn="705172334" firstName="Soh" middleName="K" lastName="Bilbray" streetNumber="947" streetName="Clish Ave" apartmentNumber="1d0" city="Kosrae" state="FM" zip="96944"/>
<person entityId="100184" recordId="185450" ssn="711104048" firstName="Felicetti" middleName="J" lastName="Eanes" streetNumber="321" streetName="Vegrhese Road" apartmentNumber="7q4" city="Kosrae" state="FM" zip="96944"/>
</MarkedRecordPair>
<MarkedRecordPair decision="differ" date="2007-03-22" user="rphall" src="matcher" comment="0.05882353">
<person entityId="101648" recordId="187341" ssn="345558167" firstName="Vdeini" middleName="" lastName="Custodia" streetNumber="684" streetName="Skoczelas" apartmentNumber="5h0" city="APO San Francisco" state="GU" zip="96334"/>
<person entityId="105172" recordId="196738" ssn="477372688" firstName="Mchenry" middleName="S" lastName="Johanariffin" streetNumber="185" streetName="iihan St" apartmentNumber="8i2" city="APO San Francisco" state="GU" zip="96334"/>
</MarkedRecordPair>
<MarkedRecordPair decision="differ" date="2007-03-22" user="rphall" src="matcher" comment="0.05882353">
<person entityId="104544" recordId="188466" ssn="423502116" firstName="Dje" middleName="B" lastName="Salam" streetNumber="501" streetName="Veyle St" apartmentNumber="0m1" city="Kosrae" state="FM" zip="96944"/>
<person entityId="102272" recordId="199465" ssn="651671551" firstName="Paiz" middleName="Z" lastName="Mohl" streetNumber="497" streetName="Mohama Street" apartmentNumber="8z0" city="Kosrae" state="FM" zip="96944"/>
</MarkedRecordPair>
<MarkedRecordPair decision="differ" date="2007-03-22" user="rphall" src="matcher" comment="0.05882353">
<person entityId="96260" recordId="189586" ssn="778422350" firstName="Chinniah" middleName="J" lastName="Kanani" streetNumber="075" streetName="Diumejo Av" apartmentNumber="0b1" city="Benson" state="MN" zip="56215"/>
<person entityId="107330" recordId="198549" ssn="000000000" firstName="Kreyszig" middleName="P" lastName="Aminuddin" streetNumber="454" streetName="Sanguin Street" apartmentNumber="7d3" city="Benson" state="MN" zip="56215"/>
</MarkedRecordPair>
<MarkedRecordPair decision="differ" date="2007-03-22" user="rphall" src="matcher" comment="0.05882353">
<person entityId="85548" recordId="184724" ssn="626410508" firstName="Sibille" middleName="H" lastName="Remy" streetNumber="862" streetName="Harcayal St" apartmentNumber="3k8" city="Cruz Bay" state="VI" zip="00830"/>
<person entityId="99554" recordId="189276" ssn="455446316" firstName="Addiego" middleName="M" lastName="Pambianchi" streetNumber="321" streetName="Draieyr Street" apartmentNumber="2y8" city="Cruz Bay" state="VI" zip="00830"/>
</MarkedRecordPair>
<MarkedRecordPair decision="differ" date="2007-03-22" user="rphall" src="matcher" comment="0.05882353">
<person entityId="105528" recordId="187331" ssn="626032530" firstName="Normy" middleName="B" lastName="Chappuis" streetNumber="12" streetName="Gobeio Street" apartmentNumber="2v0" city="Phoenix" state="AZ" zip="85006"/>
<person entityId="97286" recordId="193313" ssn="568020641" firstName="Luuk" middleName="U" lastName="Hui" streetNumber="92" streetName="Marbaker Rd" apartmentNumber="8t7" city="Phoenix" state="AZ" zip="85006"/>
</MarkedRecordPair>
<MarkedRecordPair decision="differ" date="2007-03-22" user="rphall" src="matcher" comment="0.0038910506">
<person entityId="103580" recordId="188322" ssn="000000000" firstName="Sture" middleName="I" lastName="Qiuyun" streetNumber="529" streetName="Hainer St" apartmentNumber="4p5" city="Minco" state="OK" zip="73059"/>
<person entityId="106098" recordId="199649" ssn="713247653" firstName="Luyten" middleName="" lastName="Qiuyun" streetNumber="120" streetName="Casserino St" apartmentNumber="5s2" city="Coucil" state="ID" zip="83612"/>
</MarkedRecordPair>
<MarkedRecordPair decision="differ" date="2007-03-22" user="rphall" src="matcher" comment="0.0038910506">
<person entityId="104038" recordId="185946" ssn="606024330" firstName="Butch" middleName="Z" lastName="Sanderson" streetNumber="518" streetName="Tonelli Rd" apartmentNumber="3x1" city="Fremont" state="NH" zip="03044"/>
<person entityId="95038" recordId="188587" ssn="716340188" firstName="Yewell" middleName="" lastName="Rogelio" streetNumber="421" streetName="Hornbeek Rd" apartmentNumber="1v3" city="Fremont" state="IN" zip="46737"/>
</MarkedRecordPair>
<MarkedRecordPair decision="differ" date="2007-03-22" user="rphall" src="matcher" comment="0.0038910506">
<person entityId="104198" recordId="187084" ssn="663050402" firstName="Rogne" middleName="F" lastName="Maye" streetNumber="434" streetName="Moctezuma Street" apartmentNumber="5c4" city="Quitman" state="AR" zip="72131"/>
<person entityId="104090" recordId="190004" ssn="771281003" firstName="Rodimer" middleName="N" lastName="Cornelison" streetNumber="461" streetName="Sixten Street" apartmentNumber="7v0" city="Quitman" state="GA" zip="31643"/>
</MarkedRecordPair>
<MarkedRecordPair decision="differ" date="2007-03-22" user="rphall" src="matcher" comment="0.015384615">
<person entityId="107966" recordId="188126" ssn="274442274" firstName="Herkko" middleName="Z" lastName="Svenn" streetNumber="" streetName="PO Box 3546" apartmentNumber="" city="Koosharem" state="UT" zip="84744"/>
<person entityId="99956" recordId="193822" ssn="425358517" firstName="Wakita" middleName="" lastName="Svenn" streetNumber="844" streetName="Erddem St" apartmentNumber="0g6" city="Charlotte Amalie" state="VI" zip="00804"/>
</MarkedRecordPair>
<MarkedRecordPair decision="differ" date="2007-03-22" user="rphall" src="matcher" comment="0.0038910506">
<person entityId="93524" recordId="188515" ssn="431716284" firstName="Slobodian" middleName="N" lastName="Shamim" streetNumber="765" streetName="Anto St" apartmentNumber="8u8" city="Afton" state="VA" zip="22920"/>
<person entityId="91581" recordId="189741" ssn="000000000" firstName="Kloos" middleName="S" lastName="Barri" streetNumber="730" streetName="Marxcilloux Road" apartmentNumber="8o1" city="Afton" state="WY" zip="83110"/>
</MarkedRecordPair>
<MarkedRecordPair decision="differ" date="2007-03-22" user="rphall" src="matcher" comment="0.015384615">
<person entityId="100896" recordId="188686" ssn="000000000" firstName="Haylett" middleName="M" lastName="Adelphe" streetNumber="" streetName="PO Box 4797" apartmentNumber="" city="Minden" state="IA" zip="51553"/>
<person entityId="109132" recordId="189485" ssn="531822317" firstName="Chuming" middleName="" lastName="Weisteen" streetNumber="407" streetName="Moaco Pkwy" apartmentNumber="0j6" city="Minden" state="NE" zip="68959"/>
</MarkedRecordPair>
<MarkedRecordPair decision="differ" date="2007-03-22" user="rphall" src="matcher" comment="0.0038910506">
<person entityId="95670" recordId="182858" ssn="445214708" firstName="Ricketts" middleName="R" lastName="Sylke" streetNumber="221" streetName="Rosainey Ave" apartmentNumber="3i4" city="Manning" state="ND" zip="58642"/>
<person entityId="109498" recordId="196778" ssn="676442465" firstName="Frimml" middleName="" lastName="Kamalam" streetNumber="853" streetName="Dahlmanns Lane" apartmentNumber="1x0" city="Manning" state="SC" zip="29102"/>
</MarkedRecordPair>
<MarkedRecordPair decision="differ" date="2007-03-22" user="rphall" src="matcher" comment="0.0038910506">
<person entityId="71731" recordId="170186" ssn="430040372" firstName="Fayeanne" middleName="I" lastName="Letcher" streetNumber="966" streetName="Mansno Rd" apartmentNumber="1w4" city="Somerville" state="NJ" zip="08876"/>
<person entityId="97970" recordId="192577" ssn="482277060" firstName="Temperley" middleName="K" lastName="Engelsman" streetNumber="504" streetName="Elpida Rd" apartmentNumber="0k2" city="Somerville" state="MA" zip="02143"/>
</MarkedRecordPair>
<MarkedRecordPair decision="differ" date="2007-03-22" user="rphall" src="matcher" comment="0.0038910506">
<person entityId="91998" recordId="166788" ssn="000000000" firstName="Weimar" middleName="D" lastName="Stephenie" streetNumber="230" streetName="Jaminon" apartmentNumber="8t4" city="South Bend" state="WA" zip="98586"/>
<person entityId="91647" recordId="170198" ssn="145106884" firstName="Knerr" middleName="" lastName="Thackray" streetNumber="138" streetName="Woznuiak" apartmentNumber="4b1" city="South Bend" state="IN" zip="46625"/>
</MarkedRecordPair>
<MarkedRecordPair decision="differ" date="2007-03-22" user="rphall" src="matcher" comment="0.0038910506">
<person entityId="103388" recordId="187143" ssn="337226308" firstName="Zestermann" middleName="S" lastName="Holsenback" streetNumber="50" streetName="Stelzner Road" apartmentNumber="2f2" city="Troy" state="MI" zip="48083"/>
<person entityId="90927" recordId="188250" ssn="716452202" firstName="Grossman" middleName="K" lastName="Holsenback" streetNumber="345" streetName="Russon" apartmentNumber="2a0" city="Corpus Christi" state="TX" zip="78416"/>
</MarkedRecordPair>
<MarkedRecordPair decision="differ" date="2007-03-22" user="rphall" src="matcher" comment="0.015384615">
<person entityId="89406" recordId="188203" ssn="527106711" firstName="Crotrtini" middleName="B" lastName="Enri" streetNumber="231" streetName="Suzann Street" apartmentNumber="5u2" city="Princeton" state="ID" zip="83857"/>
<person entityId="96690" recordId="192991" ssn="370345267" firstName="Archibaldo" middleName="Z" lastName="Emo" streetNumber="" streetName="PO Box 42" apartmentNumber="" city="Princeton" state="WV" zip="24739"/>
</MarkedRecordPair>
<MarkedRecordPair decision="differ" date="2007-03-22" user="rphall" src="matcher" comment="0.015384615">
<person entityId="106246" recordId="184277" ssn="000000000" firstName="Serraf" middleName="R" lastName="Sukor" streetNumber="850" streetName="Versis Avenue" apartmentNumber="0c8" city="Alexandria" state="LA" zip="71307"/>
<person entityId="93612" recordId="184767" ssn="418738661" firstName="Steil" middleName="U" lastName="Gery" streetNumber="" streetName="PO Box 3745" apartmentNumber="" city="Alexandria" state="VA" zip="22333"/>
</MarkedRecordPair>
<MarkedRecordPair decision="differ" date="2007-03-22" user="rphall" src="matcher" comment="0.015384615">
<person entityId="94114" recordId="185152" ssn="000000000" firstName="Buckland" middleName="I" lastName="Mole" streetNumber="616" streetName="Haig Rd" apartmentNumber="4y1" city="Buchanan" state="VA" zip="24066"/>
<person entityId="107642" recordId="191067" ssn="141132433" firstName="Asisah" middleName="S" lastName="Mole" streetNumber="" streetName="PO Box 1476" apartmentNumber="" city="Fence" state="WI" zip="54120"/>
</MarkedRecordPair>
<MarkedRecordPair decision="differ" date="2007-03-22" user="rphall" src="matcher" comment="0.0038910506">
<person entityId="86187" recordId="185565" ssn="000000000" firstName="Saito" middleName="S" lastName="Szelewski" streetNumber="664" streetName="Endicott Ave" apartmentNumber="3g2" city="Dorrance" state="KS" zip="67634"/>
<person entityId="101348" recordId="186558" ssn="357323822" firstName="Ine" middleName="D" lastName="Szelewski" streetNumber="702" streetName="Aldric Avenue" apartmentNumber="6c3" city="Phoenix" state="AZ" zip="85019"/>
</MarkedRecordPair>
<MarkedRecordPair decision="differ" date="2007-03-22" user="rphall" src="matcher" comment="0.015384615">
<person entityId="109218" recordId="184249" ssn="267108554" firstName="Zee" middleName="M" lastName="Vania" streetNumber="451" streetName="Schaak" apartmentNumber="6s2" city="Colbert" state="GA" zip="30628"/>
<person entityId="97390" recordId="195140" ssn="000000000" firstName="Gilliland" middleName="W" lastName="Vania" streetNumber="" streetName="PO Box 1423" apartmentNumber="" city="Killen" state="AL" zip="35645"/>
</MarkedRecordPair>
<MarkedRecordPair decision="differ" date="2007-03-22" user="rphall" src="matcher" comment="0.015384615">
<person entityId="81798" recordId="178599" ssn="607435213" firstName="Baldazzi" middleName="" lastName="Tomohide" streetNumber="" streetName="PO Box 2540" apartmentNumber="" city="Helena" state="MO" zip="64459"/>
<person entityId="82296" recordId="181914" ssn="585330548" firstName="Schleiger" middleName="D" lastName="Heiney" streetNumber="873" streetName="Grover Road" apartmentNumber="0d3" city="Helena" state="MT" zip="59625"/>
</MarkedRecordPair>
<MarkedRecordPair decision="differ" date="2007-03-22" user="rphall" src="matcher" comment="0.015384615">
<person entityId="81234" recordId="169892" ssn="352025415" firstName="Jaramillo" middleName="V" lastName="Mcfadden" streetNumber="604" streetName="Hamnefr St" apartmentNumber="8b4" city="Woodland" state="CA" zip="95695"/>
<person entityId="100988" recordId="185106" ssn="000000000" firstName="Hermosillo" middleName="Y" lastName="Cluett" streetNumber="" streetName="Pl Box 2920" apartmentNumber="" city="Woodland" state="MI" zip="48897"/>
</MarkedRecordPair>
<MarkedRecordPair decision="differ" date="2007-03-22" user="rphall" src="matcher" comment="0.015384615">
<person entityId="71031" recordId="167026" ssn="000000000" firstName="Keseris" middleName="L" lastName="Bajtazzo" streetNumber="" streetName="PO Box 4348" apartmentNumber="" city="Page" state="NE" zip="68766"/>
<person entityId="101024" recordId="193032" ssn="532684227" firstName="Prybyla" middleName="K" lastName="Sidney" streetNumber="" streetName="PO Box 4588" apartmentNumber="" city="Page" state="AZ" zip="86036"/>
</MarkedRecordPair>
<MarkedRecordPair decision="differ" date="2007-03-22" user="rphall" src="matcher" comment="0.015384615">
<person entityId="108884" recordId="183529" ssn="403621242" firstName="Laster" middleName="" lastName="Duplan" streetNumber="436" streetName="Veciana Ave" apartmentNumber="6k7" city="Harmony" state="WV" zip="25246"/>
<person entityId="95534" recordId="185057" ssn="383410335" firstName="Shihhsiung" middleName="F" lastName="Huesgen" streetNumber="" streetName="PO Box 4903" apartmentNumber="" city="Harmony" state="RI" zip="02829"/>
</MarkedRecordPair>
<MarkedRecordPair decision="differ" date="2007-03-22" user="rphall" src="matcher" comment="0.015384615">
<person entityId="80391" recordId="178354" ssn="000000000" firstName="Raymundo" middleName="J" lastName="Guschelbauer" streetNumber="" streetName="PO Box 1766" apartmentNumber="" city="Partridge" state="KS" zip="67566"/>
<person entityId="100820" recordId="181317" ssn="465438841" firstName="Giangaspero" middleName="" lastName="Guschelbauer" streetNumber="321" streetName="Weldon Rd" apartmentNumber="7y7" city="Woodruff" state="UT" zip="84086"/>
</MarkedRecordPair>
<MarkedRecordPair decision="differ" date="2007-03-22" user="rphall" src="matcher" comment="0.015384615">
<person entityId="73447" recordId="164536" ssn="000000000" firstName="Loofbourrow" middleName="N" lastName="Blancasilvia" streetNumber="" streetName="PO Box 4171" apartmentNumber="" city="Hecla" state="SD" zip="57446"/>
<person entityId="85086" recordId="181547" ssn="450824505" firstName="Mikhail" middleName="" lastName="Blancasilvia" streetNumber="50" streetName="Mennertier Av" apartmentNumber="2r0" city="Bozeman" state="MT" zip="59771"/>
</MarkedRecordPair>
<MarkedRecordPair decision="differ" date="2007-03-22" user="rphall" src="matcher" comment="0.015384615">
<person entityId="77207" recordId="154981" ssn="000000000" firstName="Mohinder" middleName="I" lastName="Volk" streetNumber="4" streetName="Fukis Ave" apartmentNumber="5l0" city="Wilmington" state="DE" zip="19897"/>
<person entityId="72291" recordId="169227" ssn="643451042" firstName="Scalmanini" middleName="C" lastName="Volk" streetNumber="" streetName="PO nox 3802" apartmentNumber="" city="Forman" state="ND" zip="58032"/>
</MarkedRecordPair>
<MarkedRecordPair decision="differ" date="2007-03-22" user="rphall" src="matcher" comment="0.015384615">
<person entityId="71035" recordId="169317" ssn="631526485" firstName="Lebsack" middleName="D" lastName="Mcgarry" streetNumber="" streetName="O Box 694" apartmentNumber="" city="Wessington" state="SD" zip="57381"/>
<person entityId="101998" recordId="180024" ssn="000000000" firstName="Daiyah" middleName="H" lastName="Mcgarry" streetNumber="742" streetName="Gagnoaw Ave" apartmentNumber="3o8" city="Gunnieon" state="CO" zip="81247"/>
</MarkedRecordPair>
<MarkedRecordPair decision="differ" date="2007-03-22" user="rphall" src="matcher" comment="0.0038910506">
<person entityId="97112" recordId="183156" ssn="208328810" firstName="Fux" middleName="H" lastName="Deffenbaugh" streetNumber="509" streetName="Defoor Pkwy" apartmentNumber="6i2" city="Deweyville" state="UT" zip="84309"/>
<person entityId="84768" recordId="183895" ssn="000000000" firstName="Brugueras" middleName="F" lastName="Deffenbaugh" streetNumber="814" streetName="Saila Lane" apartmentNumber="3b1" city="Litchfield" state="IL" zip="62056"/>
</MarkedRecordPair>
<MarkedRecordPair decision="differ" date="2007-03-22" user="rphall" src="matcher" comment="0.0038910506">
<person entityId="91026" recordId="172614" ssn="161178676" firstName="Broadwell" middleName="R" lastName="Singara" streetNumber="623" streetName="Hitala Parkway" apartmentNumber="5j2" city="Rhinehart" state="LA" zip="71363"/>
<person entityId="101892" recordId="183447" ssn="427573583" firstName="Vonck" middleName="O" lastName="Singara" streetNumber="317" streetName="Shoup Avenue" apartmentNumber="7h2" city="Jacksonville" state="AR" zip="72076"/>
</MarkedRecordPair>
<MarkedRecordPair decision="differ" date="2007-03-22" user="rphall" src="matcher" comment="0.0038910506">
<person entityId="91128" recordId="170106" ssn="543066847" firstName="Haebich" middleName="J" lastName="Veles" streetNumber="874" streetName="Vinko St" apartmentNumber="0c3" city="Myrtle Beach" state="SC" zip="29572"/>
<person entityId="79179" recordId="175492" ssn="650458175" firstName="Fehlberg" middleName="E" lastName="Veles" streetNumber="165" streetName="Magnampo Ave" apartmentNumber="4l2" city="Saint nary" state="KY" zip="40063"/>
</MarkedRecordPair>
<MarkedRecordPair decision="differ" date="2007-03-22" user="rphall" src="matcher" comment="0.0038910506">
<person entityId="86139" recordId="174988" ssn="620336713" firstName="Modestou" middleName="W" lastName="Krabicka" streetNumber="577" streetName="Wyattles Parkway" apartmentNumber="2h1" city="Crawford" state="GA" zip="30630"/>
<person entityId="96856" recordId="190325" ssn="000000000" firstName="Cespedes" middleName="A" lastName="Krabicka" streetNumber="696" streetName="Pizzinato Street" apartmentNumber="4y0" city="Greenland" state="NH" zip="03840"/>
</MarkedRecordPair>
<MarkedRecordPair decision="differ" date="2007-03-22" user="rphall" src="matcher" comment="0.2">
<person entityId="109200" recordId="191629" ssn="000000000" firstName="Kerrill" middleName="C" lastName="Hanfei" streetNumber="304" streetName="Worsfold St" apartmentNumber="3t3" city="Annapolis" state="MD" zip="21404"/>
<person entityId="105186" recordId="194753" ssn="000000000" firstName="Helmus" middleName="N" lastName="Ayanoglu" streetNumber="" streetName="PO Box 47" apartmentNumber="" city="Annapolis" state="MD" zip="21405"/>
</MarkedRecordPair>
<MarkedRecordPair decision="differ" date="2007-03-22" user="rphall" src="matcher" comment="0.5">
<person entityId="108092" recordId="188572" ssn="000000000" firstName="Barnhouse" middleName="" lastName="Diggory" streetNumber="685" streetName="Cantone Rd" apartmentNumber="7v5" city="Kosrae" state="FM" zip="96944"/>
<person entityId="108332" recordId="193544" ssn="000000000" firstName="Defoor" middleName="" lastName="Longhenry" streetNumber="565" streetName="Debortoli Street" apartmentNumber="3k7" city="Kosrae" state="FM" zip="96944"/>
</MarkedRecordPair>
<MarkedRecordPair decision="differ" date="2007-03-22" user="rphall" src="matcher" comment="0.5">
<person entityId="76387" recordId="167216" ssn="000000000" firstName="Eckers" middleName="" lastName="Niloofar" streetNumber="159" streetName="Sengoba Avenue" apartmentNumber="5e4" city="Kosrae" state="FM" zip="96944"/>
<person entityId="87279" recordId="167806" ssn="000000000" firstName="Ailani" middleName="" lastName="Tolley" streetNumber="250" streetName="Halotierv Rd" apartmentNumber="7z7" city="Kosrae" state="FM" zip="96944"/>
</MarkedRecordPair>
<MarkedRecordPair decision="differ" date="2007-03-22" user="rphall" src="matcher" comment="0.05882353">
<person entityId="98776" recordId="188711" ssn="717806488" firstName="Nadeaudostie" middleName="A" lastName="More" streetNumber="" streetName="PO Box 992" apartmentNumber="" city="Flagstaff" state="AZ" zip="86017"/>
<person entityId="107260" recordId="198132" ssn="180407014" firstName="Suden" middleName="V" lastName="Jasen" streetNumber="698" streetName="Cummins St" apartmentNumber="1e0" city="Flagstaff" state="AZ" zip="86003"/>
</MarkedRecordPair>
<MarkedRecordPair decision="differ" date="2007-03-22" user="rphall" src="matcher" comment="0.05882353">
<person entityId="79686" recordId="177427" ssn="588262654" firstName="Hawu" middleName="J" lastName="riddle" streetNumber="" streetName="PO nox 1030" apartmentNumber="" city="Lubbock" state="TX" zip="79413"/>
<person entityId="103954" recordId="180719" ssn="646312425" firstName="M" middleName="" lastName="Schamber" streetNumber="893" streetName="Bovati St" apartmentNumber="3g7" city="Lubbock" state="TX" zip="79412"/>
</MarkedRecordPair>
<MarkedRecordPair decision="differ" date="2007-03-22" user="rphall" src="matcher" comment="0.05882353">
<person entityId="93848" recordId="175928" ssn="762683611" firstName="Jacquetta" middleName="I" lastName="Spofford" streetNumber="" streetName="PO Box 1517" apartmentNumber="" city="Nampa" state="ID" zip="83686"/>
<person entityId="91431" recordId="184590" ssn="201100354" firstName="Allsun" middleName="W" lastName="Dans" streetNumber="207" streetName="Modrell Rd" apartmentNumber="8i4" city="Nampa" state="ID" zip="83653"/>
</MarkedRecordPair>
<MarkedRecordPair decision="differ" date="2007-03-22" user="rphall" src="matcher" comment="0.05882353">
<person entityId="85269" recordId="169621" ssn="000000000" firstName="Kawame" middleName="M" lastName="Stamboulie" streetNumber="" streetName="PO Box 1552" apartmentNumber="" city="Marietta" state="GA" zip="30065"/>
<person entityId="74211" recordId="169809" ssn="334883687" firstName="Freudenberg" middleName="W" lastName="Studer" streetNumber="" streetName="PO Box 4298" apartmentNumber="" city="Marietta" state="GA" zip="30069"/>
</MarkedRecordPair>
<MarkedRecordPair decision="differ" date="2007-03-22" user="rphall" src="matcher" comment="0.05882353">
<person entityId="85053" recordId="166650" ssn="326778814" firstName="Nessett" middleName="P" lastName="Liptrap" streetNumber="848" streetName="Rizzuti Ln" apartmentNumber="4e3" city="Cheyenne" state="WY" zip="82002"/>
<person entityId="95278" recordId="170055" ssn="661871061" firstName="Hinchcliff" middleName="S" lastName="Tomate" streetNumber="" streetName="PO ox 4473" apartmentNumber="" city="Cheyenne" state="WY" zip="82007"/>
</MarkedRecordPair>
<MarkedRecordPair decision="differ" date="2007-03-22" user="rphall" src="matcher" comment="0.2">
<person entityId="104452" recordId="177127" ssn="000000000" firstName="Gilodo" middleName="" lastName="Tsongliang" streetNumber="928" streetName="Ashlen Ln" apartmentNumber="5t8" city="Newark" state="NJ" zip="07188"/>
<person entityId="100246" recordId="196267" ssn="348656743" firstName="Berque" middleName="" lastName="Ic" streetNumber="522" streetName="Lafzinski St" apartmentNumber="5q1" city="Newark" state="NJ" zip="07188"/>
</MarkedRecordPair>
<MarkedRecordPair decision="differ" date="2007-03-22" user="rphall" src="matcher" comment="0.2">
<person entityId="90507" recordId="183154" ssn="417817112" firstName="Baechler" middleName="B" lastName="Kapil" streetNumber="787" streetName="Shaila Road" apartmentNumber="4m7" city="Charlotte Amalie" state="VI" zip="00804"/>
<person entityId="107378" recordId="192328" ssn="271318634" firstName="Arwind" middleName="B" lastName="Ditlevson" streetNumber="127" streetName="Oguz Avenue" apartmentNumber="5x3" city="Charlotte Amalie" state="VI" zip="00804"/>
</MarkedRecordPair>
<MarkedRecordPair decision="match" date="2007-03-22" user="rphall" src="matcher" comment="0.2">
<person entityId="92889" recordId="182961" ssn="470182167" firstName="Walzberg" middleName="F" lastName="Donis" streetNumber="698" streetName="Gluesing" apartmentNumber="4h3" city="Cody" state="WY" zip="82414"/>
<person entityId="92889" recordId="183689" ssn="470182167" firstName="Walzberg" middleName="F" lastName="Donis" streetNumber="801" streetName="Vislocky Ave" apartmentNumber="1i1" city="Millstone" state="KY" zip="41838"/>
</MarkedRecordPair>
<MarkedRecordPair decision="match" date="2007-03-22" user="rphall" src="matcher" comment="0.2">
<person entityId="87612" recordId="182072" ssn="262660380" firstName="Natkin" middleName="U" lastName="Chaik" streetNumber="872" streetName="Petrick Street" apartmentNumber="4k6" city="Tysons Corner" state="VA" zip="22103"/>
<person entityId="87612" recordId="183498" ssn="262660380" firstName="Natkin" middleName="U" lastName="Chaik" streetNumber="231" streetName="Tebo Avenue" apartmentNumber="1c6" city="Gallup" state="NM" zip="87326"/>
</MarkedRecordPair>
<MarkedRecordPair decision="match" date="2007-03-22" user="rphall" src="matcher" comment="0.2">
<person entityId="90579" recordId="161925" ssn="363728300" firstName="Yenter" middleName="Q" lastName="Bopp" streetNumber="788" streetName="Vasudevan St" apartmentNumber="4d2" city="Wilmot" state="AR" zip="71676"/>
<person entityId="90579" recordId="178718" ssn="363728300" firstName="Yenter" middleName="Q" lastName="Bopp" streetNumber="340" streetName="Stolvfo St" apartmentNumber="0d4" city="Grand Rapids" state="MI" zip="49503"/>
</MarkedRecordPair>
<MarkedRecordPair decision="differ" date="2007-03-22" user="rphall" src="matcher" comment="0.2">
<person entityId="83379" recordId="182750" ssn="350534628" firstName="Seda" middleName="" lastName="Boggs" streetNumber="162" streetName="Oppizio" apartmentNumber="0h4" city="Kosrae" state="FM" zip="96944"/>
<person entityId="93926" recordId="185607" ssn="000000000" firstName="Smelik" middleName="" lastName="Fangio" streetNumber="471" streetName="Haddon Road" apartmentNumber="0l6" city="Kosrae" state="FM" zip="96944"/>
</MarkedRecordPair>
<MarkedRecordPair decision="differ" date="2007-03-22" user="rphall" src="matcher" comment="0.015384615">
<person entityId="91695" recordId="187118" ssn="727715150" firstName="Urtiaga" middleName="" lastName="Comrie" streetNumber="68" streetName="Bain Lane" apartmentNumber="4s3" city="Inglewood" state="CA" zip="90311"/>
<person entityId="101392" recordId="190523" ssn="617302324" firstName="Matos" middleName="V" lastName="Belk" streetNumber="469" streetName="Lafiandra Pkwy" apartmentNumber="5n5" city="Inglewood" state="CA" zip="90302"/>
</MarkedRecordPair>
<MarkedRecordPair decision="differ" date="2007-03-22" user="rphall" src="matcher" comment="0.0038910506">
<person entityId="101280" recordId="188292" ssn="272051426" firstName="Bulkovshteyn" middleName="K" lastName="Kabat" streetNumber="828" streetName="Dews" apartmentNumber="7m7" city="Phoenix" state="AZ" zip="85004"/>
<person entityId="90348" recordId="189773" ssn="000000000" firstName="Hagenow" middleName="R" lastName="Vanderweyenu" streetNumber="229" streetName="Bisbke" apartmentNumber="5o8" city="Phoenixw" state="NC" zip="85004"/>
</MarkedRecordPair>
<MarkedRecordPair decision="differ" date="2007-03-22" user="rphall" src="matcher" comment="0.0038910506">
<person entityId="106182" recordId="190061" ssn="335577028" firstName="Watchorn" middleName="Z" lastName="Hilton" streetNumber="824" streetName="Rosar Ave" apartmentNumber="4n0" city="Fordoche" state="LA" zip="70732"/>
<person entityId="107434" recordId="194076" ssn="513606865" firstName="Watchorn" middleName="J" lastName="Shirriff" streetNumber="76" streetName="Self Street" apartmentNumber="0p5" city="Kosrae" state="FM" zip="96944"/>
</MarkedRecordPair>
<MarkedRecordPair decision="differ" date="2007-03-22" user="rphall" src="matcher" comment="0.015384615">
<person entityId="84483" recordId="182922" ssn="000000000" firstName="onn" middleName="N" lastName="Seigneur" streetNumber="264" streetName="ooorman Pkwy" apartmentNumber="3t5" city="Burlington" state="VT" zip="05404"/>
<person entityId="105644" recordId="189649" ssn="300376878" firstName="Ende" middleName="K" lastName="Arnoldus" streetNumber="988" streetName="Demarco" apartmentNumber="1f2" city="Burlington" state="VT" zip="05403"/>
</MarkedRecordPair>
<MarkedRecordPair decision="differ" date="2007-03-22" user="rphall" src="matcher" comment="0.015384615">
<person entityId="91914" recordId="177343" ssn="723055088" firstName="Ghavam" middleName="V" lastName="Zakhour" streetNumber="350" streetName="Elvin Ave" apartmentNumber="3m1" city="Dinosaur" state="CO" zip="81633"/>
<person entityId="90120" recordId="181137" ssn="655216256" firstName="Cindelyn" middleName="" lastName="Morley" streetNumber="275" streetName="Utke Rd" apartmentNumber="5w4" city="Dinosaur" state="CO" zip="81610"/>
</MarkedRecordPair>
<MarkedRecordPair decision="differ" date="2007-03-22" user="rphall" src="matcher" comment="0.015384615">
<person entityId="98982" recordId="172075" ssn="732286021" firstName="Petrera" middleName="Q" lastName="Loison" streetNumber="10" streetName="Surfleet Avenue" apartmentNumber="8j7" city="Los Angeles" state="CA" zip="90069"/>
<person entityId="94926" recordId="190203" ssn="000000000" firstName="Bonet" middleName="A" lastName="Saify" streetNumber="201" streetName="Sumanah Pkwy" apartmentNumber="2h8" city="Los Angeles" state="CA" zip="90004"/>
</MarkedRecordPair>
<MarkedRecordPair decision="differ" date="2007-03-22" user="rphall" src="matcher" comment="0.015384615">
<person entityId="74011" recordId="167397" ssn="640515287" firstName="Barbee" middleName="V" lastName="Stover" streetNumber="614" streetName="Roithmaier" apartmentNumber="5l3" city="Pawtucket" state="RI" zip="02862"/>
<person entityId="89079" recordId="171456" ssn="763873745" firstName="Louey" middleName="X" lastName="Rokiah" streetNumber="745" streetName="Tilden Rd" apartmentNumber="5h0" city="Pawtucket" state="RI" zip="02860"/>
</MarkedRecordPair>
<MarkedRecordPair decision="differ" date="2007-03-22" user="rphall" src="matcher" comment="0.015384615">
<person entityId="99932" recordId="171391" ssn="647824757" firstName="Bobbee" middleName="X" lastName="Slartibaertfast" streetNumber="979" streetName="Cecilio Avenue" apartmentNumber="1b2" city="Ridgely" state="MD" zip="21660"/>
<person entityId="97026" recordId="194712" ssn="454148535" firstName="Panolil" middleName="L" lastName="Battershill" streetNumber="576" streetName="Geneene Avenue" apartmentNumber="1o2" city="Ridgely" state="MD" zip="21687"/>
</MarkedRecordPair>
<MarkedRecordPair decision="differ" date="2007-03-22" user="rphall" src="matcher" comment="0.015384615">
<person entityId="80181" recordId="179773" ssn="000000000" firstName="Grout" middleName="" lastName="Kosturik" streetNumber="33" streetName="Easterday Road" apartmentNumber="0y7" city="Louvale" state="GA" zip="31814"/>
<person entityId="100418" recordId="182656" ssn="000000000" firstName="Bowler" middleName="I" lastName="Kosturik" streetNumber="444" streetName="Tuoiu Ln" apartmentNumber="1x4" city="Cortland" state="IN" zip="47228"/>
</MarkedRecordPair>
<MarkedRecordPair decision="differ" date="2007-03-22" user="rphall" src="matcher" comment="0.015384615">
<person entityId="101486" recordId="177898" ssn="000000000" firstName="Langenbahn" middleName="C" lastName="Sillion" streetNumber="441" streetName="Sprules Parkway" apartmentNumber="7g2" city="Sergeantsville" state="NJ" zip="08557"/>
<person entityId="94132" recordId="191659" ssn="000000000" firstName="Flying" middleName="P" lastName="Sillion" streetNumber="64" streetName="Circe Avenue" apartmentNumber="1x8" city="Neafus" state="KY" zip="42766"/>
</MarkedRecordPair>
<MarkedRecordPair decision="differ" date="2007-03-22" user="rphall" src="matcher" comment="0.015384615">
<person entityId="98988" recordId="168737" ssn="000000000" firstName="Ndububa" middleName="A" lastName="Tuure" streetNumber="12" streetName="Vertolli Pkwy" apartmentNumber="0j2" city="Barton" state="VT" zip="05875"/>
<person entityId="98404" recordId="184337" ssn="000000000" firstName="Oudheusden" middleName="W" lastName="Tuure" streetNumber="272" streetName="Bhaskar Street" apartmentNumber="5t7" city="Layton" state="UT" zip="84041"/>
</MarkedRecordPair>
<MarkedRecordPair decision="differ" date="2007-03-22" user="rphall" src="matcher" comment="0.015384615">
<person entityId="60883" recordId="157039" ssn="000000000" firstName="Szkriblak" middleName="H" lastName="Siegrist" streetNumber="456" streetName="Grillon" apartmentNumber="5v1" city="Wahiawa" state="HI" zip="96789"/>
<person entityId="73719" recordId="166113" ssn="000000000" firstName="Kaarle" middleName="Z" lastName="Siegrist" streetNumber="583" streetName="Jantzlee Parkway" apartmentNumber="2a3" city="Clinchfield" state="GA" zip="31013"/>
</MarkedRecordPair>
<MarkedRecordPair decision="differ" date="2007-03-22" user="rphall" src="matcher" comment="0.015384615">
<person entityId="83922" recordId="154430" ssn="000000000" firstName="Cavnar" middleName="B" lastName="Basu" streetNumber="840" streetName="Humpal Road" apartmentNumber="8o6" city="eoria" state="IL" zip="61634"/>
<person entityId="89613" recordId="173506" ssn="000000000" firstName="Hoorman" middleName="K" lastName="Basu" streetNumber="49" streetName="Roychowdhury Ave" apartmentNumber="6t2" city="Hoskinston" state="KY" zip="40844"/>
</MarkedRecordPair>
<MarkedRecordPair decision="differ" date="2007-03-22" user="rphall" src="matcher" comment="0.015384615">
<person entityId="63175" recordId="152951" ssn="000000000" firstName="Pons" middleName="" lastName="Reade" streetNumber="5" streetName="Dite Ave" apartmentNumber="7k2" city="Camuy" state="PR" zip="00627"/>
<person entityId="102414" recordId="192219" ssn="000000000" firstName="Couto" middleName="L" lastName="Reade" streetNumber="989" streetName="Viviyan Ave" apartmentNumber="0i0" city="Tuttle" state="OK" zip="73089"/>
</MarkedRecordPair>
<MarkedRecordPair decision="differ" date="2007-03-22" user="rphall" src="matcher" comment="0.0038910506">
<person entityId="104144" recordId="177504" ssn="102207003" firstName="K" middleName="N" lastName="Dokiska" streetNumber="889" streetName="Mcqueen Parkway" apartmentNumber="0d6" city="Scotytsdale" state="AZ" zip="85271"/>
<person entityId="92871" recordId="188831" ssn="000000000" firstName="K" middleName="T" lastName="Terrijo" streetNumber="866" streetName="Benoist Ave" apartmentNumber="1v5" city="Agana" state="GU" zip="96923"/>
</MarkedRecordPair>
<MarkedRecordPair decision="differ" date="2007-03-22" user="rphall" src="matcher" comment="0.0038910506">
<person entityId="102550" recordId="182101" ssn="210018313" firstName="Ballinger" middleName="P" lastName="Sackrison" streetNumber="305" streetName="Milburn Ave" apartmentNumber="6y4" city="Klamath" state="CA" zip="95548"/>
<person entityId="106830" recordId="188763" ssn="212770800" firstName="Ballinger" middleName="O" lastName="Minnis" streetNumber="294" streetName="Wambsganz Street" apartmentNumber="0i7" city="Glenrock" state="WY" zip="82637"/>
</MarkedRecordPair>
<MarkedRecordPair decision="differ" date="2007-03-22" user="rphall" src="matcher" comment="0.0038910506">
<person entityId="95334" recordId="180163" ssn="102677454" firstName="Caroljean" middleName="H" lastName="Larstone" streetNumber="332" streetName="dCouey Road" apartmentNumber="2y8" city="Whitmire" state="SC" zip="29178"/>
<person entityId="98616" recordId="192238" ssn="353851607" firstName="Caroljean" middleName="C" lastName="Elizabet" streetNumber="735" streetName="Denter St" apartmentNumber="4i8" city="Maricao" state="PR" zip="00762"/>
</MarkedRecordPair>
<MarkedRecordPair decision="differ" date="2007-03-22" user="rphall" src="matcher" comment="0.0038910506">
<person entityId="84945" recordId="179244" ssn="707288818" firstName="Robart" middleName="S" lastName="Engman" streetNumber="747" streetName="Hmamaren Rd" apartmentNumber="4i3" city="Montomery" state="RI" zip="36191"/>
<person entityId="94872" recordId="186140" ssn="165846408" firstName="Bhasin" middleName="O" lastName="Super" streetNumber="965" streetName="Ircinternaldocs Pkwy" apartmentNumber="6v0" city="Montgomeru" state="AL" zip="36191"/>
</MarkedRecordPair>
<MarkedRecordPair decision="differ" date="2007-03-22" user="rphall" src="matcher" comment="0.0038910506">
<person entityId="97022" recordId="181486" ssn="182777784" firstName="D" middleName="" lastName="Soka" streetNumber="907" streetName="Titinger Ave" apartmentNumber="2f1" city="Opp" state="AL" zip="36467"/>
<person entityId="104088" recordId="185587" ssn="288461800" firstName="D" middleName="U" lastName="Bialy" streetNumber="848" streetName="Allpress Lane" apartmentNumber="6a7" city="Bethany Beach" state="DE" zip="19930"/>
</MarkedRecordPair>
<MarkedRecordPair decision="differ" date="2007-03-22" user="rphall" src="matcher" comment="0.0038910506">
<person entityId="83133" recordId="179951" ssn="637521306" firstName="Feldman" middleName="" lastName="Hakkaku" streetNumber="936" streetName="Solorio Road" apartmentNumber="7v4" city="Avera" state="GA" zip="30803"/>
<person entityId="93410" recordId="181559" ssn="511811610" firstName="Feldman" middleName="Z" lastName="Hearne" streetNumber="206" streetName="Marini St" apartmentNumber="2d6" city="Hulen" state="KY" zip="40845"/>
</MarkedRecordPair>
<MarkedRecordPair decision="differ" date="2007-03-22" user="rphall" src="matcher" comment="0.0038910506">
<person entityId="102834" recordId="174567" ssn="603055555" firstName="Ashutosh" middleName="" lastName="Allegra" streetNumber="778" streetName="Yazmin Rd" apartmentNumber="5b3" city="Gordonville" state="MO" zip="63752"/>
<person entityId="90894" recordId="184940" ssn="000000000" firstName="Shulkin" middleName="D" lastName="Merb" streetNumber="238" streetName="Sumoriy Ave" apartmentNumber="5w6" city="Gordonvolle" state="RI" zip="63752"/>
</MarkedRecordPair>
<MarkedRecordPair decision="differ" date="2007-03-22" user="rphall" src="matcher" comment="0.0038910506">
<person entityId="90228" recordId="160551" ssn="516562345" firstName="Hook" middleName="L" lastName="Yoshimasa" streetNumber="383" streetName="Heflfrick Road" apartmentNumber="6x4" city="Wilington" state="DE" zip="19804"/>
<person entityId="86847" recordId="165526" ssn="516583674" firstName="Shantz" middleName="V" lastName="Dillie" streetNumber="954" streetName="fRosch" apartmentNumber="3g3" city="Wilmingtmn" state="VT" zip="19804"/>
</MarkedRecordPair>
<MarkedRecordPair decision="differ" date="2007-03-22" user="rphall" src="matcher" comment="0.0038910506">
<person entityId="91827" recordId="156113" ssn="330886078" firstName="Britman" middleName="G" lastName="Wiechert" streetNumber="308" streetName="Nahum Road" apartmentNumber="2z0" city="aSlina" state="WV" zip="74365"/>
<person entityId="105250" recordId="189577" ssn="000000000" firstName="Stoffels" middleName="W" lastName="Fatherley" streetNumber="77" streetName="Nurul Rd" apartmentNumber="7q8" city="Salina" state="OK" zip="74365"/>
</MarkedRecordPair>
<MarkedRecordPair decision="differ" date="2007-03-22" user="rphall" src="matcher" comment="0.0038910506">
<person entityId="73291" recordId="149664" ssn="373275380" firstName="Tinsman" middleName="X" lastName="Schoenecker" streetNumber="644" streetName="Rossadams Road" apartmentNumber="0l2" city="iskeville" state="RI" zip="02823"/>
<person entityId="76643" recordId="160525" ssn="747122357" firstName="Donica" middleName="L" lastName="Sitinah" streetNumber="464" streetName="Borta Street" apartmentNumber="8o0" city="Fiskevilel" state="MT" zip="02823"/>
</MarkedRecordPair>
<MarkedRecordPair decision="match" date="2007-03-22" user="rphall" src="matcher" comment="0.9990244">
<person entityId="90048" recordId="187783" ssn="713847558" firstName="Sira" middleName="L" lastName="Leatha" streetNumber="116" streetName="Stockhausen Street" apartmentNumber="2n5" city="Agana" state="GU" zip="96916"/>
<person entityId="90048" recordId="189821" ssn="713847558" firstName="Sira" middleName="L" lastName="Leatha" streetNumber="116" streetName="Stockhausen Street" apartmentNumber="2n5" city="Agana" state="GU" zip="96916"/>
</MarkedRecordPair>
<MarkedRecordPair decision="match" date="2007-03-22" user="rphall" src="matcher" comment="0.9990244">
<person entityId="92523" recordId="179252" ssn="614888828" firstName="Sixten" middleName="U" lastName="Panick" streetNumber="820" streetName="Clio St" apartmentNumber="1j8" city="Herndon" state="KS" zip="67739"/>
<person entityId="92523" recordId="189074" ssn="614888828" firstName="Sixten" middleName="U" lastName="Panick" streetNumber="820" streetName="Clio St" apartmentNumber="1j8" city="Herndon" state="KS" zip="67739"/>
</MarkedRecordPair>
<MarkedRecordPair decision="match" date="2007-03-22" user="rphall" src="matcher" comment="0.9990244">
<person entityId="91437" recordId="177866" ssn="000000000" firstName="Maderholz" middleName="T" lastName="Chingyun" streetNumber="933" streetName="Rodie Ln" apartmentNumber="8h2" city="Kinston" state="NC" zip="28501"/>
<person entityId="91437" recordId="190020" ssn="000000000" firstName="Maderholz" middleName="T" lastName="Chingyun" streetNumber="933" streetName="Rodie Ln" apartmentNumber="8h2" city="Kinston" state="NC" zip="28501"/>
</MarkedRecordPair>
<MarkedRecordPair decision="match" date="2007-03-22" user="rphall" src="matcher" comment="0.9990244">
<person entityId="85947" recordId="176429" ssn="422406088" firstName="Cies" middleName="" lastName="Laurens" streetNumber="157" streetName="Orson Avenue" apartmentNumber="6w5" city="Saint Elizabeth" state="MO" zip="65075"/>
<person entityId="85947" recordId="183262" ssn="422406088" firstName="Cies" middleName="" lastName="Laurens" streetNumber="157" streetName="Orson Avenue" apartmentNumber="6w5" city="Saint Elizabeth" state="MO" zip="65075"/>
</MarkedRecordPair>
<MarkedRecordPair decision="match" date="2007-03-22" user="rphall" src="matcher" comment="0.9990244">
<person entityId="91275" recordId="176417" ssn="000000000" firstName="Ostarello" middleName="D" lastName="Fite" streetNumber="634" streetName="Smorthit Street" apartmentNumber="8x8" city="Christiansted" state="VI" zip="00823"/>
<person entityId="91275" recordId="189849" ssn="000000000" firstName="Ostarello" middleName="D" lastName="Fite" streetNumber="634" streetName="Smorthit Street" apartmentNumber="8x8" city="Christiansted" state="VI" zip="00823"/>
</MarkedRecordPair>
<MarkedRecordPair decision="match" date="2007-03-22" user="rphall" src="matcher" comment="0.9990244">
<person entityId="85521" recordId="176073" ssn="000000000" firstName="Bohanan" middleName="W" lastName="Sjoo" streetNumber="60" streetName="Fetting Ln" apartmentNumber="4u8" city="Agana" state="GU" zip="96911"/>
<person entityId="85521" recordId="182400" ssn="000000000" firstName="Bohanan" middleName="W" lastName="Sjoo" streetNumber="60" streetName="Fetting Ln" apartmentNumber="4u8" city="Agana" state="GU" zip="96911"/>
</MarkedRecordPair>
<MarkedRecordPair decision="match" date="2007-03-22" user="rphall" src="matcher" comment="0.8">
<person entityId="91578" recordId="184050" ssn="152781453" firstName="Oyung" middleName="J" lastName="Pollyanna" streetNumber="772" streetName="Samiah Ave" apartmentNumber="1s4" city="Cloverale" state="VA" zip="24077"/>
<person entityId="91578" recordId="186893" ssn="152781453" firstName="Oyung" middleName="J" lastName="Pollyanna" streetNumber="678" streetName="Gagliardi Lane" apartmentNumber="8v0" city="Cloverdale" state="VA" zip="24077"/>
</MarkedRecordPair>
<MarkedRecordPair decision="match" date="2007-03-22" user="rphall" src="matcher" comment="0.8">
<person entityId="90879" recordId="168782" ssn="000000000" firstName="Youlin" middleName="U" lastName="Misetrw" streetNumber="386" streetName="Noblitt Street" apartmentNumber="2b1" city="Hamburg" state="IA" zip="51640"/>
<person entityId="90879" recordId="188425" ssn="000000000" firstName="Youolin" middleName="U" lastName="Mister" streetNumber="385" streetName="Noblitt Street" apartmentNumber="2b1" city="Hamgurg" state="IA" zip="51640"/>
</MarkedRecordPair>
<MarkedRecordPair decision="match" date="2007-03-22" user="rphall" src="matcher" comment="0.8">
<person entityId="76579" recordId="166149" ssn="264776574" firstName="ourcoux" middleName="B" lastName="Sao" streetNumber="809" streetName="Gouldosn Ave" apartmentNumber="1i3" city="Jackson" state="MI" zip="49204"/>
<person entityId="76579" recordId="170724" ssn="284774574" firstName="Courcoux" middleName="B" lastName="Sao" streetNumber="809" streetName="Guoldson Ave" apartmentNumber="1i3" city="Jfckson" state="MI" zip="49204"/>
</MarkedRecordPair>
<MarkedRecordPair decision="match" date="2007-03-22" user="rphall" src="matcher" comment="0.8">
<person entityId="84273" recordId="161794" ssn="454263863" firstName="Dantzler" middleName="F" lastName="Tognoli" streetNumber="388" streetName="Medley St" apartmentNumber="6d4" city="Ford" state="WA" zip="99013"/>
<person entityId="84273" recordId="168270" ssn="464267863" firstName="Dantzler" middleName="F" lastName="Tognoli" streetNumber="452" streetName="Koenig Avenue" apartmentNumber="8h4" city="Ford" state="WA" zip="99013"/>
</MarkedRecordPair>
<MarkedRecordPair decision="match" date="2007-03-22" user="rphall" src="matcher" comment="0.8">
<person entityId="77455" recordId="157469" ssn="122861427" firstName="Schneeweis" middleName="K" lastName="Myu" streetNumber="686" streetName="Nacionales Ave" apartmentNumber="7l4" city="Jessup" state="PA" zip="18434"/>
<person entityId="77455" recordId="170879" ssn="322861027" firstName="Schneeweis" middleName="K" lastName="Myu" streetNumber="93" streetName="Riane Rd" apartmentNumber="1k8" city="Jessup" state="PA" zip="18434"/>
</MarkedRecordPair>
<MarkedRecordPair decision="match" date="2007-03-22" user="rphall" src="matcher" comment="0.8">
<person entityId="87081" recordId="154014" ssn="650527142" firstName="Hankins" middleName="Y" lastName="Cordas" streetNumber="443" streetName="Chilon Ave" apartmentNumber="2v8" city="Ridegfield" state="CT" zip="06879"/>
<person entityId="87081" recordId="170692" ssn="650127742" firstName="Hanjkins" middleName="Y" lastName="Cordas" streetNumber="443" streetName="Chiltpon Ave" apartmentNumber="2v8" city="Ridgefield" state="CT" zip="06879"/>
</MarkedRecordPair>
<MarkedRecordPair decision="match" date="2007-03-22" user="rphall" src="matcher" comment="0.8">
<person entityId="57288" recordId="146377" ssn="000000000" firstName="Dimmick" middleName="R" lastName="Ballinger" streetNumber="51" streetName="Sargeant Pkwy" apartmentNumber="8g6" city="Huddleston" state="VA" zip="24104"/>
<person entityId="57288" recordId="153808" ssn="000000000" firstName="Dinmick" middleName="R" lastName="hodges" streetNumber="56" streetName="Sargeant Pkwy" apartmentNumber="8g6" city="Hzuddleston" state="VA" zip="24104"/>
</MarkedRecordPair>
<MarkedRecordPair decision="match" date="2007-03-22" user="rphall" src="matcher" comment="0.8">
<person entityId="74659" recordId="159999" ssn="000000000" firstName="Doria" middleName="S" lastName="Thaine" streetNumber="402" streetName="Hanke Avenue" apartmentNumber="5z0" city="Grant Park" state="IL" zip="60940"/>
<person entityId="74659" recordId="171182" ssn="000000000" firstName="Doria" middleName="S" lastName="Thaine" streetNumber="564" streetName="Jackson Street" apartmentNumber="4b8" city="rant Park" state="IL" zip="60940"/>
</MarkedRecordPair>
<MarkedRecordPair decision="differ" date="2007-03-22" user="rphall" src="matcher" comment="0.05882353">
<person entityId="91095" recordId="183826" ssn="177742728" firstName="Vasil" middleName="" lastName="Adkinsson" streetNumber="999" streetName="Guettler Parkway" apartmentNumber="4l2" city="Vancouver" state="WA" zip="98667"/>
<person entityId="84813" recordId="184642" ssn="240275244" firstName="Culton" middleName="" lastName="Casselman" streetNumber="155" streetName="Eokind St" apartmentNumber="8i7" city="Vancouver" state="WA" zip="98682"/>
</MarkedRecordPair>
<MarkedRecordPair decision="match" date="2007-03-22" user="rphall" src="matcher" comment="0.05882353">
<person entityId="90492" recordId="177328" ssn="638204163" firstName="Raokchy" middleName="K" lastName="Sciuk" streetNumber="103" streetName="Aimo Rd" apartmentNumber="2k4" city="Glendle" state="AZ" zip="85307"/>
<person entityId="90492" recordId="185392" ssn="638204163" firstName="Rakochy" middleName="K" lastName="Sciuk" streetNumber="325" streetName="hKieu Pkwy" apartmentNumber="7z3" city="Arlington" state="VT" zip="05250"/>
</MarkedRecordPair>
<MarkedRecordPair decision="differ" date="2007-03-22" user="rphall" src="matcher" comment="0.05882353">
<person entityId="80466" recordId="172353" ssn="000000000" firstName="Vallejos" middleName="K" lastName="Thatcher" streetNumber="" streetName="PO Box 1857" apartmentNumber="" city="Ferriyburg" state="VT" zip="05456"/>
<person entityId="96292" recordId="192708" ssn="135075751" firstName="Kilburn" middleName="B" lastName="Mceuen" streetNumber="688" streetName="Nesta St" apartmentNumber="3f7" city="Ferrisburg" state="VT" zip="05456"/>
</MarkedRecordPair>
<MarkedRecordPair decision="differ" date="2007-03-22" user="rphall" src="matcher" comment="0.05882353">
<person entityId="76191" recordId="172234" ssn="000000000" firstName="Sproat" middleName="" lastName="Tobey" streetNumber="865" streetName="Quercia Lane" apartmentNumber="4j1" city="Hammond" state="MT" zip="59332"/>
<person entityId="109568" recordId="176265" ssn="000000000" firstName="Tiffani" middleName="" lastName="Neary" streetNumber="873" streetName="Goodreau Rd" apartmentNumber="6d8" city="Hammond" state="IN" zip="46320"/>
</MarkedRecordPair>
<MarkedRecordPair decision="differ" date="2007-03-22" user="rphall" src="matcher" comment="0.05882353">
<person entityId="99982" recordId="163716" ssn="000000000" firstName="Fiebrich" middleName="" lastName="Valentinelli" streetNumber="340" streetName="Kazunobu" apartmentNumber="5l6" city="Vail" state="CO" zip="81657"/>
<person entityId="95394" recordId="194795" ssn="000000000" firstName="Samsuddin" middleName="" lastName="Almeta" streetNumber="732" streetName="Yadollahi Road" apartmentNumber="2a5" city="Vail" state="AZ" zip="85641"/>
</MarkedRecordPair>
<MarkedRecordPair decision="differ" date="2007-03-22" user="rphall" src="matcher" comment="0.05882353">
<person entityId="81009" recordId="160518" ssn="000000000" firstName="Dharnmaraj" middleName="W" lastName="Brucie" streetNumber="401" streetName="Aitsung" apartmentNumber="5l1" city="Monroe" state="AR" zip="72108"/>
<person entityId="81588" recordId="179052" ssn="000000000" firstName="Eugine" middleName="W" lastName="Stracchino" streetNumber="884" streetName="Caines Avenue" apartmentNumber="5v1" city="Monroe" state="UT" zip="84766"/>
</MarkedRecordPair>
<MarkedRecordPair decision="differ" date="2007-03-22" user="rphall" src="matcher" comment="0.05882353">
<person entityId="63744" recordId="150814" ssn="000000000" firstName="Reko" middleName="" lastName="Cirello" streetNumber="503" streetName="Appen Avenue" apartmentNumber="8h7" city="Taylor" state="AR" zip="71861"/>
<person entityId="79965" recordId="166947" ssn="000000000" firstName="Willemse" middleName="" lastName="Chilibeck" streetNumber="574" streetName="Ingles Street" apartmentNumber="2d4" city="Taylor" state="AZ" zip="85939"/>
</MarkedRecordPair>
<MarkedRecordPair decision="differ" date="2007-03-22" user="rphall" src="matcher" comment="0.05882353">
<person entityId="101598" recordId="171557" ssn="000000000" firstName="Oldenburg" middleName="N" lastName="Backes" streetNumber="" streetName="PO Box 811" apartmentNumber="" city="Salt Lake City" state="UT" zip="84144"/>
<person entityId="93171" recordId="191933" ssn="737241413" firstName="Rajguru" middleName="" lastName="Compton" streetNumber="265" streetName="Leighto Road" apartmentNumber="8e4" city="Saltf Lake City" state="UT" zip="84144"/>
</MarkedRecordPair>
<MarkedRecordPair decision="differ" date="2007-03-22" user="rphall" src="matcher" comment="0.05882353">
<person entityId="71867" recordId="162311" ssn="000000000" firstName="Augustin" middleName="O" lastName="Tone" streetNumber="" streetName="PO Bov 292" apartmentNumber="" city="Markborough" state="NH" zip="03455"/>
<person entityId="97628" recordId="164219" ssn="717488405" firstName="Mulumba" middleName="" lastName="Caraballo" streetNumber="650" streetName="Fedee Rd" apartmentNumber="5r7" city="Marlborough" state="NH" zip="03455"/>
</MarkedRecordPair>
<MarkedRecordPair decision="differ" date="2007-03-22" user="rphall" src="matcher" comment="0.05882353">
<person entityId="100646" recordId="162152" ssn="000000000" firstName="Bovard" middleName="W" lastName="Alvean" streetNumber="872" streetName="Funakura Road" apartmentNumber="2v1" city="aan Juan" state="PR" zip="00920"/>
<person entityId="85128" recordId="179958" ssn="505661518" firstName="Riubetta" middleName="G" lastName="Masand" streetNumber="" streetName="PO Box 4003" apartmentNumber="" city="SanJ uan" state="PR" zip="00920"/>
</MarkedRecordPair>
<MarkedRecordPair decision="match" date="2007-03-22" user="rphall" src="matcher" comment="0.05882353">
<person entityId="88920" recordId="167626" ssn="000000000" firstName="Lsaur" middleName="L" lastName="Lura" streetNumber="121" streetName="Cutting Road" apartmentNumber="7n7" city="Clevweland" state="OH" zip="44144"/>
<person entityId="88920" recordId="168442" ssn="000000000" firstName="Laur" middleName="L" lastName="Lura" streetNumber="100" streetName="Arlie St" apartmentNumber="6o6" city="Zionville" state="NC" zip="28698"/>
</MarkedRecordPair>
<MarkedRecordPair decision="match" date="2007-03-22" user="rphall" src="matcher" comment="0.05882353">
<person entityId="70327" recordId="165648" ssn="456578758" firstName="Taekpo" middleName="K" lastName="Dimick" streetNumber="300" streetName="Queirom" apartmentNumber="0c4" city="Hermanville" state="MS" zip="39049"/>
<person entityId="70327" recordId="169756" ssn="456578758" firstName="Taeko" middleName="K" lastName="Dimick" streetNumber="357" streetName="Chandramoha Ave" apartmentNumber="2s2" city="Tunica" state="LA" zip="70782"/>
</MarkedRecordPair>
<MarkedRecordPair decision="match" date="2007-03-22" user="rphall" src="matcher" comment="0.05882353">
<person entityId="76431" recordId="150982" ssn="260721144" firstName="Kiyoto" middleName="" lastName="Ritenburgh" streetNumber="1400" streetName="Suchel Street" apartmentNumber="2x3" city="Mexican Hat" state="UT" zip="84531"/>
<person entityId="76431" recordId="168710" ssn="260721144" firstName="Kioto" middleName="" lastName="Ritenburgh" streetNumber="299" streetName="Wideman St" apartmentNumber="7e7" city="Cranwston" state="RI" zip="02920"/>
</MarkedRecordPair>
<MarkedRecordPair decision="differ" date="2007-03-22" user="rphall" src="matcher" comment="0.05882353">
<person entityId="74963" recordId="166052" ssn="305041680" firstName="Hannes" middleName="N" lastName="Largent" streetNumber="866" streetName="Pipponzi Rd" apartmentNumber="1x5" city="Lafayette" state="LA" zip="70509"/>
<person entityId="102234" recordId="169826" ssn="383424244" firstName="Suhr" middleName="N" lastName="Matlock" streetNumber="248" streetName="Frasch" apartmentNumber="7n3" city="Lafayette" state="LA" zip="70502"/>
</MarkedRecordPair>
<MarkedRecordPair decision="differ" date="2007-03-22" user="rphall" src="matcher" comment="0.05882353">
<person entityId="101724" recordId="162111" ssn="473287313" firstName="Crottini" middleName="Z" lastName="Bambi" streetNumber="921" streetName="Bjornson Parkway" apartmentNumber="6l5" city="Provo" state="UT" zip="84605"/>
<person entityId="67029" recordId="165270" ssn="000000000" firstName="Alles" middleName="Z" lastName="Atso" streetNumber="139" streetName="Angelesco Rd" apartmentNumber="3k0" city="Provo" state="UT" zip="84602"/>
</MarkedRecordPair>
<MarkedRecordPair decision="differ" date="2007-03-22" user="rphall" src="matcher" comment="0.05882353">
<person entityId="85584" recordId="150474" ssn="000000000" firstName="Bromma" middleName="" lastName="Witold" streetNumber="134" streetName="Hami Ln" apartmentNumber="5g1" city="Las Cruces" state="NM" zip="88006"/>
<person entityId="101388" recordId="180610" ssn="515720820" firstName="Bonner" middleName="" lastName="Deloge" streetNumber="642" streetName="Bjorkman Lane" apartmentNumber="1o2" city="Las Cruces" state="NM" zip="88005"/>
</MarkedRecordPair>
<MarkedRecordPair decision="differ" date="2007-03-22" user="rphall" src="matcher" comment="0.015384615">
<person entityId="109208" recordId="196528" ssn="174802743" firstName="Boggs" middleName="T" lastName="Cayla" streetNumber="594" streetName="Tam" apartmentNumber="6i5" city="Kenton" state="DE" zip="19955"/>
<person entityId="101352" recordId="197592" ssn="731445578" firstName="Base" middleName="P" lastName="Osgood" streetNumber="325" streetName="Grill Ave" apartmentNumber="4p3" city="Kenon" state="DE" zip="19955"/>
</MarkedRecordPair>
<MarkedRecordPair decision="differ" date="2007-03-22" user="rphall" src="matcher" comment="0.015384615">
<person entityId="89217" recordId="182136" ssn="387162200" firstName="H" middleName="D" lastName="Zinker" streetNumber="226" streetName="Kaminah St" apartmentNumber="2e0" city="El Paso" state="TX" zip="79975"/>
<person entityId="97916" recordId="187621" ssn="000000000" firstName="H" middleName="N" lastName="Peil" streetNumber="" streetName="PO Box 3027" apartmentNumber="" city="Goodwater" state="AL" zip="35072"/>
</MarkedRecordPair>
<MarkedRecordPair decision="differ" date="2007-03-22" user="rphall" src="matcher" comment="0.015384615">
<person entityId="77307" recordId="171289" ssn="131721660" firstName="Garito" middleName="F" lastName="aria" streetNumber="" streetName="PO Box 1634" apartmentNumber="" city="Seattle" state="WA" zip="98161"/>
<person entityId="89034" recordId="175299" ssn="438603744" firstName="Garito" middleName="" lastName="Kleinendorst" streetNumber="" streetName="PO Box 344" apartmentNumber="" city="Aurora" state="CO" zip="80019"/>
</MarkedRecordPair>
<MarkedRecordPair decision="differ" date="2007-03-22" user="rphall" src="matcher" comment="0.015384615">
<person entityId="88944" recordId="166406" ssn="000000000" firstName="Conboy" middleName="" lastName="Delbert" streetNumber="" streetName="PO Box 2771" apartmentNumber="" city="Saint Croix Falls" state="WI" zip="54024"/>
<person entityId="95626" recordId="182952" ssn="482156470" firstName="Conboy" middleName="T" lastName="M" streetNumber="715" streetName="Miskelly Parkway" apartmentNumber="5b6" city="Hardin" state="MT" zip="59035"/>
</MarkedRecordPair>
<MarkedRecordPair decision="differ" date="2007-03-22" user="rphall" src="matcher" comment="0.015384615">
<person entityId="83964" recordId="166316" ssn="331688428" firstName="F" middleName="P" lastName="Caberros" streetNumber="" streetName="PO Box 4532" apartmentNumber="" city="Keaau" state="HI" zip="96749"/>
<person entityId="89895" recordId="166652" ssn="665741864" firstName="F" middleName="Q" lastName="bHowiwe" streetNumber="335" streetName="Hendrycks Parkway" apartmentNumber="3k4" city="Schlater" state="MS" zip="38952"/>
</MarkedRecordPair>
<MarkedRecordPair decision="differ" date="2007-03-22" user="rphall" src="matcher" comment="0.015384615">
<person entityId="89709" recordId="177941" ssn="758837182" firstName="Hysler" middleName="A" lastName="Sapphire" streetNumber="" streetName="PO Box 2133" apartmentNumber="" city="Melvin Village" state="NH" zip="03850"/>
<person entityId="108798" recordId="196921" ssn="476033082" firstName="Hysler" middleName="N" lastName="Brun" streetNumber="701" streetName="aMerv Road" apartmentNumber="3n8" city="Camreon" state="IL" zip="61423"/>
</MarkedRecordPair>
<MarkedRecordPair decision="differ" date="2007-03-22" user="rphall" src="matcher" comment="0.015384615">
<person entityId="97044" recordId="181439" ssn="000000000" firstName="L" middleName="E" lastName="Redig" streetNumber="190" streetName="Lemadec" apartmentNumber="4a3" city="Bayville" state="ME" zip="04536"/>
<person entityId="101584" recordId="199377" ssn="000000000" firstName="L" middleName="A" lastName="bikos" streetNumber="120" streetName="Truderung Street" apartmentNumber="1m2" city="Los Angles" state="CA" zip="90096"/>
</MarkedRecordPair>
<MarkedRecordPair decision="differ" date="2007-03-22" user="rphall" src="matcher" comment="0.015384615">
<person entityId="84306" recordId="176282" ssn="000000000" firstName="Pollinzi" middleName="D" lastName="Schroller" streetNumber="198" streetName="Hatsuyo Ave" apartmentNumber="2c3" city="Baton Rouge" state="LA" zip="70896"/>
<person entityId="100676" recordId="190151" ssn="000000000" firstName="Pollinzi" middleName="F" lastName="Fronz" streetNumber="553" streetName="Aman Road" apartmentNumber="3j7" city="Petersburg" state="MI" zip="49270"/>
</MarkedRecordPair>
<MarkedRecordPair decision="differ" date="2007-03-22" user="rphall" src="matcher" comment="0.015384615">
<person entityId="71191" recordId="157806" ssn="000000000" firstName="Gerbracht" middleName="M" lastName="Kuniyasu" streetNumber="814" streetName="Husni Lane" apartmentNumber="2w7" city="Ridgewood" state="NJ" zip="07450"/>
<person entityId="78936" recordId="162582" ssn="000000000" firstName="Gerbracht" middleName="Y" lastName="Oeivi" streetNumber="309" streetName="Pervez Road" apartmentNumber="7b6" city="Mount Hope" state="AL" zip="35651"/>
</MarkedRecordPair>
<MarkedRecordPair decision="differ" date="2007-03-22" user="rphall" src="matcher" comment="0.015384615">
<person entityId="72999" recordId="152255" ssn="000000000" firstName="K" middleName="O" lastName="jarri" streetNumber="573" streetName="Svheib Ave" apartmentNumber="8c5" city="Zim" state="MN" zip="55799"/>
<person entityId="78031" recordId="153821" ssn="000000000" firstName="K" middleName="T" lastName="Cjhristl" streetNumber="906" streetName="lAfonse St" apartmentNumber="8r8" city="Elk Grove Village" state="IL" zip="60007"/>
</MarkedRecordPair>
<MarkedRecordPair decision="differ" date="2007-03-22" user="rphall" src="matcher" comment="0.015384615">
<person entityId="78379" recordId="164771" ssn="000000000" firstName="Ramilah" middleName="V" lastName="Ronnica" streetNumber="141" streetName="Britgham" apartmentNumber="7l0" city="New nBritain" state="CT" zip="06002"/>
<person entityId="108234" recordId="197372" ssn="000000000" firstName="Ramilah" middleName="O" lastName="Pote" streetNumber="565" streetName="underson Road" apartmentNumber="8p4" city="Johnson" state="AR" zip="72741"/>
</MarkedRecordPair>
<MarkedRecordPair decision="differ" date="2007-03-22" user="rphall" src="matcher" comment="0.0038910506">
<person entityId="70559" recordId="165651" ssn="456302222" firstName="lRiyaz" middleName="H" lastName="Valvasori" streetNumber="725" streetName="Clifton Street" apartmentNumber="6j1" city="Mission Ridge" state="SD" zip="57557"/>
<person entityId="102378" recordId="185445" ssn="662748887" firstName="Tristan" middleName="K" lastName="Covelli" streetNumber="61" streetName="Clifton Street" apartmentNumber="7s5" city="East Flat Rock" state="NC" zip="28726"/>
</MarkedRecordPair>
<MarkedRecordPair decision="differ" date="2007-03-22" user="rphall" src="matcher" comment="0.0038910506">
<person entityId="87597" recordId="160893" ssn="481453245" firstName="Rtprelb" middleName="Q" lastName="Tozer" streetNumber="721" streetName="Sylvanowicz Ln" apartmentNumber="3b3" city="Deford" state="MI" zip="48729"/>
<person entityId="81165" recordId="167459" ssn="000000000" firstName="Zeren" middleName="M" lastName="Periandri" streetNumber="863" streetName="Sylvanowicz Ln" apartmentNumber="6b1" city="FPO jan Francisco" state="CA" zip="96687"/>
</MarkedRecordPair>
<MarkedRecordPair decision="differ" date="2007-03-22" user="rphall" src="matcher" comment="0.0038910506">
<person entityId="47984" recordId="137497" ssn="330362832" firstName="Tetzlaff" middleName="W" lastName="Roettger" streetNumber="908" streetName="Cronkhite Avenue" apartmentNumber="1e7" city="Washington" state="DC" zip="20337"/>
<person entityId="73859" recordId="155641" ssn="275316722" firstName="Faran" middleName="" lastName="Pannell" streetNumber="445" streetName="Cronkhite Avenue" apartmentNumber="1c1" city="Lakeille" state="CT" zip="06039"/>
</MarkedRecordPair>
<MarkedRecordPair decision="differ" date="2007-03-22" user="rphall" src="matcher" comment="0.0038910506">
<person entityId="96058" recordId="175138" ssn="743562576" firstName="Leopo" middleName="Z" lastName="Arshi" streetNumber="694" streetName="Silverglate Street" apartmentNumber="2h8" city="Gaston" state="SC" zip="29053"/>
<person entityId="95076" recordId="176127" ssn="000000000" firstName="Laureano" middleName="P" lastName="Yuehming" streetNumber="476" streetName="Silverglate Street" apartmentNumber="3d7" city="Boise" state="ID" zip="83703"/>
</MarkedRecordPair>
<MarkedRecordPair decision="differ" date="2007-03-22" user="rphall" src="matcher" comment="0.0038910506">
<person entityId="106184" recordId="181839" ssn="102121402" firstName="Orelle" middleName="N" lastName="Olney" streetNumber="430" streetName="Mercado St" apartmentNumber="7m0" city="Jackson" state="WY" zip="83001"/>
<person entityId="106106" recordId="183288" ssn="000000000" firstName="Covach" middleName="S" lastName="Tibbitts" streetNumber="215" streetName="Mercado St" apartmentNumber="5z3" city="Plattenville" state="LA" zip="70393"/>
</MarkedRecordPair>
<MarkedRecordPair decision="match" date="2007-03-22" user="rphall" src="matcher" comment="0.015384615">
<person entityId="90729" recordId="181911" ssn="577323581" firstName="Maragcoudakis" middleName="I" lastName="Stdphi" streetNumber="549" streetName="Bettan" apartmentNumber="0c6" city="East Lansing" state="MI" zip="48826"/>
<person entityId="90729" recordId="184003" ssn="577323581" firstName="Maragoudakis" middleName="I" lastName="Stephi" streetNumber="605" streetName="Keslie Ave" apartmentNumber="8u2" city="Roseboro" state="NC" zip="28382"/>
</MarkedRecordPair>
<MarkedRecordPair decision="differ" date="2007-03-22" user="rphall" src="matcher" comment="0.015384615">
<person entityId="91614" recordId="175900" ssn="000000000" firstName="Svetz" middleName="U" lastName="Gobetti" streetNumber="844" streetName="Sauyah Road" apartmentNumber="5y6" city="Newport" state="NJ" zip="08345"/>
<person entityId="108110" recordId="189515" ssn="000000000" firstName="M" middleName="R" lastName="Ringpo" streetNumber="369" streetName="Sarantopoulos Rd" apartmentNumber="0c8" city="Newport" state="RI" zip="02841"/>
</MarkedRecordPair>
<MarkedRecordPair decision="differ" date="2007-03-22" user="rphall" src="matcher" comment="0.015384615">
<person entityId="79926" recordId="172399" ssn="204771516" firstName="M" middleName="A" lastName="aldorf" streetNumber="958" streetName="Sybal St" apartmentNumber="8z3" city="Reserve" state="LA" zip="70076"/>
<person entityId="99406" recordId="183956" ssn="612746066" firstName="M" middleName="A" lastName="Yudin" streetNumber="8" streetName="Mchugh Lane" apartmentNumber="7v0" city="Bynum" state="AL" zip="36253"/>
</MarkedRecordPair>
<MarkedRecordPair decision="differ" date="2007-03-22" user="rphall" src="matcher" comment="0.015384615">
<person entityId="94348" recordId="164970" ssn="387822631" firstName="Verneri" middleName="D" lastName="Nueck" streetNumber="419" streetName="Robertazzi Road" apartmentNumber="6h7" city="Gadsden" state="AZ" zip="85336"/>
<person entityId="84558" recordId="183082" ssn="148022310" firstName="Verneri" middleName="D" lastName="Pompea" streetNumber="258" streetName="Chongchayt Rd" apartmentNumber="4r3" city="Conner" state="MT" zip="59827"/>
</MarkedRecordPair>
<MarkedRecordPair decision="differ" date="2007-03-22" user="rphall" src="matcher" comment="0.015384615">
<person entityId="73935" recordId="163563" ssn="443654308" firstName="Hosterman" middleName="" lastName="Kurdziel" streetNumber="683" streetName="Ketchel Road" apartmentNumber="4m7" city="Judsonia" state="AR" zip="72081"/>
<person entityId="96876" recordId="192430" ssn="000000000" firstName="Hosterman" middleName="" lastName="Levante" streetNumber="245" streetName="Darling St" apartmentNumber="2l3" city="Granby" state="VT" zip="05840"/>
</MarkedRecordPair>
<MarkedRecordPair decision="differ" date="2007-03-22" user="rphall" src="matcher" comment="0.015384615">
<person entityId="84462" recordId="155891" ssn="356156771" firstName="Gardina" middleName="R" lastName="Gelya" streetNumber="803" streetName="Freudenhammer Ln" apartmentNumber="1d4" city="qouth Newbury" state="NH" zip="03272"/>
<person entityId="95508" recordId="171514" ssn="553817127" firstName="Gardina" middleName="R" lastName="Cocio" streetNumber="694" streetName="Iwao Avenue" apartmentNumber="7h6" city="Little Sioux" state="IA" zip="51545"/>
</MarkedRecordPair>
<MarkedRecordPair decision="differ" date="2007-03-22" user="rphall" src="matcher" comment="0.015384615">
<person entityId="99332" recordId="139308" ssn="134115252" firstName="Larock" middleName="F" lastName="Ida" streetNumber="496" streetName="Adamczyk Parkway" apartmentNumber="1h3" city="Lisbon Falls" state="ME" zip="04252"/>
<person entityId="62263" recordId="157387" ssn="700467844" firstName="Larock" middleName="F" lastName="Margaret" streetNumber="490" streetName="Bains" apartmentNumber="6p8" city="Delmar" state="DE" zip="19940"/>
</MarkedRecordPair>
<MarkedRecordPair decision="differ" date="2007-03-22" user="rphall" src="matcher" comment="0.015384615">
<person entityId="97222" recordId="172996" ssn="000000000" firstName="Stong" middleName="M" lastName="Cecel" streetNumber="429" streetName="Purtell St" apartmentNumber="6k7" city="Warwick" state="ND" zip="58381"/>
<person entityId="79131" recordId="175568" ssn="000000000" firstName="Buted" middleName="I" lastName="Gilwsdorf" streetNumber="151" streetName="Trzmiel Road" apartmentNumber="5m2" city="Warwick" state="RI" zip="02887"/>
</MarkedRecordPair>
<MarkedRecordPair decision="differ" date="2007-03-22" user="rphall" src="matcher" comment="0.015384615">
<person entityId="86199" recordId="166494" ssn="000000000" firstName="Balabanian" middleName="C" lastName="Ovington" streetNumber="78" streetName="Christobal Street" apartmentNumber="8d4" city="Woodville" state="MS" zip="39669"/>
<person entityId="93328" recordId="180210" ssn="000000000" firstName="Aubrey" middleName="R" lastName="Ae" streetNumber="859" streetName="Dews Avenue" apartmentNumber="5s5" city="Woodville" state="NH" zip="03725"/>
</MarkedRecordPair>
<MarkedRecordPair decision="differ" date="2007-03-22" user="rphall" src="matcher" comment="0.015384615">
<person entityId="84978" recordId="169334" ssn="000000000" firstName="Kougoyan" middleName="" lastName="Klingman" streetNumber="934" streetName="Quintin Ave" apartmentNumber="5z7" city="Erie" state="PA" zip="16565"/>
<person entityId="91443" recordId="183224" ssn="000000000" firstName="Mingtzong" middleName="S" lastName="Danuser" streetNumber="764" streetName="Giavani St" apartmentNumber="0u8" city="Erie" state="MI" zip="48133"/>
</MarkedRecordPair>
<MarkedRecordPair decision="differ" date="2007-03-22" user="rphall" src="matcher" comment="0.015384615">
<person entityId="104426" recordId="173837" ssn="401681741" firstName="Eschermann" middleName="B" lastName="Rintala" streetNumber="105" streetName="Session Rd" apartmentNumber="6x1" city="Lincoln" state="DE" zip="19960"/>
<person entityId="97334" recordId="193648" ssn="776754305" firstName="Zenda" middleName="B" lastName="Rintala" streetNumber="384" streetName="Jauhc Street" apartmentNumber="4k8" city="Kennedyville" state="MD" zip="21645"/>
</MarkedRecordPair>
<MarkedRecordPair decision="differ" date="2007-03-22" user="rphall" src="matcher" comment="0.015384615">
<person entityId="100552" recordId="170337" ssn="318363665" firstName="Gregarick" middleName="A" lastName="Brietta" streetNumber="441" streetName="Lovitt Lane" apartmentNumber="2s1" city="Alton Bay" state="NH" zip="03810"/>
<person entityId="101106" recordId="188021" ssn="000000000" firstName="Gregarick" middleName="X" lastName="Javad" streetNumber="25" streetName="Skeuse Street" apartmentNumber="0c7" city="East Lempster" state="NH" zip="03605"/>
</MarkedRecordPair>
<MarkedRecordPair decision="differ" date="2007-03-22" user="rphall" src="matcher" comment="0.015384615">
<person entityId="86418" recordId="165234" ssn="351150086" firstName="Noriyoshi" middleName="" lastName="Nedderman" streetNumber="" streetName="PO Box 141" apartmentNumber="" city="Mapleville" state="RI" zip="02839"/>
<person entityId="91074" recordId="166696" ssn="614427230" firstName="Goolsby" middleName="J" lastName="Sang" streetNumber="260" streetName="Zelsmann Ave" apartmentNumber="3a6" city="apleville" state="VA" zip="02839"/>
</MarkedRecordPair>
<MarkedRecordPair decision="differ" date="2007-03-22" user="rphall" src="matcher" comment="0.015384615">
<person entityId="99598" recordId="159671" ssn="705720388" firstName="Tsern" middleName="L" lastName="Siniscalchi" streetNumber="" streetName="PO Box 3640" apartmentNumber="" city="Piuyallup" state="OK" zip="98371"/>
<person entityId="107092" recordId="169678" ssn="000000000" firstName="Oblak" middleName="" lastName="Bacci" streetNumber="338" streetName="Turley Road" apartmentNumber="4m3" city="Puyalulp" state="FM" zip="98371"/>
</MarkedRecordPair>
<MarkedRecordPair decision="differ" date="2007-03-22" user="rphall" src="matcher" comment="0.015384615">
<person entityId="45396" recordId="130551" ssn="712588011" firstName="Dentinger" middleName="J" lastName="Condit" streetNumber="" streetName="Pt Box 4943" apartmentNumber="" city="Szan Juan" state="OH" zip="00926"/>
<person entityId="105936" recordId="159094" ssn="000000000" firstName="Rabie" middleName="T" lastName="Shim" streetNumber="793" streetName="Aneko Street" apartmentNumber="6z3" city="San Juan" state="PR" zip="00926"/>
</MarkedRecordPair>
<MarkedRecordPair decision="differ" date="2007-03-22" user="rphall" src="matcher" comment="0.015384615">
<person entityId="31455" recordId="124039" ssn="527208086" firstName="Disher" middleName="J" lastName="Lanyz" streetNumber="457" streetName="Hoodei" apartmentNumber="6k0" city="Kaneohe" state="HI" zip="96744"/>
<person entityId="35106" recordId="129670" ssn="000000000" firstName="Sampo" middleName="L" lastName="Maunder" streetNumber="" streetName="PO Box 3305" apartmentNumber="" city="aneohe" state="WY" zip="96744"/>
</MarkedRecordPair>
<MarkedRecordPair decision="differ" date="2007-03-22" user="rphall" src="matcher" comment="0.015384615">
<person entityId="96866" recordId="108582" ssn="000000000" firstName="Delran" middleName="R" lastName="Kamillah" streetNumber="" streetName="PO Box 1312" apartmentNumber="" city="Rumson" state="NJ" zip="07760"/>
<person entityId="24342" recordId="113809" ssn="702406130" firstName="Stonewall" middleName="S" lastName="Langner" streetNumber="" streetName="PO Box 4785" apartmentNumber="" city="Tujillo Alto" state="PR" zip="07760"/>
</MarkedRecordPair>
<MarkedRecordPair decision="differ" date="2007-03-22" user="rphall" src="matcher" comment="0.015384615">
<person entityId="98022" recordId="163708" ssn="372546155" firstName="Stettler" middleName="L" lastName="Garbis" streetNumber="38" streetName="Suchel" apartmentNumber="8z8" city="Snyder" state="CO" zip="80750"/>
<person entityId="84591" recordId="174851" ssn="777637872" firstName="Stettler" middleName="V" lastName="Pierluigi" streetNumber="826" streetName="Brentlinger Road" apartmentNumber="5p1" city="Denver" state="CO" zip="80219"/>
</MarkedRecordPair>
<MarkedRecordPair decision="differ" date="2007-03-22" user="rphall" src="matcher" comment="0.015384615">
<person entityId="70159" recordId="158773" ssn="222266418" firstName="Cooke" middleName="" lastName="Gove" streetNumber="277" streetName="Dao Ave" apartmentNumber="5x4" city="Aleppo" state="PA" zip="15310"/>
<person entityId="77767" recordId="175995" ssn="000000000" firstName="Cooke" middleName="Q" lastName="Laille" streetNumber="901" streetName="Frye Rd" apartmentNumber="2o6" city="Carnegie" state="PA" zip="15106"/>
</MarkedRecordPair>
<MarkedRecordPair decision="differ" date="2007-03-22" user="rphall" src="matcher" comment="0.015384615">
<person entityId="75167" recordId="152254" ssn="480461364" firstName="Lirola" middleName="A" lastName="Razmi" streetNumber="399" streetName="oMng Av" apartmentNumber="5i1" city="Cransgton" state="RI" zip="02920"/>
<person entityId="108774" recordId="153549" ssn="655318102" firstName="Lirola" middleName="P" lastName="Shandy" streetNumber="63" streetName="Gerjo Ave" apartmentNumber="6k1" city="Hope Valley" state="RI" zip="02832"/>
</MarkedRecordPair>
<MarkedRecordPair decision="differ" date="2007-03-22" user="rphall" src="matcher" comment="0.015384615">
<person entityId="63049" recordId="130187" ssn="735431168" firstName="Riehm" middleName="O" lastName="Jai" streetNumber="769" streetName="Vivek Street" apartmentNumber="8q6" city="Manilla" state="IN" zip="46150"/>
<person entityId="54723" recordId="136629" ssn="000000000" firstName="Riehm" middleName="" lastName="wlizo" streetNumber="37" streetName="Farbos" apartmentNumber="4y1" city="Camden" state="IN" zip="46917"/>
</MarkedRecordPair>
<MarkedRecordPair decision="differ" date="2007-03-22" user="rphall" src="matcher" comment="0.015384615">
<person entityId="108004" recordId="170905" ssn="414634087" firstName="Olvette" middleName="V" lastName="Kosnaskie" streetNumber="365" streetName="Lamedica Ave" apartmentNumber="7w1" city="Oak Lawn" state="IL" zip="60458"/>
<person entityId="96452" recordId="172128" ssn="130123777" firstName="Dupagne" middleName="V" lastName="Kosnaskie" streetNumber="196" streetName="Simons Street" apartmentNumber="3c8" city="Annabella" state="UT" zip="84711"/>
</MarkedRecordPair>
<MarkedRecordPair decision="differ" date="2007-03-22" user="rphall" src="matcher" comment="0.015384615">
<person entityId="78801" recordId="165223" ssn="241781443" firstName="Pistolato" middleName="P" lastName="Tanga" streetNumber="475" streetName="Goundan Road" apartmentNumber="0v7" city="Gimlan" state="CT" zip="06336"/>
<person entityId="93416" recordId="178213" ssn="737541727" firstName="Likely" middleName="P" lastName="Tanga" streetNumber="113" streetName="He Pkwy" apartmentNumber="6t3" city="Parlin" state="NJ" zip="08859"/>
</MarkedRecordPair>
<MarkedRecordPair decision="differ" date="2007-03-22" user="rphall" src="matcher" comment="0.015384615">
<person entityId="67379" recordId="163858" ssn="731602264" firstName="Giovan" middleName="" lastName="Saraswathy" streetNumber="551" streetName="Janny Avenue" apartmentNumber="3w6" city="Tripp" state="SD" zip="57376"/>
<person entityId="90456" recordId="164309" ssn="213168614" firstName="Meleg" middleName="" lastName="Saraswathy" streetNumber="246" streetName="Ahlers Parkway" apartmentNumber="6l5" city="Detroit" state="MI" zip="48265"/>
</MarkedRecordPair>
<MarkedRecordPair decision="differ" date="2007-03-22" user="rphall" src="matcher" comment="0.015384615">
<person entityId="104998" recordId="151207" ssn="000000000" firstName="Asogan" middleName="" lastName="Mcmichael" streetNumber="79" streetName="Bishop Avenue" apartmentNumber="2d1" city="Defiance" state="PA" zip="16633"/>
<person entityId="91668" recordId="169578" ssn="615031737" firstName="Zauriah" middleName="" lastName="Mcmichael" streetNumber="178" streetName="Normala Road" apartmentNumber="2u8" city="Oshtemo" state="MI" zip="49077"/>
</MarkedRecordPair>
<MarkedRecordPair decision="differ" date="2007-03-22" user="rphall" src="matcher" comment="0.015384615">
<person entityId="86478" recordId="178229" ssn="000000000" firstName="Bocanegra" middleName="C" lastName="Migazzi" streetNumber="232" streetName="Desroches" apartmentNumber="1y7" city="Plymouth" state="CT" zip="06782"/>
<person entityId="95896" recordId="195763" ssn="000000000" firstName="Montee" middleName="P" lastName="Twa" streetNumber="695" streetName="Cerutty Lane" apartmentNumber="6g2" city="Plymouth" state="UT" zip="84330"/>
</MarkedRecordPair>
<MarkedRecordPair decision="match" date="2007-03-22" user="rphall" src="matcher" comment="0.015384615">
<person entityId="55339" recordId="154568" ssn="671178283" firstName="Moroo" middleName="" lastName="turki" streetNumber="521" streetName="Antonella Ave" apartmentNumber="6c0" city="Cameron" state="IL" zip="61423"/>
<person entityId="55339" recordId="155323" ssn="671178283" firstName="Morio" middleName="" lastName="Faddan" streetNumber="409" streetName="Carmody Rd" apartmentNumber="2p7" city="Depoe Bay" state="OR" zip="97341"/>
</MarkedRecordPair>
<MarkedRecordPair decision="match" date="2007-03-22" user="rphall" src="matcher" comment="0.015384615">
<person entityId="67179" recordId="150352" ssn="273146853" firstName="A" middleName="K" lastName="Kouliang" streetNumber="214" streetName="Ihashi Street" apartmentNumber="2a0" city="Albuquerque" state="NM" zip="87111"/>
<person entityId="67179" recordId="158314" ssn="273146853" firstName="Amarillas" middleName="K" lastName="Kuoliang" streetNumber="276" streetName="Otdaka Road" apartmentNumber="5q4" city="Dayton" state="OH" zip="45426"/>
</MarkedRecordPair>
<MarkedRecordPair decision="match" date="2007-03-22" user="rphall" src="matcher" comment="0.015384615">
<person entityId="61171" recordId="145701" ssn="644572678" firstName="Erika" middleName="T" lastName="Standford" streetNumber="509" streetName="Pqaynter Street" apartmentNumber="6n2" city="Saint Johns" state="PA" zip="18247"/>
<person entityId="61171" recordId="155914" ssn="644572678" firstName="rrika" middleName="T" lastName="dut" streetNumber="511" streetName="Faria Avenue" apartmentNumber="7j1" city="Aadms" state="WY" zip="73901"/>
</MarkedRecordPair>
<MarkedRecordPair decision="match" date="2007-03-22" user="rphall" src="matcher" comment="0.015384615">
<person entityId="64824" recordId="124207" ssn="440550053" firstName="Mauris" middleName="Q" lastName="chalice" streetNumber="738" streetName="Hipolito St" apartmentNumber="7h5" city="Wahiawa" state="HI" zip="96786"/>
<person entityId="64824" recordId="144940" ssn="440550053" firstName="Maurts" middleName="Q" lastName="Gerns" streetNumber="761" streetName="Brittenham Avenue" apartmentNumber="7y7" city="Yoder" state="CO" zip="80864"/>
</MarkedRecordPair>
<MarkedRecordPair decision="match" date="2007-03-22" user="rphall" src="matcher" comment="0.9846154">
<person entityId="92655" recordId="179867" ssn="628412673" firstName="Quirarte" middleName="" lastName="Sturdivant" streetNumber="569" streetName="Kyed Ln" apartmentNumber="3s7" city="Stillwater" state="OK" zip="74077"/>
<person entityId="92655" recordId="185459" ssn="628412673" firstName="Quirarte" middleName="" lastName="Sturdivangt" streetNumber="569" streetName="yKed Ln" apartmentNumber="3s7" city="Stillwater" state="OK" zip="74077"/>
</MarkedRecordPair>
<MarkedRecordPair decision="match" date="2007-03-22" user="rphall" src="matcher" comment="0.9846154">
<person entityId="83142" recordId="180882" ssn="000000000" firstName="Sathetr" middleName="K" lastName="Poschmann" streetNumber="" streetName="PO Box 1933" apartmentNumber="" city="Douglas" state="WY" zip="82633"/>
<person entityId="83142" recordId="181851" ssn="000000000" firstName="Sather" middleName="K" lastName="Poschmann" streetNumber="" streetName="PO Box 1933" apartmentNumber="" city="Douglas" state="WY" zip="82633"/>
</MarkedRecordPair>
<MarkedRecordPair decision="match" date="2007-03-22" user="rphall" src="matcher" comment="0.9846154">
<person entityId="87903" recordId="170231" ssn="000000000" firstName="Yetung" middleName="I" lastName="Ashlee" streetNumber="558" streetName="ameyoshi Lane" apartmentNumber="7e5" city="Tinsley" state="MS" zip="39173"/>
<person entityId="87903" recordId="171212" ssn="000000000" firstName="Yetung" middleName="I" lastName="Ashlee" streetNumber="358" streetName="Kameyoshia Lane" apartmentNumber="7e5" city="Tinsley" state="MS" zip="39173"/>
</MarkedRecordPair>
<MarkedRecordPair decision="match" date="2007-03-22" user="rphall" src="matcher" comment="0.9846154">
<person entityId="81018" recordId="169394" ssn="000000000" firstName="Irmscher" middleName="S" lastName="Lyndon" streetNumber="451" streetName="Ecklebe Road" apartmentNumber="2p8" city="South Windsor" state="CT" zip="06074"/>
<person entityId="81018" recordId="171823" ssn="000000000" firstName="Irmscher" middleName="S" lastName="Lyndon" streetNumber="351" streetName="cklebe Road" apartmentNumber="2p8" city="South Windsor" state="CT" zip="06074"/>
</MarkedRecordPair>
<MarkedRecordPair decision="match" date="2007-03-22" user="rphall" src="matcher" comment="0.9846154">
<person entityId="87114" recordId="166562" ssn="456763328" firstName="Scherr" middleName="R" lastName="Crista" streetNumber="716" streetName="Novia Rd" apartmentNumber="6l6" city="Pocono Pines" state="PA" zip="18350"/>
<person entityId="87114" recordId="176690" ssn="456763328" firstName="Scherr" middleName="R" lastName="Crista" streetNumber="216" streetName="Nvoia Rd" apartmentNumber="6l6" city="Pocono Pines" state="PA" zip="18350"/>
</MarkedRecordPair>
<MarkedRecordPair decision="match" date="2007-03-22" user="rphall" src="matcher" comment="0.9846154">
<person entityId="91605" recordId="159751" ssn="542646268" firstName="Mags" middleName="" lastName="Lernihan" streetNumber="212" streetName="Boye St" apartmentNumber="7o3" city="Athol" state="KY" zip="41307"/>
<person entityId="91605" recordId="174750" ssn="542646268" firstName="Mags" middleName="" lastName="Lernihan" streetNumber="262" streetName="goye St" apartmentNumber="7o3" city="Athol" state="KY" zip="41307"/>
</MarkedRecordPair>
<MarkedRecordPair decision="match" date="2007-03-22" user="rphall" src="matcher" comment="0.9846154">
<person entityId="60943" recordId="158685" ssn="428417566" firstName="Takahisa" middleName="K" lastName="Bosnyak" streetNumber="805" streetName="Messersmith Avenue" apartmentNumber="3k1" city="Sioux Falls" state="SD" zip="57102"/>
<person entityId="60943" recordId="159623" ssn="428417566" firstName="Takahisa" middleName="K" lastName="Bosnyak" streetNumber="883" streetName="Messersmoth Avenue" apartmentNumber="3k1" city="Sioux Falls" state="SD" zip="57102"/>
</MarkedRecordPair>
<MarkedRecordPair decision="match" date="2007-03-22" user="rphall" src="matcher" comment="0.99610895">
<person entityId="90789" recordId="176828" ssn="358704534" firstName="Pohlin" middleName="O" lastName="Lechler" streetNumber="118" streetName="Saneger Pkwy" apartmentNumber="3j3" city="La Luz" state="NM" zip="88337"/>
<person entityId="90789" recordId="185155" ssn="358704534" firstName="Pohlin" middleName="O" lastName="Lechler" streetNumber="118" streetName="Saenger Pkwy" apartmentNumber="3j3" city="La Luz" state="NM" zip="88337"/>
</MarkedRecordPair>
<MarkedRecordPair decision="match" date="2007-03-22" user="rphall" src="matcher" comment="0.99610895">
<person entityId="85647" recordId="167113" ssn="434671527" firstName="Vasanthalakshmi" middleName="E" lastName="Kiyokazu" streetNumber="102" streetName="Berty Ave" apartmentNumber="7i5" city="Maryland Heights" state="MO" zip="63043"/>
<person entityId="85647" recordId="181188" ssn="434671527" firstName="Vasanthalakshmi" middleName="E" lastName="Kiyokazu" streetNumber="102" streetName="Brety Ave" apartmentNumber="7i5" city="Maryland Heights" state="MO" zip="63043"/>
</MarkedRecordPair>
<MarkedRecordPair decision="match" date="2007-03-22" user="rphall" src="matcher" comment="0.99610895">
<person entityId="83319" recordId="162733" ssn="320721806" firstName="Coons" middleName="D" lastName="Matsubara" streetNumber="748" streetName="Ake Ln" apartmentNumber="5i4" city="Kansas City" state="MO" zip="64167"/>
<person entityId="83319" recordId="178372" ssn="320721806" firstName="Coons" middleName="D" lastName="Matsubara" streetNumber="748" streetName="Ake Lane" apartmentNumber="5i4" city="Kansas City" state="MO" zip="64167"/>
</MarkedRecordPair>
<MarkedRecordPair decision="match" date="2007-03-22" user="rphall" src="matcher" comment="0.99610895">
<person entityId="69349" recordId="162033" ssn="273172202" firstName="Spackman" middleName="F" lastName="Sparacio" streetNumber="188" streetName="Strumberger St" apartmentNumber="2y6" city="Agana" state="GU" zip="96910"/>
<person entityId="69349" recordId="164323" ssn="273172202" firstName="Spackman" middleName="F" lastName="Sparacio" streetNumber="188" streetName="trumberger St" apartmentNumber="2y6" city="Agana" state="GU" zip="96910"/>
</MarkedRecordPair>
<MarkedRecordPair decision="match" date="2007-03-22" user="rphall" src="matcher" comment="0.99610895">
<person entityId="87345" recordId="163554" ssn="000000000" firstName="Mahnke" middleName="T" lastName="Mckinley" streetNumber="789" streetName="oggatt St" apartmentNumber="0q0" city="Gold Hill" state="OR" zip="97525"/>
<person entityId="87345" recordId="176957" ssn="000000000" firstName="Mahnke" middleName="T" lastName="Mckinley" streetNumber="789" streetName="Hoggatt St" apartmentNumber="0q0" city="Gold Hill" state="OR" zip="97525"/>
</MarkedRecordPair>
<MarkedRecordPair decision="match" date="2007-03-22" user="rphall" src="matcher" comment="0.9846154">
<person entityId="82086" recordId="172642" ssn="000000000" firstName="Mies" middleName="U" lastName="Lcshia" streetNumber="758" streetName="Clitf Ave" apartmentNumber="1b7" city="Drasco" state="AR" zip="72530"/>
<person entityId="82086" recordId="174959" ssn="000000000" firstName="Mies" middleName="U" lastName="Leshia" streetNumber="758" streetName="lift Ave" apartmentNumber="1b7" city="Drasco" state="AR" zip="72530"/>
</MarkedRecordPair>
<MarkedRecordPair decision="match" date="2007-03-22" user="rphall" src="matcher" comment="0.9846154">
<person entityId="78143" recordId="168941" ssn="717848708" firstName="iKrug" middleName="U" lastName="Framboise" streetNumber="" streetName="PO Box 569" apartmentNumber="" city="Medford" state="NJ" zip="08055"/>
<person entityId="78143" recordId="176459" ssn="717848708" firstName="Krug" middleName="U" lastName="Framboise" streetNumber="" streetName="PO Box 569" apartmentNumber="" city="Medford" state="NJ" zip="08055"/>
</MarkedRecordPair>
<MarkedRecordPair decision="match" date="2007-03-22" user="rphall" src="matcher" comment="0.9846154">
<person entityId="93183" recordId="164135" ssn="708186118" firstName="Yuekn" middleName="F" lastName="Isaiah" streetNumber="" streetName="PO Box 3465" apartmentNumber="" city="Perkinsville" state="VT" zip="05151"/>
<person entityId="93183" recordId="166003" ssn="708186118" firstName="Yuen" middleName="F" lastName="Isaiah" streetNumber="" streetName="PO Box 3465" apartmentNumber="" city="Perkinsville" state="VT" zip="05151"/>
</MarkedRecordPair>
<MarkedRecordPair decision="match" date="2007-03-22" user="rphall" src="matcher" comment="0.9846154">
<person entityId="77083" recordId="137145" ssn="000000000" firstName="Blaine" middleName="B" lastName="Propes" streetNumber="" streetName="PO Box 1376" apartmentNumber="" city="Teton Village" state="WY" zip="83025"/>
<person entityId="77083" recordId="138890" ssn="000000000" firstName="Blasine" middleName="B" lastName="Propes" streetNumber="" streetName="PO Box 1376" apartmentNumber="" city="Teton Village" state="WY" zip="83025"/>
</MarkedRecordPair>
<MarkedRecordPair decision="match" date="2007-03-22" user="rphall" src="matcher" comment="0.9846154">
<person entityId="67264" recordId="136049" ssn="462040155" firstName="Filmer" middleName="B" lastName="Podger" streetNumber="" streetName="PO Box 4522" apartmentNumber="" city="Brunswick" state="OH" zip="44212"/>
<person entityId="67264" recordId="150541" ssn="462040155" firstName="Fialmer" middleName="B" lastName="Podger" streetNumber="" streetName="PO Box 4522" apartmentNumber="" city="Brunswick" state="OH" zip="44212"/>
</MarkedRecordPair>
<MarkedRecordPair decision="match" date="2007-03-22" user="rphall" src="matcher" comment="0.9846154">
<person entityId="79497" recordId="154942" ssn="110803324" firstName="Varda" middleName="C" lastName="Stickelman" streetNumber="284" streetName="Sifuentes Parkway" apartmentNumber="3k7" city="Provo" state="UT" zip="84605"/>
<person entityId="79497" recordId="156345" ssn="110803324" firstName="Varda" middleName="C" lastName="stiger" streetNumber="284" streetName="Sifuenets Parkway" apartmentNumber="3k7" city="Provo" state="UT" zip="84605"/>
</MarkedRecordPair>
<MarkedRecordPair decision="match" date="2007-03-22" user="rphall" src="matcher" comment="0.9846154">
<person entityId="71291" recordId="151949" ssn="442861878" firstName="Purgason" middleName="O" lastName="pPhillys" streetNumber="130" streetName="Krdesse Lane" apartmentNumber="7j5" city="Atlanta" state="GA" zip="30310"/>
<person entityId="71291" recordId="166801" ssn="442861878" firstName="Purgason" middleName="O" lastName="Phillys" streetNumber="130" streetName="Kresse Lane" apartmentNumber="7j5" city="Atlanta" state="GA" zip="30310"/>
</MarkedRecordPair>
<MarkedRecordPair decision="match" date="2007-03-22" user="rphall" src="matcher" comment="0.9846154">
<person entityId="92439" recordId="136610" ssn="533134446" firstName="Tsoucas" middleName="F" lastName="Bklaine" streetNumber="74" streetName="Libeerman" apartmentNumber="3w7" city="Belews Creek" state="NC" zip="27009"/>
<person entityId="92439" recordId="143578" ssn="533134446" firstName="Tsoucas" middleName="F" lastName="Blaine" streetNumber="74" streetName="Lieberman" apartmentNumber="3w7" city="Belews Creek" state="NC" zip="27009"/>
</MarkedRecordPair>
<MarkedRecordPair decision="match" date="2007-03-22" user="rphall" src="matcher" comment="0.9846154">
<person entityId="85803" recordId="184562" ssn="000000000" firstName="Buchon" middleName="X" lastName="Moschner" streetNumber="656" streetName="Marling Pkwy" apartmentNumber="3q2" city="Malo" state="WA" zip="99150"/>
<person entityId="85803" recordId="185783" ssn="000000000" firstName="B" middleName="X" lastName="Moshner" streetNumber="656" streetName="Marling Pkwy" apartmentNumber="3q2" city="Malo" state="WA" zip="99150"/>
</MarkedRecordPair>
<MarkedRecordPair decision="match" date="2007-03-22" user="rphall" src="matcher" comment="0.99610895">
<person entityId="91722" recordId="184200" ssn="282328316" firstName="Parmigiani" middleName="K" lastName="Sigioltzakis" streetNumber="266" streetName="Hadel" apartmentNumber="2n4" city="White Lake" state="WI" zip="54491"/>
<person entityId="91722" recordId="188639" ssn="282328316" firstName="Paermigiani" middleName="K" lastName="Sigioltzakis" streetNumber="266" streetName="Hadel" apartmentNumber="2n4" city="White Lake" state="WI" zip="54491"/>
</MarkedRecordPair>
<MarkedRecordPair decision="match" date="2007-03-22" user="rphall" src="matcher" comment="0.9846154">
<person entityId="72107" recordId="164172" ssn="000000000" firstName="Polemus" middleName="S" lastName="jHoereth" streetNumber="702" streetName="Leaver Ave" apartmentNumber="1u8" city="Frederiksted" state="VI" zip="00841"/>
<person entityId="72107" recordId="167260" ssn="000000000" firstName="Polhemus" middleName="S" lastName="Hoereth" streetNumber="702" streetName="Leaver Ave" apartmentNumber="1u8" city="Frederiksted" state="VI" zip="00841"/>
</MarkedRecordPair>
<MarkedRecordPair decision="match" date="2007-03-22" user="rphall" src="matcher" comment="0.9846154">
<person entityId="91524" recordId="156802" ssn="612570251" firstName="Vasarhelyi" middleName="" lastName="Jareb" streetNumber="509" streetName="Bonanno" apartmentNumber="5r8" city="Rising Sun" state="MD" zip="21911"/>
<person entityId="91524" recordId="188354" ssn="612570251" firstName="Vasarheliy" middleName="" lastName="jerelyn" streetNumber="509" streetName="Bonanno" apartmentNumber="5r8" city="Rising Sun" state="MD" zip="21911"/>
</MarkedRecordPair>
<MarkedRecordPair decision="match" date="2007-03-22" user="rphall" src="matcher" comment="0.9846154">
<person entityId="62059" recordId="151976" ssn="000000000" firstName="J" middleName="J" lastName="Keuning" streetNumber="218" streetName="Florina Avenue" apartmentNumber="2q6" city="Node" state="WY" zip="82228"/>
<person entityId="62059" recordId="154728" ssn="000000000" firstName="Jagsath" middleName="J" lastName="Keunin" streetNumber="218" streetName="Florina Avenue" apartmentNumber="2q6" city="Node" state="WY" zip="82228"/>
</MarkedRecordPair>
<MarkedRecordPair decision="match" date="2007-03-22" user="rphall" src="matcher" comment="0.9846154">
<person entityId="32427" recordId="128596" ssn="256352238" firstName="Jerrold" middleName="W" lastName="Majella" streetNumber="178" streetName="Nolina Lane" apartmentNumber="6d1" city="Huntington Mills" state="PA" zip="18622"/>
<person entityId="32427" recordId="130754" ssn="256352238" firstName="Jerroldj" middleName="W" lastName="westermann" streetNumber="178" streetName="Nolina Lane" apartmentNumber="6d1" city="Huntington Mills" state="PA" zip="18622"/>
</MarkedRecordPair>
<MarkedRecordPair decision="match" date="2007-03-22" user="rphall" src="matcher" comment="0.99610895">
<person entityId="88182" recordId="173173" ssn="683228002" firstName="Markes" middleName="O" lastName="Playatuna" streetNumber="646" streetName="Biu Lane" apartmentNumber="6s6" city="Dundas" state="VA" zip="23938"/>
<person entityId="88182" recordId="174331" ssn="683228002" firstName="yarkes" middleName="O" lastName="Playatuna" streetNumber="646" streetName="Biu Lane" apartmentNumber="6s6" city="Dundas" state="VA" zip="23938"/>
</MarkedRecordPair>
<MarkedRecordPair decision="match" date="2007-03-22" user="rphall" src="matcher" comment="0.99610895">
<person entityId="92961" recordId="166515" ssn="383637653" firstName="yUnderhill" middleName="V" lastName="Breena" streetNumber="383" streetName="Nusbaum" apartmentNumber="7r7" city="Eau Claire" state="WI" zip="54702"/>
<person entityId="92961" recordId="182976" ssn="383637653" firstName="Underhill" middleName="V" lastName="Breena" streetNumber="383" streetName="Nusbaum" apartmentNumber="7r7" city="Eau Claire" state="WI" zip="54702"/>
</MarkedRecordPair>
<MarkedRecordPair decision="match" date="2007-03-22" user="rphall" src="matcher" comment="0.99610895">
<person entityId="91779" recordId="164147" ssn="000000000" firstName="Chiarmane" middleName="" lastName="Kunstmuller" streetNumber="795" streetName="Wahtera Rd" apartmentNumber="2d0" city="Rutherford" state="NJ" zip="07072"/>
<person entityId="91779" recordId="169355" ssn="000000000" firstName="Chikarmane" middleName="" lastName="Kunstmuller" streetNumber="795" streetName="Wahtera Rd" apartmentNumber="2d0" city="Rutherford" state="NJ" zip="07072"/>
</MarkedRecordPair>
<MarkedRecordPair decision="match" date="2007-03-22" user="rphall" src="matcher" comment="0.99610895">
<person entityId="64324" recordId="146931" ssn="672471141" firstName="Jaymee" middleName="A" lastName="Giffer" streetNumber="705" streetName="Cataldo Avenue" apartmentNumber="1j6" city="Lamar" state="SC" zip="29069"/>
<person entityId="64324" recordId="157865" ssn="672471141" firstName="aJymee" middleName="A" lastName="Giffer" streetNumber="705" streetName="Cataldo Avenue" apartmentNumber="1j6" city="Lamar" state="SC" zip="29069"/>
</MarkedRecordPair>
<MarkedRecordPair decision="differ" date="2007-03-22" user="rphall" src="matcher" comment="0.2">
<person entityId="85794" recordId="174939" ssn="000000000" firstName="Cardwell" middleName="" lastName="Merja" streetNumber="544" streetName="Gaudinx Parkway" apartmentNumber="0b0" city="Kansas City" state="MO" zip="64149"/>
<person entityId="108454" recordId="199334" ssn="000000000" firstName="Houten" middleName="" lastName="Marschel" streetNumber="115" streetName="Lofstrom St" apartmentNumber="3r5" city="Kansas City" state="MO" zip="64999"/>
</MarkedRecordPair>
<MarkedRecordPair decision="differ" date="2007-03-22" user="rphall" src="matcher" comment="0.2">
<person entityId="83709" recordId="168342" ssn="000000000" firstName="Shutpoku" middleName="Z" lastName="Gasbarro" streetNumber="463" streetName="aR St" apartmentNumber="1w1" city="Saint Paul" state="MN" zip="55175"/>
<person entityId="87699" recordId="174051" ssn="000000000" firstName="Coffer" middleName="Z" lastName="Maycock" streetNumber="412" streetName="Seeds Ave" apartmentNumber="6c4" city="Saint Paul" state="MN" zip="55145"/>
</MarkedRecordPair>
<MarkedRecordPair decision="differ" date="2007-03-22" user="rphall" src="matcher" comment="0.2">
<person entityId="83628" recordId="175185" ssn="437088021" firstName="Illene" middleName="" lastName="Antonie" streetNumber="294" streetName="Morea St" apartmentNumber="0m0" city="Sioux Falls" state="SD" zip="57198"/>
<person entityId="95480" recordId="176210" ssn="000000000" firstName="Sidarous" middleName="" lastName="Doop" streetNumber="" streetName="PO Box 3414" apartmentNumber="" city="Sioux Falls" state="SD" zip="57104"/>
</MarkedRecordPair>
<MarkedRecordPair decision="differ" date="2007-03-22" user="rphall" src="matcher" comment="0.2">
<person entityId="81903" recordId="172393" ssn="000000000" firstName="Wendland" middleName="B" lastName="Kekos" streetNumber="613" streetName="Castano Road" apartmentNumber="0h1" city="Minneapolis" state="MN" zip="55420"/>
<person entityId="95826" recordId="181324" ssn="000000000" firstName="Goold" middleName="T" lastName="Dans" streetNumber="" streetName="PO Box 1074" apartmentNumber="" city="Minneapolis" state="MN" zip="55483"/>
</MarkedRecordPair>
<MarkedRecordPair decision="differ" date="2007-03-22" user="rphall" src="matcher" comment="0.2">
<person entityId="103836" recordId="163440" ssn="137531232" firstName="Thiele" middleName="O" lastName="Milatou" streetNumber="355" streetName="Branko St" apartmentNumber="1w6" city="Kosrae" state="FM" zip="96944"/>
<person entityId="105664" recordId="168992" ssn="328274605" firstName="Kobitsu" middleName="S" lastName="Lindemann" streetNumber="355" streetName="Thicuc Street" apartmentNumber="3j2" city="Kosrae" state="FM" zip="96944"/>
</MarkedRecordPair>
<MarkedRecordPair decision="differ" date="2007-03-22" user="rphall" src="matcher" comment="0.2">
<person entityId="89898" recordId="157734" ssn="000000000" firstName="Odea" middleName="T" lastName="Tutzauer" streetNumber="38" streetName="Rennings Road" apartmentNumber="6k8" city="Kosrae" state="FM" zip="96944"/>
<person entityId="101660" recordId="177239" ssn="114784360" firstName="Brettschneider" middleName="J" lastName="Zebadiah" streetNumber="38" streetName="Trefor St" apartmentNumber="0e3" city="Kosrae" state="FM" zip="96944"/>
</MarkedRecordPair>
<MarkedRecordPair decision="match" date="2007-03-22" user="rphall" src="matcher" comment="0.2">
<person entityId="73423" recordId="165653" ssn="566531677" firstName="Feracci" middleName="Y" lastName="Ordinado" streetNumber="288" streetName="Hight Lane" apartmentNumber="6e8" city="Sand Fork" state="WV" zip="26430"/>
<person entityId="73423" recordId="167097" ssn="464531677" firstName="Feracci" middleName="f" lastName="Odinado" streetNumber="67" streetName="Nasworthy Parkway" apartmentNumber="7f3" city="Sand Fork" state="WV" zip="26430"/>
</MarkedRecordPair>
<MarkedRecordPair decision="differ" date="2007-03-22" user="rphall" src="matcher" comment="0.2">
<person entityId="103354" recordId="161910" ssn="657267206" firstName="Cornaro" middleName="" lastName="Tuma" streetNumber="" streetName="PO Box 4451" apartmentNumber="" city="Norwalk" state="CT" zip="06851"/>
<person entityId="76855" recordId="165772" ssn="361311001" firstName="Anpuvasuk" middleName="" lastName="Liber" streetNumber="240" streetName="Guigbard Lane" apartmentNumber="5g2" city="Norwalky" state="CT" zip="06851"/>
</MarkedRecordPair>
<MarkedRecordPair decision="differ" date="2007-03-22" user="rphall" src="matcher" comment="0.2">
<person entityId="82269" recordId="160611" ssn="021374612" firstName="Murugian" middleName="T" lastName="Aurelea" streetNumber="880" streetName="Shortall Rd" apartmentNumber="0n3" city="Linwood" state="NJ" zip="08222"/>
<person entityId="77255" recordId="165748" ssn="108843250" firstName="Gibbie" middleName="I" lastName="Sharnoff" streetNumber="680" streetName="Clatchey Avenue" apartmentNumber="0n3" city="Linwood" state="NJ" zip="08222"/>
</MarkedRecordPair>
<MarkedRecordPair decision="differ" date="2007-03-22" user="rphall" src="matcher" comment="0.2">
<person entityId="93710" recordId="153926" ssn="153182640" firstName="Mocellin" middleName="U" lastName="Mendelin" streetNumber="35" streetName="Delaguardia Lane" apartmentNumber="6n3" city="Kosrae" state="FM" zip="96944"/>
<person entityId="99384" recordId="162597" ssn="624884418" firstName="Brys" middleName="Y" lastName="Schuck" streetNumber="801" streetName="aterkotte Ave" apartmentNumber="6n3" city="Kosrae" state="FM" zip="96944"/>
</MarkedRecordPair>
<MarkedRecordPair decision="differ" date="2007-03-22" user="rphall" src="matcher" comment="0.2">
<person entityId="67884" recordId="155978" ssn="535853183" firstName="Berta" middleName="" lastName="Supervilole" streetNumber="" streetName="PO Box 2781" apartmentNumber="" city="Wilmington" state="DE" zip="19803"/>
<person entityId="70799" recordId="166309" ssn="140603452" firstName="Jindal" middleName="" lastName="Szilaguyi" streetNumber="94" streetName="Lethbridge St" apartmentNumber="4l8" city="Wilmnigton" state="DE" zip="19803"/>
</MarkedRecordPair>
<MarkedRecordPair decision="match" date="2007-03-22" user="rphall" src="matcher" comment="0.2">
<person entityId="84618" recordId="162318" ssn="000000000" firstName="Writing" middleName="H" lastName="Fever" streetNumber="698" streetName="Selent Street" apartmentNumber="8v3" city="Seattle" state="WA" zip="98188"/>
<person entityId="84618" recordId="165668" ssn="000000000" firstName="Wfriting" middleName="H" lastName="Fever" streetNumber="" streetName="PsO Box 1302" apartmentNumber="" city="Kosrae" state="FM" zip="96944"/>
</MarkedRecordPair>
<MarkedRecordPair decision="match" date="2007-03-22" user="rphall" src="matcher" comment="0.2">
<person entityId="24798" recordId="124355" ssn="000000000" firstName="Schio" middleName="" lastName="Kiah" streetNumber="" streetName="PO Box 2756" apartmentNumber="" city="Hartford" state="WV" zip="25247"/>
<person entityId="24798" recordId="124784" ssn="000000000" firstName="Scshio" middleName="" lastName="Kiah" streetNumber="" streetName="PO Box 1018" apartmentNumber="" city="Portland" state="ME" zip="04123"/>
</MarkedRecordPair>
<MarkedRecordPair decision="match" date="2007-03-22" user="rphall" src="matcher" comment="0.2">
<person entityId="86310" recordId="164194" ssn="412337243" firstName="Riksheim" middleName="B" lastName="Gaullier" streetNumber="683" streetName="Ayukawa Street" apartmentNumber="0b7" city="Albay" state="IL" zip="61230"/>
<person entityId="86310" recordId="181506" ssn="412337226" firstName="R" middleName="B" lastName="velav" streetNumber="633" streetName="Ayyukawa Street" apartmentNumber="0b7" city="Albany" state="IL" zip="61230"/>
</MarkedRecordPair>
<MarkedRecordPair decision="match" date="2007-03-22" user="rphall" src="matcher" comment="0.2">
<person entityId="76215" recordId="160063" ssn="313414551" firstName="Dando" middleName="D" lastName="Cahrbonneau" streetNumber="690" streetName="Clolbourn St" apartmentNumber="5o0" city="Kenyon" state="RI" zip="02836"/>
<person entityId="76215" recordId="163239" ssn="313414551" firstName="Dando" middleName="D" lastName="Charbonneau" streetNumber="" streetName="PO Box 2392" apartmentNumber="" city="Saint Helens" state="OR" zip="97051"/>
</MarkedRecordPair>
<MarkedRecordPair decision="match" date="2007-03-22" user="rphall" src="matcher" comment="0.2">
<person entityId="44045" recordId="138185" ssn="288368363" firstName="Heilsnis" middleName="Q" lastName="Swinamer" streetNumber="25" streetName="Allene Road" apartmentNumber="2x4" city="Vanderpool" state="TX" zip="78885"/>
<person entityId="44045" recordId="138585" ssn="288364373" firstName="Heilsnis" middleName="Q" lastName="Swinamer" streetNumber="" streetName="PO Bo x956" apartmentNumber="" city="Christiansted" state="VI" zip="00820"/>
</MarkedRecordPair>
<MarkedRecordPair decision="match" date="2007-03-22" user="rphall" src="matcher" comment="0.2">
<person entityId="73975" recordId="148444" ssn="573384018" firstName="Suk" middleName="L" lastName="Heddie" streetNumber="" streetName="PO Box 35" apartmentNumber="" city="Summixville" state="IN" zip="46070"/>
<person entityId="73975" recordId="151267" ssn="573324011" firstName="Suk" middleName="L" lastName="Heddie" streetNumber="" streetName="PO Box 3130" apartmentNumber="" city="Redl Wing" state="MN" zip="55066"/>
</MarkedRecordPair>
<MarkedRecordPair decision="match" date="2007-03-22" user="rphall" src="matcher" comment="0.2">
<person entityId="62305" recordId="157758" ssn="726303658" firstName="Rounseau" middleName="L" lastName="Courter" streetNumber="560" streetName="Stefanov Pkwy" apartmentNumber="5k5" city="Bend" state="OR" zip="97701"/>
<person entityId="62305" recordId="160163" ssn="732303658" firstName="Rousseau" middleName="y" lastName="Couter" streetNumber="554" streetName="Stefanov Pkwy" apartmentNumber="5k5" city="gend" state="OR" zip="97701"/>
</MarkedRecordPair>
<MarkedRecordPair decision="match" date="2007-03-22" user="rphall" src="matcher" comment="0.2">
<person entityId="86190" recordId="155878" ssn="644808120" firstName="Pua" middleName="E" lastName="Visclosky" streetNumber="" streetName="PO Box 4373" apartmentNumber="" city="Lanbston" state="VA" zip="73050"/>
<person entityId="86190" recordId="161539" ssn="644808120" firstName="pPuha" middleName="E" lastName="Viscloskyd" streetNumber="" streetName="PO Biox 4373" apartmentNumber="" city="Lanfgston" state="OK" zip="73050"/>
</MarkedRecordPair>
<MarkedRecordPair decision="match" date="2007-03-22" user="rphall" src="matcher" comment="0.2">
<person entityId="68949" recordId="151914" ssn="518348664" firstName="Yaufun" middleName="J" lastName="Obendor" streetNumber="651" streetName="Bringman Lane" apartmentNumber="5n8" city="Andover" state="VT" zip="05501"/>
<person entityId="68949" recordId="163745" ssn="543348664" firstName="Yafuun" middleName="J" lastName="Obendorf" streetNumber="969" streetName="Bakergregory Avenue" apartmentNumber="6t7" city="Andover" state="VT" zip="05501"/>
</MarkedRecordPair>
<MarkedRecordPair decision="differ" date="2007-03-22" user="rphall" src="matcher" comment="0.2">
<person entityId="80868" recordId="151635" ssn="000000000" firstName="Olga" middleName="" lastName="Mosier" streetNumber="207" streetName="Naomi Road" apartmentNumber="1p4" city="Aikem" state="SC" zip="29808"/>
<person entityId="104274" recordId="182161" ssn="000000000" firstName="Fassoulioti" middleName="" lastName="Quartermain" streetNumber="203" streetName="Carpenella" apartmentNumber="2n4" city="Aiken" state="SC" zip="29808"/>
</MarkedRecordPair>
<MarkedRecordPair decision="differ" date="2007-03-22" user="rphall" src="matcher" comment="0.2">
<person entityId="61981" recordId="148017" ssn="000000000" firstName="Kynehia" middleName="" lastName="Pkcdd" streetNumber="" streetName="PO Box2 413" apartmentNumber="" city="Westminster" state="SC" zip="29693"/>
<person entityId="107200" recordId="175683" ssn="000000000" firstName="Hedley" middleName="" lastName="Kosuda" streetNumber="799" streetName="Bowdidge Lane" apartmentNumber="3o2" city="Westminster" state="MA" zip="01473"/>
</MarkedRecordPair>
<MarkedRecordPair decision="match" date="2007-03-22" user="rphall" src="matcher" comment="0.2">
<person entityId="74723" recordId="146245" ssn="576140582" firstName="Iwashita" middleName="" lastName="Basheer" streetNumber="125" streetName="Hedvige Ln" apartmentNumber="0u0" city="Readign" state="MI" zip="49234"/>
<person entityId="74723" recordId="153173" ssn="576140582" firstName="Iwashita" middleName="" lastName="asheer" streetNumber="388" streetName="Marquiw St" apartmentNumber="5d8" city="Reading" state="MI" zip="49274"/>
</MarkedRecordPair>
<MarkedRecordPair decision="match" date="2007-03-22" user="rphall" src="matcher" comment="0.2">
<person entityId="68079" recordId="137461" ssn="000000000" firstName="Dymally" middleName="Z" lastName="Dfafoe" streetNumber="823" streetName="Samiah Street" apartmentNumber="3w2" city="Woodstock" state="MD" zip="21163"/>
<person entityId="68079" recordId="151523" ssn="000000000" firstName="eDymally" middleName="Z" lastName="Dafoe" streetNumber="777" streetName="Mirza Road" apartmentNumber="5u5" city="Woodstocki" state="MD" zip="21163"/>
</MarkedRecordPair>
<MarkedRecordPair decision="differ" date="2007-03-22" user="rphall" src="matcher" comment="0.2">
<person entityId="89373" recordId="136470" ssn="000000000" firstName="Dovydaitis" middleName="D" lastName="Willmore" streetNumber="754" streetName="Biesler Road" apartmentNumber="8v1" city="Merit" state="TX" zip="75072"/>
<person entityId="91200" recordId="168763" ssn="000000000" firstName="Dovydaitis" middleName="E" lastName="Lowen" streetNumber="" streetName="PO Box 914" apartmentNumber="" city="El Paso" state="TX" zip="88514"/>
</MarkedRecordPair>
<MarkedRecordPair decision="match" date="2007-03-22" user="rphall" src="matcher" comment="0.2">
<person entityId="73099" recordId="128724" ssn="242774563" firstName="Alvicher" middleName="H" lastName="Kamlesh" streetNumber="554" streetName="Tedeschi St" apartmentNumber="4s0" city="Tualatin" state="OR" zip="97062"/>
<person entityId="73099" recordId="150049" ssn="242774563" firstName="Alvichwer" middleName="H" lastName="Kamlesh" streetNumber="36" streetName="Shantee St" apartmentNumber="7j8" city="Tyalatin" state="OR" zip="97060"/>
</MarkedRecordPair>
<MarkedRecordPair decision="match" date="2007-03-22" user="rphall" src="matcher" comment="0.2">
<person entityId="30655" recordId="115229" ssn="000000000" firstName="Hazebroyjucq" middleName="A" lastName="Joji" streetNumber="581" streetName="Yeong Road" apartmentNumber="8d3" city="Quail" state="TX" zip="79251"/>
<person entityId="30655" recordId="122828" ssn="000000000" firstName="Hazebroucq" middleName="A" lastName="Joji" streetNumber="608" streetName="Zenger Street" apartmentNumber="0y6" city="Quaiol" state="TX" zip="39251"/>
</MarkedRecordPair>
<MarkedRecordPair decision="differ" date="2007-03-22" user="rphall" src="matcher" comment="0.2">
<person entityId="2267" recordId="101792" ssn="000000000" firstName="Conboy" middleName="Q" lastName="Ehelrt" streetNumber="170" streetName="Finney Road" apartmentNumber="6o5" city="Embarrass" state="WI" zip="54933"/>
<person entityId="88944" recordId="109490" ssn="000000000" firstName="Conboy" middleName="" lastName="Delbert" streetNumber="" streetName="PO Box 2771" apartmentNumber="" city="Saint Croix Falls" state="WI" zip="54024"/>
</MarkedRecordPair>
<MarkedRecordPair decision="match" date="2007-03-22" user="rphall" src="matcher" comment="0.2">
<person entityId="25140" recordId="115443" ssn="000000000" firstName="alda" middleName="A" lastName="Deggs" streetNumber="604" streetName="Salva Pkwy" apartmentNumber="0u6" city="Voaw" state="TX" zip="77376"/>
<person entityId="25140" recordId="124176" ssn="000000000" firstName="Valda" middleName="A" lastName="eDggs" streetNumber="234" streetName="Cirof Ave" apartmentNumber="6x1" city="Votaw" state="TX" zip="77376"/>
</MarkedRecordPair>
<MarkedRecordPair decision="match" date="2007-03-22" user="rphall" src="matcher" comment="0.2">
<person entityId="91755" recordId="138063" ssn="723880366" firstName="Sunrdy" middleName="L" lastName="Aranza" streetNumber="765" streetName="Lduvig Rd" apartmentNumber="0x3" city="Honoqulu" state="HI" zip="96828"/>
<person entityId="91755" recordId="188882" ssn="523820366" firstName="Sundry" middleName="L" lastName="Aranza" streetNumber="965" streetName="Ludvig Rd" apartmentNumber="0x3" city="Honoljulu" state="NJ" zip="96828"/>
</MarkedRecordPair>
<MarkedRecordPair decision="match" date="2007-03-22" user="rphall" src="matcher" comment="0.2">
<person entityId="49591" recordId="115706" ssn="110022378" firstName="Husinah" middleName="J" lastName="Krawchuk" streetNumber="334" streetName="Canu Avenue" apartmentNumber="2v3" city="West Long Brqnch" state="NC" zip="07764"/>
<person entityId="49591" recordId="129816" ssn="117462378" firstName="Hsuinah" middleName="J" lastName="Krawchuk" streetNumber="304" streetName="Caun Avenue" apartmentNumber="2v3" city="West Long Branch" state="NJ" zip="07764"/>
</MarkedRecordPair>
<MarkedRecordPair decision="match" date="2007-03-22" user="rphall" src="matcher" comment="0.2">
<person entityId="48711" recordId="115468" ssn="000000000" firstName="Bluschke" middleName="G" lastName="Lovas" streetNumber="980" streetName="Colter St" apartmentNumber="7i6" city="Cleralake" state="WA" zip="98275"/>
<person entityId="48711" recordId="136653" ssn="000000000" firstName="Bluschke" middleName="G" lastName="kovas" streetNumber="715" streetName="Evraire Street" apartmentNumber="2z2" city="Clearlake" state="WA" zip="98235"/>
</MarkedRecordPair>
<MarkedRecordPair decision="differ" date="2007-03-22" user="rphall" src="matcher" comment="0.2">
<person entityId="109550" recordId="109550" ssn="000000000" firstName="Kauffels" middleName="" lastName="Arts" streetNumber="32" streetName="jHenares St" apartmentNumber="5q8" city="Cleveland" state="OH" zip="44139"/>
<person entityId="53619" recordId="152085" ssn="000000000" firstName="Coster" middleName="" lastName="Mccombie" streetNumber="" streetName="PO Box 4238" apartmentNumber="" city="Cleveland" state="VA" zip="74225"/>
</MarkedRecordPair>
<MarkedRecordPair decision="differ" date="2007-03-22" user="rphall" src="matcher" comment="0.2">
<person entityId="89910" recordId="128669" ssn="000000000" firstName="Diuora" middleName="J" lastName="Ainscow" streetNumber="198" streetName="Huchendorf Street" apartmentNumber="6s3" city="Shubuga" state="MS" zip="39360"/>
<person entityId="56427" recordId="153048" ssn="000000000" firstName="Serethia" middleName="J" lastName="Will" streetNumber="118" streetName="Thihom St" apartmentNumber="2h5" city="Shunbuta" state="MS" zip="39360"/>
</MarkedRecordPair>
<MarkedRecordPair decision="match" date="2007-03-22" user="rphall" src="matcher" comment="0.2">
<person entityId="49221" recordId="119642" ssn="665806171" firstName="Delawyer" middleName="N" lastName="Dalhkoetter" streetNumber="757" streetName="Shaffer St" apartmentNumber="2o2" city="Malvern" state="AR" zip="72104"/>
<person entityId="49221" recordId="130520" ssn="165856171" firstName="Delawyder" middleName="N" lastName="Dahlkoetter" streetNumber="847" streetName="Wortman Rd" apartmentNumber="1l2" city="Malvern" state="AR" zip="72104"/>
</MarkedRecordPair>
<MarkedRecordPair decision="match" date="2007-03-22" user="rphall" src="matcher" comment="0.2">
<person entityId="55755" recordId="128514" ssn="000000000" firstName="Ircstandards" middleName="P" lastName="Johanna" streetNumber="" streetName="PO Box 625" apartmentNumber="" city="Goodrich" state="ND" zip="58444"/>
<person entityId="55755" recordId="154480" ssn="000000000" firstName="Johanna" middleName="P" lastName="Ircstangdards" streetNumber="321" streetName="Beaufort Pkwy" apartmentNumber="4e7" city="Goodricjh" state="VA" zip="58444"/>
</MarkedRecordPair>
<MarkedRecordPair decision="match" date="2007-03-22" user="rphall" src="matcher" comment="0.2">
<person entityId="31165" recordId="121411" ssn="842154133" firstName="Estervina" middleName="G" lastName="Ende" streetNumber="265" streetName="Zanariah Ln" apartmentNumber="7t6" city="Sunland Park" state="NM" zip="88063"/>
<person entityId="31165" recordId="129547" ssn="742164133" firstName="Ende" middleName="t" lastName="Estevrina" streetNumber="665" streetName="Zanariah Ln" apartmentNumber="7t6" city="Sunland Pari" state="NM" zip="88063"/>
</MarkedRecordPair>
<MarkedRecordPair decision="match" date="2007-03-22" user="rphall" src="matcher" comment="0.2">
<person entityId="53531" recordId="137180" ssn="281762482" firstName="Gohl" middleName="U" lastName="Onfroi" streetNumber="208" streetName="Pospaahi Ln" apartmentNumber="7x7" city="Turtle Creek" state="PA" zip="15145"/>
<person entityId="53531" recordId="141743" ssn="281762482" firstName="Gohl" middleName="U" lastName="Onsfroi" streetNumber="" streetName="PO Box 1312" apartmentNumber="" city="Kaunakakai" state="HI" zip="96748"/>
</MarkedRecordPair>
<MarkedRecordPair decision="match" date="2007-03-22" user="rphall" src="matcher" comment="0.2">
<person entityId="75987" recordId="131020" ssn="330347162" firstName="uasue" middleName="E" lastName="palomera" streetNumber="808" streetName="Arbo Avenue" apartmentNumber="5w1" city="Kersey" state="CO" zip="80644"/>
<person entityId="75987" recordId="133899" ssn="530547162" firstName="Yasue" middleName="E" lastName="Paklomera" streetNumber="828" streetName="Arvbo Avenue" apartmentNumber="5w1" city="Kerseys" state="CO" zip="80644"/>
</MarkedRecordPair>
<MarkedRecordPair decision="match" date="2007-03-22" user="rphall" src="matcher" comment="0.2">
<person entityId="38322" recordId="108727" ssn="675907847" firstName="Cordodor" middleName="b" lastName="corette" streetNumber="347" streetName="Varnado Ave" apartmentNumber="0s5" city="Wilmington" state="DE" zip="19890"/>
<person entityId="38322" recordId="115787" ssn="585907847" firstName="Cordodor" middleName="X" lastName="Bleiweiss" streetNumber="654" streetName="Inthiphab Rd" apartmentNumber="7m5" city="Wilmington" state="DE" zip="19890"/>
</MarkedRecordPair>
<MarkedRecordPair decision="differ" date="2007-03-22" user="rphall" src="matcher" comment="0.2">
<person entityId="77967" recordId="174922" ssn="000000000" firstName="Peugniez" middleName="" lastName="Zangrando" streetNumber="287" streetName="Jenkin St" apartmentNumber="1r1" city="Charleston" state="SC" zip="29424"/>
<person entityId="87222" recordId="180557" ssn="000000000" firstName="Hinnant" middleName="F" lastName="Jeanes" streetNumber="" streetName="PO Box 1296" apartmentNumber="" city="Charleston" state="SC" zip="29401"/>
</MarkedRecordPair>
<MarkedRecordPair decision="differ" date="2007-03-22" user="rphall" src="matcher" comment="0.2">
<person entityId="75219" recordId="154171" ssn="515135540" firstName="Javi" middleName="" lastName="Senten" streetNumber="544" streetName="Nil Rd" apartmentNumber="7c2" city="Indianapolis" state="IN" zip="46255"/>
<person entityId="100890" recordId="157454" ssn="286746313" firstName="Nickels" middleName="" lastName="Ramil" streetNumber="" streetName="PO Box 425" apartmentNumber="" city="Indianapolis" state="IN" zip="46283"/>
</MarkedRecordPair>
<MarkedRecordPair decision="match" date="2007-03-22" user="rphall" src="matcher" comment="0.9411765">
<person entityId="91569" recordId="181619" ssn="744883232" firstName="Gessler" middleName="Q" lastName="Macanas" streetNumber="766" streetName="Azari Ln" apartmentNumber="4j1" city="Pleasant Grove" state="AR" zip="72567"/>
<person entityId="91569" recordId="184306" ssn="744888235" firstName="Gessler" middleName="Q" lastName="Macanas" streetNumber="066" streetName="Azari Ln" apartmentNumber="4j1" city="Pleasnat Grove" state="AR" zip="72567"/>
</MarkedRecordPair>
<MarkedRecordPair decision="match" date="2007-03-22" user="rphall" src="matcher" comment="0.9411765">
<person entityId="82152" recordId="177182" ssn="634560170" firstName="aspon" middleName="K" lastName="nickson" streetNumber="30" streetName="Fiteny Street" apartmentNumber="7p3" city="Chattaroy" state="WV" zip="25667"/>
<person entityId="82152" recordId="179870" ssn="634560170" firstName="Kaspon" middleName="K" lastName="Blomquist" streetNumber="37" streetName="Fiteny Street" apartmentNumber="7p3" city="Chattaroy" state="WV" zip="25667"/>
</MarkedRecordPair>
<MarkedRecordPair decision="match" date="2007-03-22" user="rphall" src="matcher" comment="0.9411765">
<person entityId="86262" recordId="177145" ssn="201060020" firstName="Sanyal" middleName="K" lastName="Beard" streetNumber="" streetName="PO Box 4932" apartmentNumber="" city="Campobello" state="SC" zip="29322"/>
<person entityId="86262" recordId="184282" ssn="201060610" firstName="Sanyal" middleName="K" lastName="Beard" streetNumber="" streetName="PO Box 4932" apartmentNumber="" city="Cmapobello" state="SC" zip="29322"/>
</MarkedRecordPair>
<MarkedRecordPair decision="match" date="2007-03-22" user="rphall" src="matcher" comment="0.9411765">
<person entityId="92640" recordId="173185" ssn="720703174" firstName="Baitinger" middleName="" lastName="Jinyuan" streetNumber="392" streetName="Sabtu Street" apartmentNumber="7z4" city="Windsor" state="CT" zip="06006"/>
<person entityId="92640" recordId="191981" ssn="720703174" firstName="nBaitinger" middleName="" lastName="Jinyuan" streetNumber="592" streetName="Sabrtu Street" apartmentNumber="7z4" city="Windsor" state="CT" zip="06006"/>
</MarkedRecordPair>
<MarkedRecordPair decision="match" date="2007-03-22" user="rphall" src="matcher" comment="0.9411765">
<person entityId="65079" recordId="151380" ssn="000000000" firstName="Fazikoli" middleName="I" lastName="Coats" streetNumber="448" streetName="Webderg Parkway" apartmentNumber="8w4" city="Cranks" state="KY" zip="40820"/>
<person entityId="65079" recordId="164479" ssn="000000000" firstName="Fazioli" middleName="I" lastName="Coats" streetNumber="648" streetName="Weberg Parkway" apartmentNumber="8w4" city="Cranks" state="KY" zip="40820"/>
</MarkedRecordPair>
<MarkedRecordPair decision="match" date="2007-03-22" user="rphall" src="matcher" comment="0.9411765">
<person entityId="59024" recordId="141143" ssn="457843801" firstName="Grailla" middleName="Z" lastName="Junli" streetNumber="667" streetName="Jacinta St" apartmentNumber="6f2" city="Tucson" state="AZ" zip="85709"/>
<person entityId="59024" recordId="141900" ssn="457843801" firstName="Gradilla" middleName="Z" lastName="Junli" streetNumber="767" streetName="Jackinta St" apartmentNumber="6f2" city="Tucson" state="AZ" zip="85709"/>
</MarkedRecordPair>
<MarkedRecordPair decision="match" date="2007-03-22" user="rphall" src="matcher" comment="0.9411765">
<person entityId="84228" recordId="176018" ssn="541676665" firstName="Guttenberg" middleName="B" lastName="Joudrain" streetNumber="946" streetName="Roxine Pkwy" apartmentNumber="3w6" city="Brogue" state="PA" zip="17309"/>
<person entityId="84228" recordId="179836" ssn="541626605" firstName="uGttenberg" middleName="B" lastName="Jourdain" streetNumber="946" streetName="Roxine Pkwy" apartmentNumber="3w6" city="Brogue" state="PA" zip="17309"/>
</MarkedRecordPair>
<MarkedRecordPair decision="match" date="2007-03-22" user="rphall" src="matcher" comment="0.9411765">
<person entityId="88839" recordId="176659" ssn="175810440" firstName="Zorah" middleName="I" lastName="Marcellus" streetNumber="292" streetName="Betovn Pkwy" apartmentNumber="5o7" city="Lenoera" state="KS" zip="67645"/>
<person entityId="88839" recordId="186464" ssn="154810440" firstName="Zorah" middleName="I" lastName="Marcellus" streetNumber="292" streetName="Beton Pkwy" apartmentNumber="5o7" city="Lenora" state="KS" zip="67645"/>
</MarkedRecordPair>
<MarkedRecordPair decision="match" date="2007-03-22" user="rphall" src="matcher" comment="0.9411765">
<person entityId="93021" recordId="175870" ssn="408421804" firstName="Kiarla" middleName="Q" lastName="Msarzio" streetNumber="179" streetName="Aboud Avenue" apartmentNumber="4d8" city="Tillamook" state="OR" zip="97143"/>
<person entityId="93021" recordId="182806" ssn="408421804" firstName="Kiala" middleName="Q" lastName="Marzio" streetNumber="179" streetName="Aboud Avenue" apartmentNumber="4d8" city="rTillamook" state="OR" zip="97143"/>
</MarkedRecordPair>
<MarkedRecordPair decision="match" date="2007-03-22" user="rphall" src="matcher" comment="0.9411765">
<person entityId="76095" recordId="170393" ssn="000000000" firstName="Kuen" middleName="D" lastName="Miyoko" streetNumber="77" streetName="Mrewin Lane" apartmentNumber="5j6" city="Alsa" state="AR" zip="72921"/>
<person entityId="76095" recordId="173708" ssn="000000000" firstName="Kuen" middleName="D" lastName="Miyoko" streetNumber="57" streetName="Merwin Lane" apartmentNumber="5j6" city="Alma" state="AR" zip="72921"/>
</MarkedRecordPair>
<MarkedRecordPair decision="match" date="2007-03-22" user="rphall" src="matcher" comment="0.9411765">
<person entityId="66674" recordId="155578" ssn="000000000" firstName="Mctaggart" middleName="L" lastName="Levinson" streetNumber="755" streetName="Norliza Pkwy" apartmentNumber="4t7" city="Shoiner" state="TX" zip="77984"/>
<person entityId="66674" recordId="156186" ssn="000000000" firstName="Mctaggart" middleName="L" lastName="Levinson" streetNumber="735" streetName="Norlmiza Pkwy" apartmentNumber="4t7" city="Shiner" state="TX" zip="77984"/>
</MarkedRecordPair>
<MarkedRecordPair decision="match" date="2007-03-22" user="rphall" src="matcher" comment="0.9411765">
<person entityId="52963" recordId="142488" ssn="458608863" firstName="Eliska" middleName="P" lastName="Montbrun" streetNumber="812" streetName="Shiraishi Avenue" apartmentNumber="2o1" city="Sebyoeta" state="NM" zip="87055"/>
<person entityId="52963" recordId="147278" ssn="458608863" firstName="Eliska" middleName="P" lastName="Montbrun" streetNumber="862" streetName="dShiraishi Avenue" apartmentNumber="2o1" city="Seboyeta" state="NM" zip="87055"/>
</MarkedRecordPair>
<MarkedRecordPair decision="match" date="2007-03-22" user="rphall" src="matcher" comment="0.9411765">
<person entityId="90903" recordId="170051" ssn="528334076" firstName="Mcaleenan" middleName="Y" lastName="Chisolm" streetNumber="210" streetName="Aku St" apartmentNumber="4n6" city="Clever" state="MO" zip="65631"/>
<person entityId="90903" recordId="183319" ssn="568334074" firstName="Mcaleenan" middleName="Y" lastName="Chisolm" streetNumber="210" streetName="Aku St" apartmentNumber="4n6" city="xlever" state="MO" zip="65635"/>
</MarkedRecordPair>
<MarkedRecordPair decision="match" date="2007-03-22" user="rphall" src="matcher" comment="0.9411765">
<person entityId="91245" recordId="166169" ssn="644240807" firstName="Wat" middleName="" lastName="ikensler" streetNumber="20" streetName="Dinabandhu" apartmentNumber="8y1" city="Leonard" state="OK" zip="74043"/>
<person entityId="91245" recordId="167372" ssn="644240807" firstName="Wat" middleName="" lastName="Notre" streetNumber="10" streetName="Dinabanhdu" apartmentNumber="8y1" city="Leonard" state="OK" zip="74043"/>
</MarkedRecordPair>
<MarkedRecordPair decision="match" date="2007-03-22" user="rphall" src="matcher" comment="0.9411765">
<person entityId="90264" recordId="140816" ssn="765684535" firstName="Wuellner" middleName="" lastName="Johannes" streetNumber="828" streetName="Nsaim Ave" apartmentNumber="1d4" city="Florence" state="MO" zip="65329"/>
<person entityId="90264" recordId="159540" ssn="765684535" firstName="Wuellner" middleName="" lastName="Johannesv" streetNumber="126" streetName="Naim Ave" apartmentNumber="1d4" city="Florence" state="MO" zip="65329"/>
</MarkedRecordPair>
<MarkedRecordPair decision="match" date="2007-03-22" user="rphall" src="matcher" comment="0.9411765">
<person entityId="83010" recordId="139586" ssn="000000000" firstName="Emerick" middleName="Z" lastName="teralda" streetNumber="836" streetName="uYelvington Lane" apartmentNumber="4k1" city="New Hampton" state="MO" zip="64471"/>
<person entityId="83010" recordId="143158" ssn="000000000" firstName="Emerick" middleName="Z" lastName="Geralda" streetNumber="833" streetName="Yelvington Lane" apartmentNumber="4k1" city="New Hampton" state="MO" zip="64471"/>
</MarkedRecordPair>
<MarkedRecordPair decision="match" date="2007-03-22" user="rphall" src="matcher" comment="0.9411765">
<person entityId="79395" recordId="164756" ssn="677508150" firstName="Sidman" middleName="D" lastName="steaesslers" streetNumber="124" streetName="Shoko St" apartmentNumber="3n7" city="Beatrice" state="NE" zip="68310"/>
<person entityId="79395" recordId="177596" ssn="677508120" firstName="Sidman" middleName="D" lastName="Solana" streetNumber="004" streetName="Shoko St" apartmentNumber="3n7" city="Beatrice" state="NE" zip="68310"/>
</MarkedRecordPair>
<MarkedRecordPair decision="match" date="2007-03-22" user="rphall" src="matcher" comment="0.9411765">
<person entityId="50981" recordId="145098" ssn="622754851" firstName="Magdaia" middleName="T" lastName="Ere" streetNumber="959" streetName="Macchiusi Avenue" apartmentNumber="3a4" city="Coventry" state="RI" zip="02816"/>
<person entityId="50981" recordId="150858" ssn="625744851" firstName="Magdaia" middleName="T" lastName="Eyre" streetNumber="955" streetName="Macchiusi Avenue" apartmentNumber="3a4" city="Coventry" state="RI" zip="02816"/>
</MarkedRecordPair>
<MarkedRecordPair decision="match" date="2007-03-22" user="rphall" src="matcher" comment="0.9411765">
<person entityId="53683" recordId="141388" ssn="710020311" firstName="Nicholas" middleName="J" lastName="dCarne" streetNumber="888" streetName="Prikkel Road" apartmentNumber="0m6" city="Seymour" state="WI" zip="54165"/>
<person entityId="53683" recordId="153094" ssn="712628311" firstName="Nicholas" middleName="J" lastName="Carne" streetNumber="388" streetName="Prikkel Road" apartmentNumber="0m6" city="Seymour" state="WI" zip="54165"/>
</MarkedRecordPair>
<MarkedRecordPair decision="match" date="2007-03-22" user="rphall" src="matcher" comment="0.9411765">
<person entityId="86748" recordId="164346" ssn="000000000" firstName="hSa" middleName="" lastName="condurelis" streetNumber="189" streetName="Stcekler Street" apartmentNumber="2r3" city="Ludlow" state="SD" zip="57755"/>
<person entityId="86748" recordId="172121" ssn="000000000" firstName="Sha" middleName="" lastName="Mountain" streetNumber="189" streetName="Steckler Street" apartmentNumber="2r3" city="Ludlow" state="SD" zip="57755"/>
</MarkedRecordPair>
<MarkedRecordPair decision="match" date="2007-03-22" user="rphall" src="matcher" comment="0.9411765">
<person entityId="78579" recordId="164336" ssn="676583358" firstName="Roels" middleName="" lastName="Pardip" streetNumber="617" streetName="Winkfield St" apartmentNumber="1x8" city="Williamson" state="IA" zip="50272"/>
<person entityId="78579" recordId="165593" ssn="676583358" firstName="Roles" middleName="" lastName="Pardip" streetNumber="611" streetName="Winkfield St" apartmentNumber="1x8" city="Williamsobn" state="IA" zip="50272"/>
</MarkedRecordPair>
<MarkedRecordPair decision="match" date="2007-03-22" user="rphall" src="matcher" comment="0.9411765">
<person entityId="89355" recordId="163142" ssn="751214830" firstName="Kazunori" middleName="H" lastName="Wivchman" streetNumber="693" streetName="Paulovics Road" apartmentNumber="8l6" city="Point og Rocks" state="MD" zip="21777"/>
<person entityId="89355" recordId="188519" ssn="551284130" firstName="Kazunori" middleName="H" lastName="Wichman" streetNumber="693" streetName="Paulovics Road" apartmentNumber="8l6" city="Point of Rociks" state="MD" zip="21777"/>
</MarkedRecordPair>
<MarkedRecordPair decision="match" date="2007-03-22" user="rphall" src="matcher" comment="0.9411765">
<person entityId="88641" recordId="162927" ssn="000000000" firstName="Thedrick" middleName="" lastName="Brazda" streetNumber="" streetName="PO Box 2951" apartmentNumber="" city="Howard kLake" state="MN" zip="55390"/>
<person entityId="88641" recordId="169293" ssn="000000000" firstName="Thedrick" middleName="" lastName="Brazda" streetNumber="" streetName="PO Box 2951" apartmentNumber="" city="Howard Lake" state="MN" zip="55393"/>
</MarkedRecordPair>
<MarkedRecordPair decision="match" date="2007-03-22" user="rphall" src="matcher" comment="0.9411765">
<person entityId="92637" recordId="162386" ssn="000000000" firstName="Brusa" middleName="" lastName="Printers" streetNumber="867" streetName="Hardi Ave" apartmentNumber="4q7" city="cUon" state="ID" zip="81454"/>
<person entityId="92637" recordId="173603" ssn="000000000" firstName="Brusa" middleName="" lastName="Printers" streetNumber="467" streetName="Hardi Ave" apartmentNumber="4q7" city="Ucon" state="ID" zip="83454"/>
</MarkedRecordPair>
<MarkedRecordPair decision="match" date="2007-03-22" user="rphall" src="matcher" comment="0.9411765">
<person entityId="74987" recordId="154020" ssn="142437333" firstName="Menqiong" middleName="Y" lastName="Yap" streetNumber="787" streetName="Hanns Avenue" apartmentNumber="3o2" city="Rocheyster" state="WA" zip="98679"/>
<person entityId="74987" recordId="164246" ssn="142437333" firstName="Menqiong" middleName="Y" lastName="Yap" streetNumber="780" streetName="Hanns Avenue" apartmentNumber="3o2" city="Rochester" state="WA" zip="98579"/>
</MarkedRecordPair>
<MarkedRecordPair decision="match" date="2007-03-22" user="rphall" src="matcher" comment="0.9411765">
<person entityId="40246" recordId="121489" ssn="612830032" firstName="Chakel" middleName="T" lastName="Carnegey" streetNumber="752" streetName="Woessner Ln" apartmentNumber="2w6" city="Honoulu" state="HI" zip="96120"/>
<person entityId="40246" recordId="126139" ssn="612830032" firstName="Chakel" middleName="T" lastName="Carnegey" streetNumber="747" streetName="Woessner Ln" apartmentNumber="2w6" city="Hnoolulu" state="HI" zip="96820"/>
</MarkedRecordPair>
<MarkedRecordPair decision="match" date="2007-03-22" user="rphall" src="matcher" comment="0.9411765">
<person entityId="60547" recordId="141808" ssn="000000000" firstName="Vaccaro" middleName="E" lastName="Gillenwater" streetNumber="" streetName="PO Box 843" apartmentNumber="" city="Carencro" state="LA" zip="70520"/>
<person entityId="60547" recordId="158273" ssn="000000000" firstName="Vaccaro" middleName="E" lastName="Gillenwater" streetNumber="" streetName="PO Box 843" apartmentNumber="" city="Carencrol" state="LA" zip="78520"/>
</MarkedRecordPair>
<MarkedRecordPair decision="match" date="2007-03-22" user="rphall" src="matcher" comment="0.9411765">
<person entityId="83697" recordId="131519" ssn="458573504" firstName="Amedee" middleName="G" lastName="Pradyumn" streetNumber="" streetName="PO Box 2600" apartmentNumber="" city="Chammers" state="NE" zip="68735"/>
<person entityId="83697" recordId="178480" ssn="458573504" firstName="Amedee" middleName="G" lastName="Pradyumn" streetNumber="" streetName="PO Box 2600" apartmentNumber="" city="Chambers" state="NE" zip="68725"/>
</MarkedRecordPair>
<MarkedRecordPair decision="match" date="2007-03-22" user="rphall" src="matcher" comment="0.9411765">
<person entityId="74447" recordId="155252" ssn="510671138" firstName="Dhansukh" middleName="G" lastName="Digby" streetNumber="904" streetName="Baryram Avenue" apartmentNumber="4k6" city="Rosevlle" state="MI" zip="48305"/>
<person entityId="74447" recordId="161197" ssn="510371130" firstName="Dhansukh" middleName="G" lastName="Dgiby" streetNumber="904" streetName="Baryram Avenue" apartmentNumber="4k6" city="Roxeville" state="MI" zip="48305"/>
</MarkedRecordPair>
<MarkedRecordPair decision="match" date="2007-03-22" user="rphall" src="matcher" comment="0.9411765">
<person entityId="56903" recordId="148119" ssn="675640515" firstName="Honeyman" middleName="U" lastName="Vandevenq" streetNumber="299" streetName="Conner Street" apartmentNumber="8d1" city="Siant Louis" state="MO" zip="63132"/>
<person entityId="56903" recordId="151118" ssn="675670565" firstName="Honeyman" middleName="U" lastName="Vandeven" streetNumber="299" streetName="Conner Street" apartmentNumber="8d1" city="Sain Louis" state="MO" zip="63132"/>
</MarkedRecordPair>
<MarkedRecordPair decision="match" date="2007-03-22" user="rphall" src="matcher" comment="0.9411765">
<person entityId="67854" recordId="150521" ssn="000000000" firstName="Raumaker" middleName="" lastName="Hankland" streetNumber="565" streetName="Janaya Ln" apartmentNumber="0b1" city="Saint Paul" state="MN" zip="55182"/>
<person entityId="67854" recordId="167800" ssn="000000000" firstName="Raumakre" middleName="" lastName="Hankland" streetNumber="665" streetName="Janaya Ln" apartmentNumber="0b1" city="Sanit Paul" state="MN" zip="55182"/>
</MarkedRecordPair>
<MarkedRecordPair decision="match" date="2007-03-22" user="rphall" src="matcher" comment="0.9411765">
<person entityId="59785" recordId="143176" ssn="502764317" firstName="vBelcher" middleName="" lastName="Noby" streetNumber="90" streetName="Cerri" apartmentNumber="1g1" city="Boston" state="MA" zip="02103"/>
<person entityId="59785" recordId="149357" ssn="502764317" firstName="Belcher" middleName="" lastName="Noby" streetNumber="92" streetName="Cerri" apartmentNumber="1g1" city="vBoston" state="MA" zip="02103"/>
</MarkedRecordPair>
<MarkedRecordPair decision="match" date="2007-03-22" user="rphall" src="matcher" comment="0.9411765">
<person entityId="65004" recordId="156656" ssn="235513600" firstName="Parker" middleName="Y" lastName="Valentino" streetNumber="888" streetName="Leadbetter Rd" apartmentNumber="0r7" city="Eagle" state="NE" zip="68347"/>
<person entityId="65004" recordId="162946" ssn="235513600" firstName="aPfrker" middleName="Y" lastName="lisa" streetNumber="888" streetName="Lweadbetter Rd" apartmentNumber="0r7" city="Eagle" state="NE" zip="68347"/>
</MarkedRecordPair>
<MarkedRecordPair decision="match" date="2007-03-22" user="rphall" src="matcher" comment="0.9411765">
<person entityId="41726" recordId="131049" ssn="783820653" firstName="Pieron" middleName="H" lastName="Natalina" streetNumber="4" streetName="Sandner St" apartmentNumber="4w0" city="Forestgrove" state="MT" zip="59441"/>
<person entityId="41726" recordId="136570" ssn="783820653" firstName="P" middleName="H" lastName="vaccus" streetNumber="4" streetName="andner St" apartmentNumber="4w0" city="Forestgrove" state="MT" zip="59441"/>
</MarkedRecordPair>
<MarkedRecordPair decision="match" date="2007-03-22" user="rphall" src="matcher" comment="0.9411765">
<person entityId="67694" recordId="146355" ssn="307481380" firstName="Erna" middleName="S" lastName="Brust" streetNumber="672" streetName="Thresh Ave" apartmentNumber="7x3" city="Cascade Locks" state="OR" zip="97014"/>
<person entityId="67694" recordId="152199" ssn="387481382" firstName="Erna" middleName="S" lastName="Brust" streetNumber="672" streetName="Thresh Ave" apartmentNumber="7x3" city="Cadcade Locks" state="OR" zip="97004"/>
</MarkedRecordPair>
<MarkedRecordPair decision="match" date="2007-03-22" user="rphall" src="matcher" comment="0.9411765">
<person entityId="44253" recordId="142574" ssn="263813436" firstName="Anibal" middleName="U" lastName="Bulkovshteyn" streetNumber="623" streetName="Cheatle Avenue" apartmentNumber="2z1" city="Pleasant Virew" state="CO" zip="11331"/>
<person entityId="44253" recordId="142685" ssn="263853336" firstName="Anibal" middleName="U" lastName="Bulkovshteyn" streetNumber="623" streetName="Cheatle Avenue" apartmentNumber="2z1" city="Pleasant View" state="CO" zip="81331"/>
</MarkedRecordPair>
<MarkedRecordPair decision="match" date="2007-03-22" user="rphall" src="matcher" comment="0.9411765">
<person entityId="91218" recordId="172892" ssn="751885767" firstName="eish" middleName="G" lastName="Alexei" streetNumber="" streetName="PO Box 2445" apartmentNumber="" city="Green Bya" state="WI" zip="54344"/>
<person entityId="91218" recordId="174357" ssn="751885767" firstName="Keish" middleName="G" lastName="Alexei" streetNumber="" streetName="PO Box 2445" apartmentNumber="" city="Green Bay" state="WI" zip="54344"/>
</MarkedRecordPair>
<MarkedRecordPair decision="match" date="2007-03-22" user="rphall" src="matcher" comment="0.9411765">
<person entityId="52097" recordId="143711" ssn="000000000" firstName="Jaki" middleName="Z" lastName="Buttrey" streetNumber="" streetName="PO Box 1837" apartmentNumber="" city="Lakebay" state="WA" zip="98351"/>
<person entityId="52097" recordId="149489" ssn="000000000" firstName="paki" middleName="Z" lastName="Buttrey" streetNumber="" streetName="PO Box 1837" apartmentNumber="" city="Lkebay" state="WA" zip="98351"/>
</MarkedRecordPair>
<MarkedRecordPair decision="match" date="2007-03-22" user="rphall" src="matcher" comment="0.9411765">
<person entityId="36053" recordId="130024" ssn="000000000" firstName="Garibjaldi" middleName="V" lastName="Sumonja" streetNumber="" streetName="PO Box 3836" apartmentNumber="" city="Frrsno" state="CA" zip="93791"/>
<person entityId="36053" recordId="130274" ssn="000000000" firstName="Garibaldi" middleName="V" lastName="Sumonja" streetNumber="" streetName="PO Box 3836" apartmentNumber="" city="Fresn" state="CA" zip="93791"/>
</MarkedRecordPair>
<MarkedRecordPair decision="match" date="2007-03-22" user="rphall" src="matcher" comment="0.9411765">
<person entityId="78259" recordId="166826" ssn="355411026" firstName="Wenceslaus" middleName="U" lastName="Suniga" streetNumber="924" streetName="Mathiesen Street" apartmentNumber="5r1" city="Toronto" state="IA" zip="52343"/>
<person entityId="78259" recordId="174273" ssn="365411046" firstName="Suniga" middleName="U" lastName="Wneceslaus" streetNumber="924" streetName="Mathiesen Street" apartmentNumber="5r1" city="Toronto" state="IA" zip="52343"/>
</MarkedRecordPair>
<MarkedRecordPair decision="match" date="2007-03-22" user="rphall" src="matcher" comment="0.9411765">
<person entityId="67469" recordId="144016" ssn="470786366" firstName="Hewlet" middleName="D" lastName="Lotfi" streetNumber="202" streetName="Fabisch" apartmentNumber="1h7" city="Wilmington" state="DE" zip="19884"/>
<person entityId="67469" recordId="164120" ssn="471086366" firstName="H" middleName="D" lastName="qLotfi" streetNumber="202" streetName="Fabisch" apartmentNumber="1h7" city="Wilmington" state="DE" zip="19884"/>
</MarkedRecordPair>
<MarkedRecordPair decision="match" date="2007-03-22" user="rphall" src="matcher" comment="0.9411765">
<person entityId="56854" recordId="152589" ssn="174144656" firstName="Bracewell" middleName="M" lastName="Martha" streetNumber="837" streetName="sRobinia Ave" apartmentNumber="1n5" city="Lynchbiurg" state="VA" zip="24501"/>
<person entityId="56854" recordId="156599" ssn="174044657" firstName="Bracewell" middleName="M" lastName="Martha" streetNumber="837" streetName="Robinia Ave" apartmentNumber="1n5" city="Lynchburg" state="VA" zip="24501"/>
</MarkedRecordPair>
<MarkedRecordPair decision="match" date="2007-03-22" user="rphall" src="matcher" comment="0.9411765">
<person entityId="56357" recordId="141016" ssn="274135204" firstName="Lindie" middleName="" lastName="Lapeine" streetNumber="105" streetName="Awansa Lane" apartmentNumber="4m3" city="Odgen" state="UT" zip="84405"/>
<person entityId="56357" recordId="148877" ssn="272130204" firstName="Lindie" middleName="" lastName="Lapeine" streetNumber="105" streetName="Awana Lane" apartmentNumber="4m3" city="gOden" state="UT" zip="84405"/>
</MarkedRecordPair>
<MarkedRecordPair decision="match" date="2007-03-22" user="rphall" src="matcher" comment="0.9411765">
<person entityId="69879" recordId="151943" ssn="407280116" firstName="Donatien" middleName="A" lastName="Nixcki" streetNumber="680" streetName="Prestonthomas Street" apartmentNumber="6u5" city="Soleay" state="MN" zip="56678"/>
<person entityId="69879" recordId="161757" ssn="407280116" firstName="onatien" middleName="A" lastName="Nicki" streetNumber="680" streetName="Prestonthomas Street" apartmentNumber="6u5" city="Solway" state="MN" zip="56678"/>
</MarkedRecordPair>
<MarkedRecordPair decision="match" date="2007-03-22" user="rphall" src="matcher" comment="0.9411765">
<person entityId="69319" recordId="142910" ssn="523062716" firstName="Hookr" middleName="O" lastName="Vrixend" streetNumber="865" streetName="Sandberg Rd" apartmentNumber="0p2" city="ula" state="HI" zip="96790"/>
<person entityId="69319" recordId="162512" ssn="523062716" firstName="Hooker" middleName="O" lastName="Vriend" streetNumber="865" streetName="Sandberg Rd" apartmentNumber="0p2" city="Kula" state="HI" zip="96790"/>
</MarkedRecordPair>
<MarkedRecordPair decision="match" date="2007-03-22" user="rphall" src="matcher" comment="0.9411765">
<person entityId="89808" recordId="160283" ssn="575371738" firstName="Wint" middleName="I" lastName="Neumaier" streetNumber="" streetName="PO Box 90" apartmentNumber="" city="Highqood" state="IL" zip="60040"/>
<person entityId="89808" recordId="188020" ssn="875071738" firstName="Wint" middleName="I" lastName="Neumaier" streetNumber="" streetName="PO Box 90" apartmentNumber="" city="Highwood" state="IL" zip="60040"/>
</MarkedRecordPair>
<MarkedRecordPair decision="match" date="2007-03-22" user="rphall" src="matcher" comment="0.9411765">
<person entityId="58660" recordId="135701" ssn="680656861" firstName="Robustness" middleName="S" lastName="Sano" streetNumber="" streetName="PO Box 3058" apartmentNumber="" city="Dubios" state="ID" zip="83423"/>
<person entityId="58660" recordId="146595" ssn="880666861" firstName="Robustness" middleName="S" lastName="Sano" streetNumber="" streetName="PO Box 3058" apartmentNumber="" city="Dubois" state="ID" zip="83423"/>
</MarkedRecordPair>
<MarkedRecordPair decision="match" date="2007-03-22" user="rphall" src="matcher" comment="0.9411765">
<person entityId="89742" recordId="152144" ssn="577331352" firstName="Aumi" middleName="C" lastName="Corr" streetNumber="943" streetName="Mcduffie Lane" apartmentNumber="5v5" city="Cruz Bay" state="VI" zip="00831"/>
<person entityId="89742" recordId="188229" ssn="577331352" firstName="Ayumi" middleName="C" lastName="Corry" streetNumber="949" streetName="Mcduffie Lane" apartmentNumber="5v5" city="Cruz Bay" state="VI" zip="00831"/>
</MarkedRecordPair>
<MarkedRecordPair decision="match" date="2007-03-22" user="rphall" src="matcher" comment="0.9411765">
<person entityId="84021" recordId="151239" ssn="146038471" firstName="Shbu" middleName="O" lastName="Billaud" streetNumber="725" streetName="Winkelmann" apartmentNumber="0r1" city="Michigan City" state="MS" zip="38647"/>
<person entityId="84021" recordId="172115" ssn="146038471" firstName="Shub" middleName="O" lastName="Billaued" streetNumber="765" streetName="Winkelmann" apartmentNumber="0r1" city="Michigan City" state="MS" zip="38647"/>
</MarkedRecordPair>
<MarkedRecordPair decision="match" date="2007-03-22" user="rphall" src="matcher" comment="0.9411765">
<person entityId="80781" recordId="151248" ssn="758651316" firstName="Ronendra" middleName="" lastName="Morilla" streetNumber="608" streetName="Doug Rd" apartmentNumber="7k2" city="Farog" state="OK" zip="73840"/>
<person entityId="80781" recordId="156728" ssn="258651314" firstName="Ronendra" middleName="" lastName="Morilla" streetNumber="601" streetName="Doug Rd" apartmentNumber="7k2" city="Fargo" state="OK" zip="73840"/>
</MarkedRecordPair>
<MarkedRecordPair decision="match" date="2007-03-22" user="rphall" src="matcher" comment="0.9411765">
<person entityId="56147" recordId="142931" ssn="147642047" firstName="Stifter" middleName="Y" lastName="Mennie" streetNumber="900" streetName="Bejarano St" apartmentNumber="4j7" city="North Concord" state="VT" zip="05858"/>
<person entityId="56147" recordId="155096" ssn="148842047" firstName="Stifter" middleName="Y" lastName="Mennie" streetNumber="904" streetName="Bejarano St" apartmentNumber="4j7" city="Notrh Concord" state="VT" zip="05858"/>
</MarkedRecordPair>
<MarkedRecordPair decision="differ" date="2007-03-22" user="rphall" src="matcher" comment="0.5">
<person entityId="85116" recordId="178833" ssn="705320762" firstName="Salkilld" middleName="P" lastName="Kewish" streetNumber="203" streetName="Bihari Pkwy" apartmentNumber="1z4" city="Kosrae" state="FM" zip="96944"/>
<person entityId="98216" recordId="197229" ssn="647402017" firstName="Ludescher" middleName="P" lastName="Trenti" streetNumber="" streetName="PO Box 4947" apartmentNumber="" city="Kosrae" state="FM" zip="96944"/>
</MarkedRecordPair>
<MarkedRecordPair decision="differ" date="2007-03-22" user="rphall" src="matcher" comment="0.5">
<person entityId="93096" recordId="178551" ssn="000000000" firstName="Karlene" middleName="X" lastName="Wolfhart" streetNumber="" streetName="PO Box 960" apartmentNumber="" city="Kosrae" state="FM" zip="96944"/>
<person entityId="92079" recordId="180167" ssn="000000000" firstName="Mounier" middleName="" lastName="Bristow" streetNumber="" streetName="PO Box 2636" apartmentNumber="" city="Kosrae" state="FM" zip="96944"/>
</MarkedRecordPair>
<MarkedRecordPair decision="differ" date="2007-03-22" user="rphall" src="matcher" comment="0.5">
<person entityId="84714" recordId="182838" ssn="000000000" firstName="Malanos" middleName="V" lastName="Lamport" streetNumber="319" streetName="Ibisate Street" apartmentNumber="7b4" city="Kosrae" state="FM" zip="96944"/>
<person entityId="86343" recordId="183725" ssn="000000000" firstName="Tsz" middleName="K" lastName="Gacthalian" streetNumber="740" streetName="Dobbert Avenue" apartmentNumber="7b4" city="Kosrae" state="FM" zip="96944"/>
</MarkedRecordPair>
<MarkedRecordPair decision="match" date="2007-03-22" user="rphall" src="matcher" comment="0.5">
<person entityId="86367" recordId="172692" ssn="000000000" firstName="Mcphe" middleName="W" lastName="Apurba" streetNumber="" streetName="PO Box 4816" apartmentNumber="" city="Frederick" state="MD" zip="21709"/>
<person entityId="86367" recordId="176961" ssn="000000000" firstName="Mcphe" middleName="W" lastName="Apurba" streetNumber="454" streetName="Hoots Road" apartmentNumber="0e0" city="Saint Francis" state="AR" zip="72464"/>
</MarkedRecordPair>
<MarkedRecordPair decision="match" date="2007-03-22" user="rphall" src="matcher" comment="0.5">
<person entityId="90384" recordId="176446" ssn="151654336" firstName="Nowlin" middleName="R" lastName="Damon" streetNumber="57" streetName="Gerbig Ln" apartmentNumber="6q6" city="fade" state="NC" zip="28395"/>
<person entityId="90384" recordId="182927" ssn="151624334" firstName="Nowlin" middleName="R" lastName="Damon" streetNumber="973" streetName="aurrill St" apartmentNumber="7v6" city="Wade" state="NC" zip="28395"/>
</MarkedRecordPair>
<MarkedRecordPair decision="match" date="2007-03-22" user="rphall" src="matcher" comment="0.5">
<person entityId="73063" recordId="164926" ssn="000000000" firstName="Alie" middleName="F" lastName="Coloads" streetNumber="553" streetName="Humbert St" apartmentNumber="5n6" city="Harribgton" state="DE" zip="14952"/>
<person entityId="73063" recordId="172025" ssn="000000000" firstName="Allie" middleName="F" lastName="Colloads" streetNumber="553" streetName="Humbert St" apartmentNumber="5n6" city="Hararington" state="KS" zip="11952"/>
</MarkedRecordPair>
<MarkedRecordPair decision="match" date="2007-03-22" user="rphall" src="matcher" comment="0.5">
<person entityId="78059" recordId="164345" ssn="000000000" firstName="Summ" middleName="F" lastName="Warnya" streetNumber="55" streetName="Blanchard Avenue" apartmentNumber="6w7" city="Conejos" state="CO" zip="81129"/>
<person entityId="78059" recordId="171732" ssn="000000000" firstName="Summ" middleName="F" lastName="Warna" streetNumber="56" streetName="Blanchard Avenue" apartmentNumber="6w7" city="Conejros" state="MT" zip="71129"/>
</MarkedRecordPair>
<MarkedRecordPair decision="match" date="2007-03-22" user="rphall" src="matcher" comment="0.5">
<person entityId="74555" recordId="142121" ssn="418785324" firstName="Psutka" middleName="d" lastName="Snaila" streetNumber="128" streetName="Greget Avenue" apartmentNumber="2a8" city="Moorcroft" state="WY" zip="82721"/>
<person entityId="74555" recordId="161809" ssn="417385327" firstName="Psutka" middleName="F" lastName="Shaila" streetNumber="" streetName="PO Box 1503" apartmentNumber="" city="Moorcroft" state="WY" zip="82721"/>
</MarkedRecordPair>
<MarkedRecordPair decision="match" date="2007-03-22" user="rphall" src="matcher" comment="0.5">
<person entityId="69309" recordId="161392" ssn="000000000" firstName="Tsukamoot" middleName="E" lastName="Cuddbeack" streetNumber="" streetName="PO Blox 665" apartmentNumber="" city="Pellsto" state="MI" zip="49769"/>
<person entityId="69309" recordId="161902" ssn="000000000" firstName="Tsukamoto" middleName="E" lastName="Cuddeback" streetNumber="" streetName="PO Box 665" apartmentNumber="" city="Pellston" state="MI" zip="49769"/>
</MarkedRecordPair>
<MarkedRecordPair decision="match" date="2007-03-22" user="rphall" src="matcher" comment="0.5">
<person entityId="78966" recordId="161178" ssn="000000000" firstName="Sherri" middleName="I" lastName="Saiid" streetNumber="905" streetName="Sylvester Rd" apartmentNumber="7u4" city="Quitman" state="AR" zip="72131"/>
<person entityId="78966" recordId="175150" ssn="000000000" firstName="S" middleName="f" lastName="eaiid" streetNumber="905" streetName="Sylveaster Rd" apartmentNumber="7u4" city="Quitmann" state="AR" zip="72131"/>
</MarkedRecordPair>
<MarkedRecordPair decision="match" date="2007-03-22" user="rphall" src="matcher" comment="0.5">
<person entityId="92142" recordId="159251" ssn="000000000" firstName="Schleishner" middleName="B" lastName="Howse" streetNumber="723" streetName="Leelah Ave" apartmentNumber="4c5" city="Ibapah" state="UT" zip="84034"/>
<person entityId="92142" recordId="166295" ssn="000000000" firstName="Schleisner" middleName="B" lastName="Howe" streetNumber="615" streetName="Mad Road" apartmentNumber="0t5" city="Ibapah" state="UT" zip="84034"/>
</MarkedRecordPair>
<MarkedRecordPair decision="match" date="2007-03-22" user="rphall" src="matcher" comment="0.5">
<person entityId="88161" recordId="159226" ssn="107050343" firstName="Fujishiro" middleName="s" lastName="Mathilda" streetNumber="161" streetName="Chenn Road" apartmentNumber="3f0" city="Oakland" state="CA" zip="94611"/>
<person entityId="88161" recordId="170780" ssn="106051803" firstName="Fujishiro" middleName="H" lastName="Mathilda" streetNumber="461" streetName="Chenna Road" apartmentNumber="3f0" city="Oakand" state="CA" zip="94611"/>
</MarkedRecordPair>
<MarkedRecordPair decision="match" date="2007-03-22" user="rphall" src="matcher" comment="0.5">
<person entityId="52196" recordId="149300" ssn="000000000" firstName="Msaura" middleName="" lastName="Bollman" streetNumber="706" streetName="Masaki Street" apartmentNumber="2o2" city="Vioelt Hill" state="AR" zip="72584"/>
<person entityId="52196" recordId="151718" ssn="000000000" firstName="Bollmman" middleName="" lastName="Maura" streetNumber="506" streetName="Masakei Street" apartmentNumber="2o2" city="Violet Hill" state="AR" zip="72584"/>
</MarkedRecordPair>
<MarkedRecordPair decision="match" date="2007-03-22" user="rphall" src="matcher" comment="0.5">
<person entityId="76787" recordId="153138" ssn="105853435" firstName="Tupling" middleName="" lastName="Baisden" streetNumber="526" streetName="Scholl Avenue" apartmentNumber="5w1" city="Sun Valley" state="ID" zip="83353"/>
<person entityId="76787" recordId="157492" ssn="135853435" firstName="Tuplingm" middleName="l" lastName="Baisden" streetNumber="522" streetName="Scholl Avenue" apartmentNumber="5w1" city="Sun Vally" state="ID" zip="83353"/>
</MarkedRecordPair>
<MarkedRecordPair decision="match" date="2007-03-22" user="rphall" src="matcher" comment="0.5">
<person entityId="86919" recordId="152345" ssn="406200326" firstName="Springs" middleName="B" lastName="Thorn" streetNumber="544" streetName="Vittorio Road" apartmentNumber="0b4" city="Luquillo" state="PR" zip="00673"/>
<person entityId="86919" recordId="164911" ssn="406200326" firstName="Springs" middleName="B" lastName="Thor" streetNumber="586" streetName="Daffie Ave" apartmentNumber="6i3" city="Luquuillo" state="PR" zip="00673"/>
</MarkedRecordPair>
<MarkedRecordPair decision="match" date="2007-03-22" user="rphall" src="matcher" comment="0.5">
<person entityId="91830" recordId="152829" ssn="576256468" firstName="Ragazzo" middleName="" lastName="Alderete" streetNumber="960" streetName="Deltoro" apartmentNumber="5c2" city="Thayer" state="IL" zip="62689"/>
<person entityId="91830" recordId="156950" ssn="576256468" firstName="agazzo" middleName="" lastName="Alderete" streetNumber="986" streetName="Rafik Street" apartmentNumber="6c5" city="gThayer" state="IL" zip="62689"/>
</MarkedRecordPair>
<MarkedRecordPair decision="differ" date="2007-03-22" user="rphall" src="matcher" comment="0.5">
<person entityId="98004" recordId="151113" ssn="000000000" firstName="Harbord" middleName="" lastName="Forestieri" streetNumber="290" streetName="Degli" apartmentNumber="1n1" city="Orange" state="NJ" zip="07050"/>
<person entityId="104394" recordId="163691" ssn="000000000" firstName="Prokop" middleName="" lastName="Shunji" streetNumber="" streetName="PO Box 2304" apartmentNumber="" city="Orange" state="NJ" zip="07052"/>
</MarkedRecordPair>
<MarkedRecordPair decision="match" date="2007-03-22" user="rphall" src="matcher" comment="0.5">
<person entityId="51710" recordId="145435" ssn="381148172" firstName="Gagarin" middleName="Q" lastName="Bentivehna" streetNumber="" streetName="PO Box 2960" apartmentNumber="" city="Enterprise" state="LA" zip="71425"/>
<person entityId="51710" recordId="151593" ssn="381148172" firstName="Gagafin" middleName="Q" lastName="Bentivegna" streetNumber="" streetName="PO Box 2960" apartmentNumber="" city="Enterprkse" state="LA" zip="71427"/>
</MarkedRecordPair>
<MarkedRecordPair decision="match" date="2007-03-22" user="rphall" src="matcher" comment="0.5">
<person entityId="68919" recordId="149662" ssn="316753308" firstName="Sedar" middleName="U" lastName="Vakkalaradda" streetNumber="" streetName="PO yBox 4850" apartmentNumber="" city="Horatio" state="AR" zip="71842"/>
<person entityId="68919" recordId="167047" ssn="316753343" firstName="Serdar" middleName="U" lastName="Vakkalagadda" streetNumber="" streetName="PO Box 4850" apartmentNumber="" city="Horatio" state="AR" zip="71842"/>
</MarkedRecordPair>
<MarkedRecordPair decision="match" date="2007-03-22" user="rphall" src="matcher" comment="0.5">
<person entityId="68819" recordId="149250" ssn="434557803" firstName="Wynes" middleName="" lastName="Rohiyati" streetNumber="" streetName="PO gBox 3370" apartmentNumber="" city="Degroit" state="MI" zip="43278"/>
<person entityId="68819" recordId="160452" ssn="434567808" firstName="Wynes" middleName="" lastName="Rohiyati" streetNumber="" streetName="PO Boxl 3370" apartmentNumber="" city="Detroit" state="MI" zip="48278"/>
</MarkedRecordPair>
<MarkedRecordPair decision="differ" date="2007-03-22" user="rphall" src="matcher" comment="0.5">
<person entityId="64334" recordId="144503" ssn="308661581" firstName="Fiano" middleName="" lastName="Straus" streetNumber="312" streetName="Sylvie Ave" apartmentNumber="0k6" city="Kosrae" state="FM" zip="96944"/>
<person entityId="76499" recordId="148196" ssn="472623182" firstName="Karraker" middleName="" lastName="Thais" streetNumber="312" streetName="Soledad Road" apartmentNumber="5q0" city="Kosrae" state="FM" zip="96944"/>
</MarkedRecordPair>
<MarkedRecordPair decision="match" date="2007-03-22" user="rphall" src="matcher" comment="0.5">
<person entityId="64434" recordId="140821" ssn="512085083" firstName="Dogson" middleName="E" lastName="Townsend" streetNumber="450" streetName="Novoroolsky Ave" apartmentNumber="3h1" city="Augustsa" state="MT" zip="59410"/>
<person entityId="64434" recordId="143916" ssn="512585383" firstName="Dobsoh" middleName="E" lastName="Townsend" streetNumber="458" streetName="Novorolsky Ave" apartmentNumber="3h1" city="Augusa" state="MT" zip="59410"/>
</MarkedRecordPair>
<MarkedRecordPair decision="match" date="2007-03-22" user="rphall" src="matcher" comment="0.5">
<person entityId="75031" recordId="142506" ssn="407215256" firstName="nBeeby" middleName="C" lastName="Sparacio" streetNumber="776" streetName="Penrod Street" apartmentNumber="5a5" city="Shannock" state="RI" zip="02875"/>
<person entityId="75031" recordId="156394" ssn="404215206" firstName="paracio" middleName="C" lastName="Beeby" streetNumber="876" streetName="Penrod Street" apartmentNumber="5a5" city="Shannokc" state="RI" zip="02875"/>
</MarkedRecordPair>
<MarkedRecordPair decision="match" date="2007-03-22" user="rphall" src="matcher" comment="0.5">
<person entityId="47984" recordId="135815" ssn="330360802" firstName="Tetzlaff" middleName="W" lastName="Roetgtger" streetNumber="958" streetName="Cronkhite Avenue" apartmentNumber="1e7" city="Washington" state="DC" zip="20337"/>
<person entityId="47984" recordId="145341" ssn="330362832" firstName="Tetzlaff" middleName="k" lastName="Roettger" streetNumber="928" streetName="Cronkhite Avenue" apartmentNumber="1e7" city="Washigton" state="DC" zip="20337"/>
</MarkedRecordPair>
<MarkedRecordPair decision="match" date="2007-03-22" user="rphall" src="matcher" comment="0.5">
<person entityId="51125" recordId="131960" ssn="621283440" firstName="Cosmo" middleName="" lastName="Hisae" streetNumber="667" streetName="Valena Pkwy" apartmentNumber="3l1" city="Jay Em" state="WY" zip="82219"/>
<person entityId="51125" recordId="140508" ssn="621283440" firstName="Cosmo" middleName="o" lastName="isae" streetNumber="890" streetName="Reski" apartmentNumber="3k4" city="Jay Em" state="WY" zip="82219"/>
</MarkedRecordPair>
<MarkedRecordPair decision="match" date="2007-03-22" user="rphall" src="matcher" comment="0.5">
<person entityId="33901" recordId="122531" ssn="621066884" firstName="Roychowdhury" middleName="C" lastName="Shiweki" streetNumber="506" streetName="Gwin Ave" apartmentNumber="1z5" city="Orondo" state="WA" zip="98843"/>
<person entityId="33901" recordId="133301" ssn="621066884" firstName="soychowdhury" middleName="C" lastName="Shiwei" streetNumber="500" streetName="Gwin Ave" apartmentNumber="1z5" city="Orono" state="VA" zip="98843"/>
</MarkedRecordPair>
<MarkedRecordPair decision="match" date="2007-03-22" user="rphall" src="matcher" comment="0.5">
<person entityId="62245" recordId="142222" ssn="278383377" firstName="Clugston" middleName="I" lastName="Lepley" streetNumber="985" streetName="Tingle Street" apartmentNumber="2e0" city="Wesyt Olive" state="MI" zip="59460"/>
<person entityId="62245" recordId="144317" ssn="278383377" firstName="Lepley" middleName="I" lastName="lugston" streetNumber="985" streetName="Tihngle Street" apartmentNumber="2e0" city="West Olive" state="MI" zip="49460"/>
</MarkedRecordPair>
<MarkedRecordPair decision="differ" date="2007-03-22" user="rphall" src="matcher" comment="0.05882353">
<person entityId="106070" recordId="196314" ssn="135644280" firstName="Boote" middleName="" lastName="Grothe" streetNumber="267" streetName="Fangio Road" apartmentNumber="1u2" city="Madison" state="MD" zip="21648"/>
<person entityId="100702" recordId="199217" ssn="142317378" firstName="Boote" middleName="" lastName="Barikian" streetNumber="" streetName="PO Box 4305" apartmentNumber="" city="Wilburton" state="OK" zip="74578"/>
</MarkedRecordPair>
<MarkedRecordPair decision="differ" date="2007-03-22" user="rphall" src="matcher" comment="0.015384615">
<person entityId="87789" recordId="182538" ssn="622132773" firstName="Hhacinthe" middleName="O" lastName="Falaki" streetNumber="624" streetName="Dolhem St" apartmentNumber="5e0" city="dEscoheag" state="RI" zip="02821"/>
<person entityId="104570" recordId="183339" ssn="266522415" firstName="Forren" middleName="W" lastName="Brust" streetNumber="543" streetName="Zergdjenah Avenue" apartmentNumber="2e7" city="Escoheag" state="RI" zip="02821"/>
</MarkedRecordPair>
<MarkedRecordPair decision="differ" date="2007-03-22" user="rphall" src="matcher" comment="0.015384615">
<person entityId="78870" recordId="173570" ssn="651766346" firstName="Akikawa" middleName="Q" lastName="Derwin" streetNumber="9" streetName="Aljongi Parkway" apartmentNumber="1e2" city="Ehrenberg" state="AZ" zip="85334"/>
<person entityId="94802" recordId="187510" ssn="302782134" firstName="Kollitz" middleName="R" lastName="Foulkes" streetNumber="664" streetName="Rongen St" apartmentNumber="0r2" city="Ehrenlberg" state="AZ" zip="85334"/>
</MarkedRecordPair>
<MarkedRecordPair decision="differ" date="2007-03-22" user="rphall" src="matcher" comment="0.015384615">
<person entityId="82572" recordId="180811" ssn="722834545" firstName="Dorey" middleName="A" lastName="Corabelle" streetNumber="243" streetName="Juozas Avenue" apartmentNumber="5p2" city="San Juan" state="PR" zip="00924"/>
<person entityId="99320" recordId="186938" ssn="257483447" firstName="Seibold" middleName="" lastName="Huboi" streetNumber="696" streetName="Homann Rd" apartmentNumber="3m3" city="wan Juan" state="PR" zip="00924"/>
</MarkedRecordPair>
<MarkedRecordPair decision="differ" date="2007-03-22" user="rphall" src="matcher" comment="0.015384615">
<person entityId="107166" recordId="179967" ssn="784205757" firstName="Dur" middleName="D" lastName="Rohman" streetNumber="762" streetName="Mori" apartmentNumber="5n7" city="Oxford" state="MA" zip="01540"/>
<person entityId="99028" recordId="186159" ssn="307187082" firstName="Gnopo" middleName="D" lastName="Aharon" streetNumber="342" streetName="Sirianne" apartmentNumber="7b1" city="Oxford" state="AR" zip="72565"/>
</MarkedRecordPair>
<MarkedRecordPair decision="differ" date="2007-03-22" user="rphall" src="matcher" comment="0.015384615">
<person entityId="72495" recordId="172001" ssn="136586227" firstName="xorg" middleName="V" lastName="paxon" streetNumber="17" streetName="Bettis Ave" apartmentNumber="0w6" city="Cleveland" state="NM" zip="87715"/>
<person entityId="80496" recordId="172139" ssn="467680626" firstName="Bambaren" middleName="V" lastName="Cziczatka" streetNumber="537" streetName="Shakib Rd" apartmentNumber="2z5" city="Cleveland" state="GA" zip="30528"/>
</MarkedRecordPair>
<MarkedRecordPair decision="differ" date="2007-03-22" user="rphall" src="matcher" comment="0.015384615">
<person entityId="76667" recordId="171031" ssn="000000000" firstName="Pesqeira" middleName="Y" lastName="Oag" streetNumber="911" streetName="Subu Road" apartmentNumber="5p2" city="Clinton" state="WA" zip="98236"/>
<person entityId="75963" recordId="175354" ssn="203035782" firstName="Farrimond" middleName="Y" lastName="Rami" streetNumber="995" streetName="Eartha Ave" apartmentNumber="1k5" city="Clinton" state="ME" zip="04927"/>
</MarkedRecordPair>
<MarkedRecordPair decision="differ" date="2007-03-22" user="rphall" src="matcher" comment="0.015384615">
<person entityId="93440" recordId="157131" ssn="000000000" firstName="Shaun" middleName="" lastName="Wechsler" streetNumber="464" streetName="Budzianowski" apartmentNumber="6a0" city="Canaan" state="NH" zip="03741"/>
<person entityId="85275" recordId="182665" ssn="268306617" firstName="Augusto" middleName="" lastName="Johnen" streetNumber="134" streetName="Loken St" apartmentNumber="5b4" city="Canaan" state="VT" zip="05901"/>
</MarkedRecordPair>
<MarkedRecordPair decision="differ" date="2007-03-22" user="rphall" src="matcher" comment="0.015384615">
<person entityId="101080" recordId="189569" ssn="188753156" firstName="Akeksis" middleName="O" lastName="Feldman" streetNumber="633" streetName="Ilic St" apartmentNumber="7i0" city="Red Banl" state="NJ" zip="07701"/>
<person entityId="93704" recordId="191706" ssn="000000000" firstName="Lethebinh" middleName="Y" lastName="Lachu" streetNumber="222" streetName="Sarrica" apartmentNumber="6a0" city="Red Bank" state="NJ" zip="07701"/>
</MarkedRecordPair>
<MarkedRecordPair decision="differ" date="2007-03-22" user="rphall" src="matcher" comment="0.015384615">
<person entityId="81546" recordId="177613" ssn="120452866" firstName="T" middleName="L" lastName="Boardero" streetNumber="" streetName="PO Box 4772" apartmentNumber="" city="Brick" state="NJ" zip="08724"/>
<person entityId="94454" recordId="194139" ssn="000000000" firstName="Stanizzi" middleName="I" lastName="Trouilloud" streetNumber="" streetName="PO Box 4772" apartmentNumber="" city="Saint Louis" state="MO" zip="63134"/>
</MarkedRecordPair>
<MarkedRecordPair decision="differ" date="2007-03-22" user="rphall" src="matcher" comment="0.015384615">
<person entityId="79821" recordId="155899" ssn="656725826" firstName="Adduci" middleName="K" lastName="Riddle" streetNumber="" streetName="PO Box 4392" apartmentNumber="" city="Saint Clairsville" state="OH" zip="43950"/>
<person entityId="90954" recordId="172267" ssn="218526203" firstName="Kans" middleName="F" lastName="Lisandro" streetNumber="" streetName="PO Box 4392" apartmentNumber="" city="Hollis Center" state="ME" zip="04042"/>
</MarkedRecordPair>
<MarkedRecordPair decision="differ" date="2007-03-22" user="rphall" src="matcher" comment="0.015384615">
<person entityId="85188" recordId="154103" ssn="650803184" firstName="Kasminah" middleName="O" lastName="Asmus" streetNumber="" streetName="PO Box 1857" apartmentNumber="" city="Newark" state="DE" zip="19713"/>
<person entityId="80466" recordId="173470" ssn="000000000" firstName="Vakllejos" middleName="K" lastName="Thatcher" streetNumber="" streetName="PO Box 1857" apartmentNumber="" city="Ferrisburg" state="VT" zip="05456"/>
</MarkedRecordPair>
<MarkedRecordPair decision="differ" date="2007-03-22" user="rphall" src="matcher" comment="0.015384615">
<person entityId="70639" recordId="152517" ssn="237046223" firstName="Cowick" middleName="Z" lastName="Ridolfo" streetNumber="" streetName="PO Box 4808" apartmentNumber="" city="Hawi" state="HI" zip="96719"/>
<person entityId="94998" recordId="159315" ssn="476500014" firstName="Christo" middleName="D" lastName="Sysint" streetNumber="" streetName="PO Box 4808" apartmentNumber="" city="Prairieville" state="LA" zip="70769"/>
</MarkedRecordPair>
<MarkedRecordPair decision="match" date="2007-03-22" user="rphall" src="matcher" comment="0.015384615">
<person entityId="74707" recordId="158365" ssn="151187276" firstName="Desfoux" middleName="" lastName="Vallentyne" streetNumber="375" streetName="Kloiber Street" apartmentNumber="6h1" city="Clarkston" state="UT" zip="84305"/>
<person entityId="74707" recordId="173589" ssn="455187276" firstName="Desfoux" middleName="" lastName="lexandro" streetNumber="765" streetName="Felker St" apartmentNumber="4j7" city="Pelsor" state="AR" zip="72856"/>
</MarkedRecordPair>
<MarkedRecordPair decision="match" date="2007-03-22" user="rphall" src="matcher" comment="0.015384615">
<person entityId="84981" recordId="134181" ssn="208877441" firstName="Putzeys" middleName="H" lastName="Nultyu" streetNumber="768" streetName="Jephthah St" apartmentNumber="3j4" city="Hiland" state="WY" zip="82638"/>
<person entityId="84981" recordId="136260" ssn="208867741" firstName="Putzeys" middleName="H" lastName="Nulty" streetNumber="475" streetName="Fatehki Rd" apartmentNumber="2r3" city="Biklings" state="MT" zip="59002"/>
</MarkedRecordPair>
<MarkedRecordPair decision="match" date="2007-03-22" user="rphall" src="matcher" comment="0.015384615">
<person entityId="42011" recordId="127163" ssn="702341267" firstName="Bilcke" middleName="F" lastName="Hildrebrand" streetNumber="130" streetName="Leestma St" apartmentNumber="4s8" city="Superior" state="AZ" zip="85273"/>
<person entityId="42011" recordId="130605" ssn="707416267" firstName="Bilcke" middleName="F" lastName="Hiltebrand" streetNumber="462" streetName="Heflinger Ln" apartmentNumber="3s5" city="Montgomery" state="AL" zip="36130"/>
</MarkedRecordPair>
<MarkedRecordPair decision="match" date="2007-03-22" user="rphall" src="matcher" comment="0.015384615">
<person entityId="84771" recordId="111211" ssn="583405115" firstName="Pauli" middleName="" lastName="Pie" streetNumber="871" streetName="Ciesielski Road" apartmentNumber="6e0" city="Kadoka" state="SD" zip="57543"/>
<person entityId="84771" recordId="143505" ssn="563405155" firstName="Pauli" middleName="" lastName="Pi" streetNumber="140" streetName="Laliberte Ave" apartmentNumber="8f3" city="Des Arc" state="AR" zip="72040"/>
</MarkedRecordPair>
<MarkedRecordPair decision="differ" date="2007-03-22" user="rphall" src="matcher" comment="0.015384615">
<person entityId="70791" recordId="168132" ssn="168127805" firstName="Teegarden" middleName="Q" lastName="Brunke" streetNumber="989" streetName="Mcmeehkin Rd" apartmentNumber="0h3" city="Dagsboro" state="DE" zip="19939"/>
<person entityId="106092" recordId="197747" ssn="000000000" firstName="Zehr" middleName="B" lastName="Brunke" streetNumber="960" streetName="Morglan Road" apartmentNumber="8b7" city="Frankford" state="DE" zip="19945"/>
</MarkedRecordPair>
<MarkedRecordPair decision="differ" date="2007-03-22" user="rphall" src="matcher" comment="0.015384615">
<person entityId="70375" recordId="164393" ssn="114875743" firstName="Kirschner" middleName="I" lastName="Zittlau" streetNumber="825" streetName="Mattizu" apartmentNumber="0w0" city="Cecilton" state="MD" zip="21913"/>
<person entityId="99022" recordId="166815" ssn="323375231" firstName="Stooke" middleName="U" lastName="Zittlau" streetNumber="50" streetName="Balderson Avenue" apartmentNumber="0l4" city="Street" state="MD" zip="21154"/>
</MarkedRecordPair>
<MarkedRecordPair decision="differ" date="2007-03-22" user="rphall" src="matcher" comment="0.015384615">
<person entityId="90072" recordId="158007" ssn="771763253" firstName="Natiuk" middleName="Y" lastName="Cleere" streetNumber="18" streetName="Newmark Road" apartmentNumber="2o1" city="Lansford" state="ND" zip="58750"/>
<person entityId="78924" recordId="163097" ssn="000000000" firstName="Shebanow" middleName="K" lastName="Cleere" streetNumber="709" streetName="Tregenza Avenue" apartmentNumber="4c4" city="Osnabrock" state="ND" zip="58269"/>
</MarkedRecordPair>
<MarkedRecordPair decision="differ" date="2007-03-22" user="rphall" src="matcher" comment="0.015384615">
<person entityId="87009" recordId="141000" ssn="341204761" firstName="Handtschoewercker" middleName="F" lastName="Mashura" streetNumber="657" streetName="Annaert Pkwy" apartmentNumber="4y7" city="Wapanuckaa" state="OK" zip="73461"/>
<person entityId="42854" recordId="142199" ssn="130513738" firstName="Levans" middleName="" lastName="Mashura" streetNumber="667" streetName="Kien Avenue" apartmentNumber="7h4" city="Jay" state="OK" zip="74346"/>
</MarkedRecordPair>
<MarkedRecordPair decision="differ" date="2007-03-22" user="rphall" src="matcher" comment="0.015384615">
<person entityId="84942" recordId="169213" ssn="128221388" firstName="Louden" middleName="U" lastName="Mariet" streetNumber="770" streetName="Glorana" apartmentNumber="0b4" city="Lineville" state="VT" zip="36266"/>
<person entityId="99168" recordId="188503" ssn="000000000" firstName="Vanschouwen" middleName="" lastName="Reinboth" streetNumber="757" streetName="Jiri" apartmentNumber="7y1" city="Lineville" state="AL" zip="36266"/>
</MarkedRecordPair>
<MarkedRecordPair decision="differ" date="2007-03-22" user="rphall" src="matcher" comment="0.015384615">
<person entityId="95560" recordId="160587" ssn="166578162" firstName="Gabie" middleName="O" lastName="ambe" streetNumber="246" streetName="Kempers Pkwy" apartmentNumber="4v7" city="Ellsworth" state="NJ" zip="67439"/>
<person entityId="77035" recordId="165919" ssn="000000000" firstName="Ilma" middleName="" lastName="Riker" streetNumber="6" streetName="Dolla Avenue" apartmentNumber="7g4" city="Ellsworth" state="KS" zip="67439"/>
</MarkedRecordPair>
<MarkedRecordPair decision="differ" date="2007-03-22" user="rphall" src="matcher" comment="0.015384615">
<person entityId="65914" recordId="117360" ssn="000000000" firstName="Durr" middleName="J" lastName="Paalu" streetNumber="173" streetName="Mashitah Rd" apartmentNumber="6x6" city="Delaware City" state="DE" zip="19706"/>
<person entityId="75751" recordId="131069" ssn="645217025" firstName="Tuite" middleName="V" lastName="Fetterman" streetNumber="53" streetName="Camie Ln" apartmentNumber="0w7" city="Delaware City" state="NH" zip="19706"/>
</MarkedRecordPair>
<MarkedRecordPair decision="differ" date="2007-03-22" user="rphall" src="matcher" comment="0.015384615">
<person entityId="108704" recordId="108704" ssn="504460270" firstName="Edmode" middleName="O" lastName="Hampson" streetNumber="54" streetName="Biceglie Lane" apartmentNumber="6h0" city="Madison" state="CT" zip="06443"/>
<person entityId="49151" recordId="137483" ssn="472150668" firstName="Darya" middleName="U" lastName="Clemie" streetNumber="155" streetName="Ricart Ave" apartmentNumber="3o3" city="Madison" state="MS" zip="06443"/>
</MarkedRecordPair>
<MarkedRecordPair decision="differ" date="2007-03-22" user="rphall" src="matcher" comment="0.015384615">
<person entityId="107746" recordId="124014" ssn="334707170" firstName="Masita" middleName="U" lastName="Pashak" streetNumber="937" streetName="Gunars Avenue" apartmentNumber="1r3" city="Ballovuille" state="HI" zip="06233"/>
<person entityId="68204" recordId="133097" ssn="787410347" firstName="Marui" middleName="U" lastName="Fabella" streetNumber="969" streetName="Difilippo Avenue" apartmentNumber="3p0" city="Ballouville" state="CT" zip="06233"/>
</MarkedRecordPair>
<MarkedRecordPair decision="differ" date="2007-03-22" user="rphall" src="matcher" comment="0.015384615">
<person entityId="100990" recordId="123459" ssn="154042511" firstName="Bilcke" middleName="" lastName="Madigan" streetNumber="638" streetName="Levey Street" apartmentNumber="4u2" city="Portlxnd" state="OR" zip="97205"/>
<person entityId="58100" recordId="134341" ssn="210208788" firstName="Limeina" middleName="" lastName="koella" streetNumber="29" streetName="Phuc Ave" apartmentNumber="1x8" city="Portlynd" state="OH" zip="97205"/>
</MarkedRecordPair>
<MarkedRecordPair decision="differ" date="2007-03-22" user="rphall" src="matcher" comment="0.015384615">
<person entityId="87042" recordId="115909" ssn="000000000" firstName="Savercool" middleName="" lastName="Berty" streetNumber="121" streetName="Pywell St" apartmentNumber="6e6" city="Boise" state="ID" zip="83726"/>
<person entityId="54827" recordId="147491" ssn="723752762" firstName="Seliske" middleName="" lastName="Fransisco" streetNumber="100" streetName="Goold" apartmentNumber="4t3" city="Booise" state="PR" zip="83726"/>
</MarkedRecordPair>
<MarkedRecordPair decision="differ" date="2007-03-22" user="rphall" src="matcher" comment="0.015384615">
<person entityId="51926" recordId="101510" ssn="000000000" firstName="Breanne" middleName="" lastName="Ferfas" streetNumber="582" streetName="Kjosness" apartmentNumber="6z5" city="Warwick" state="RI" zip="02887"/>
<person entityId="64834" recordId="161590" ssn="781502612" firstName="Stee" middleName="" lastName="Woerner" streetNumber="676" streetName="Hamidah St" apartmentNumber="0e2" city="Wawwick" state="PR" zip="02887"/>
</MarkedRecordPair>
<MarkedRecordPair decision="differ" date="2007-03-22" user="rphall" src="matcher" comment="0.015384615">
<person entityId="75723" recordId="152217" ssn="240038055" firstName="Mishina" middleName="" lastName="Santy" streetNumber="448" streetName="Bayh" apartmentNumber="3u8" city="Kahuolui" state="HI" zip="96732"/>
<person entityId="81174" recordId="153547" ssn="661583012" firstName="Chauvet" middleName="" lastName="Elbeze" streetNumber="690" streetName="Bayh" apartmentNumber="3g3" city="Scotia" state="SC" zip="29939"/>
</MarkedRecordPair>
<MarkedRecordPair decision="differ" date="2007-03-22" user="rphall" src="matcher" comment="0.015384615">
<person entityId="67634" recordId="136772" ssn="663785013" firstName="Kinoshita" middleName="" lastName="Schoettler" streetNumber="861" streetName="Geok St" apartmentNumber="8s0" city="Louisburg" state="KS" zip="66053"/>
<person entityId="93554" recordId="167500" ssn="667214065" firstName="Swozilek" middleName="" lastName="Mazen" streetNumber="200" streetName="Geok St" apartmentNumber="0k8" city="Grant" state="CO" zip="80448"/>
</MarkedRecordPair>
<MarkedRecordPair decision="differ" date="2007-03-22" user="rphall" src="matcher" comment="0.015384615">
<person entityId="67509" recordId="100335" ssn="621862702" firstName="Sodate" middleName="O" lastName="Mitcie" streetNumber="238" streetName="Taha Pkwy" apartmentNumber="5w8" city="Patten" state="ME" zip="04765"/>
<person entityId="70023" recordId="121819" ssn="141631702" firstName="Brito" middleName="O" lastName="Korbe" streetNumber="984" streetName="Taha Pkwy" apartmentNumber="1r0" city="Arvada" state="CO" zip="80002"/>
</MarkedRecordPair>
<MarkedRecordPair decision="differ" date="2007-03-22" user="rphall" src="matcher" comment="0.015384615">
<person entityId="103664" recordId="103664" ssn="573736714" firstName="Bryce" middleName="M" lastName="Fonsie" streetNumber="351" streetName="Purshottam St" apartmentNumber="4q8" city="White Oak" state="GA" zip="31568"/>
<person entityId="35172" recordId="107081" ssn="000000000" firstName="Stejskal" middleName="M" lastName="Pefrren" streetNumber="56" streetName="Purshottam St" apartmentNumber="5f2" city="Bradford" state="RI" zip="02808"/>
</MarkedRecordPair>
<MarkedRecordPair decision="differ" date="2007-03-22" user="rphall" src="matcher" comment="0.0038910506">
<person entityId="88233" recordId="143488" ssn="452067378" firstName="Hakkaku" middleName="M" lastName="Schmerge" streetNumber="593" streetName="Yoshiyuki Parkway" apartmentNumber="7o2" city="Louin" state="MS" zip="39338"/>
<person entityId="99124" recordId="151266" ssn="452067378" firstName="Teske" middleName="Y" lastName="Ajero" streetNumber="565" streetName="sIis Avenue" apartmentNumber="2j8" city="Barney" state="ND" zip="58008"/>
</MarkedRecordPair>
<MarkedRecordPair decision="differ" date="2007-03-22" user="rphall" src="matcher" comment="0.015384615">
<person entityId="42630" recordId="132445" ssn="000000000" firstName="Lucari" middleName="R" lastName="Mrstik" streetNumber="233" streetName="Shiong Ave" apartmentNumber="5m2" city="Norris" state="IL" zip="61553"/>
<person entityId="108072" recordId="185761" ssn="434121108" firstName="Lucari" middleName="F" lastName="iFigueroa" streetNumber="233" streetName="Martita Road" apartmentNumber="1d8" city="Flort Collins" state="CO" zip="80523"/>
</MarkedRecordPair>
<MarkedRecordPair decision="match" date="2007-03-22" user="rphall" src="matcher" comment="0.015384615">
<person entityId="66224" recordId="127620" ssn="466658713" firstName="Maritta" middleName="t" lastName="Kishelev" streetNumber="78" streetName="Millerwood Street" apartmentNumber="2c4" city="Riverton" state="WY" zip="82501"/>
<person entityId="66224" recordId="156553" ssn="466652113" firstName="Maritta" middleName="R" lastName="Kishelev" streetNumber="308" streetName="Gallardes Ave" apartmentNumber="1y3" city="Kosrae" state="FM" zip="96944"/>
</MarkedRecordPair>
<MarkedRecordPair decision="match" date="2007-03-22" user="rphall" src="matcher" comment="0.015384615">
<person entityId="44591" recordId="100963" ssn="160175725" firstName="Tuhr" middleName="I" lastName="Rawlinson" streetNumber="496" streetName="Cordell Pkwy" apartmentNumber="8r6" city="Moreland" state="ID" zip="83256"/>
<person entityId="44591" recordId="120470" ssn="560173725" firstName="Tuhr" middleName="l" lastName="Rawlinson" streetNumber="822" streetName="Hildenbrand Street" apartmentNumber="3g6" city="Baltimore" state="MD" zip="21234"/>
</MarkedRecordPair>
<MarkedRecordPair decision="match" date="2007-03-22" user="rphall" src="matcher" comment="0.015384615">
<person entityId="91452" recordId="118500" ssn="104550383" firstName="Glenys" middleName="o" lastName="Strevens" streetNumber="184" streetName="Hewko Ave" apartmentNumber="6l6" city="Gray" state="LA" zip="70359"/>
<person entityId="91452" recordId="146821" ssn="104576383" firstName="Glenys" middleName="u" lastName="Strevens" streetNumber="784" streetName="Brazeau Avenue" apartmentNumber="3f4" city="Caspian" state="MI" zip="49915"/>
</MarkedRecordPair>
<MarkedRecordPair decision="match" date="2007-03-22" user="rphall" src="matcher" comment="0.015384615">
<person entityId="65964" recordId="109065" ssn="736444588" firstName="Milburn" middleName="n" lastName="Seeley" streetNumber="252" streetName="Reho Ave" apartmentNumber="0f2" city="Waialua" state="HI" zip="96791"/>
<person entityId="65964" recordId="116262" ssn="736446488" firstName="Milburn" middleName="S" lastName="Seeley" streetNumber="192" streetName="Techioli Ave" apartmentNumber="7r8" city="Mullens" state="WV" zip="25882"/>
</MarkedRecordPair>
<MarkedRecordPair decision="differ" date="2007-03-22" user="rphall" src="matcher" comment="0.015384615">
<person entityId="33610" recordId="114871" ssn="756214821" firstName="Isis" middleName="F" lastName="Reckhard" streetNumber="489" streetName="Raak Lane" apartmentNumber="5m4" city="Tupelo" state="MS" zip="38803"/>
<person entityId="29506" recordId="119836" ssn="462304545" firstName="Isis" middleName="W" lastName="Skinitis" streetNumber="489" streetName="Trallero Avenue" apartmentNumber="6n1" city="Node" state="WY" zip="82228"/>
</MarkedRecordPair>
<MarkedRecordPair decision="differ" date="2007-03-22" user="rphall" src="matcher" comment="0.015384615">
<person entityId="29506" recordId="100410" ssn="462304545" firstName="Isis" middleName="W" lastName="Skinitis" streetNumber="489" streetName="Trallero Avenue" apartmentNumber="6n1" city="Node" state="WY" zip="82228"/>
<person entityId="33610" recordId="111511" ssn="756214821" firstName="Isis" middleName="F" lastName="Reckhard" streetNumber="489" streetName="Raajk Lane" apartmentNumber="5m4" city="Tupelo" state="MS" zip="38803"/>
</MarkedRecordPair>
<MarkedRecordPair decision="differ" date="2007-03-22" user="rphall" src="matcher" comment="0.015384615">
<person entityId="106358" recordId="106358" ssn="775355672" firstName="A" middleName="Q" lastName="Roym" streetNumber="59" streetName="Koval Street" apartmentNumber="4g6" city="Fredonia" state="KY" zip="42411"/>
<person entityId="107930" recordId="107930" ssn="000000000" firstName="A" middleName="B" lastName="Durr" streetNumber="59" streetName="Tingle Ln" apartmentNumber="1u5" city="Divide" state="MT" zip="59727"/>
</MarkedRecordPair>
<MarkedRecordPair decision="differ" date="2007-03-22" user="rphall" src="matcher" comment="0.015384615">
<person entityId="88197" recordId="141954" ssn="127703604" firstName="Munir" middleName="N" lastName="Panczak" streetNumber="691" streetName="Jaakob Pkwy" apartmentNumber="8d8" city="Wakllace" state="NV" zip="95254"/>
<person entityId="60907" recordId="151243" ssn="468267783" firstName="Appelbaum" middleName="N" lastName="Birrell" streetNumber="468" streetName="Khieu Ave" apartmentNumber="4e0" city="dLawrence" state="NV" zip="01844"/>
</MarkedRecordPair>
<MarkedRecordPair decision="differ" date="2007-03-22" user="rphall" src="matcher" comment="0.015384615">
<person entityId="40582" recordId="129848" ssn="312442868" firstName="Minnoch" middleName="" lastName="Prososki" streetNumber="924" streetName="Hardi Avenue" apartmentNumber="0s4" city="gouston" state="TN" zip="77094"/>
<person entityId="88845" recordId="186217" ssn="586075248" firstName="Exter" middleName="" lastName="Devault" streetNumber="12" streetName="Louka Pkwy" apartmentNumber="4w3" city="Coast" state="TN" zip="78614"/>
</MarkedRecordPair>
<MarkedRecordPair decision="differ" date="2007-03-22" user="rphall" src="matcher" comment="0.015384615">
<person entityId="35843" recordId="113556" ssn="284738405" firstName="Vonni" middleName="" lastName="Critchley" streetNumber="111" streetName="Bairos Street" apartmentNumber="7b3" city="Upperville" state="AK" zip="28176"/>
<person entityId="105624" recordId="130779" ssn="105230152" firstName="Rushton" middleName="" lastName="Diumenjo" streetNumber="601" streetName="Mcnicol Parkway" apartmentNumber="3b8" city="dampo" state="AK" zip="81029"/>
</MarkedRecordPair>
<MarkedRecordPair decision="differ" date="2007-03-22" user="rphall" src="matcher" comment="0.015384615">
<person entityId="18782" recordId="102516" ssn="000000000" firstName="Chunyen" middleName="D" lastName="ulmna" streetNumber="5" streetName="Katine" apartmentNumber="8v1" city="Bidport" state="TN" zip="05734"/>
<person entityId="56350" recordId="152006" ssn="324731546" firstName="Amos" middleName="D" lastName="Toshinari" streetNumber="757" streetName="Bennger Street" apartmentNumber="0h6" city="Lumber City" state="TN" zip="31549"/>
</MarkedRecordPair>
<MarkedRecordPair decision="differ" date="2007-03-22" user="rphall" src="matcher" comment="0.0038910506">
<person entityId="88233" recordId="127039" ssn="452067378" firstName="Hakkaku" middleName="M" lastName="Schmerge" streetNumber="293" streetName="Yoshiyuki Parkway" apartmentNumber="7o2" city="Louimn" state="MS" zip="39338"/>
<person entityId="99124" recordId="151266" ssn="452067378" firstName="Teske" middleName="Y" lastName="Ajero" streetNumber="565" streetName="sIis Avenue" apartmentNumber="2j8" city="Barney" state="ND" zip="58008"/>
</MarkedRecordPair>
<MarkedRecordPair decision="differ" date="2007-03-22" user="rphall" src="matcher" comment="0.015384615">
<person entityId="55615" recordId="151263" ssn="000000000" firstName="Thuma" middleName="P" lastName="Stricker" streetNumber="78" streetName="Bajwa" apartmentNumber="1w0" city="Ivins" state="UT" zip="84738"/>
<person entityId="62011" recordId="160946" ssn="000000000" firstName="Lanae" middleName="Z" lastName="Ugo" streetNumber="990" streetName="Bajwa" apartmentNumber="7m6" city="Rio Vistc" state="VI" zip="94571"/>
</MarkedRecordPair>
<MarkedRecordPair decision="differ" date="2007-03-22" user="rphall" src="matcher" comment="0.015384615">
<person entityId="73803" recordId="142673" ssn="000000000" firstName="Monish" middleName="L" lastName="Bedard" streetNumber="170" streetName="Raue Ave" apartmentNumber="6j7" city="kJunction" state="UT" zip="81740"/>
<person entityId="98812" recordId="154394" ssn="000000000" firstName="Yasar" middleName="P" lastName="Holland" streetNumber="429" streetName="Raue Ave" apartmentNumber="4n8" city="APO San Francisco" state="GU" zip="96334"/>
</MarkedRecordPair>
<MarkedRecordPair decision="differ" date="2007-03-22" user="rphall" src="matcher" comment="0.015384615">
<person entityId="63949" recordId="140328" ssn="000000000" firstName="Massera" middleName="U" lastName="Keem" streetNumber="669" streetName="Monfre Ave" apartmentNumber="1w8" city="Mesquite" state="NM" zip="88048"/>
<person entityId="105366" recordId="152087" ssn="000000000" firstName="Jousson" middleName="P" lastName="Wildgen" streetNumber="329" streetName="Monfre Ave" apartmentNumber="8j2" city="Haymarket" state="VA" zip="22069"/>
</MarkedRecordPair>
<MarkedRecordPair decision="differ" date="2007-03-22" user="rphall" src="matcher" comment="0.015384615">
<person entityId="55035" recordId="129347" ssn="000000000" firstName="Benedetti" middleName="G" lastName="Brahy" streetNumber="95" streetName="Evangelinides Road" apartmentNumber="7l7" city="La France" state="SC" zip="29656"/>
<person entityId="108150" recordId="140102" ssn="000000000" firstName="Kamoshida" middleName="S" lastName="Dnsproj" streetNumber="695" streetName="Evangelinides Road" apartmentNumber="3u6" city="Short Creek" state="WV" zip="26058"/>
</MarkedRecordPair>
<MarkedRecordPair decision="differ" date="2007-03-22" user="rphall" src="matcher" comment="0.015384615">
<person entityId="74219" recordId="155260" ssn="317683631" firstName="Barenie" middleName="" lastName="Meridian" streetNumber="819" streetName="Artunduaga Rd" apartmentNumber="2x0" city="Sycamore" state="GA" zip="31790"/>
<person entityId="103536" recordId="159726" ssn="000000000" firstName="Grun" middleName="X" lastName="Ambelang" streetNumber="819" streetName="Savary St" apartmentNumber="0n0" city="Sycamore" state="SC" zip="29846"/>
</MarkedRecordPair>
<MarkedRecordPair decision="differ" date="2007-03-22" user="rphall" src="matcher" comment="0.015384615">
<person entityId="60049" recordId="127067" ssn="345216167" firstName="Silburt" middleName="" lastName="Argentine" streetNumber="578" streetName="Wadasinghe Ave" apartmentNumber="8k2" city="Pocahontas" state="IA" zip="50574"/>
<person entityId="90480" recordId="186676" ssn="512833862" firstName="Miotla" middleName="J" lastName="Bucrham" streetNumber="578" streetName="Reysbergen St" apartmentNumber="5r0" city="Pocahontas" state="MO" zip="63779"/>
</MarkedRecordPair>
<MarkedRecordPair decision="differ" date="2007-03-22" user="rphall" src="matcher" comment="0.015384615">
<person entityId="64594" recordId="113691" ssn="104742664" firstName="Laetitia" middleName="T" lastName="Aku" streetNumber="827" streetName="Hensley Ave" apartmentNumber="0j6" city="Fruitvale" state="ID" zip="83620"/>
<person entityId="81531" recordId="156482" ssn="434016446" firstName="Bacco" middleName="S" lastName="Mcclintock" streetNumber="827" streetName="Srinivas St" apartmentNumber="2x1" city="Fruitvale" state="TX" zip="75127"/>
</MarkedRecordPair>
<MarkedRecordPair decision="differ" date="2007-03-22" user="rphall" src="matcher" comment="0.015384615">
<person entityId="103536" recordId="103536" ssn="000000000" firstName="Grun" middleName="X" lastName="Ambelang" streetNumber="819" streetName="Savaryx St" apartmentNumber="0n0" city="Sycamore" state="SC" zip="29846"/>
<person entityId="74219" recordId="137326" ssn="317683631" firstName="Barenie" middleName="" lastName="Meridian" streetNumber="819" streetName="Artunduoaga Rd" apartmentNumber="2x0" city="Sycamore" state="GA" zip="31790"/>
</MarkedRecordPair>
<MarkedRecordPair decision="differ" date="2007-03-22" user="rphall" src="matcher" comment="0.0038910506">
<person entityId="66354" recordId="158698" ssn="253601470" firstName="dChaffard" middleName="" lastName="Youlin" streetNumber="928" streetName="Gaudetmontsion Road" apartmentNumber="3t8" city="Kosfae" state="AK" zip="96944"/>
<person entityId="83175" recordId="159563" ssn="531104414" firstName="Benedetta" middleName="I" lastName="Tabl" streetNumber="768" streetName="Nick Ave" apartmentNumber="2w5" city="Coalniga" state="AK" zip="93710"/>
</MarkedRecordPair>
<MarkedRecordPair decision="differ" date="2007-03-22" user="rphall" src="matcher" comment="0.0038910506">
<person entityId="89784" recordId="148269" ssn="000000000" firstName="Hirschmueller" middleName="J" lastName="Lamotte" streetNumber="475" streetName="Wende" apartmentNumber="4b5" city="Mount Liberty" state="FL" zip="43048"/>
<person entityId="53915" recordId="149228" ssn="254303650" firstName="Kuechler" middleName="Z" lastName="Fioreli" streetNumber="618" streetName="Blomqvst Pkwy" apartmentNumber="8q5" city="Collnston" state="FL" zip="71229"/>
</MarkedRecordPair>
<MarkedRecordPair decision="differ" date="2007-03-22" user="rphall" src="matcher" comment="0.0038910506">
<person entityId="53099" recordId="136559" ssn="351801634" firstName="Tessitoer" middleName="L" lastName="Elder" streetNumber="292" streetName="Rainy Parkway" apartmentNumber="1x8" city="luffton" state="NY" zip="56518"/>
<person entityId="77547" recordId="164101" ssn="000000000" firstName="Dewitte" middleName="J" lastName="Bhasjkar" streetNumber="329" streetName="Elhamahmy Ln" apartmentNumber="7r5" city="Avevry" state="NY" zip="83802"/>
</MarkedRecordPair>
<MarkedRecordPair decision="differ" date="2007-03-22" user="rphall" src="matcher" comment="0.0038910506">
<person entityId="85743" recordId="100893" ssn="131415080" firstName="Skopinski" middleName="R" lastName="Rogerio" streetNumber="681" streetName="Yuici Ave" apartmentNumber="0t8" city="Deer kodge" state="NY" zip="59722"/>
<person entityId="53347" recordId="126543" ssn="000000000" firstName="Bergholz" middleName="J" lastName="Bunz" streetNumber="360" streetName="Regena Ln" apartmentNumber="3o2" city="Honoluklu" state="NY" zip="96812"/>
</MarkedRecordPair>
<MarkedRecordPair decision="match" date="2007-03-22" user="rphall" src="matcher" comment="0.9846154">
<person entityId="87336" recordId="177920" ssn="000000000" firstName="Lucile" middleName="h" lastName="Franjo" streetNumber="412" streetName="Sammons Avenue" apartmentNumber="1u8" city="Washington" state="DC" zip="20431"/>
<person entityId="87336" recordId="182542" ssn="000000000" firstName="Lucile" middleName="" lastName="Franjo" streetNumber="414" streetName="Sammons Avenue" apartmentNumber="1u8" city="Washington" state="DC" zip="20431"/>
</MarkedRecordPair>
<MarkedRecordPair decision="match" date="2007-03-22" user="rphall" src="matcher" comment="0.99610895">
<person entityId="89979" recordId="177717" ssn="521086828" firstName="Collazos" middleName="D" lastName="Saifullah" streetNumber="312" streetName="Perrone St" apartmentNumber="6b5" city="Wild Cat" state="KY" zip="40998"/>
<person entityId="89979" recordId="178282" ssn="521086828" firstName="Collazos" middleName="D" lastName="Saifullah" streetNumber="310" streetName="Perrone St" apartmentNumber="6b5" city="Wild Cat" state="KY" zip="40998"/>
</MarkedRecordPair>
<MarkedRecordPair decision="match" date="2007-03-22" user="rphall" src="matcher" comment="0.99610895">
<person entityId="84348" recordId="172238" ssn="417701877" firstName="Rozamond" middleName="f" lastName="Cridge" streetNumber="825" streetName="Altti Rd" apartmentNumber="6p0" city="Birmingham" state="AL" zip="35283"/>
<person entityId="84348" recordId="181239" ssn="417701877" firstName="Rozamond" middleName="Y" lastName="Cridge" streetNumber="825" streetName="Altti Rd" apartmentNumber="6p0" city="Birmingham" state="AL" zip="35283"/>
</MarkedRecordPair>
<MarkedRecordPair decision="match" date="2007-03-22" user="rphall" src="matcher" comment="0.99610895">
<person entityId="82119" recordId="169979" ssn="777430117" firstName="Trei" middleName="D" lastName="Khon" streetNumber="467" streetName="Angelin Avenue" apartmentNumber="2h5" city="Hartford" state="WV" zip="25247"/>
<person entityId="82119" recordId="177822" ssn="777430117" firstName="Trei" middleName="y" lastName="Khon" streetNumber="467" streetName="Angelin Avenue" apartmentNumber="2h5" city="Hartford" state="WV" zip="25247"/>
</MarkedRecordPair>
<MarkedRecordPair decision="match" date="2007-03-22" user="rphall" src="matcher" comment="0.99610895">
<person entityId="84480" recordId="162505" ssn="542073133" firstName="Wynes" middleName="Y" lastName="Kowalkowski" streetNumber="401" streetName="Dragan Avenue" apartmentNumber="5e0" city="Honolulu" state="HI" zip="96805"/>
<person entityId="84480" recordId="167073" ssn="542073133" firstName="Wynes" middleName="a" lastName="Kowalkowski" streetNumber="401" streetName="Dragan Avenue" apartmentNumber="5e0" city="Honolulu" state="HI" zip="96805"/>
</MarkedRecordPair>
<MarkedRecordPair decision="match" date="2007-03-22" user="rphall" src="matcher" comment="0.99610895">
<person entityId="86121" recordId="152803" ssn="000000000" firstName="Rijcken" middleName="Y" lastName="Mooi" streetNumber="838" streetName="Wissler Road" apartmentNumber="1e0" city="Wabeno" state="WI" zip="54566"/>
<person entityId="86121" recordId="182969" ssn="000000000" firstName="Rijcken" middleName="d" lastName="Mooi" streetNumber="838" streetName="Wissler Road" apartmentNumber="1e0" city="Wabeno" state="WI" zip="54566"/>
</MarkedRecordPair>
<MarkedRecordPair decision="match" date="2007-03-22" user="rphall" src="matcher" comment="0.99610895">
<person entityId="88053" recordId="175151" ssn="278885416" firstName="Therrien" middleName="Z" lastName="Davie" streetNumber="710" streetName="Aki Pkwy" apartmentNumber="2v3" city="Gonzales Ranch" state="NM" zip="87536"/>
<person entityId="88053" recordId="181241" ssn="278885416" firstName="Therrien" middleName="Z" lastName="Davie" streetNumber="310" streetName="Aki Pkwy" apartmentNumber="2v3" city="Gonzales Ranch" state="NM" zip="87536"/>
</MarkedRecordPair>
<MarkedRecordPair decision="match" date="2007-03-22" user="rphall" src="matcher" comment="0.9846154">
<person entityId="62227" recordId="145913" ssn="000000000" firstName="Holzem" middleName="F" lastName="Bumgardner" streetNumber="887" streetName="Souris Avenue" apartmentNumber="0i7" city="Sioux Falls" state="SD" zip="57107"/>
<person entityId="62227" recordId="146263" ssn="000000000" firstName="Holzem" middleName="l" lastName="Bumgardner" streetNumber="867" streetName="Souris Avenue" apartmentNumber="0i7" city="Sioux Falls" state="SD" zip="57107"/>
</MarkedRecordPair>
<MarkedRecordPair decision="match" date="2007-03-22" user="rphall" src="matcher" comment="0.9846154">
<person entityId="108342" recordId="108342" ssn="000000000" firstName="Bergene" middleName="y" lastName="Caridi" streetNumber="951" streetName="Sirun" apartmentNumber="0z3" city="Scott" state="LA" zip="70583"/>
<person entityId="108342" recordId="117930" ssn="000000000" firstName="Bergene" middleName="X" lastName="Caridi" streetNumber="956" streetName="Sirun" apartmentNumber="0z3" city="Scott" state="LA" zip="70583"/>
</MarkedRecordPair>
<MarkedRecordPair decision="match" date="2007-03-22" user="rphall" src="matcher" comment="0.9846154">
<person entityId="65779" recordId="115942" ssn="557416371" firstName="Laenen" middleName="" lastName="Sydoryk" streetNumber="543" streetName="Kabat Street" apartmentNumber="4p0" city="Makawao" state="HI" zip="96768"/>
<person entityId="65779" recordId="144066" ssn="557416371" firstName="Laenen" middleName="U" lastName="Sydoryk" streetNumber="563" streetName="Kabat Street" apartmentNumber="4p0" city="Makawao" state="HI" zip="96768"/>
</MarkedRecordPair>
<MarkedRecordPair decision="match" date="2007-03-22" user="rphall" src="matcher" comment="0.99610895">
<person entityId="89748" recordId="171577" ssn="000000000" firstName="Kiyoshi" middleName="C" lastName="Kast" streetNumber="156" streetName="Soucy" apartmentNumber="6a4" city="Machipongo" state="VA" zip="23405"/>
<person entityId="89748" recordId="172170" ssn="000000000" firstName="Kiyoshi" middleName="C" lastName="Kast" streetNumber="126" streetName="Soucy" apartmentNumber="6a4" city="Machipongo" state="VA" zip="23405"/>
</MarkedRecordPair>
<MarkedRecordPair decision="match" date="2007-03-22" user="rphall" src="matcher" comment="0.99610895">
<person entityId="89190" recordId="166632" ssn="000000000" firstName="More" middleName="W" lastName="Effie" streetNumber="755" streetName="Cummings Rd" apartmentNumber="4c5" city="Moab" state="UT" zip="84532"/>
<person entityId="89190" recordId="169020" ssn="000000000" firstName="More" middleName="W" lastName="Effie" streetNumber="753" streetName="Cummings Rd" apartmentNumber="4c5" city="Moab" state="UT" zip="84532"/>
</MarkedRecordPair>
<MarkedRecordPair decision="match" date="2007-03-22" user="rphall" src="matcher" comment="0.9846154">
<person entityId="90561" recordId="178018" ssn="784802556" firstName="Berglin" middleName="V" lastName="Konanz" streetNumber="416" streetName="Tarowsky Parkway" apartmentNumber="5e4" city="Sandy" state="UT" zip="84090"/>
<person entityId="90561" recordId="181776" ssn="784802556" firstName="erglin" middleName="V" lastName="Konanz" streetNumber="418" streetName="Tarowsky Parkway" apartmentNumber="5e4" city="Sandy" state="UT" zip="84090"/>
</MarkedRecordPair>
<MarkedRecordPair decision="match" date="2007-03-22" user="rphall" src="matcher" comment="0.9846154">
<person entityId="92040" recordId="175612" ssn="461768687" firstName="Zeiner" middleName="N" lastName="Addia" streetNumber="755" streetName="Langner Ave" apartmentNumber="7r3" city="Coaliate" state="OK" zip="74538"/>
<person entityId="92040" recordId="183116" ssn="461768687" firstName="Zeiner" middleName="N" lastName="Addia" streetNumber="745" streetName="Langner Ave" apartmentNumber="7r3" city="Coalgate" state="OK" zip="74538"/>
</MarkedRecordPair>
<MarkedRecordPair decision="match" date="2007-03-22" user="rphall" src="matcher" comment="0.9846154">
<person entityId="83889" recordId="174159" ssn="263261125" firstName="Hutton" middleName="I" lastName="Lenotte" streetNumber="890" streetName="Macrina Pkwy" apartmentNumber="3i5" city="Salem" state="OR" zip="97311"/>
<person entityId="83889" recordId="178577" ssn="263261125" firstName="Huttno" middleName="I" lastName="Lenotte" streetNumber="890" streetName="Maxrina Pkwy" apartmentNumber="3i5" city="Salem" state="OR" zip="97311"/>
</MarkedRecordPair>
<MarkedRecordPair decision="match" date="2007-03-22" user="rphall" src="matcher" comment="0.9846154">
<person entityId="82056" recordId="166710" ssn="000000000" firstName="Landman" middleName="D" lastName="Vasamtha" streetNumber="" streetName="PO Box 1036" apartmentNumber="" city="Westville" state="SC" zip="29175"/>
<person entityId="82056" recordId="180305" ssn="000000000" firstName="Landman" middleName="D" lastName="Vasamtha" streetNumber="" streetName="PO Box 1036" apartmentNumber="" city="Wesville" state="SC" zip="29175"/>
</MarkedRecordPair>
<MarkedRecordPair decision="match" date="2007-03-22" user="rphall" src="matcher" comment="0.9846154">
<person entityId="76467" recordId="166233" ssn="511746838" firstName="Wetherington" middleName="O" lastName="Jezerski" streetNumber="" streetName="PO Box 4034" apartmentNumber="" city="Ransom" state="IL" zip="60470"/>
<person entityId="76467" recordId="169552" ssn="511746838" firstName="Wetherington" middleName="O" lastName="Jezerski" streetNumber="" streetName="PO Box 4034" apartmentNumber="" city="Rasnom" state="IL" zip="60470"/>
</MarkedRecordPair>
<MarkedRecordPair decision="match" date="2007-03-22" user="rphall" src="matcher" comment="0.9846154">
<person entityId="87735" recordId="152700" ssn="000000000" firstName="Nihar" middleName="M" lastName="Raimondo" streetNumber="" streetName="PO Box 4829" apartmentNumber="" city="Simms" state="TX" zip="75574"/>
<person entityId="87735" recordId="157277" ssn="000000000" firstName="Nihar" middleName="M" lastName="Raimondo" streetNumber="" streetName="PO Box 4829" apartmentNumber="" city="Sinmms" state="TX" zip="75574"/>
</MarkedRecordPair>
<MarkedRecordPair decision="match" date="2007-03-22" user="rphall" src="matcher" comment="0.9846154">
<person entityId="55115" recordId="150294" ssn="000000000" firstName="Rah" middleName="U" lastName="Sulho" streetNumber="" streetName="PO Box 1698" apartmentNumber="" city="South Fork" state="CO" zip="81154"/>
<person entityId="55115" recordId="152860" ssn="000000000" firstName="Rah" middleName="U" lastName="Sulho" streetNumber="" streetName="PO Box 1698" apartmentNumber="" city="eouth Fork" state="CO" zip="81154"/>
</MarkedRecordPair>
<MarkedRecordPair decision="match" date="2007-03-22" user="rphall" src="matcher" comment="0.9846154">
<person entityId="88533" recordId="175141" ssn="334265535" firstName="Corscadden" middleName="P" lastName="Hambly" streetNumber="904" streetName="Deciccio Street" apartmentNumber="4d6" city="Gracemont" state="OK" zip="73042"/>
<person entityId="88533" recordId="180136" ssn="234265531" firstName="Corscadden" middleName="P" lastName="Hambly" streetNumber="904" streetName="Deicccio Street" apartmentNumber="4d6" city="Gracemont" state="OK" zip="73042"/>
</MarkedRecordPair>
<MarkedRecordPair decision="match" date="2007-03-22" user="rphall" src="matcher" comment="0.9846154">
<person entityId="91323" recordId="166258" ssn="737042551" firstName="Schilm" middleName="" lastName="Vakili" streetNumber="40" streetName="Urmas Ln" apartmentNumber="5f0" city="Hartford" state="CT" zip="06167"/>
<person entityId="91323" recordId="180994" ssn="337042552" firstName="Schilm" middleName="" lastName="Vakili" streetNumber="40" streetName="Urmqas Ln" apartmentNumber="5f0" city="Hartford" state="CT" zip="06167"/>
</MarkedRecordPair>
<MarkedRecordPair decision="match" date="2007-03-22" user="rphall" src="matcher" comment="0.9846154">
<person entityId="89802" recordId="160922" ssn="408516250" firstName="Fertig" middleName="V" lastName="Cockram" streetNumber="796" streetName="Mejiah Rd" apartmentNumber="3t1" city="Lyons" state="SD" zip="57041"/>
<person entityId="89802" recordId="189150" ssn="408218250" firstName="Fertig" middleName="V" lastName="Cockram" streetNumber="796" streetName="Meija Rd" apartmentNumber="3t1" city="Lyons" state="SD" zip="57041"/>
</MarkedRecordPair>
<MarkedRecordPair decision="match" date="2007-03-22" user="rphall" src="matcher" comment="0.9846154">
<person entityId="71819" recordId="149159" ssn="227450166" firstName="Knip" middleName="H" lastName="Kamimah" streetNumber="679" streetName="Ponet Ave" apartmentNumber="1o5" city="Grenville" state="NM" zip="88424"/>
<person entityId="71819" recordId="157851" ssn="227450103" firstName="Knip" middleName="H" lastName="Kamimah" streetNumber="679" streetName="oPncet Ave" apartmentNumber="1o5" city="Grenville" state="NM" zip="88424"/>
</MarkedRecordPair>
<MarkedRecordPair decision="match" date="2007-03-22" user="rphall" src="matcher" comment="0.9846154">
<person entityId="80400" recordId="161944" ssn="000000000" firstName="Luby" middleName="V" lastName="Niepelt" streetNumber="240" streetName="Cynethia Rd" apartmentNumber="0p3" city="Arion" state="IA" zip="51520"/>
<person entityId="80400" recordId="172370" ssn="000000000" firstName="Lubye" middleName="V" lastName="Niepelt" streetNumber="240" streetName="Cynetgia Rd" apartmentNumber="0p3" city="Arion" state="IA" zip="51520"/>
</MarkedRecordPair>
<MarkedRecordPair decision="match" date="2007-03-22" user="rphall" src="matcher" comment="0.9846154">
<person entityId="69449" recordId="159664" ssn="000000000" firstName="Michzud" middleName="I" lastName="Palmitessa" streetNumber="735" streetName="Rcathjens Lane" apartmentNumber="3y7" city="Forestdale" state="RI" zip="02824"/>
<person entityId="69449" recordId="162982" ssn="000000000" firstName="Michaud" middleName="I" lastName="Palmitessa" streetNumber="735" streetName="Rathjens Lane" apartmentNumber="3y7" city="Forestdale" state="RI" zip="02824"/>
</MarkedRecordPair>
<MarkedRecordPair decision="match" date="2007-03-22" user="rphall" src="matcher" comment="0.9846154">
<person entityId="50819" recordId="142062" ssn="501731650" firstName="Gabbetr" middleName="Z" lastName="Eckerle" streetNumber="318" streetName="Clavier" apartmentNumber="0f3" city="Stitzer" state="WI" zip="53825"/>
<person entityId="50819" recordId="144044" ssn="501731650" firstName="Gabbert" middleName="Z" lastName="Eckerle" streetNumber="318" streetName="Calvier" apartmentNumber="0f3" city="Stitzer" state="WI" zip="53825"/>
</MarkedRecordPair>
<MarkedRecordPair decision="match" date="2007-03-22" user="rphall" src="matcher" comment="0.9846154">
<person entityId="87576" recordId="168017" ssn="521203765" firstName="Ressel" middleName="S" lastName="Takio" streetNumber="41" streetName="Gillard Road" apartmentNumber="5w7" city="prtonville" state="MN" zip="56278"/>
<person entityId="87576" recordId="178890" ssn="521203765" firstName="Ressel" middleName="S" lastName="Takio" streetNumber="48" streetName="Gillard Road" apartmentNumber="5w7" city="Ortonville" state="MN" zip="56278"/>
</MarkedRecordPair>
<MarkedRecordPair decision="match" date="2007-03-22" user="rphall" src="matcher" comment="0.9846154">
<person entityId="77591" recordId="166220" ssn="115884332" firstName="Lashley" middleName="" lastName="Rauno" streetNumber="244" streetName="Jio Street" apartmentNumber="1u6" city="Des joines" state="IA" zip="50950"/>
<person entityId="77591" recordId="169289" ssn="115884332" firstName="Lashley" middleName="" lastName="Rauno" streetNumber="242" streetName="Jio Street" apartmentNumber="1u6" city="Des Moines" state="IA" zip="50950"/>
</MarkedRecordPair>
<MarkedRecordPair decision="match" date="2007-03-22" user="rphall" src="matcher" comment="0.9846154">
<person entityId="75203" recordId="160488" ssn="783030707" firstName="Mont" middleName="" lastName="Fronz" streetNumber="687" streetName="Rutkowski Lane" apartmentNumber="4m4" city="Marietat" state="GA" zip="30062"/>
<person entityId="75203" recordId="161015" ssn="783030707" firstName="Mont" middleName="" lastName="Fronz" streetNumber="487" streetName="Rutkowski Lane" apartmentNumber="4m4" city="Marietta" state="GA" zip="30062"/>
</MarkedRecordPair>
<MarkedRecordPair decision="match" date="2007-03-22" user="rphall" src="matcher" comment="0.9846154">
<person entityId="62125" recordId="159684" ssn="470841806" firstName="Pabros" middleName="Q" lastName="Kydd" streetNumber="748" streetName="Oeflein Rd" apartmentNumber="6n5" city="Santa Ana" state="CA" zip="92704"/>
<person entityId="62125" recordId="161433" ssn="470841806" firstName="Pabrods" middleName="Q" lastName="Kydd" streetNumber="743" streetName="Oeflein Rd" apartmentNumber="6n5" city="Santa Ana" state="CA" zip="92704"/>
</MarkedRecordPair>
<MarkedRecordPair decision="match" date="2007-03-22" user="rphall" src="matcher" comment="0.9846154">
<person entityId="78933" recordId="153252" ssn="464300107" firstName="Wiednmann" middleName="G" lastName="Icaza" streetNumber="623" streetName="Donalee Lane" apartmentNumber="8i0" city="Columbia" state="SC" zip="29292"/>
<person entityId="78933" recordId="168100" ssn="464300107" firstName="Wiedmann" middleName="G" lastName="Icaza" streetNumber="823" streetName="Donalee Lane" apartmentNumber="8i0" city="Columbia" state="SC" zip="29292"/>
</MarkedRecordPair>
<MarkedRecordPair decision="match" date="2007-03-22" user="rphall" src="matcher" comment="0.9846154">
<person entityId="70179" recordId="149973" ssn="000000000" firstName="oMsca" middleName="" lastName="Kiriyama" streetNumber="554" streetName="Gabor Ave" apartmentNumber="1g0" city="Portland" state="ME" zip="04105"/>
<person entityId="70179" recordId="159895" ssn="000000000" firstName="Mosca" middleName="" lastName="Kiriyama" streetNumber="504" streetName="Gabor Ave" apartmentNumber="1g0" city="Portland" state="ME" zip="04105"/>
</MarkedRecordPair>
<MarkedRecordPair decision="match" date="2007-03-22" user="rphall" src="matcher" comment="0.9846154">
<person entityId="92166" recordId="179612" ssn="472244080" firstName="Chaffanel" middleName="Q" lastName="Stockhausen" streetNumber="633" streetName="Neyland Ln" apartmentNumber="2c8" city="West Harrison" state="IN" zip="47060"/>
<person entityId="92166" recordId="185899" ssn="472244080" firstName="Chaffanel" middleName="g" lastName="Stockhausen" streetNumber="633" streetName="Neyland Ln" apartmentNumber="2c8" city="West sarrison" state="IN" zip="47060"/>
</MarkedRecordPair>
<MarkedRecordPair decision="match" date="2007-03-22" user="rphall" src="matcher" comment="0.99610895">
<person entityId="91260" recordId="179397" ssn="286777307" firstName="Magdiel" middleName="C" lastName="Borrows" streetNumber="865" streetName="Ruffatt Rd" apartmentNumber="2g4" city="Wuightstown" state="NJ" zip="08562"/>
<person entityId="91260" recordId="181307" ssn="286777307" firstName="Magdiel" middleName="C" lastName="Borrows" streetNumber="865" streetName="Ruffatt Rd" apartmentNumber="2g4" city="Wrightstown" state="NJ" zip="08562"/>
</MarkedRecordPair>
<MarkedRecordPair decision="match" date="2007-03-22" user="rphall" src="matcher" comment="0.9846154">
<person entityId="92586" recordId="181809" ssn="274822112" firstName="Eggington" middleName="J" lastName="Ratha" streetNumber="356" streetName="Lyly Pkwy" apartmentNumber="1k6" city="Demver" state="CO" zip="00293"/>
<person entityId="92586" recordId="187385" ssn="274822112" firstName="Eggington" middleName="J" lastName="Ratha" streetNumber="356" streetName="Lyly Pkwy" apartmentNumber="1k6" city="Denver" state="CO" zip="80293"/>
</MarkedRecordPair>
<MarkedRecordPair decision="match" date="2007-03-22" user="rphall" src="matcher" comment="0.99610895">
<person entityId="88284" recordId="176202" ssn="000000000" firstName="Branscome" middleName="H" lastName="Cooney" streetNumber="" streetName="PO Box 3394" apartmentNumber="" city="Lance Creek" state="WY" zip="82222"/>
<person entityId="88284" recordId="185777" ssn="000000000" firstName="Branscome" middleName="H" lastName="Cooney" streetNumber="" streetName="PO Box 3394" apartmentNumber="" city="Lance Creek" state="WY" zip="82222"/>
</MarkedRecordPair>
<MarkedRecordPair decision="match" date="2007-03-22" user="rphall" src="matcher" comment="0.9846154">
<person entityId="86874" recordId="173517" ssn="575842127" firstName="Cnhellamal" middleName="N" lastName="Grassi" streetNumber="123" streetName="Bacci St" apartmentNumber="1i1" city="Mount Angel" state="OR" zip="97362"/>
<person entityId="86874" recordId="175847" ssn="515872127" firstName="Chellaaml" middleName="N" lastName="Grassi" streetNumber="123" streetName="Bacci St" apartmentNumber="1i1" city="Mount Angel" state="OR" zip="97362"/>
</MarkedRecordPair>
<MarkedRecordPair decision="match" date="2007-03-22" user="rphall" src="matcher" comment="0.9846154">
<person entityId="65099" recordId="160538" ssn="084127837" firstName="Reames" middleName="F" lastName="Woitzik" streetNumber="198" streetName="Valle St" apartmentNumber="8o4" city="Kosrae" state="FM" zip="96944"/>
<person entityId="65099" recordId="161016" ssn="784227837" firstName="eames" middleName="F" lastName="Woitzik" streetNumber="198" streetName="Valle St" apartmentNumber="8o4" city="Kosrae" state="FM" zip="96944"/>
</MarkedRecordPair>
<MarkedRecordPair decision="match" date="2007-03-22" user="rphall" src="matcher" comment="0.9846154">
<person entityId="66984" recordId="155143" ssn="630084100" firstName="Cresler" middleName="P" lastName="Lebne" streetNumber="798" streetName="Shewaga Pkwy" apartmentNumber="1c8" city="Leiter" state="WY" zip="82837"/>
<person entityId="66984" recordId="164492" ssn="630684100" firstName="Cesler" middleName="P" lastName="Lebne" streetNumber="798" streetName="Shewaga Pkwy" apartmentNumber="1c8" city="Leiter" state="WY" zip="82837"/>
</MarkedRecordPair>
<MarkedRecordPair decision="match" date="2007-03-22" user="rphall" src="matcher" comment="0.9846154">
<person entityId="48531" recordId="132737" ssn="210412775" firstName="Neueld" middleName="K" lastName="Dudgeon" streetNumber="47" streetName="Amaya Ave" apartmentNumber="5s7" city="Rib Lake" state="WI" zip="54470"/>
<person entityId="48531" recordId="134631" ssn="210442575" firstName="Neufeld" middleName="K" lastName="Dudgeon" streetNumber="47" streetName="Amaya Ave" apartmentNumber="5s7" city="Rib Lake" state="WI" zip="54470"/>
</MarkedRecordPair>
<MarkedRecordPair decision="match" date="2007-03-22" user="rphall" src="matcher" comment="0.99610895">
<person entityId="90450" recordId="162786" ssn="758215201" firstName="Pingkong" middleName="V" lastName="Irena" streetNumber="" streetName="PO Box 4859" apartmentNumber="" city="Dimock" state="SD" zip="57331"/>
<person entityId="90450" recordId="181473" ssn="758215201" firstName="Pingkong" middleName="V" lastName="Irena" streetNumber="" streetName="PO Box 4859" apartmentNumber="" city="Dimock" state="SD" zip="57331"/>
</MarkedRecordPair>
<MarkedRecordPair decision="match" date="2007-03-22" user="rphall" src="matcher" comment="0.99610895">
<person entityId="74539" recordId="161733" ssn="000000000" firstName="Colas" middleName="T" lastName="Tock" streetNumber="" streetName="PO Box 354" apartmentNumber="" city="Randallstown" state="MD" zip="21133"/>
<person entityId="74539" recordId="167973" ssn="000000000" firstName="Colas" middleName="T" lastName="Tock" streetNumber="" streetName="PO Box 354" apartmentNumber="" city="Randallstown" state="MD" zip="21133"/>
</MarkedRecordPair>
<MarkedRecordPair decision="match" date="2007-03-22" user="rphall" src="matcher" comment="0.99610895">
<person entityId="78735" recordId="160025" ssn="000000000" firstName="Duering" middleName="Y" lastName="Wilkerson" streetNumber="" streetName="PO Box 1968" apartmentNumber="" city="Martel" state="OH" zip="43335"/>
<person entityId="78735" recordId="171841" ssn="000000000" firstName="Duering" middleName="Y" lastName="Wilkerson" streetNumber="" streetName="PO Box 1968" apartmentNumber="" city="Martel" state="OH" zip="43335"/>
</MarkedRecordPair>
<MarkedRecordPair decision="match" date="2007-03-22" user="rphall" src="matcher" comment="0.9846154">
<person entityId="62761" recordId="155442" ssn="210787865" firstName="Pungot" middleName="B" lastName="Fullemann" streetNumber="195" streetName="Shinobu" apartmentNumber="5o5" city="Herefodr" state="CO" zip="80732"/>
<person entityId="62761" recordId="159933" ssn="214787765" firstName="Pungot" middleName="B" lastName="Fullemann" streetNumber="195" streetName="Shinobu" apartmentNumber="5o5" city="Hereford" state="CO" zip="80732"/>
</MarkedRecordPair>
<MarkedRecordPair decision="match" date="2007-03-22" user="rphall" src="matcher" comment="0.9846154">
<person entityId="90618" recordId="151578" ssn="141885502" firstName="Minet" middleName="Y" lastName="Oosterhout" streetNumber="31" streetName="Verez Road" apartmentNumber="5t0" city="Berlin" state="MA" zip="01503"/>
<person entityId="90618" recordId="158045" ssn="251885502" firstName="Minet" middleName="Y" lastName="Oosterhout" streetNumber="31" streetName="Verez Road" apartmentNumber="5t0" city="Berklin" state="MA" zip="01503"/>
</MarkedRecordPair>
<MarkedRecordPair decision="match" date="2007-03-22" user="rphall" src="matcher" comment="0.9846154">
<person entityId="56364" recordId="145690" ssn="621268551" firstName="Michishita" middleName="N" lastName="Maximilian" streetNumber="703" streetName="Kufahl" apartmentNumber="1a2" city="Kettle" state="KY" zip="42752"/>
<person entityId="56364" recordId="146854" ssn="321268521" firstName="Michishita" middleName="N" lastName="Maximilian" streetNumber="703" streetName="Kufahl" apartmentNumber="1a2" city="jKettle" state="KY" zip="42752"/>
</MarkedRecordPair>
<MarkedRecordPair decision="match" date="2007-03-22" user="rphall" src="matcher" comment="0.9846154">
<person entityId="62041" recordId="143746" ssn="486741343" firstName="Lautenbach" middleName="V" lastName="Tenaglia" streetNumber="220" streetName="Cracknell Street" apartmentNumber="1p3" city="Knox City" state="MO" zip="63446"/>
<person entityId="62041" recordId="156017" ssn="486401343" firstName="Lautenbach" middleName="V" lastName="Tenaglia" streetNumber="220" streetName="Cracknell Street" apartmentNumber="1p3" city="Knox Cigty" state="MO" zip="63446"/>
</MarkedRecordPair>
<MarkedRecordPair decision="match" date="2007-03-22" user="rphall" src="matcher" comment="0.9846154">
<person entityId="78975" recordId="163242" ssn="000000000" firstName="Macmullin" middleName="T" lastName="Chilton" streetNumber="217" streetName="Maire Avenue" apartmentNumber="5y6" city="Phoenix" state="AZ" zip="85060"/>
<person entityId="78975" recordId="177073" ssn="000000000" firstName="Macmullin" middleName="T" lastName="Chilton" streetNumber="217" streetName="Maiee Avenue" apartmentNumber="5y6" city="Phoneix" state="AZ" zip="85060"/>
</MarkedRecordPair>
<MarkedRecordPair decision="match" date="2007-03-22" user="rphall" src="matcher" comment="0.9846154">
<person entityId="75823" recordId="158893" ssn="000000000" firstName="Bleakney" middleName="F" lastName="Deboer" streetNumber="254" streetName="Jonkc Pkwy" apartmentNumber="0i2" city="Washington" state="DC" zip="20469"/>
<person entityId="75823" recordId="160513" ssn="000000000" firstName="Bleakney" middleName="F" lastName="Deboer" streetNumber="254" streetName="Joncok Pkwy" apartmentNumber="0i2" city="Washinton" state="DC" zip="20469"/>
</MarkedRecordPair>
<MarkedRecordPair decision="match" date="2007-03-22" user="rphall" src="matcher" comment="0.9846154">
<person entityId="78007" recordId="155797" ssn="422565368" firstName="Pastour" middleName="" lastName="Kaiming" streetNumber="589" streetName="Keites Ave" apartmentNumber="7v2" city="Lamar" state="OK" zip="74850"/>
<person entityId="78007" recordId="156098" ssn="422565368" firstName="Pastour" middleName="" lastName="Kaiming" streetNumber="589" streetName="Keitel Ave" apartmentNumber="7v2" city="Lsamar" state="OK" zip="74850"/>
</MarkedRecordPair>
<MarkedRecordPair decision="match" date="2007-03-22" user="rphall" src="matcher" comment="0.9846154">
<person entityId="72411" recordId="154300" ssn="218375734" firstName="Looyen" middleName="U" lastName="Kambiz" streetNumber="546" streetName="Guilder Road" apartmentNumber="0v1" city="Maunaola" state="HI" zip="96770"/>
<person entityId="72411" recordId="163023" ssn="218375734" firstName="Looyen" middleName="U" lastName="Kambiz" streetNumber="546" streetName="Guiler Road" apartmentNumber="0v1" city="Maunaloa" state="HI" zip="96770"/>
</MarkedRecordPair>
<MarkedRecordPair decision="match" date="2007-03-22" user="rphall" src="matcher" comment="0.9846154">
<person entityId="91857" recordId="170088" ssn="527634033" firstName="Taylo" middleName="X" lastName="Carrick" streetNumber="22" streetName="Somsanith Parkway" apartmentNumber="2d2" city="West River" state="MD" zip="20778"/>
<person entityId="91857" recordId="189408" ssn="227634133" firstName="Taylo" middleName="X" lastName="Carrick" streetNumber="62" streetName="Somsanith Parkway" apartmentNumber="2d2" city="West River" state="MD" zip="20778"/>
</MarkedRecordPair>
<MarkedRecordPair decision="match" date="2007-03-22" user="rphall" src="matcher" comment="0.9846154">
<person entityId="74955" recordId="163204" ssn="366775633" firstName="Meiser" middleName="T" lastName="Tricca" streetNumber="830" streetName="Byczko Lane" apartmentNumber="6f4" city="Chauvin" state="LA" zip="70344"/>
<person entityId="74955" recordId="165627" ssn="366175533" firstName="Meiser" middleName="T" lastName="Tricca" streetNumber="930" streetName="Byczko Lane" apartmentNumber="6f4" city="Chauvin" state="LA" zip="70344"/>
</MarkedRecordPair>
<MarkedRecordPair decision="match" date="2007-03-22" user="rphall" src="matcher" comment="0.9846154">
<person entityId="87528" recordId="155812" ssn="710807325" firstName="Merks" middleName="" lastName="Gerlich" streetNumber="955" streetName="Masago Road" apartmentNumber="5s5" city="Warner" state="NH" zip="03278"/>
<person entityId="87528" recordId="171771" ssn="770887325" firstName="Merks" middleName="" lastName="Gerlich" streetNumber="952" streetName="Masago Road" apartmentNumber="5s5" city="Warner" state="NH" zip="03278"/>
</MarkedRecordPair>
<MarkedRecordPair decision="match" date="2007-03-22" user="rphall" src="matcher" comment="0.9846154">
<person entityId="75855" recordId="142957" ssn="723331406" firstName="Luhrs" middleName="" lastName="Swarthout" streetNumber="183" streetName="Jaan" apartmentNumber="7x1" city="Blountsville" state="AL" zip="35031"/>
<person entityId="75855" recordId="146690" ssn="725337406" firstName="Luhrs" middleName="" lastName="Swarthout" streetNumber="184" streetName="Jaan" apartmentNumber="7x1" city="Blountsville" state="AL" zip="35031"/>
</MarkedRecordPair>
<MarkedRecordPair decision="match" date="2007-03-22" user="rphall" src="matcher" comment="0.99610895">
<person entityId="93048" recordId="174602" ssn="570642553" firstName="Coves" middleName="H" lastName="Blasine" streetNumber="255" streetName="Diltz Ln" apartmentNumber="2m6" city="Naguabo" state="PR" zip="00718"/>
<person entityId="93048" recordId="180893" ssn="570842353" firstName="Coves" middleName="H" lastName="Blasine" streetNumber="255" streetName="Diltz Ln" apartmentNumber="2m6" city="Naguabo" state="PR" zip="00718"/>
</MarkedRecordPair>
<MarkedRecordPair decision="match" date="2007-03-22" user="rphall" src="matcher" comment="0.9846154">
<person entityId="88296" recordId="174600" ssn="000000000" firstName="Bubbers" middleName="W" lastName="Yeisley" streetNumber="" streetName="PO Bo 2731" apartmentNumber="" city="Crowley" state="CO" zip="81034"/>
<person entityId="88296" recordId="182364" ssn="000000000" firstName="Bubbers" middleName="W" lastName="Yeisley" streetNumber="" streetName="PO Box 2731" apartmentNumber="" city="Crowley" state="CO" zip="81034"/>
</MarkedRecordPair>
<MarkedRecordPair decision="match" date="2007-03-22" user="rphall" src="matcher" comment="0.9846154">
<person entityId="91197" recordId="174049" ssn="000000000" firstName="Polick" middleName="W" lastName="Boivin" streetNumber="962" streetName="Jonne Parkway" apartmentNumber="8h7" city="Atlanta" state="GA" zip="31197"/>
<person entityId="91197" recordId="178610" ssn="000000000" firstName="Polick" middleName="W" lastName="Boibin" streetNumber="960" streetName="Jonne Parkway" apartmentNumber="8h7" city="Atlanta" state="GA" zip="31197"/>
</MarkedRecordPair>
<MarkedRecordPair decision="match" date="2007-03-22" user="rphall" src="matcher" comment="0.99610895">
<person entityId="85326" recordId="173005" ssn="622803461" firstName="Gamber" middleName="" lastName="Saatcioglu" streetNumber="641" streetName="Bieske Avenue" apartmentNumber="8o8" city="Hope" state="ND" zip="58046"/>
<person entityId="85326" recordId="174971" ssn="622803461" firstName="Gamber" middleName="" lastName="Sasatcioglu" streetNumber="641" streetName="Bieske Avenue" apartmentNumber="8o8" city="Hope" state="ND" zip="58046"/>
</MarkedRecordPair>
<MarkedRecordPair decision="match" date="2007-03-22" user="rphall" src="matcher" comment="0.9846154">
<person entityId="89829" recordId="169908" ssn="776603781" firstName="Hsalina" middleName="X" lastName="Tonya" streetNumber="142" streetName="Manya Avenue" apartmentNumber="1h7" city="Oak Habror" state="WA" zip="98277"/>
<person entityId="89829" recordId="179202" ssn="776603781" firstName="Haslina" middleName="X" lastName="Tonya" streetNumber="142" streetName="Manya Avenue" apartmentNumber="1h7" city="Oak Harbor" state="WA" zip="98277"/>
</MarkedRecordPair>
<MarkedRecordPair decision="match" date="2007-03-22" user="rphall" src="matcher" comment="0.9846154">
<person entityId="92865" recordId="169257" ssn="683312326" firstName="Clearnon" middleName="C" lastName="Curavo" streetNumber="795" streetName="Lomas Road" apartmentNumber="1k6" city="San Juan" state="OR" zip="00651"/>
<person entityId="92865" recordId="175942" ssn="683312334" firstName="Clearnon" middleName="C" lastName="Curavo" streetNumber="795" streetName="Lomas Road" apartmentNumber="1k6" city="San Juan" state="PR" zip="00651"/>
</MarkedRecordPair>
<MarkedRecordPair decision="match" date="2007-03-22" user="rphall" src="matcher" comment="0.9846154">
<person entityId="77659" recordId="157132" ssn="000000000" firstName="Emmert" middleName="" lastName="Tietgen" streetNumber="96" streetName="Lassiter Street" apartmentNumber="1c1" city="Cedar City" state="UT" zip="84720"/>
<person entityId="77659" recordId="161259" ssn="000000000" firstName="Emmert" middleName="" lastName="Tiptgen" streetNumber="96" streetName="Lassiter Street" apartmentNumber="1c1" city="Cedaf City" state="UT" zip="84720"/>
</MarkedRecordPair>
<MarkedRecordPair decision="match" date="2007-03-22" user="rphall" src="matcher" comment="0.9846154">
<person entityId="64079" recordId="156439" ssn="634721033" firstName="Isabella" middleName="" lastName="Servdia" streetNumber="39" streetName="Havstad Pkwy" apartmentNumber="2y4" city="assumpsic" state="VT" zip="05861"/>
<person entityId="64079" recordId="157967" ssn="634721033" firstName="Isabella" middleName="" lastName="Servida" streetNumber="39" streetName="Havstad Pkwy" apartmentNumber="2y4" city="Passumpsic" state="VT" zip="05861"/>
</MarkedRecordPair>
<MarkedRecordPair decision="match" date="2007-03-22" user="rphall" src="matcher" comment="0.9846154">
<person entityId="75067" recordId="149242" ssn="637505070" firstName="Nipper" middleName="T" lastName="Burchfielfd" streetNumber="354" streetName="Kiejzo Pkwy" apartmentNumber="1n4" city="Weir" state="KS" zip="66781"/>
<person entityId="75067" recordId="157163" ssn="637505070" firstName="Nipper" middleName="T" lastName="Burchfield" streetNumber="354" streetName="Kiejzo Pkwy" apartmentNumber="1n4" city="Wir" state="KS" zip="66781"/>
</MarkedRecordPair>
<MarkedRecordPair decision="match" date="2007-03-22" user="rphall" src="matcher" comment="0.9846154">
<person entityId="63091" recordId="149153" ssn="350637448" firstName="Giglio" middleName="I" lastName="Ksasi" streetNumber="799" streetName="Pirrie Ave" apartmentNumber="4o1" city="Washington" state="DC" zip="20433"/>
<person entityId="63091" recordId="150727" ssn="350637448" firstName="Giglio" middleName="I" lastName="assi" streetNumber="799" streetName="Pirrie Ave" apartmentNumber="4o1" city="Washimngton" state="DC" zip="20433"/>
</MarkedRecordPair>
<MarkedRecordPair decision="match" date="2007-03-22" user="rphall" src="matcher" comment="0.9846154">
<person entityId="80595" recordId="163700" ssn="620803511" firstName="Stucchi" middleName="V" lastName="Balazer" streetNumber="733" streetName="Taguchi St" apartmentNumber="6i7" city="Allendale" state="IL" zip="62410"/>
<person entityId="80595" recordId="170713" ssn="620803511" firstName="otucchi" middleName="V" lastName="Balazer" streetNumber="733" streetName="Taguchi St" apartmentNumber="6i7" city="Alendale" state="IL" zip="62410"/>
</MarkedRecordPair>
<MarkedRecordPair decision="match" date="2007-03-22" user="rphall" src="matcher" comment="0.9846154">
<person entityId="63839" recordId="149199" ssn="620787508" firstName="izam" middleName="A" lastName="Hettinger" streetNumber="743" streetName="Leiter Ave" apartmentNumber="6c8" city="Monticelo" state="NM" zip="87939"/>
<person entityId="63839" recordId="150183" ssn="620787508" firstName="Nizam" middleName="A" lastName="Hettinger" streetNumber="743" streetName="Leiter Ave" apartmentNumber="6c8" city="Monticello" state="NM" zip="87939"/>
</MarkedRecordPair>
<MarkedRecordPair decision="match" date="2007-03-22" user="rphall" src="matcher" comment="0.9846154">
<person entityId="86673" recordId="138847" ssn="281012281" firstName="Yetungf" middleName="S" lastName="Massicotte" streetNumber="541" streetName="Demeter Ave" apartmentNumber="5m4" city="rBeaux Bridge" state="LA" zip="70517"/>
<person entityId="86673" recordId="170149" ssn="281012281" firstName="Yetung" middleName="S" lastName="Massicotte" streetNumber="541" streetName="Demeter Ave" apartmentNumber="5m4" city="Breaux Bridge" state="LA" zip="70517"/>
</MarkedRecordPair>
<MarkedRecordPair decision="match" date="2007-03-22" user="rphall" src="matcher" comment="0.9846154">
<person entityId="73127" recordId="166037" ssn="255143848" firstName="Malanos" middleName="P" lastName="True" streetNumber="63" streetName="Berkie Parkway" apartmentNumber="1b7" city="Somerset Center" state="DE" zip="49282"/>
<person entityId="73127" recordId="172261" ssn="255143848" firstName="Malanos" middleName="P" lastName="True" streetNumber="33" streetName="Berkie Parkway" apartmentNumber="1b7" city="Somerset Center" state="MI" zip="49282"/>
</MarkedRecordPair>
<MarkedRecordPair decision="match" date="2007-03-22" user="rphall" src="matcher" comment="0.9846154">
<person entityId="72471" recordId="162527" ssn="000000000" firstName="Bjugson" middleName="B" lastName="Tymothy" streetNumber="206" streetName="Wikre" apartmentNumber="2c1" city="Norman" state="OK" zip="73037"/>
<person entityId="72471" recordId="171813" ssn="000000000" firstName="jugson" middleName="B" lastName="Tymothy" streetNumber="206" streetName="Wikre" apartmentNumber="2c1" city="Norman" state="KS" zip="73037"/>
</MarkedRecordPair>
<MarkedRecordPair decision="match" date="2007-03-22" user="rphall" src="matcher" comment="0.9846154">
<person entityId="75387" recordId="161242" ssn="564506576" firstName="Mesirov" middleName="Q" lastName="Nussabecher" streetNumber="" streetName="PO Box 3724" apartmentNumber="" city="Thedford" state="NE" zip="69166"/>
<person entityId="75387" recordId="172379" ssn="564506576" firstName="Mesirov" middleName="Q" lastName="Nussbadecher" streetNumber="" streetName="PO Box 3724" apartmentNumber="" city="Thedford" state="NE" zip="69166"/>
</MarkedRecordPair>
<MarkedRecordPair decision="match" date="2007-03-22" user="rphall" src="matcher" comment="0.9846154">
<person entityId="78795" recordId="152302" ssn="764708046" firstName="Boocock" middleName="P" lastName="xanok" streetNumber="" streetName="PO Box 4031" apartmentNumber="" city="Friendship" state="AR" zip="71942"/>
<person entityId="78795" recordId="175382" ssn="764708046" firstName="Boocock" middleName="P" lastName="Sanok" streetNumber="" streetName="PO Box 4031" apartmentNumber="" city="Friendship" state="AR" zip="71942"/>
</MarkedRecordPair>
<MarkedRecordPair decision="match" date="2007-03-22" user="rphall" src="matcher" comment="0.9846154">
<person entityId="89760" recordId="145961" ssn="757147687" firstName="Nardiman" middleName="Y" lastName="Hesnham" streetNumber="" streetName="PO Box 464" apartmentNumber="" city="Coats" state="KS" zip="67028"/>
<person entityId="89760" recordId="176418" ssn="757147687" firstName="Nardiman" middleName="Y" lastName="Hesham" streetNumber="" streetName="PO Box 464" apartmentNumber="" city="Coats" state="KS" zip="67028"/>
</MarkedRecordPair>
<MarkedRecordPair decision="match" date="2007-03-22" user="rphall" src="matcher" comment="0.9846154">
<person entityId="33260" recordId="125985" ssn="212620242" firstName="Joice" middleName="C" lastName="Jaoz" streetNumber="" streetName="PO Box 3488" apartmentNumber="" city="Bass Harbor" state="ME" zip="04653"/>
<person entityId="33260" recordId="128491" ssn="212620242" firstName="Joice" middleName="C" lastName="Jazo" streetNumber="" streetName="PO Box 3488" apartmentNumber="" city="Bass Harbor" state="ME" zip="04653"/>
</MarkedRecordPair>
<MarkedRecordPair decision="match" date="2007-03-22" user="rphall" src="matcher" comment="0.9846154">
<person entityId="89736" recordId="161356" ssn="160285401" firstName="Lemau" middleName="M" lastName="Axness" streetNumber="787" streetName="Morellki" apartmentNumber="4z2" city="Mystic" state="GU" zip="06388"/>
<person entityId="89736" recordId="176910" ssn="160285401" firstName="Lemau" middleName="M" lastName="Axness" streetNumber="787" streetName="Morelli" apartmentNumber="4z2" city="Mystic" state="CT" zip="06388"/>
</MarkedRecordPair>
<MarkedRecordPair decision="match" date="2007-03-22" user="rphall" src="matcher" comment="0.9846154">
<person entityId="84198" recordId="153528" ssn="348557613" firstName="Texeira" middleName="" lastName="Bees" streetNumber="216" streetName="Gayelord Avenue" apartmentNumber="7t7" city="Davenport" state="OK" zip="74026"/>
<person entityId="84198" recordId="182709" ssn="343557310" firstName="Texeira" middleName="" lastName="vBees" streetNumber="216" streetName="Gayelord Avenue" apartmentNumber="7t7" city="Davenport" state="OK" zip="74026"/>
</MarkedRecordPair>
<MarkedRecordPair decision="match" date="2007-03-22" user="rphall" src="matcher" comment="0.99610895">
<person entityId="80619" recordId="153036" ssn="508616175" firstName="Candido" middleName="" lastName="Urista" streetNumber="723" streetName="Linebaugh Rd" apartmentNumber="1a7" city="New Milford" state="CT" zip="06775"/>
<person entityId="80619" recordId="162699" ssn="508616175" firstName="Candido" middleName="" lastName="Urista" streetNumber="723" streetName="Linebaugh Rd" apartmentNumber="1a7" city="New Milford" state="CT" zip="06776"/>
</MarkedRecordPair>
<MarkedRecordPair decision="match" date="2007-03-22" user="rphall" src="matcher" comment="0.99610895">
<person entityId="80739" recordId="140791" ssn="572030001" firstName="Juin" middleName="X" lastName="Golis" streetNumber="973" streetName="Hian Avenue" apartmentNumber="6y8" city="Stumpy Point" state="NC" zip="27278"/>
<person entityId="80739" recordId="156888" ssn="572030001" firstName="Juin" middleName="X" lastName="Golis" streetNumber="973" streetName="Hian Avenue" apartmentNumber="6y8" city="Stumpy Point" state="NC" zip="27978"/>
</MarkedRecordPair>
<MarkedRecordPair decision="match" date="2007-03-22" user="rphall" src="matcher" comment="0.99610895">
<person entityId="54723" recordId="117484" ssn="000000000" firstName="Riehm" middleName="" lastName="Llizo" streetNumber="37" streetName="Farbos" apartmentNumber="4y1" city="Camden" state="IN" zip="46917"/>
<person entityId="54723" recordId="153269" ssn="000000000" firstName="Riehm" middleName="" lastName="Llizo" streetNumber="37" streetName="Farbos" apartmentNumber="4y1" city="Camden" state="IN" zip="46317"/>
</MarkedRecordPair>
<MarkedRecordPair decision="match" date="2007-03-22" user="rphall" src="matcher" comment="0.99610895">
<person entityId="11735" recordId="100421" ssn="256823587" firstName="Clingingsmith" middleName="N" lastName="Katharyn" streetNumber="294" streetName="Brumder Avenue" apartmentNumber="1c0" city="Lakeside" state="AZ" zip="85929"/>
<person entityId="11735" recordId="103122" ssn="256823587" firstName="Clingingsmith" middleName="N" lastName="Katharyn" streetNumber="294" streetName="Brumder Avenue" apartmentNumber="1c0" city="Lakeside" state="AZ" zip="85629"/>
</MarkedRecordPair>
<MarkedRecordPair decision="match" date="2007-03-22" user="rphall" src="matcher" comment="0.9846154">
<person entityId="76415" recordId="150388" ssn="360472868" firstName="Zeglin" middleName="H" lastName="tragini" streetNumber="990" streetName="Prindiville St" apartmentNumber="8f8" city="Ellery" state="IL" zip="62833"/>
<person entityId="76415" recordId="172504" ssn="367472864" firstName="Zeglin" middleName="H" lastName="Frederickson" streetNumber="990" streetName="Prindiville St" apartmentNumber="8f8" city="Ellery" state="IL" zip="62833"/>
</MarkedRecordPair>
<MarkedRecordPair decision="match" date="2007-03-22" user="rphall" src="matcher" comment="0.9846154">
<person entityId="70055" recordId="147794" ssn="546852214" firstName="Parulekar" middleName="T" lastName="Marson" streetNumber="207" streetName="Wilmont Road" apartmentNumber="2f6" city="Canadian" state="OK" zip="74425"/>
<person entityId="70055" recordId="165374" ssn="543352214" firstName="Parulekar" middleName="T" lastName="Marsfon" streetNumber="207" streetName="Wilmont Road" apartmentNumber="2f6" city="Canadian" state="OK" zip="74425"/>
</MarkedRecordPair>
<MarkedRecordPair decision="match" date="2007-03-22" user="rphall" src="matcher" comment="0.9846154">
<person entityId="39878" recordId="139367" ssn="603347725" firstName="Haywood" middleName="H" lastName="lyed" streetNumber="619" streetName="Rollie Rd" apartmentNumber="8p8" city="Duncanville" state="TX" zip="75138"/>
<person entityId="39878" recordId="139477" ssn="613647725" firstName="Haywood" middleName="H" lastName="Kyed" streetNumber="619" streetName="Rollie Rd" apartmentNumber="8p8" city="Duncanville" state="TX" zip="75138"/>
</MarkedRecordPair>
<MarkedRecordPair decision="match" date="2007-03-22" user="rphall" src="matcher" comment="0.9846154">
<person entityId="75239" recordId="147381" ssn="000000000" firstName="Karasawa" middleName="X" lastName="Paillas" streetNumber="389" streetName="Maune Street" apartmentNumber="5i8" city="East Newport" state="SD" zip="04933"/>
<person entityId="75239" recordId="162664" ssn="000000000" firstName="Karasawa" middleName="X" lastName="Paillas" streetNumber="389" streetName="aune Street" apartmentNumber="5i8" city="East Newport" state="ME" zip="04933"/>
</MarkedRecordPair>
<MarkedRecordPair decision="match" date="2007-03-22" user="rphall" src="matcher" comment="0.9846154">
<person entityId="44892" recordId="140690" ssn="188442628" firstName="Natal" middleName="" lastName="Bhoomin" streetNumber="130" streetName="Wever Avenue" apartmentNumber="5m6" city="Register" state="ID" zip="30452"/>
<person entityId="44892" recordId="144710" ssn="188442628" firstName="Natal" middleName="" lastName="Bhoomin" streetNumber="130" streetName="Weveor Avenue" apartmentNumber="5m6" city="Register" state="GA" zip="30452"/>
</MarkedRecordPair>
<MarkedRecordPair decision="match" date="2007-03-22" user="rphall" src="matcher" comment="0.9846154">
<person entityId="34309" recordId="122064" ssn="383330685" firstName="Archomo" middleName="" lastName="Fasching" streetNumber="913" streetName="Sewell Avenue" apartmentNumber="7y0" city="Mc Intosh" state="MO" zip="57641"/>
<person entityId="34309" recordId="125125" ssn="383330685" firstName="Archomo" middleName="" lastName="Fasching" streetNumber="913" streetName="Sewlel Avenue" apartmentNumber="7y0" city="Mc Intosh" state="SD" zip="57641"/>
</MarkedRecordPair>
<MarkedRecordPair decision="match" date="2007-03-22" user="rphall" src="matcher" comment="0.9846154">
<person entityId="102278" recordId="102278" ssn="186632884" firstName="Ducourthial" middleName="" lastName="Kletka" streetNumber="272" streetName="Mellisent Street" apartmentNumber="6r6" city="West Warwick" state="RI" zip="02893"/>
<person entityId="102278" recordId="129787" ssn="186632884" firstName="Ducourthila" middleName="" lastName="Kletka" streetNumber="272" streetName="Mellisent Street" apartmentNumber="6r6" city="West Warwick" state="SD" zip="02893"/>
</MarkedRecordPair>
<MarkedRecordPair decision="match" date="2007-03-22" user="rphall" src="matcher" comment="0.9846154">
<person entityId="21649" recordId="111526" ssn="000000000" firstName="Weiguang" middleName="X" lastName="Khatod" streetNumber="265" streetName="Sandeen Road" apartmentNumber="0m2" city="Kingman" state="WY" zip="86444"/>
<person entityId="21649" recordId="118166" ssn="000000000" firstName="Weigung" middleName="X" lastName="Khatod" streetNumber="265" streetName="Sandeen Road" apartmentNumber="0m2" city="Kingman" state="AZ" zip="86444"/>
</MarkedRecordPair>
<MarkedRecordPair decision="match" date="2007-03-22" user="rphall" src="matcher" comment="0.9846154">
<person entityId="58065" recordId="101720" ssn="648776350" firstName="Matamoros" middleName="R" lastName="Sablad" streetNumber="559" streetName="Pengdavid Road" apartmentNumber="4j8" city="Shannon" state="NC" zip="28386"/>
<person entityId="58065" recordId="148652" ssn="648776350" firstName="M" middleName="R" lastName="Sablad" streetNumber="559" streetName="Pengdavid Road" apartmentNumber="4j8" city="Shannon" state="CA" zip="28386"/>
</MarkedRecordPair>
<MarkedRecordPair decision="match" date="2007-03-22" user="rphall" src="matcher" comment="0.9846154">
<person entityId="47181" recordId="137403" ssn="000000000" firstName="Stremming" middleName="F" lastName="Shurlock" streetNumber="344" streetName="Antonietta" apartmentNumber="6n5" city="Milwaukee" state="NE" zip="53201"/>
<person entityId="47181" recordId="138262" ssn="000000000" firstName="Stremming" middleName="F" lastName="Shurlock" streetNumber="444" streetName="Antonietta" apartmentNumber="6n5" city="Milwaukee" state="WI" zip="53201"/>
</MarkedRecordPair>
<MarkedRecordPair decision="match" date="2007-03-22" user="rphall" src="matcher" comment="0.9846154">
<person entityId="21097" recordId="111405" ssn="518734110" firstName="Magni" middleName="" lastName="Cassino" streetNumber="780" streetName="Wessel St" apartmentNumber="1w5" city="Pleasant Prairie" state="WI" zip="53158"/>
<person entityId="21097" recordId="113936" ssn="518734110" firstName="Magni" middleName="" lastName="Cassino" streetNumber="760" streetName="Wessel St" apartmentNumber="1w5" city="Pleasant Prairie" state="GA" zip="53158"/>
</MarkedRecordPair>
<MarkedRecordPair decision="match" date="2007-03-22" user="rphall" src="matcher" comment="0.9846154">
<person entityId="86694" recordId="147697" ssn="483456066" firstName="Leticia" middleName="" lastName="Brasis" streetNumber="56" streetName="Furchak Ln" apartmentNumber="8q0" city="Louisville" state="KS" zip="40223"/>
<person entityId="86694" recordId="168450" ssn="485486066" firstName="Leticia" middleName="" lastName="Brasis" streetNumber="56" streetName="Furchak Ln" apartmentNumber="8q0" city="Louisville" state="KY" zip="40223"/>
</MarkedRecordPair>
<MarkedRecordPair decision="match" date="2007-03-22" user="rphall" src="matcher" comment="0.9846154">
<person entityId="21097" recordId="101407" ssn="518734110" firstName="Magni" middleName="" lastName="Cassino" streetNumber="760" streetName="Wessel St" apartmentNumber="1w5" city="Pleasant Prairie" state="VT" zip="53158"/>
<person entityId="21097" recordId="115094" ssn="518834410" firstName="Magni" middleName="" lastName="Cassino" streetNumber="760" streetName="Wessel St" apartmentNumber="1w5" city="Pleasant Prairie" state="WI" zip="53158"/>
</MarkedRecordPair>
<MarkedRecordPair decision="match" date="2007-03-22" user="rphall" src="matcher" comment="0.9846154">
<person entityId="7686" recordId="106204" ssn="361052808" firstName="Bullick" middleName="T" lastName="Couscous" streetNumber="519" streetName="Noo Ave" apartmentNumber="4i2" city="Lesterville" state="GU" zip="63654"/>
<person entityId="7686" recordId="107365" ssn="661052808" firstName="Bullick" middleName="T" lastName="Couscous" streetNumber="519" streetName="Noo Ave" apartmentNumber="4i2" city="Lesterville" state="MO" zip="63654"/>
</MarkedRecordPair>
<MarkedRecordPair decision="match" date="2007-03-22" user="rphall" src="matcher" comment="0.99610895">
<person entityId="83865" recordId="172181" ssn="000000000" firstName="Saffratmueller" middleName="P" lastName="Cpordodor" streetNumber="529" streetName="Nikolaou Road" apartmentNumber="1r1" city="Sumpter" state="OR" zip="97877"/>
<person entityId="83865" recordId="178207" ssn="000000000" firstName="Saffratmueller" middleName="P" lastName="Cordodor" streetNumber="529" streetName="Nikolaou Road" apartmentNumber="1r1" city="Sumpter" state="OR" zip="97877"/>
</MarkedRecordPair>
<MarkedRecordPair decision="match" date="2007-03-22" user="rphall" src="matcher" comment="0.99610895">
<person entityId="82095" recordId="169691" ssn="000000000" firstName="Paunins" middleName="L" lastName="Barbagli" streetNumber="459" streetName="Doan Road" apartmentNumber="3t4" city="Hammond" state="OR" zip="97121"/>
<person entityId="82095" recordId="181245" ssn="000000000" firstName="Paunins" middleName="L" lastName="narbagli" streetNumber="459" streetName="Doan Road" apartmentNumber="3t4" city="Hammond" state="OR" zip="97121"/>
</MarkedRecordPair>
<MarkedRecordPair decision="match" date="2007-03-22" user="rphall" src="matcher" comment="0.99610895">
<person entityId="76427" recordId="169211" ssn="000000000" firstName="Crowe" middleName="D" lastName="Mlehem" streetNumber="152" streetName="Correia Road" apartmentNumber="8j4" city="Wright City" state="MO" zip="63390"/>
<person entityId="76427" recordId="173184" ssn="000000000" firstName="Crowe" middleName="D" lastName="Melhem" streetNumber="152" streetName="Correia Road" apartmentNumber="8j4" city="Wright City" state="MO" zip="63390"/>
</MarkedRecordPair>
<MarkedRecordPair decision="match" date="2007-03-22" user="rphall" src="matcher" comment="0.99610895">
<person entityId="84555" recordId="170907" ssn="678081343" firstName="Laitinen" middleName="" lastName="Anar" streetNumber="261" streetName="Bettega Pkwy" apartmentNumber="6l0" city="Hope Valley" state="RI" zip="02832"/>
<person entityId="84555" recordId="179363" ssn="677181343" firstName="Laitinen" middleName="" lastName="Anar" streetNumber="261" streetName="Bettega Pkwy" apartmentNumber="6l0" city="Hope Valley" state="RI" zip="02832"/>
</MarkedRecordPair>
<MarkedRecordPair decision="match" date="2007-03-22" user="rphall" src="matcher" comment="0.99610895">
<person entityId="69971" recordId="165184" ssn="353643813" firstName="Weeks" middleName="H" lastName="Artuso" streetNumber="979" streetName="Hadleigh" apartmentNumber="1s8" city="Phoenix" state="AZ" zip="85064"/>
<person entityId="69971" recordId="167813" ssn="303643883" firstName="Weeks" middleName="H" lastName="Artuso" streetNumber="979" streetName="Hadleigh" apartmentNumber="1s8" city="Phoenix" state="AZ" zip="85064"/>
</MarkedRecordPair>
<MarkedRecordPair decision="match" date="2007-03-22" user="rphall" src="matcher" comment="0.99610895">
<person entityId="87660" recordId="153420" ssn="785087844" firstName="Keir" middleName="V" lastName="Candelario" streetNumber="516" streetName="Polster Road" apartmentNumber="1j1" city="Blue River" state="KY" zip="41607"/>
<person entityId="87660" recordId="172650" ssn="785080874" firstName="Keir" middleName="V" lastName="Candelario" streetNumber="516" streetName="Polster Road" apartmentNumber="1j1" city="Blue River" state="KY" zip="41607"/>
</MarkedRecordPair>
<MarkedRecordPair decision="match" date="2007-03-22" user="rphall" src="matcher" comment="0.9846154">
<person entityId="75643" recordId="168510" ssn="000000000" firstName="Drinnan" middleName="Y" lastName="oJw" streetNumber="302" streetName="Karkotsky St" apartmentNumber="3p8" city="Kosrae" state="FM" zip="96944"/>
<person entityId="75643" recordId="172477" ssn="000000000" firstName="Drinnan" middleName="Y" lastName="Jow" streetNumber="412" streetName="Karkotsky St" apartmentNumber="3p8" city="Kosrae" state="FM" zip="96944"/>
</MarkedRecordPair>
<MarkedRecordPair decision="match" date="2007-03-22" user="rphall" src="matcher" comment="0.9846154">
<person entityId="69554" recordId="162045" ssn="548468228" firstName="Farrokh" middleName="" lastName="Rqaicu" streetNumber="106" streetName="Henriquez St" apartmentNumber="3h4" city="Tulsa" state="OK" zip="74104"/>
<person entityId="69554" recordId="169162" ssn="548468228" firstName="Farrokh" middleName="" lastName="Raicu" streetNumber="116" streetName="Henriquez St" apartmentNumber="3h4" city="Tulsa" state="OK" zip="74104"/>
</MarkedRecordPair>
<MarkedRecordPair decision="match" date="2007-03-22" user="rphall" src="matcher" comment="0.9846154">
<person entityId="85620" recordId="154685" ssn="000000000" firstName="Sillet" middleName="T" lastName="Visieation" streetNumber="023" streetName="Foxley Ln" apartmentNumber="4w3" city="Summerland" state="CA" zip="93067"/>
<person entityId="85620" recordId="157196" ssn="000000000" firstName="Sillet" middleName="T" lastName="Visitation" streetNumber="623" streetName="Foxley Ln" apartmentNumber="4w3" city="Summerland" state="CA" zip="93067"/>
</MarkedRecordPair>
<MarkedRecordPair decision="match" date="2007-03-22" user="rphall" src="matcher" comment="0.9846154">
<person entityId="91473" recordId="166937" ssn="230820146" firstName="Maihoefer" middleName="M" lastName="Noriko" streetNumber="" streetName="PO Boxz 2079" apartmentNumber="" city="Leola" state="AR" zip="72084"/>
<person entityId="91473" recordId="172557" ssn="230820146" firstName="Maihoefer" middleName="M" lastName="Noriko" streetNumber="" streetName="PO Box 2079" apartmentNumber="" city="Leola" state="AR" zip="72084"/>
</MarkedRecordPair>
<MarkedRecordPair decision="match" date="2007-03-22" user="rphall" src="matcher" comment="0.9846154">
<person entityId="93225" recordId="166590" ssn="000000000" firstName="Tzy" middleName="D" lastName="Fowle" streetNumber="" streetName="PO Box 1044" apartmentNumber="" city="Wounded Knee" state="SD" zip="57794"/>
<person entityId="93225" recordId="175730" ssn="000000000" firstName="Tzy" middleName="D" lastName="Fowle" streetNumber="686" streetName="Collomb Road" apartmentNumber="7s4" city="Wounded Knee" state="SD" zip="57794"/>
</MarkedRecordPair>
<MarkedRecordPair decision="match" date="2007-03-22" user="rphall" src="matcher" comment="0.9846154">
<person entityId="89157" recordId="154873" ssn="000000000" firstName="Zoehner" middleName="" lastName="Haghighi" streetNumber="889" streetName="Yukai" apartmentNumber="1h2" city="Washington" state="DC" zip="20418"/>
<person entityId="89157" recordId="156112" ssn="000000000" firstName="Zoehner" middleName="" lastName="Haghighi" streetNumber="" streetName="PO Box 1358" apartmentNumber="" city="Washington" state="DC" zip="20418"/>
</MarkedRecordPair>
<MarkedRecordPair decision="match" date="2007-03-22" user="rphall" src="matcher" comment="0.99610895">
<person entityId="84459" recordId="164435" ssn="000000000" firstName="Jeffery" middleName="Z" lastName="Pesa" streetNumber="238" streetName="Dobransky Road" apartmentNumber="4s6" city="Lwer Brule" state="SD" zip="57548"/>
<person entityId="84459" recordId="172753" ssn="000000000" firstName="Jeffery" middleName="Z" lastName="Pesa" streetNumber="238" streetName="Dobransky Road" apartmentNumber="4s6" city="Lower Brule" state="SD" zip="57548"/>
</MarkedRecordPair>
<MarkedRecordPair decision="match" date="2007-03-22" user="rphall" src="matcher" comment="0.99610895">
<person entityId="69609" recordId="161776" ssn="000000000" firstName="Likely" middleName="D" lastName="Poudret" streetNumber="828" streetName="Abnosamu Rd" apartmentNumber="1u5" city="Kosrae" state="FM" zip="96944"/>
<person entityId="69609" recordId="162323" ssn="000000000" firstName="Likely" middleName="D" lastName="Poudret" streetNumber="828" streetName="Abnosamu Rd" apartmentNumber="1u5" city="Koserae" state="FM" zip="96944"/>
</MarkedRecordPair>
<MarkedRecordPair decision="match" date="2007-03-22" user="rphall" src="matcher" comment="0.99610895">
<person entityId="75631" recordId="153678" ssn="605545644" firstName="Lynch" middleName="U" lastName="Hagio" streetNumber="799" streetName="Bohn Street" apartmentNumber="1r4" city="Boue" state="KS" zip="67625"/>
<person entityId="75631" recordId="171981" ssn="605545644" firstName="Lynch" middleName="U" lastName="Hagio" streetNumber="799" streetName="Bohn Street" apartmentNumber="1r4" city="Botgue" state="KS" zip="67625"/>
</MarkedRecordPair>
<MarkedRecordPair decision="match" date="2007-03-22" user="rphall" src="matcher" comment="0.9846154">
<person entityId="74639" recordId="162390" ssn="000000000" firstName="Illers" middleName="" lastName="Dilg" streetNumber="834" streetName="Chunling Street" apartmentNumber="0p4" city="Portland" state="OR" zip="97290"/>
<person entityId="74639" recordId="167566" ssn="000000000" firstName="Illers" middleName="" lastName="Dilg" streetNumber="834" streetName="Chunling Street" apartmentNumber="0p4" city="Portoland" state="OR" zip="27290"/>
</MarkedRecordPair>
<MarkedRecordPair decision="match" date="2007-03-22" user="rphall" src="matcher" comment="0.9846154">
<person entityId="76007" recordId="151931" ssn="731753543" firstName="Schreifels" middleName="D" lastName="Pambianchi" streetNumber="459" streetName="Parsazad St" apartmentNumber="2s3" city="Dawsok" state="GA" zip="21742"/>
<person entityId="76007" recordId="156209" ssn="731753543" firstName="Schreifels" middleName="D" lastName="Pambianchi" streetNumber="459" streetName="Parsazad St" apartmentNumber="2s3" city="Dawson" state="GA" zip="31742"/>
</MarkedRecordPair>
<MarkedRecordPair decision="match" date="2007-03-22" user="rphall" src="matcher" comment="0.9846154">
<person entityId="73367" recordId="147429" ssn="168832110" firstName="Misriah" middleName="B" lastName="Santoro" streetNumber="335" streetName="Ikebe Road" apartmentNumber="3h2" city="Wixkes" state="AR" zip="81973"/>
<person entityId="73367" recordId="148740" ssn="168832110" firstName="Misriah" middleName="B" lastName="Santoro" streetNumber="335" streetName="Ikebe Road" apartmentNumber="3h2" city="Wickes" state="AR" zip="71973"/>
</MarkedRecordPair>
<MarkedRecordPair decision="match" date="2007-03-22" user="rphall" src="matcher" comment="0.9846154">
<person entityId="85755" recordId="147298" ssn="335837783" firstName="Clotilde" middleName="h" lastName="Garwood" streetNumber="102" streetName="Gedra Road" apartmentNumber="8y5" city="Ssaint Thomas" state="ND" zip="58276"/>
<person entityId="85755" recordId="154252" ssn="335837783" firstName="Clotilde" middleName="Q" lastName="Garwood" streetNumber="102" streetName="Gedra Road" apartmentNumber="8y5" city="Saint Thomas" state="ND" zip="58276"/>
</MarkedRecordPair>
<MarkedRecordPair decision="match" date="2007-03-22" user="rphall" src="matcher" comment="0.9846154">
<person entityId="55720" recordId="135875" ssn="252664854" firstName="Proehl" middleName="" lastName="Cole" streetNumber="493" streetName="Josee Street" apartmentNumber="3u8" city="Haverhill" state="IA" zip="50120"/>
<person entityId="55720" recordId="137964" ssn="252664854" firstName="Proehl" middleName="u" lastName="Cole" streetNumber="493" streetName="Josee Street" apartmentNumber="3u8" city="gHaverhill" state="IA" zip="50120"/>
</MarkedRecordPair>
<MarkedRecordPair decision="match" date="2007-03-22" user="rphall" src="matcher" comment="0.9846154">
<person entityId="62749" recordId="130572" ssn="324143160" firstName="Canafax" middleName="" lastName="Pianucci" streetNumber="340" streetName="Aleen" apartmentNumber="2g2" city="slbuquerque" state="NM" zip="87117"/>
<person entityId="62749" recordId="145594" ssn="324143160" firstName="Canafax" middleName="a" lastName="Pianucci" streetNumber="340" streetName="Aleen" apartmentNumber="2g2" city="Albuquerque" state="NM" zip="87117"/>
</MarkedRecordPair>
<MarkedRecordPair decision="differ" date="2007-03-22" user="rphall" src="matcher" comment="0.05882353">
<person entityId="90762" recordId="182274" ssn="150301163" firstName="Briana" middleName="O" lastName="Mosur" streetNumber="938" streetName="Fujioka" apartmentNumber="4j1" city="Fairfax" state="VA" zip="22038"/>
<person entityId="98210" recordId="196944" ssn="666664277" firstName="Jeanluc" middleName="O" lastName="Casara" streetNumber="" streetName="PO Box 2767" apartmentNumber="" city="Fairfax" state="MN" zip="55332"/>
</MarkedRecordPair>
<MarkedRecordPair decision="differ" date="2007-03-22" user="rphall" src="matcher" comment="0.05882353">
<person entityId="83298" recordId="164160" ssn="000000000" firstName="Hoewisch" middleName="H" lastName="Lutes" streetNumber="548" streetName="Jesu Avenue" apartmentNumber="2v1" city="Greenwood" state="NE" zip="68366"/>
<person entityId="103332" recordId="166647" ssn="000000000" firstName="Sergei" middleName="S" lastName="Toshie" streetNumber="" streetName="PO Box 204" apartmentNumber="" city="Greenwood" state="VA" zip="22943"/>
</MarkedRecordPair>
<MarkedRecordPair decision="differ" date="2007-03-22" user="rphall" src="matcher" comment="0.05882353">
<person entityId="63709" recordId="160563" ssn="000000000" firstName="Hollingworth" middleName="X" lastName="Boppana" streetNumber="105" streetName="Kuwabara Ave" apartmentNumber="2v6" city="Osage" state="WV" zip="26543"/>
<person entityId="92322" recordId="171515" ssn="000000000" firstName="Bari" middleName="P" lastName="Kars" streetNumber="" streetName="PO Box 3708" apartmentNumber="" city="Osage" state="WY" zip="82723"/>
</MarkedRecordPair>
<MarkedRecordPair decision="differ" date="2007-03-22" user="rphall" src="matcher" comment="0.05882353">
<person entityId="86511" recordId="157103" ssn="000000000" firstName="Grills" middleName="" lastName="Mailolo" streetNumber="" streetName="PO Baox 815" apartmentNumber="" city="East Andover" state="NH" zip="03231"/>
<person entityId="92691" recordId="185391" ssn="000000000" firstName="Koslowski" middleName="K" lastName="Ojars" streetNumber="67" streetName="Savard Rd" apartmentNumber="6q4" city="East Andover" state="ME" zip="04226"/>
</MarkedRecordPair>
<MarkedRecordPair decision="differ" date="2007-03-22" user="rphall" src="matcher" comment="0.05882353">
<person entityId="68379" recordId="156007" ssn="243404764" firstName="Groeger" middleName="" lastName="Wetteland" streetNumber="" streetName="PO Box 1662x" apartmentNumber="" city="Potomac" state="IL" zip="61865"/>
<person entityId="66724" recordId="157741" ssn="366173138" firstName="Felinidad" middleName="" lastName="Wetteland" streetNumber="355" streetName="Hadidi Avenue" apartmentNumber="8f7" city="Athens" state="GA" zip="30609"/>
</MarkedRecordPair>
<MarkedRecordPair decision="differ" date="2007-03-22" user="rphall" src="matcher" comment="0.05882353">
<person entityId="58541" recordId="151077" ssn="000000000" firstName="Ripoll" middleName="" lastName="Dpierre" streetNumber="882" streetName="Agace" apartmentNumber="3e8" city="Taiban" state="NM" zip="88134"/>
<person entityId="103974" recordId="184500" ssn="615072685" firstName="Bealle" middleName="" lastName="Dpierre" streetNumber="" streetName="PO Box 4767" apartmentNumber="" city="Manfred" state="ND" zip="58465"/>
</MarkedRecordPair>
<MarkedRecordPair decision="differ" date="2007-03-22" user="rphall" src="matcher" comment="0.05882353">
<person entityId="54395" recordId="142713" ssn="613780455" firstName="Catherin" middleName="" lastName="Krzywinski" streetNumber="312" streetName="Sink Road" apartmentNumber="2c1" city="Royalton" state="KY" zip="41464"/>
<person entityId="101994" recordId="152046" ssn="401334884" firstName="Lappa" middleName="" lastName="Krzywinski" streetNumber="" streetName="PO Box 431" apartmentNumber="" city="Comstock Park" state="MI" zip="49321"/>
</MarkedRecordPair>
<MarkedRecordPair decision="differ" date="2007-03-22" user="rphall" src="matcher" comment="0.05882353">
<person entityId="70035" recordId="168673" ssn="000000000" firstName="Valto" middleName="D" lastName="Guisler" streetNumber="164" streetName="Grandinetti" apartmentNumber="1f5" city="San Antonio" state="TX" zip="78294"/>
<person entityId="107792" recordId="185372" ssn="000000000" firstName="Furoncek" middleName="O" lastName="Haddow" streetNumber="318" streetName="Ella Street" apartmentNumber="7s7" city="San Antonio" state="TX" zip="78262"/>
</MarkedRecordPair>
<MarkedRecordPair decision="differ" date="2007-03-22" user="rphall" src="matcher" comment="0.05882353">
<person entityId="94758" recordId="165766" ssn="000000000" firstName="Earls" middleName="B" lastName="Myrilla" streetNumber="998" streetName="Kitz Parkway" apartmentNumber="7n3" city="Salem" state="OR" zip="97312"/>
<person entityId="92946" recordId="166172" ssn="000000000" firstName="Boservice" middleName="N" lastName="As" streetNumber="948" streetName="Gudat Street" apartmentNumber="3h8" city="Salem" state="OR" zip="97306"/>
</MarkedRecordPair>
<MarkedRecordPair decision="differ" date="2007-03-22" user="rphall" src="matcher" comment="0.05882353">
<person entityId="75935" recordId="172563" ssn="000000000" firstName="Khas" middleName="D" lastName="Finsterbusch" streetNumber="734" streetName="Stitz Street" apartmentNumber="6a5" city="New Orleans" state="LA" zip="70186"/>
<person entityId="106298" recordId="182775" ssn="000000000" firstName="Breilh" middleName="" lastName="Nord" streetNumber="916" streetName="Schuetzl Avenue" apartmentNumber="0y2" city="New Orleans" state="LA" zip="70175"/>
</MarkedRecordPair>
<MarkedRecordPair decision="differ" date="2007-03-22" user="rphall" src="matcher" comment="0.05882353">
<person entityId="101788" recordId="170368" ssn="330637456" firstName="Cpaps" middleName="M" lastName="Sarasvathi" streetNumber="" streetName="PO Box 1409" apartmentNumber="" city="Roanoke" state="LA" zip="70581"/>
<person entityId="106450" recordId="196693" ssn="646353366" firstName="Vavhoux" middleName="M" lastName="Synness" streetNumber="468" streetName="Colinda" apartmentNumber="1a3" city="Roanoke" state="VA" zip="24041"/>
</MarkedRecordPair>
<MarkedRecordPair decision="differ" date="2007-03-22" user="rphall" src="matcher" comment="0.05882353">
<person entityId="81048" recordId="146091" ssn="583416138" firstName="Dulhy" middleName="" lastName="Pachal" streetNumber="" streetName="POB ox 3209" apartmentNumber="" city="Lucerne" state="IN" zip="46950"/>
<person entityId="106418" recordId="164803" ssn="712882124" firstName="Xu" middleName="" lastName="Gizela" streetNumber="" streetName="PO Box 1256" apartmentNumber="" city="Lucerne" state="MO" zip="64655"/>
</MarkedRecordPair>
<MarkedRecordPair decision="differ" date="2007-03-22" user="rphall" src="matcher" comment="0.05882353">
<person entityId="77631" recordId="168212" ssn="000000000" firstName="Rossiello" middleName="" lastName="Ottinger" streetNumber="142" streetName="Zfhyah St" apartmentNumber="1v7" city="Warwick" state="RI" zip="02889"/>
<person entityId="101136" recordId="197238" ssn="600643764" firstName="Mandayam" middleName="" lastName="Giff" streetNumber="461" streetName="Vanbenthem Ave" apartmentNumber="7z4" city="Waarwick" state="RI" zip="02889"/>
</MarkedRecordPair>
<MarkedRecordPair decision="differ" date="2007-03-22" user="rphall" src="matcher" comment="0.05882353">
<person entityId="60475" recordId="144506" ssn="000000000" firstName="Schibig" middleName="" lastName="Nirwan" streetNumber="447" streetName="Dioso Avenue" apartmentNumber="8q4" city="Hartford" state="CT" zip="06183"/>
<person entityId="97630" recordId="155436" ssn="212873260" firstName="Crissy" middleName="" lastName="Traboulsi" streetNumber="144" streetName="Gembarowski Lane" apartmentNumber="8s8" city="Harford" state="CT" zip="06183"/>
</MarkedRecordPair>
<MarkedRecordPair decision="differ" date="2007-03-22" user="rphall" src="matcher" comment="0.05882353">
<person entityId="97290" recordId="139638" ssn="504500030" firstName="Pinder" middleName="R" lastName="Luescjer" streetNumber="38" streetName="Clemens Rd" apartmentNumber="8a1" city="Sagaore" state="MA" zip="02561"/>
<person entityId="91542" recordId="153882" ssn="774885407" firstName="Jani" middleName="R" lastName="Jerrilyn" streetNumber="30" streetName="Buzzy" apartmentNumber="4i5" city="Sagamore" state="MA" zip="02561"/>
</MarkedRecordPair>
<MarkedRecordPair decision="differ" date="2007-03-22" user="rphall" src="matcher" comment="0.05882353">
<person entityId="81951" recordId="180903" ssn="383800712" firstName="Tantscher" middleName="W" lastName="Moodie" streetNumber="349" streetName="Sissi St" apartmentNumber="0d3" city="Methow" state="WA" zip="98834"/>
<person entityId="87927" recordId="182877" ssn="304105525" firstName="Clotz" middleName="W" lastName="Moodie" streetNumber="104" streetName="Chrstph Avenue" apartmentNumber="7i5" city="Galvin" state="WA" zip="98544"/>
</MarkedRecordPair>
<MarkedRecordPair decision="differ" date="2007-03-22" user="rphall" src="matcher" comment="0.05882353">
<person entityId="100092" recordId="169982" ssn="000000000" firstName="Meric" middleName="Q" lastName="Asbagh" streetNumber="34" streetName="Surjit Avenue" apartmentNumber="6n4" city="South Ryegate" state="VT" zip="05069"/>
<person entityId="85824" recordId="172043" ssn="000000000" firstName="Tarne" middleName="I" lastName="Annequin" streetNumber="137" streetName="Dehaen Rd" apartmentNumber="4q2" city="South Ryeate" state="VT" zip="05069"/>
</MarkedRecordPair>
<MarkedRecordPair decision="differ" date="2007-03-22" user="rphall" src="matcher" comment="0.05882353">
<person entityId="75091" recordId="164397" ssn="000000000" firstName="Jaliha" middleName="K" lastName="Ven" streetNumber="239" streetName="Alfano Street" apartmentNumber="3x5" city="Colts Neck" state="NJ" zip="07722"/>
<person entityId="87147" recordId="180784" ssn="000000000" firstName="Helier" middleName="" lastName="Boniface" streetNumber="517" streetName="Kassissia Ave" apartmentNumber="6j0" city="Coltso Neck" state="NJ" zip="07722"/>
</MarkedRecordPair>
<MarkedRecordPair decision="differ" date="2007-03-22" user="rphall" src="matcher" comment="0.05882353">
<person entityId="95528" recordId="157485" ssn="000000000" firstName="Germaine" middleName="D" lastName="Dulot" streetNumber="461" streetName="Nihar Parkway" apartmentNumber="1h0" city="ew London" state="WI" zip="54961"/>
<person entityId="104128" recordId="163793" ssn="000000000" firstName="Laurena" middleName="Z" lastName="Spiegle" streetNumber="777" streetName="Cheal St" apartmentNumber="7s1" city="New London" state="WI" zip="54961"/>
</MarkedRecordPair>
<MarkedRecordPair decision="differ" date="2007-03-22" user="rphall" src="matcher" comment="0.05882353">
<person entityId="75655" recordId="174825" ssn="000000000" firstName="Westby" middleName="" lastName="lOcazaki" streetNumber="" streetName="PO Box 2896" apartmentNumber="" city="White Swan" state="WA" zip="98952"/>
<person entityId="93880" recordId="176920" ssn="302866030" firstName="Roetterer" middleName="" lastName="Palmby" streetNumber="" streetName="PO Box 2896" apartmentNumber="" city="West Alexandria" state="OH" zip="45381"/>
</MarkedRecordPair>
<MarkedRecordPair decision="differ" date="2007-03-22" user="rphall" src="matcher" comment="0.05882353">
<person entityId="85644" recordId="174730" ssn="000000000" firstName="Chaim" middleName="H" lastName="Zhe" streetNumber="" streetName="PO Box 4691" apartmentNumber="" city="Captain Cook" state="HI" zip="96704"/>
<person entityId="82977" recordId="179102" ssn="624560825" firstName="Alicia" middleName="" lastName="Zhe" streetNumber="446" streetName="Kwing Avenue" apartmentNumber="6x6" city="Honolulu" state="HI" zip="96846"/>
</MarkedRecordPair>
<MarkedRecordPair decision="differ" date="2007-03-22" user="rphall" src="matcher" comment="0.05882353">
<person entityId="76143" recordId="173864" ssn="721075824" firstName="Hymanr" middleName="A" lastName="Carmella" streetNumber="757" streetName="Kolasa Street" apartmentNumber="4t7" city="Agana" state="TX" zip="96925"/>
<person entityId="108340" recordId="179793" ssn="000000000" firstName="Hauswald" middleName="" lastName="Sompong" streetNumber="" streetName="PO Box 4700" apartmentNumber="" city="Agana" state="GU" zip="96925"/>
</MarkedRecordPair>
<MarkedRecordPair decision="match" date="2007-03-22" user="rphall" src="matcher" comment="0.05882353">
<person entityId="91440" recordId="167997" ssn="177540758" firstName="Benjes" middleName="W" lastName="Chupin" streetNumber="456" streetName="Giampiero Ln" apartmentNumber="5n8" city="Seattle" state="WA" zip="98154"/>
<person entityId="91440" recordId="174060" ssn="177040728" firstName="Benjes" middleName="W" lastName="Chupin" streetNumber="114" streetName="Consultants Lane" apartmentNumber="4s7" city="Jonancy" state="KY" zip="41538"/>
</MarkedRecordPair>
<MarkedRecordPair decision="match" date="2007-03-22" user="rphall" src="matcher" comment="0.05882353">
<person entityId="89481" recordId="161094" ssn="483518871" firstName="Orsini" middleName="F" lastName="Raisl" streetNumber="677" streetName="Nastari" apartmentNumber="1h3" city="Winston-Sallem" state="NC" zip="27110"/>
<person entityId="89481" recordId="174826" ssn="483118671" firstName="Orsini" middleName="F" lastName="Raisl" streetNumber="333" streetName="Ozalp St" apartmentNumber="4e4" city="Hollancd" state="OH" zip="43528"/>
</MarkedRecordPair>
<MarkedRecordPair decision="match" date="2007-03-22" user="rphall" src="matcher" comment="0.05882353">
<person entityId="91254" recordId="160928" ssn="504601736" firstName="Paulsen" middleName="N" lastName="Rongjwyn" streetNumber="825" streetName="Papadopulos" apartmentNumber="1p7" city="Polvadrea" state="NM" zip="87828"/>
<person entityId="91254" recordId="171658" ssn="704603736" firstName="Paulsen" middleName="N" lastName="Rongjwyn" streetNumber="754" streetName="Gagnow Pkwy" apartmentNumber="3k5" city="San Luis Obispo" state="CA" zip="93406"/>
</MarkedRecordPair>
<MarkedRecordPair decision="differ" date="2007-03-22" user="rphall" src="matcher" comment="0.05882353">
<person entityId="73739" recordId="161568" ssn="773782244" firstName="Peloza" middleName="W" lastName="Gisel" streetNumber="471" streetName="Glaletta Ln" apartmentNumber="3n4" city="Tacoma" state="WA" zip="98494"/>
<person entityId="96606" recordId="163048" ssn="204472210" firstName="Rathje" middleName="Z" lastName="Dery" streetNumber="471" streetName="Mostes Rd" apartmentNumber="1m0" city="Tacoma" state="WA" zip="98397"/>
</MarkedRecordPair>
<MarkedRecordPair decision="differ" date="2007-03-22" user="rphall" src="matcher" comment="0.05882353">
<person entityId="103604" recordId="160858" ssn="655451527" firstName="Gumport" middleName="S" lastName="Dropsy" streetNumber="14" streetName="Garrity Rd" apartmentNumber="4q0" city="Orofino" state="ID" zip="83144"/>
<person entityId="85347" recordId="185133" ssn="000000000" firstName="Falkenstrom" middleName="K" lastName="Fotheringham" streetNumber="14" streetName="Savala" apartmentNumber="1g8" city="Orofino" state="ID" zip="83544"/>
</MarkedRecordPair>
<MarkedRecordPair decision="differ" date="2007-03-22" user="rphall" src="matcher" comment="0.05882353">
<person entityId="100040" recordId="100040" ssn="632187651" firstName="Gyllenberg" middleName="K" lastName="Ahtye" streetNumber="856" streetName="Piepoli Ave" apartmentNumber="3f2" city="Rockville" state="MD" zip="20852"/>
<person entityId="39337" recordId="113363" ssn="454806735" firstName="Burrow" middleName="A" lastName="Albanesi" streetNumber="856" streetName="Oturakli Road" apartmentNumber="5e1" city="Rockville" state="MD" zip="20850"/>
</MarkedRecordPair>
<MarkedRecordPair decision="differ" date="2007-03-22" user="rphall" src="matcher" comment="0.05882353">
<person entityId="75859" recordId="159772" ssn="000000000" firstName="Balandis" middleName="K" lastName="Gaughan" streetNumber="58" streetName="Nital St" apartmentNumber="3x4" city="drowheart" state="WY" zip="82512"/>
<person entityId="66639" recordId="161788" ssn="000000000" firstName="Mukund" middleName="" lastName="Gaughan" streetNumber="" streetName="PO Boz 3642" apartmentNumber="" city="Honolulu" state="HI" zip="96807"/>
</MarkedRecordPair>
<MarkedRecordPair decision="differ" date="2007-03-22" user="rphall" src="matcher" comment="0.05882353">
<person entityId="74379" recordId="152921" ssn="000000000" firstName="Mahlen" middleName="V" lastName="Roetker" streetNumber="746" streetName="Rek Rd" apartmentNumber="0s7" city="Helen" state="MD" zip="20635"/>
<person entityId="105374" recordId="170308" ssn="000000000" firstName="Wallon" middleName="U" lastName="Roetker" streetNumber="" streetName="PO Box 3285" apartmentNumber="" city="Heber Springs" state="AR" zip="72543"/>
</MarkedRecordPair>
<MarkedRecordPair decision="differ" date="2007-03-22" user="rphall" src="matcher" comment="0.05882353">
<person entityId="99314" recordId="145839" ssn="000000000" firstName="Kunaasundri" middleName="L" lastName="Terr" streetNumber="" streetName="PO Box 2180" apartmentNumber="" city="Buffalo" state="WV" zip="25033"/>
<person entityId="68784" recordId="156776" ssn="000000000" firstName="Jyabalan" middleName="" lastName="Terr" streetNumber="642" streetName="Marvich Rd" apartmentNumber="7b1" city="Gann Valley" state="SD" zip="57341"/>
</MarkedRecordPair>
<MarkedRecordPair decision="differ" date="2007-03-22" user="rphall" src="matcher" comment="0.05882353">
<person entityId="98806" recordId="158730" ssn="000000000" firstName="Merlina" middleName="" lastName="Volta" streetNumber="101" streetName="Haddon Ave" apartmentNumber="8x4" city="Lengby" state="MN" zip="56651"/>
<person entityId="80304" recordId="178889" ssn="000000000" firstName="Dhanvinder" middleName="" lastName="Volta" streetNumber="638" streetName="Philippe St" apartmentNumber="6e4" city="Lawndale" state="NC" zip="28090"/>
</MarkedRecordPair>
<MarkedRecordPair decision="differ" date="2007-03-22" user="rphall" src="matcher" comment="0.05882353">
<person entityId="55657" recordId="146507" ssn="000000000" firstName="Adan" middleName="R" lastName="Kegle" streetNumber="936" streetName="Jarnak Road" apartmentNumber="8p6" city="Trujillo Alto" state="PR" zip="00760"/>
<person entityId="107016" recordId="159835" ssn="000000000" firstName="Wahtera" middleName="R" lastName="Kegle" streetNumber="133" streetName="Delbuono" apartmentNumber="4a8" city="New Orleans" state="LA" zip="70126"/>
</MarkedRecordPair>
<MarkedRecordPair decision="differ" date="2007-03-22" user="rphall" src="matcher" comment="0.05882353">
<person entityId="101306" recordId="101306" ssn="000000000" firstName="Jasen" middleName="U" lastName="Labarge" streetNumber="852" streetName="Arin Street" apartmentNumber="4b2" city="Saint Benedict" state="OR" zip="97373"/>
<person entityId="105706" recordId="145630" ssn="000000000" firstName="Ramachandran" middleName="U" lastName="Labarge" streetNumber="913" streetName="Baize St" apartmentNumber="6h3" city="Libuse" state="LA" zip="71348"/>
</MarkedRecordPair>
<MarkedRecordPair decision="match" date="2007-03-22" user="rphall" src="matcher" comment="0.05882353">
<person entityId="64839" recordId="156003" ssn="124707735" firstName="Bernardini" middleName="M" lastName="Rakiner" streetNumber="117" streetName="Aga Road" apartmentNumber="6v0" city="Wilmington" state="DE" zip="19850"/>
<person entityId="64839" recordId="164060" ssn="124607755" firstName="Bernardini" middleName="M" lastName="Rainer" streetNumber="818" streetName="Colla" apartmentNumber="7n6" city="Wilmingyon" state="DE" zip="19857"/>
</MarkedRecordPair>
<MarkedRecordPair decision="match" date="2007-03-22" user="rphall" src="matcher" comment="0.05882353">
<person entityId="31964" recordId="104299" ssn="157508006" firstName="Rawson" middleName="" lastName="Habib" streetNumber="637" streetName="Yoshiyama Pkwy" apartmentNumber="0a6" city="Svcranton" state="PA" zip="68515"/>
<person entityId="31964" recordId="124251" ssn="147308006" firstName="Rawson" middleName="" lastName="Hagib" streetNumber="267" streetName="Devoe" apartmentNumber="8j8" city="Scranton" state="PA" zip="18515"/>
</MarkedRecordPair>
<MarkedRecordPair decision="match" date="2007-03-22" user="rphall" src="matcher" comment="0.05882353">
<person entityId="24698" recordId="119293" ssn="786604384" firstName="Amuzie" middleName="Q" lastName="Rowena" streetNumber="851" streetName="Starndvold Ave" apartmentNumber="1b7" city="rarrell" state="AR" zip="71755"/>
<person entityId="24698" recordId="120872" ssn="781604385" firstName="Amuzie" middleName="Q" lastName="Rowepa" streetNumber="751" streetName="Huxman Pkwy" apartmentNumber="6m7" city="Harrell" state="AR" zip="71745"/>
</MarkedRecordPair>
<MarkedRecordPair decision="differ" date="2007-03-22" user="rphall" src="matcher" comment="0.05882353">
<person entityId="85953" recordId="159990" ssn="000000000" firstName="Furukawa" middleName="Z" lastName="Nickles" streetNumber="317" streetName="Abie Rd" apartmentNumber="0f7" city="San Juan" state="PR" zip="00907"/>
<person entityId="96248" recordId="163759" ssn="000000000" firstName="Sic" middleName="F" lastName="garnner" streetNumber="746" streetName="Friedel Ave" apartmentNumber="0w0" city="San Juan" state="TX" zip="00907"/>
</MarkedRecordPair>
<MarkedRecordPair decision="differ" date="2007-03-22" user="rphall" src="matcher" comment="0.05882353">
<person entityId="71071" recordId="146807" ssn="000000000" firstName="Bettcher" middleName="" lastName="Ota" streetNumber="362" streetName="Ryley St" apartmentNumber="7g3" city="Holly Hill" state="VA" zip="29059"/>
<person entityId="108116" recordId="159500" ssn="000000000" firstName="Neher" middleName="A" lastName="Mortimer" streetNumber="759" streetName="Pattison Avenue" apartmentNumber="1l6" city="Holly Hill" state="SC" zip="29059"/>
</MarkedRecordPair>
<MarkedRecordPair decision="differ" date="2007-03-22" user="rphall" src="matcher" comment="0.05882353">
<person entityId="100996" recordId="100996" ssn="000000000" firstName="Gallo" middleName="A" lastName="Mionahan" streetNumber="1" streetName="Flandez Parkway" apartmentNumber="8y8" city="La Grange" state="AR" zip="72352"/>
<person entityId="107444" recordId="127994" ssn="000000000" firstName="Fantoni" middleName="" lastName="Rosalina" streetNumber="594" streetName="Sherona Pkwy" apartmentNumber="0c3" city="La Grange" state="NM" zip="72352"/>
</MarkedRecordPair>
<MarkedRecordPair decision="differ" date="2007-03-22" user="rphall" src="matcher" comment="0.05882353">
<person entityId="34285" recordId="126567" ssn="418618207" firstName="Bourassa" middleName="G" lastName="Shimane" streetNumber="" streetName="PO Box 497" apartmentNumber="" city="Casper" state="WY" zip="82604"/>
<person entityId="100018" recordId="136413" ssn="775283568" firstName="Lowen" middleName="O" lastName="Robotka" streetNumber="166" streetName="Dugosh Ave" apartmentNumber="6h0" city="Casper" state="ND" zip="82604"/>
</MarkedRecordPair>
<MarkedRecordPair decision="differ" date="2007-03-22" user="rphall" src="matcher" comment="0.05882353">
<person entityId="57036" recordId="121547" ssn="000000000" firstName="Rubaida" middleName="" lastName="Noemi" streetNumber="" streetName="PO ox 3963" apartmentNumber="" city="Hopkinton" state="MA" zip="02833"/>
<person entityId="106224" recordId="148992" ssn="252261653" firstName="Chanza" middleName="P" lastName="Leyson" streetNumber="399" streetName="Tsuda Pkwy" apartmentNumber="2t7" city="Hopkinton" state="RI" zip="02833"/>
</MarkedRecordPair>
<MarkedRecordPair decision="differ" date="2007-03-22" user="rphall" src="matcher" comment="0.05882353">
<person entityId="52592" recordId="121286" ssn="652564542" firstName="Jsayjay" middleName="" lastName="Jolie" streetNumber="" streetName="PO Box 2251" apartmentNumber="" city="Gloucester" state="MA" zip="01930"/>
<person entityId="62677" recordId="129856" ssn="377255206" firstName="oane" middleName="V" lastName="Jolie" streetNumber="067" streetName="Abehassera Road" apartmentNumber="5b8" city="Cummaquid" state="MA" zip="02637"/>
</MarkedRecordPair>
<MarkedRecordPair decision="differ" date="2007-03-22" user="rphall" src="matcher" comment="0.05882353">
<person entityId="47027" recordId="118854" ssn="666823044" firstName="Decoursey" middleName="M" lastName="Sourin" streetNumber="230" streetName="Doyen Road" apartmentNumber="4i1" city="Springfield" state="MA" zip="01115"/>
<person entityId="82812" recordId="146467" ssn="450680046" firstName="Hays" middleName="I" lastName="Sourin" streetNumber="" streetName="PO Box 915" apartmentNumber="" city="Centerville" state="MA" zip="02634"/>
</MarkedRecordPair>
<MarkedRecordPair decision="differ" date="2007-03-22" user="rphall" src="matcher" comment="0.05882353">
<person entityId="26151" recordId="120374" ssn="734628853" firstName="Pianucci" middleName="" lastName="Kitrick" streetNumber="" streetName="PO Box 651" apartmentNumber="" city="Kalkyaska" state="MI" zip="49646"/>
<person entityId="101458" recordId="128696" ssn="377665448" firstName="Catharine" middleName="" lastName="Beringuier" streetNumber="" streetName="PO Box 651" apartmentNumber="" city="Totowa" state="NJ" zip="07512"/>
</MarkedRecordPair>
<MarkedRecordPair decision="differ" date="2007-03-22" user="rphall" src="matcher" comment="0.05882353">
<person entityId="81372" recordId="118406" ssn="728764363" firstName="Krla" middleName="R" lastName="Sideli" streetNumber="" streetName="PO Box 1766" apartmentNumber="" city="Cruz Bay" state="VI" zip="07831"/>
<person entityId="64979" recordId="129274" ssn="214726766" firstName="Ptacek" middleName="R" lastName="Akimoto" streetNumber="" streetName="PO Box 1766" apartmentNumber="" city="Hope" state="KY" zip="40334"/>
</MarkedRecordPair>
<MarkedRecordPair decision="differ" date="2007-03-22" user="rphall" src="matcher" comment="0.05882353">
<person entityId="56546" recordId="125940" ssn="507576251" firstName="Boy" middleName="" lastName="Rydell" streetNumber="194" streetName="Bronno" apartmentNumber="8p1" city="Marvel" state="CO" zip="81329"/>
<person entityId="103574" recordId="172100" ssn="000000000" firstName="Suman" middleName="" lastName="Rydell" streetNumber="314" streetName="Jeanson" apartmentNumber="6o1" city="Bond" state="CO" zip="80423"/>
</MarkedRecordPair>
<MarkedRecordPair decision="differ" date="2007-03-22" user="rphall" src="matcher" comment="0.05882353">
<person entityId="81951" recordId="106274" ssn="383800712" firstName="Tantscher" middleName="W" lastName="Moodie" streetNumber="349" streetName="Sissi St" apartmentNumber="0d3" city="Methow" state="WA" zip="98834"/>
<person entityId="87927" recordId="121151" ssn="374105523" firstName="Clotz" middleName="W" lastName="Moodie" streetNumber="104" streetName="Chrstph Avenue" apartmentNumber="7i5" city="Galvin" state="WA" zip="98544"/>
</MarkedRecordPair>
<MarkedRecordPair decision="match" date="2007-03-22" user="rphall" src="matcher" comment="0.8">
<person entityId="77879" recordId="160512" ssn="701438554" firstName="Krisha" middleName="" lastName="Krajack" streetNumber="296" streetName="Marden Avenue" apartmentNumber="8p3" city="Back Hawk" state="SD" zip="57718"/>
<person entityId="77879" recordId="167594" ssn="701482554" firstName="Krisha" middleName="" lastName="Krajack" streetNumber="246" streetName="Marden Av" apartmentNumber="8p3" city="Black Hawk" state="SD" zip="57718"/>
</MarkedRecordPair>
<MarkedRecordPair decision="match" date="2007-03-22" user="rphall" src="matcher" comment="0.8">
<person entityId="87684" recordId="178641" ssn="656032153" firstName="Boult" middleName="U" lastName="Marsiella" streetNumber="834" streetName="Subsraa Road" apartmentNumber="8t8" city="ot Springs National Park" state="AR" zip="71901"/>
<person entityId="87684" recordId="183488" ssn="666337553" firstName="Boult" middleName="U" lastName="Marsiela" streetNumber="834" streetName="Sibsara Road" apartmentNumber="8t8" city="Hot Springs National Park" state="AR" zip="71901"/>
</MarkedRecordPair>
<MarkedRecordPair decision="match" date="2007-03-22" user="rphall" src="matcher" comment="0.8">
<person entityId="90186" recordId="173790" ssn="118635818" firstName="edenbach" middleName="F" lastName="Rauschuber" streetNumber="942" streetName="Xila Street" apartmentNumber="0n3" city="Galilee" state="PA" zip="18423"/>
<person entityId="90186" recordId="180142" ssn="108630818" firstName="Redenbach" middleName="F" lastName="Rauschuber" streetNumber="941" streetName="Xila Street" apartmentNumber="0n3" city="Gailee" state="PA" zip="18423"/>
</MarkedRecordPair>
<MarkedRecordPair decision="match" date="2007-03-22" user="rphall" src="matcher" comment="0.8">
<person entityId="82257" recordId="164443" ssn="207406250" firstName="Scherba" middleName="Y" lastName="Gavillucci" streetNumber="" streetName="PO Box 3762" apartmentNumber="" city="Alton" state="NH" zip="03809"/>
<person entityId="82257" recordId="167441" ssn="207406250" firstName="Scherba" middleName="Y" lastName="Gavillucci" streetNumber="" streetName="PO Bo 3762" apartmentNumber="" city="sAlton" state="AZ" zip="03809"/>
</MarkedRecordPair>
<MarkedRecordPair decision="match" date="2007-03-22" user="rphall" src="matcher" comment="0.8">
<person entityId="93204" recordId="163772" ssn="357131886" firstName="Lexey" middleName="" lastName="Markesteny" streetNumber="727" streetName="Tildie Avenue" apartmentNumber="7b7" city="Paw Paw" state="WV" zip="25434"/>
<person entityId="93204" recordId="165300" ssn="357131886" firstName="Lexey" middleName="" lastName="Markesteyn" streetNumber="854" streetName="Kalrik Rd" apartmentNumber="6t6" city="Paw Paw" state="WV" zip="25434"/>
</MarkedRecordPair>
<MarkedRecordPair decision="match" date="2007-03-22" user="rphall" src="matcher" comment="0.8">
<person entityId="59917" recordId="151952" ssn="000000000" firstName="Muldoon" middleName="E" lastName="Catherwood" streetNumber="142" streetName="Polick Avenue" apartmentNumber="8w8" city="Cawker City" state="KS" zip="67430"/>
<person entityId="59917" recordId="154640" ssn="000000000" firstName="M" middleName="E" lastName="Catherwood" streetNumber="148" streetName="Kaczynski Ave" apartmentNumber="0b5" city="Cawker City" state="KS" zip="67430"/>
</MarkedRecordPair>
<MarkedRecordPair decision="match" date="2007-03-22" user="rphall" src="matcher" comment="0.8">
<person entityId="77763" recordId="171378" ssn="110734263" firstName="Maryrose" middleName="Z" lastName="Colbourne" streetNumber="825" streetName="Bristor" apartmentNumber="6e1" city="Frederiksted" state="VI" zip="00840"/>
<person entityId="77763" recordId="174776" ssn="110534563" firstName="M" middleName="Z" lastName="Maryrlse" streetNumber="855" streetName="Bristor" apartmentNumber="6e1" city="Frederiksted" state="VI" zip="00840"/>
</MarkedRecordPair>
<MarkedRecordPair decision="match" date="2007-03-22" user="rphall" src="matcher" comment="0.8">
<person entityId="89175" recordId="165535" ssn="000000000" firstName="Tovbener" middleName="" lastName="Naim" streetNumber="" streetName="PO aox 1413" apartmentNumber="" city="culuth" state="MN" zip="55803"/>
<person entityId="89175" recordId="175718" ssn="000000000" firstName="Tobener" middleName="" lastName="Naim" streetNumber="" streetName="PO Box 1413" apartmentNumber="" city="Duluth" state="MN" zip="55803"/>
</MarkedRecordPair>
<MarkedRecordPair decision="differ" date="2007-03-22" user="rphall" src="matcher" comment="0.8">
<person entityId="59136" recordId="151100" ssn="000000000" firstName="Redberg" middleName="G" lastName="Audrienne" streetNumber="" streetName="PO Box 4768" apartmentNumber="" city="Foster" state="RI" zip="02825"/>
<person entityId="99732" recordId="184887" ssn="000000000" firstName="Yoshihiko" middleName="G" lastName="Stolle" streetNumber="881" streetName="Genevi Parkway" apartmentNumber="2s2" city="Foster" state="RI" zip="02825"/>
</MarkedRecordPair>
<MarkedRecordPair decision="match" date="2007-03-22" user="rphall" src="matcher" comment="0.8">
<person entityId="91764" recordId="157980" ssn="000000000" firstName="Ircmarket" middleName="M" lastName="bOhel" streetNumber="367" streetName="Saridayh Rd" apartmentNumber="0w4" city="IslandP ark" state="ID" zip="83429"/>
<person entityId="91764" recordId="182294" ssn="000000000" firstName="Ircmarket" middleName="M" lastName="Ohel" streetNumber="667" streetName="Saridah Road" apartmentNumber="0w4" city="Islandj Park" state="ID" zip="83429"/>
</MarkedRecordPair>
<MarkedRecordPair decision="match" date="2007-03-22" user="rphall" src="matcher" comment="0.8">
<person entityId="64789" recordId="163460" ssn="000000000" firstName="Tinonga" middleName="G" lastName="Ginderdeuren" streetNumber="214" streetName="Darress Avenue" apartmentNumber="5r8" city="Joliet" state="OH" zip="59041"/>
<person entityId="64789" recordId="163959" ssn="000000000" firstName="Tinonga" middleName="G" lastName="Ginderdeuren" streetNumber="247" streetName="Dupcza Street" apartmentNumber="7q2" city="Joliet" state="MT" zip="59041"/>
</MarkedRecordPair>
<MarkedRecordPair decision="match" date="2007-03-22" user="rphall" src="matcher" comment="0.8">
<person entityId="86928" recordId="161200" ssn="705473633" firstName="Tarteret" middleName="" lastName="Veals" streetNumber="654" streetName="Levert" apartmentNumber="4w3" city="Woodsboro" state="TX" zip="78393"/>
<person entityId="86928" recordId="162563" ssn="605873633" firstName="Veals" middleName="L" lastName="Tarteret" streetNumber="654" streetName="Levert" apartmentNumber="4w3" city="Woodsboro" state="TX" zip="78393"/>
</MarkedRecordPair>
<MarkedRecordPair decision="match" date="2007-03-22" user="rphall" src="matcher" comment="0.8">
<person entityId="40086" recordId="132855" ssn="764400186" firstName="Peralez" middleName="D" lastName="Zuvjkowski" streetNumber="189" streetName="Vierra Avenue" apartmentNumber="5p4" city="Fall fiver" state="MA" zip="02720"/>
<person entityId="40086" recordId="136365" ssn="561400186" firstName="Peralez" middleName="D" lastName="Zujkowxki" streetNumber="129" streetName="Vierra Avenue" apartmentNumber="5p4" city="Fall River" state="MA" zip="02720"/>
</MarkedRecordPair>
<MarkedRecordPair decision="match" date="2007-03-22" user="rphall" src="matcher" comment="0.8">
<person entityId="57533" recordId="156396" ssn="000000000" firstName="Lukan" middleName="U" lastName="Hoedl" streetNumber="511" streetName="Anda Rd" apartmentNumber="7a0" city="Vancleve" state="KY" zip="41385"/>
<person entityId="57533" recordId="156631" ssn="000000000" firstName="Luka" middleName="U" lastName="Hodel" streetNumber="516" streetName="zAnda Rd" apartmentNumber="7a0" city="Vancleve" state="KY" zip="41385"/>
</MarkedRecordPair>
<MarkedRecordPair decision="match" date="2007-03-22" user="rphall" src="matcher" comment="0.8">
<person entityId="82521" recordId="159775" ssn="000000000" firstName="aNce" middleName="" lastName="Boccon" streetNumber="" streetName="PO Box 1195" apartmentNumber="" city="Birmingham" state="AL" zip="34214"/>
<person entityId="82521" recordId="175436" ssn="000000000" firstName="Nace" middleName="" lastName="Bmccon" streetNumber="" streetName="PO Box 1195" apartmentNumber="" city="Birmingham" state="AL" zip="35214"/>
</MarkedRecordPair>
<MarkedRecordPair decision="match" date="2007-03-22" user="rphall" src="matcher" comment="0.8">
<person entityId="73135" recordId="148397" ssn="557707761" firstName="Wimp" middleName="T" lastName="Anmundson" streetNumber="468" streetName="Imbemba Ave" apartmentNumber="5y5" city="Bertrand" state="MO" zip="63823"/>
<person entityId="73135" recordId="167366" ssn="155807711" firstName="Wimp" middleName="T" lastName="Amundson" streetNumber="463" streetName="Imbemgba Ave" apartmentNumber="5y5" city="Bertrand" state="MO" zip="63823"/>
</MarkedRecordPair>
<MarkedRecordPair decision="match" date="2007-03-22" user="rphall" src="matcher" comment="0.8">
<person entityId="78103" recordId="150080" ssn="683013566" firstName="Niland" middleName="L" lastName="Toshiki" streetNumber="" streetName="PO Box 2469" apartmentNumber="" city="Mitchell" state="SD" zip="57301"/>
<person entityId="78103" recordId="153401" ssn="688883766" firstName="Niland" middleName="L" lastName="oshiki" streetNumber="772" streetName="Yasuko Avenue" apartmentNumber="7l1" city="Mitchell" state="SD" zip="57301"/>
</MarkedRecordPair>
<MarkedRecordPair decision="match" date="2007-03-22" user="rphall" src="matcher" comment="0.8">
<person entityId="89982" recordId="156997" ssn="000000000" firstName="Aamanda" middleName="J" lastName="Konhe" streetNumber="672" streetName="Smeets Ave" apartmentNumber="5w0" city="Fatgo" state="ND" zip="58125"/>
<person entityId="89982" recordId="164484" ssn="000000000" firstName="Armanda" middleName="J" lastName="Kohne" streetNumber="672" streetName="Smeets Ave" apartmentNumber="5w0" city="Fargo" state="ND" zip="58123"/>
</MarkedRecordPair>
<MarkedRecordPair decision="match" date="2007-03-22" user="rphall" src="matcher" comment="0.8">
<person entityId="74051" recordId="156657" ssn="000000000" firstName="dmiliano" middleName="I" lastName="Dupuismignault" streetNumber="507" streetName="Sabnga Ave" apartmentNumber="3b7" city="Electra" state="TX" zip="76360"/>
<person entityId="74051" recordId="164067" ssn="000000000" firstName="Emiliano" middleName="I" lastName="Dupuismignault" streetNumber="505" streetName="Sanga Ave" apartmentNumber="3b7" city="Electtra" state="TX" zip="76360"/>
</MarkedRecordPair>
<MarkedRecordPair decision="match" date="2007-03-22" user="rphall" src="matcher" comment="0.8">
<person entityId="61957" recordId="155138" ssn="667836015" firstName="Cubillo" middleName="Y" lastName="Ditulio" streetNumber="" streetName="PO Box x3126" apartmentNumber="" city="Foster" state="RI" zip="02825"/>
<person entityId="61957" recordId="155660" ssn="667836015" firstName="Cubiolo" middleName="Y" lastName="dugne" streetNumber="" streetName="PO Box 3126" apartmentNumber="" city="Foster" state="RI" zip="02825"/>
</MarkedRecordPair>
<MarkedRecordPair decision="match" date="2007-03-22" user="rphall" src="matcher" comment="0.8">
<person entityId="90498" recordId="153891" ssn="300752302" firstName="Hoinski" middleName="Y" lastName="Schalkwyk" streetNumber="859" streetName="Bioen Road" apartmentNumber="3a6" city="Guayama" state="PR" zip="00054"/>
<person entityId="90498" recordId="156652" ssn="300752302" firstName="Holinski" middleName="Y" lastName="Schalkwyk" streetNumber="869" streetName="Boen Road" apartmentNumber="3a6" city="Guayama" state="PR" zip="00654"/>
</MarkedRecordPair>
<MarkedRecordPair decision="match" date="2007-03-22" user="rphall" src="matcher" comment="0.8">
<person entityId="66924" recordId="151212" ssn="581434116" firstName="Camber" middleName="O" lastName="weijie" streetNumber="931" streetName="Mansoor Road" apartmentNumber="2p0" city="Loveland" state="CO" zip="80538"/>
<person entityId="66924" recordId="165088" ssn="581434116" firstName="Barraclough" middleName="p" lastName="Cambre" streetNumber="931" streetName="Mansooer Road" apartmentNumber="2p0" city="Loveland" state="CO" zip="80538"/>
</MarkedRecordPair>
<MarkedRecordPair decision="match" date="2007-03-22" user="rphall" src="matcher" comment="0.8">
<person entityId="77951" recordId="133733" ssn="000000000" firstName="Wainscott" middleName="U" lastName="Abul" streetNumber="184" streetName="Kornachuk Street" apartmentNumber="2z0" city="Bonneaau" state="SC" zip="29433"/>
<person entityId="77951" recordId="169990" ssn="000000000" firstName="Wainscott" middleName="U" lastName="Abul" streetNumber="187" streetName="Kornachjk Street" apartmentNumber="2z0" city="Bonneayu" state="SC" zip="29431"/>
</MarkedRecordPair>
<MarkedRecordPair decision="match" date="2007-03-22" user="rphall" src="matcher" comment="0.8">
<person entityId="70287" recordId="138236" ssn="135330466" firstName="Ovredyke" middleName="X" lastName="Shyrwr" streetNumber="767" streetName="Metze Street" apartmentNumber="5d2" city="Fairfield" state="VT" zip="05455"/>
<person entityId="70287" recordId="152044" ssn="135340486" firstName="Overdyke" middleName="X" lastName="Shyrer" streetNumber="767" streetName="Metze Street" apartmentNumber="5d2" city="Fairfield" state="VT" zip="35455"/>
</MarkedRecordPair>
<MarkedRecordPair decision="match" date="2007-03-22" user="rphall" src="matcher" comment="0.8">
<person entityId="53251" recordId="149232" ssn="204700131" firstName="Rhynsas" middleName="d" lastName="Dunning" streetNumber="738" streetName="Fouebrt Road" apartmentNumber="4g8" city="Agana" state="GU" zip="96914"/>
<person entityId="53251" recordId="151314" ssn="204700131" firstName="Rhynas" middleName="W" lastName="Dunning" streetNumber="788" streetName="Foubert Road" apartmentNumber="4g8" city="Agana" state="GU" zip="96914"/>
</MarkedRecordPair>
<MarkedRecordPair decision="match" date="2007-03-22" user="rphall" src="matcher" comment="0.8">
<person entityId="67574" recordId="139752" ssn="284448238" firstName="Gfroerer" middleName="" lastName="Thoreau" streetNumber="441" streetName="Wine St" apartmentNumber="1h5" city="Pqiua" state="OH" zip="35356"/>
<person entityId="67574" recordId="141563" ssn="204448236" firstName="Gfroerer" middleName="" lastName="Thoreau" streetNumber="041" streetName="Wine St" apartmentNumber="1h5" city="Piqua" state="OH" zip="45356"/>
</MarkedRecordPair>
<MarkedRecordPair decision="match" date="2007-03-22" user="rphall" src="matcher" comment="0.8">
<person entityId="56392" recordId="147530" ssn="657353383" firstName="Muntean" middleName="" lastName="Laurita" streetNumber="" streetName="PO Box 3841" apartmentNumber="" city="Riverside" state="RI" zip="02915"/>
<person entityId="56392" recordId="150751" ssn="754353383" firstName="Mungtean" middleName="" lastName="brau" streetNumber="" streetName="PO Box 3841" apartmentNumber="" city="Riverside" state="RI" zip="02915"/>
</MarkedRecordPair>
<MarkedRecordPair decision="match" date="2007-03-22" user="rphall" src="matcher" comment="0.8">
<person entityId="85155" recordId="132640" ssn="528042338" firstName="olcott" middleName="V" lastName="coerwinkel" streetNumber="205" streetName="Hanley Ave" apartmentNumber="5d3" city="Isabela" state="PR" zip="00662"/>
<person entityId="85155" recordId="179352" ssn="528082336" firstName="Wolcott" middleName="V" lastName="Ghahn" streetNumber="205" streetName="ganley Ave" apartmentNumber="5d3" city="Isabela" state="PR" zip="00662"/>
</MarkedRecordPair>
<MarkedRecordPair decision="match" date="2007-03-22" user="rphall" src="matcher" comment="0.8">
<person entityId="60781" recordId="132836" ssn="212250231" firstName="ulama" middleName="W" lastName="Kne" streetNumber="" streetName="PO Box 4654" apartmentNumber="" city="Seibert" state="CO" zip="80834"/>
<person entityId="60781" recordId="147767" ssn="212250281" firstName="Slama" middleName="W" lastName="Kne" streetNumber="" streetName="PO Boz 4654" apartmentNumber="" city="Seibert" state="CO" zip="80834"/>
</MarkedRecordPair>
<MarkedRecordPair decision="match" date="2007-03-22" user="rphall" src="matcher" comment="0.8">
<person entityId="62179" recordId="107373" ssn="452240647" firstName="Zehra" middleName="b" lastName="Brannam" streetNumber="149" streetName="Tewksbury Rd" apartmentNumber="3v4" city="Hanacock" state="NH" zip="03449"/>
<person entityId="62179" recordId="111061" ssn="532240657" firstName="Zehra" middleName="D" lastName="Brannam" streetNumber="149" streetName="Tyewksbury Rd" apartmentNumber="3v4" city="Hancock" state="NH" zip="03449"/>
</MarkedRecordPair>
<MarkedRecordPair decision="match" date="2007-03-22" user="rphall" src="matcher" comment="0.8">
<person entityId="67614" recordId="131936" ssn="242501360" firstName="Thuesen" middleName="N" lastName="Rozwat" streetNumber="848" streetName="Cushman Ln" apartmentNumber="7t5" city="Natchez" state="MS" zip="39121"/>
<person entityId="67614" recordId="137518" ssn="242501360" firstName="Thuesen" middleName="N" lastName="Rozwat" streetNumber="" streetName="PO Box 2322" apartmentNumber="" city="Loxkley" state="MS" zip="36551"/>
</MarkedRecordPair>
<MarkedRecordPair decision="match" date="2007-03-22" user="rphall" src="matcher" comment="0.8">
<person entityId="62611" recordId="147311" ssn="232837166" firstName="Indovina" middleName="I" lastName="Manas" streetNumber="264" streetName="Marinoq Ave" apartmentNumber="4m0" city="Mobile" state="AL" zip="36689"/>
<person entityId="62611" recordId="161224" ssn="232837166" firstName="Indovina" middleName="I" lastName="Manas" streetNumber="950" streetName="Birgenehier Avenue" apartmentNumber="0r8" city="Mobile" state="AL" zip="16689"/>
</MarkedRecordPair>
<MarkedRecordPair decision="match" date="2007-03-22" user="rphall" src="matcher" comment="0.8">
<person entityId="66194" recordId="146057" ssn="270756253" firstName="Rabinovici" middleName="V" lastName="Fourkas" streetNumber="532" streetName="Branscombe" apartmentNumber="3k0" city="Otis" state="LA" zip="71466"/>
<person entityId="66194" recordId="155655" ssn="270556853" firstName="Rabinovici" middleName="V" lastName="Fourkas" streetNumber="532" streetName="Branscombe" apartmentNumber="3k0" city="Ortis" state="GA" zip="71566"/>
</MarkedRecordPair>
<MarkedRecordPair decision="match" date="2007-03-22" user="rphall" src="matcher" comment="0.8">
<person entityId="65144" recordId="145785" ssn="520366480" firstName="Vitali" middleName="X" lastName="Mugniot" streetNumber="" streetName="PO Box 4807" apartmentNumber="" city="rElberta" state="UT" zip="84626"/>
<person entityId="65144" recordId="153281" ssn="524666480" firstName="Vitali" middleName="X" lastName="Mugniot" streetNumber="" streetName="PO Box 4p807" apartmentNumber="" city="Elberta" state="UT" zip="84626"/>
</MarkedRecordPair>
<MarkedRecordPair decision="match" date="2007-03-22" user="rphall" src="matcher" comment="0.8">
<person entityId="74191" recordId="123691" ssn="624712877" firstName="Kositpaiboon" middleName="G" lastName="Obermeier" streetNumber="988" streetName="Robarts Street" apartmentNumber="5y0" city="Walthill" state="NE" zip="68067"/>
<person entityId="74191" recordId="141934" ssn="624712877" firstName="Kositpaiboon" middleName="k" lastName="Obermeier" streetNumber="789" streetName="Soellner Lane" apartmentNumber="4j8" city="Walthill" state="NE" zip="68067"/>
</MarkedRecordPair>
<MarkedRecordPair decision="match" date="2007-03-22" user="rphall" src="matcher" comment="0.8">
<person entityId="46488" recordId="139954" ssn="186624623" firstName="Elpida" middleName="Q" lastName="Solange" streetNumber="783" streetName="Ysasini St" apartmentNumber="1v2" city="Montezuma" state="NC" zip="28653"/>
<person entityId="46488" recordId="141210" ssn="186624623" firstName="Epida" middleName="Q" lastName="smith" streetNumber="783" streetName="Yassini Street" apartmentNumber="1v2" city="Mongezuma" state="NC" zip="28653"/>
</MarkedRecordPair>
<MarkedRecordPair decision="match" date="2007-03-22" user="rphall" src="matcher" comment="0.8">
<person entityId="46994" recordId="140620" ssn="502372733" firstName="Imming" middleName="C" lastName="Srtin" streetNumber="325" streetName="Disque St" apartmentNumber="6h6" city="rBooks" state="WV" zip="25957"/>
<person entityId="46994" recordId="142822" ssn="502772233" firstName="Immingb" middleName="C" lastName="Sartin" streetNumber="325" streetName="Disque St" apartmentNumber="6h6" city="Brooks" state="WV" zip="25957"/>
</MarkedRecordPair>
<MarkedRecordPair decision="match" date="2007-03-22" user="rphall" src="matcher" comment="0.8">
<person entityId="54083" recordId="143572" ssn="000000000" firstName="Dsnover" middleName="" lastName="Henscheid" streetNumber="622" streetName="Anvradha St" apartmentNumber="3a1" city="Port Murray" state="TX" zip="07865"/>
<person entityId="54083" recordId="144854" ssn="000000000" firstName="Danoer" middleName="" lastName="Hensheid" streetNumber="622" streetName="Anvradha St" apartmentNumber="3a1" city="Portk Murray" state="NJ" zip="07865"/>
</MarkedRecordPair>
<MarkedRecordPair decision="match" date="2007-03-22" user="rphall" src="matcher" comment="0.8">
<person entityId="52304" recordId="113845" ssn="000000000" firstName="K" middleName="E" lastName="Joell" streetNumber="949" streetName="Tojulson Ln" apartmentNumber="0p2" city="orrance" state="TX" zip="90502"/>
<person entityId="52304" recordId="120489" ssn="000000000" firstName="Kohoutek" middleName="E" lastName="Joell" streetNumber="949" streetName="Toulson Ln" apartmentNumber="0p2" city="Torrance" state="CA" zip="90502"/>
</MarkedRecordPair>
<MarkedRecordPair decision="match" date="2007-03-22" user="rphall" src="matcher" comment="0.8">
<person entityId="75891" recordId="142999" ssn="400463443" firstName="Kayley" middleName="" lastName="Fischler" streetNumber="643" streetName="Mohamud Rd" apartmentNumber="4b5" city="Nortn Pownal" state="VT" zip="05260"/>
<person entityId="75891" recordId="162296" ssn="400463842" firstName="Kayley" middleName="" lastName="Fischler" streetNumber="643" streetName="Moamud Rd" apartmentNumber="4b5" city="mNorth Pownal" state="VT" zip="05264"/>
</MarkedRecordPair>
<MarkedRecordPair decision="match" date="2007-03-22" user="rphall" src="matcher" comment="0.8">
<person entityId="68649" recordId="143417" ssn="723105077" firstName="Mastrkipieri" middleName="D" lastName="Strutt" streetNumber="" streetName="PO Box 465" apartmentNumber="" city="Omaha" state="NE" zip="58111"/>
<person entityId="68649" recordId="154713" ssn="723705173" firstName="Mastripieri" middleName="D" lastName="Strutt" streetNumber="" streetName="PO Box 465" apartmentNumber="" city="Omaha" state="NE" zip="68111"/>
</MarkedRecordPair>
<MarkedRecordPair decision="match" date="2007-03-22" user="rphall" src="matcher" comment="0.8">
<person entityId="43590" recordId="142299" ssn="147326206" firstName="Maidsir" middleName="P" lastName="Wilkinson" streetNumber="850" streetName="brunwell Ave" apartmentNumber="7y8" city="Harlan" state="IN" zip="46743"/>
<person entityId="43590" recordId="142372" ssn="347326206" firstName="Maidsir" middleName="P" lastName="Wilkinson" streetNumber="850" streetName="Grunwell Ave" apartmentNumber="7y8" city="Haraln" state="WV" zip="46743"/>
</MarkedRecordPair>
<MarkedRecordPair decision="match" date="2007-03-22" user="rphall" src="matcher" comment="0.8">
<person entityId="55171" recordId="129738" ssn="178455572" firstName="Carolee" middleName="T" lastName="Schloder" streetNumber="658" streetName="Pecenco Avenue" apartmentNumber="7b1" city="Qiunebaug" state="AR" zip="06262"/>
<person entityId="55171" recordId="139218" ssn="178455572" firstName="Carolee" middleName="T" lastName="Schloder" streetNumber="688" streetName="Pecencoa Avenue" apartmentNumber="7b1" city="Quinebaug" state="CT" zip="06262"/>
</MarkedRecordPair>
<MarkedRecordPair decision="match" date="2007-03-22" user="rphall" src="matcher" comment="0.8">
<person entityId="42098" recordId="139234" ssn="604386183" firstName="Cang" middleName="" lastName="vTse" streetNumber="140" streetName="Isenor Street" apartmentNumber="4g2" city="Honolulu" state="HI" zip="96801"/>
<person entityId="42098" recordId="140055" ssn="604386183" firstName="Cang" middleName="" lastName="Tse" streetNumber="150" streetName="Isenor Street" apartmentNumber="4g2" city="Hionolulu" state="KS" zip="96801"/>
</MarkedRecordPair>
<MarkedRecordPair decision="match" date="2007-03-22" user="rphall" src="matcher" comment="0.8">
<person entityId="61531" recordId="138734" ssn="418803365" firstName="Gourtay" middleName="W" lastName="oucke" streetNumber="" streetName="PO Box 4587" apartmentNumber="" city="Tignalol" state="GA" zip="30668"/>
<person entityId="61531" recordId="138974" ssn="416803165" firstName="Gourtay" middleName="W" lastName="Poucke" streetNumber="" streetName="PO Box 4587" apartmentNumber="" city="Tignall" state="GA" zip="30668"/>
</MarkedRecordPair>
<MarkedRecordPair decision="match" date="2007-03-22" user="rphall" src="matcher" comment="0.8">
<person entityId="84000" recordId="137077" ssn="000000000" firstName="Stalbovs" middleName="X" lastName="Goldner" streetNumber="698" streetName="Pagaduah Avenue" apartmentNumber="6k4" city="Denevr" state="CO" zip="87202"/>
<person entityId="84000" recordId="167376" ssn="000000000" firstName="Stalbos" middleName="X" lastName="Goldner" streetNumber="698" streetName="Pagaduan Avenue" apartmentNumber="6k4" city="Denver" state="CO" zip="80202"/>
</MarkedRecordPair>
<MarkedRecordPair decision="match" date="2007-03-22" user="rphall" src="matcher" comment="0.8">
<person entityId="54291" recordId="137987" ssn="546076261" firstName="er" middleName="Z" lastName="Zapata" streetNumber="" streetName="PO Box 999" apartmentNumber="" city="Tarkio" state="MO" zip="64491"/>
<person entityId="54291" recordId="139623" ssn="526376261" firstName="Ker" middleName="b" lastName="Zapata" streetNumber="" streetName="PO Box 999" apartmentNumber="" city="Tarkio" state="MO" zip="64491"/>
</MarkedRecordPair>
<MarkedRecordPair decision="match" date="2007-03-22" user="rphall" src="matcher" comment="0.8">
<person entityId="70563" recordId="137642" ssn="167126463" firstName="Kaps" middleName="P" lastName="Lysaght" streetNumber="" streetName="PO Box 1464" apartmentNumber="" city="Cruz Bay" state="VI" zip="00831"/>
<person entityId="70563" recordId="148079" ssn="567120463" firstName="Kaps" middleName="P" lastName="Lysaght" streetNumber="" streetName="PO Box 1464" apartmentNumber="" city="Crzu Bay" state="VI" zip="30831"/>
</MarkedRecordPair>
<MarkedRecordPair decision="match" date="2007-03-22" user="rphall" src="matcher" comment="0.8">
<person entityId="50342" recordId="137383" ssn="366047380" firstName="Woolbert" middleName="z" lastName="Timi" streetNumber="744" streetName="lamstra Ln" apartmentNumber="7v8" city="Belvidere" state="NE" zip="68315"/>
<person entityId="50342" recordId="139166" ssn="386047080" firstName="Woolbert" middleName="A" lastName="Timi" streetNumber="740" streetName="Kamstra Lane" apartmentNumber="7v8" city="Belvidere" state="NE" zip="68315"/>
</MarkedRecordPair>
<MarkedRecordPair decision="match" date="2007-03-22" user="rphall" src="matcher" comment="0.8">
<person entityId="24698" recordId="122336" ssn="781604385" firstName="Amuzie" middleName="Q" lastName="Rovena" streetNumber="751" streetName="Huxman Parkway" apartmentNumber="6m7" city="Harrlel" state="AR" zip="41745"/>
<person entityId="24698" recordId="122930" ssn="781604385" firstName="Amuzie" middleName="Q" lastName="owena" streetNumber="771" streetName="Huxman Parkway" apartmentNumber="6m7" city="Harrell" state="AR" zip="71745"/>
</MarkedRecordPair>
<MarkedRecordPair decision="match" date="2007-03-22" user="rphall" src="matcher" comment="0.8">
<person entityId="61255" recordId="136216" ssn="000000000" firstName="Muncer" middleName="" lastName="Perini" streetNumber="63" streetName="Nentwich St" apartmentNumber="2f0" city="Huntington" state="IN" zip="46750"/>
<person entityId="61255" recordId="141104" ssn="000000000" firstName="Muncher" middleName="" lastName="Perini" streetNumber="03" streetName="Nentwich St" apartmentNumber="2f0" city="Huntingtogn" state="RI" zip="46750"/>
</MarkedRecordPair>
<MarkedRecordPair decision="match" date="2007-03-22" user="rphall" src="matcher" comment="0.8">
<person entityId="68519" recordId="125497" ssn="265620377" firstName="Vie" middleName="G" lastName="Levkitin" streetNumber="" streetName="PO Box 3239" apartmentNumber="" city="aMysville" state="MO" zip="64447"/>
<person entityId="68519" recordId="167641" ssn="265620377" firstName="fie" middleName="G" lastName="Levitin" streetNumber="" streetName="PO Box 3239" apartmentNumber="" city="Maysville" state="MO" zip="64447"/>
</MarkedRecordPair>
<MarkedRecordPair decision="match" date="2007-03-22" user="rphall" src="matcher" comment="0.8">
<person entityId="91488" recordId="135071" ssn="770157334" firstName="Ardene" middleName="H" lastName="Street" streetNumber="345" streetName="Shawnie St" apartmentNumber="0d4" city="Granger" state="IN" zip="46530"/>
<person entityId="91488" recordId="190027" ssn="773127334" firstName="Ardene" middleName="H" lastName="Street" streetNumber="305" streetName="Shawnie St" apartmentNumber="0d4" city="fGranger" state="LA" zip="46530"/>
</MarkedRecordPair>
<MarkedRecordPair decision="match" date="2007-03-22" user="rphall" src="matcher" comment="0.8">
<person entityId="49711" recordId="134389" ssn="226404261" firstName="Kilchenman" middleName="K" lastName="Rollinson" streetNumber="532" streetName="Katlin Road" apartmentNumber="3a8" city="s' Lo" state="MS" zip="39062"/>
<person entityId="49711" recordId="147814" ssn="225404265" firstName="Kilchenman" middleName="p" lastName="Rollinson" streetNumber="538" streetName="Katlin Road" apartmentNumber="3a8" city="D' oo" state="MS" zip="39062"/>
</MarkedRecordPair>
<MarkedRecordPair decision="match" date="2007-03-22" user="rphall" src="matcher" comment="0.8">
<person entityId="45192" recordId="131644" ssn="774378404" firstName="Theresina" middleName="x" lastName="Lackritz" streetNumber="551" streetName="Keifer Street" apartmentNumber="6k8" city="Montreal" state="WI" zip="54550"/>
<person entityId="45192" recordId="133403" ssn="776378474" firstName="Theresinsa" middleName="P" lastName="Lackritz" streetNumber="551" streetName="Keifder Street" apartmentNumber="6k8" city="Montreal" state="WI" zip="54550"/>
</MarkedRecordPair>
<MarkedRecordPair decision="match" date="2007-03-22" user="rphall" src="matcher" comment="0.8">
<person entityId="57589" recordId="129205" ssn="354767188" firstName="Gayel" middleName="W" lastName="Einarsson" streetNumber="220" streetName="Bikc Ave" apartmentNumber="0q2" city="Fair Haven" state="NJ" zip="07704"/>
<person entityId="57589" recordId="135124" ssn="354763180" firstName="Gayel" middleName="W" lastName="Einarsson" streetNumber="290" streetName="Bick Ave" apartmentNumber="0q2" city="Fair Haven" state="NJ" zip="06704"/>
</MarkedRecordPair>
<MarkedRecordPair decision="match" date="2007-03-22" user="rphall" src="matcher" comment="0.8">
<person entityId="53899" recordId="129639" ssn="653358882" firstName="Yago" middleName="C" lastName="Shuzo" streetNumber="826" streetName="Sinkfield Parkway" apartmentNumber="2b5" city="Middlebury" state="VT" zip="05753"/>
<person entityId="53899" recordId="135202" ssn="603388882" firstName="Yago" middleName="C" lastName="Shuo" streetNumber="826" streetName="Sinkfield Parkway" apartmentNumber="2b5" city="niddlebury" state="VT" zip="08753"/>
</MarkedRecordPair>
<MarkedRecordPair decision="match" date="2007-03-22" user="rphall" src="matcher" comment="0.8">
<person entityId="45996" recordId="120614" ssn="338080350" firstName="Damrong" middleName="S" lastName="Barty" streetNumber="534" streetName="Lenny Rd" apartmentNumber="3t6" city="Ranolph" state="MO" zip="05060"/>
<person entityId="45996" recordId="140041" ssn="331080315" firstName="Damron" middleName="S" lastName="Barty" streetNumber="534" streetName="Lenny Rd" apartmentNumber="3t6" city="Radnolph" state="WV" zip="05060"/>
</MarkedRecordPair>
<MarkedRecordPair decision="match" date="2007-03-22" user="rphall" src="matcher" comment="0.8">
<person entityId="62863" recordId="111664" ssn="281766725" firstName="Teekman" middleName="K" lastName="Wuertele" streetNumber="991" streetName="Hasnain Avenue" apartmentNumber="3x3" city="Phenix City" state="AL" zip="36868"/>
<person entityId="62863" recordId="154062" ssn="281766725" firstName="Teekman" middleName="K" lastName="auberamani" streetNumber="991" streetName="Hasneain Avenue" apartmentNumber="3x3" city="Phenux City" state="MN" zip="36868"/>
</MarkedRecordPair>
<MarkedRecordPair decision="match" date="2007-03-22" user="rphall" src="matcher" comment="0.8">
<person entityId="26195" recordId="120923" ssn="543856512" firstName="Bonin" middleName="J" lastName="Jagath" streetNumber="" streetName="PO Box 1107" apartmentNumber="" city="Depe" state="AZ" zip="74068"/>
<person entityId="26195" recordId="125716" ssn="543856512" firstName="Bonin" middleName="J" lastName="Jagath" streetNumber="" streetName="PO Box 1107" apartmentNumber="" city="Depew" state="OK" zip="74028"/>
</MarkedRecordPair>
<MarkedRecordPair decision="match" date="2007-03-22" user="rphall" src="matcher" comment="0.8">
<person entityId="59038" recordId="133796" ssn="632317020" firstName="Liles" middleName="E" lastName="Butayj" streetNumber="667" streetName="Wojdylo Road" apartmentNumber="2m1" city="Milwaukee" state="WI" zip="53210"/>
<person entityId="59038" recordId="145172" ssn="632316026" firstName="Liles" middleName="s" lastName="Butay" streetNumber="661" streetName="Wojdylo Road" apartmentNumber="2m1" city="Milwaukee" state="WI" zip="53210"/>
</MarkedRecordPair>
<MarkedRecordPair decision="match" date="2007-03-22" user="rphall" src="matcher" comment="0.8">
<person entityId="40742" recordId="117135" ssn="228682204" firstName="A" middleName="w" lastName="Unnerstall" streetNumber="282" streetName="Sambar Road" apartmentNumber="6p0" city="Charlestown" state="RI" zip="02813"/>
<person entityId="40742" recordId="118718" ssn="228682406" firstName="Andreu" middleName="F" lastName="Unnerstall" streetNumber="252" streetName="Sambar Road" apartmentNumber="6p0" city="Charlestown" state="RI" zip="02813"/>
</MarkedRecordPair>
<MarkedRecordPair decision="match" date="2007-03-22" user="rphall" src="matcher" comment="0.8">
<person entityId="39252" recordId="134217" ssn="000000000" firstName="Sherma" middleName="" lastName="Basheera" streetNumber="886" streetName="Niklass Rd" apartmentNumber="7r4" city="Kincaid" state="WV" zip="25119"/>
<person entityId="39252" recordId="135382" ssn="000000000" firstName="Sherma" middleName="" lastName="Bsasheera" streetNumber="886" streetName="Nicklass Rd" apartmentNumber="7r4" city="iincaid" state="WV" zip="26119"/>
</MarkedRecordPair>
<MarkedRecordPair decision="match" date="2007-03-22" user="rphall" src="matcher" comment="0.8">
<person entityId="47533" recordId="113456" ssn="133410037" firstName="Angeletti" middleName="" lastName="Kuxzmich" streetNumber="88" streetName="Tung St" apartmentNumber="0d0" city="Sunland" state="CA" zip="91040"/>
<person entityId="47533" recordId="132142" ssn="133412637" firstName="Angeletti" middleName="" lastName="Kuzmich" streetNumber="89" streetName="Tung St" apartmentNumber="0d0" city="Sunland" state="FL" zip="91040"/>
</MarkedRecordPair>
<MarkedRecordPair decision="match" date="2007-03-22" user="rphall" src="matcher" comment="0.8">
<person entityId="43330" recordId="133436" ssn="000000000" firstName="Ishah" middleName="X" lastName="Farrer" streetNumber="716" streetName="Ffedelia Avenue" apartmentNumber="6w2" city="East Dubquue" state="HI" zip="61015"/>
<person entityId="43330" recordId="141888" ssn="000000000" firstName="Ishah" middleName="X" lastName="Farrer" streetNumber="716" streetName="Fredelia Avenue" apartmentNumber="6w2" city="East Dubuque" state="IL" zip="61025"/>
</MarkedRecordPair>
<MarkedRecordPair decision="match" date="2007-03-22" user="rphall" src="matcher" comment="0.8">
<person entityId="78171" recordId="133333" ssn="417205631" firstName="Hanvan" middleName="" lastName="Gotner" streetNumber="178" streetName="Salzman Road" apartmentNumber="6m5" city="Lerose" state="KY" zip="41344"/>
<person entityId="78171" recordId="156400" ssn="417205631" firstName="H" middleName="l" lastName="Gotner" streetNumber="178" streetName="Salzman Road" apartmentNumber="6m5" city="eLrose" state="AK" zip="41344"/>
</MarkedRecordPair>
<MarkedRecordPair decision="match" date="2007-03-22" user="rphall" src="matcher" comment="0.8">
<person entityId="49821" recordId="132601" ssn="128866725" firstName="Michiko" middleName="" lastName="Krulewitch" streetNumber="21" streetName="Sigismondo St" apartmentNumber="1r2" city="Rutland" state="OK" zip="01143"/>
<person entityId="49821" recordId="147433" ssn="128861625" firstName="Michiko" middleName="" lastName="Krulewitch" streetNumber="11" streetName="Sigismondo St" apartmentNumber="1r2" city="Rutland" state="MA" zip="01543"/>
</MarkedRecordPair>
<MarkedRecordPair decision="match" date="2007-03-22" user="rphall" src="matcher" comment="0.8">
<person entityId="61243" recordId="109265" ssn="000000000" firstName="Weisbecker" middleName="u" lastName="Pellidcciaro" streetNumber="" streetName="PO Box 3146" apartmentNumber="" city="Kamay" state="TX" zip="76369"/>
<person entityId="61243" recordId="129656" ssn="000000000" firstName="Wdeisbecker" middleName="X" lastName="Pellicciaro" streetNumber="" streetName="PO Box 3146" apartmentNumber="" city="Kamay" state="TX" zip="76369"/>
</MarkedRecordPair>
<MarkedRecordPair decision="match" date="2007-03-22" user="rphall" src="matcher" comment="0.8">
<person entityId="32157" recordId="125918" ssn="784087024" firstName="Riley" middleName="" lastName="Samshixu" streetNumber="493" streetName="Bancroft St" apartmentNumber="2a6" city="Christisnsted" state="VI" zip="00821"/>
<person entityId="32157" recordId="129049" ssn="784087024" firstName="Riley" middleName="k" lastName="Samshixu" streetNumber="" streetName="PO Box 3020" apartmentNumber="" city="Christiansted" state="VI" zip="00821"/>
</MarkedRecordPair>
<MarkedRecordPair decision="match" date="2007-03-22" user="rphall" src="matcher" comment="0.8">
<person entityId="56098" recordId="125875" ssn="515701573" firstName="Nelson" middleName="X" lastName="Wynes" streetNumber="465" streetName="Cornuejols St" apartmentNumber="2m6" city="Kosrae" state="FM" zip="96944"/>
<person entityId="56098" recordId="127105" ssn="547701573" firstName="Nelson" middleName="l" lastName="Wynes" streetNumber="" streetName="PO Box 957" apartmentNumber="" city="Kosrae" state="FM" zip="96944"/>
</MarkedRecordPair>
<MarkedRecordPair decision="match" date="2007-03-22" user="rphall" src="matcher" comment="0.8">
<person entityId="47027" recordId="121990" ssn="666823044" firstName="Decorusey" middleName="M" lastName="Sourin" streetNumber="230" streetName="Doyen Road" apartmentNumber="4i1" city="Springfield" state="MA" zip="01115"/>
<person entityId="47027" recordId="132303" ssn="666823044" firstName="Decoursey" middleName="a" lastName="besime" streetNumber="236" streetName="Doyen Road" apartmentNumber="4i1" city="Springfield" state="MA" zip="01115"/>
</MarkedRecordPair>
<MarkedRecordPair decision="match" date="2007-03-22" user="rphall" src="matcher" comment="0.8">
<person entityId="37317" recordId="116738" ssn="000000000" firstName="Arrigoni" middleName="G" lastName="Youssef" streetNumber="788" streetName="Fqa Street" apartmentNumber="6m2" city="Sanaa Maria" state="TX" zip="78592"/>
<person entityId="37317" recordId="133679" ssn="000000000" firstName="Arrigoni" middleName="" lastName="Youssef" streetNumber="188" streetName="qa Street" apartmentNumber="6m2" city="Santa Maria" state="TX" zip="78592"/>
</MarkedRecordPair>
<MarkedRecordPair decision="match" date="2007-03-22" user="rphall" src="matcher" comment="0.8">
<person entityId="60301" recordId="124110" ssn="264308844" firstName="A" middleName="t" lastName="Ura" streetNumber="136" streetName="Lecuyerdemers Lane" apartmentNumber="5y0" city="Charlotte Amalie" state="VI" zip="00802"/>
<person entityId="60301" recordId="144159" ssn="264308844" firstName="Audrienne" middleName="S" lastName="houhan" streetNumber="136" streetName="Lecuyerdemers Lane" apartmentNumber="5y0" city="Charlott eAmalie" state="VI" zip="00802"/>
</MarkedRecordPair>
<MarkedRecordPair decision="match" date="2007-03-22" user="rphall" src="matcher" comment="0.8">
<person entityId="38394" recordId="107644" ssn="111811843" firstName="Slootweg" middleName="" lastName="Bertetta" streetNumber="798" streetName="aMli Road" apartmentNumber="6t0" city="Huntsville" state="AL" zip="35898"/>
<person entityId="38394" recordId="122461" ssn="111811843" firstName="Slootweg" middleName="" lastName="Bertettqa" streetNumber="758" streetName="Mali Road" apartmentNumber="6t0" city="Huntsville" state="AL" zip="35858"/>
</MarkedRecordPair>
<MarkedRecordPair decision="match" date="2007-03-22" user="rphall" src="matcher" comment="0.8">
<person entityId="79152" recordId="122172" ssn="000000000" firstName="Bharnauskas" middleName="H" lastName="Cueba" streetNumber="859" streetName="Tporrin" apartmentNumber="6s3" city="Quneemo" state="KS" zip="66528"/>
<person entityId="79152" recordId="143045" ssn="000000000" firstName="Barnauskas" middleName="k" lastName="Cueba" streetNumber="859" streetName="Torrin" apartmentNumber="6s3" city="Quenemo" state="KS" zip="66528"/>
</MarkedRecordPair>
<MarkedRecordPair decision="match" date="2007-03-22" user="rphall" src="matcher" comment="0.8">
<person entityId="26793" recordId="112381" ssn="478633852" firstName="Djauryea" middleName="Y" lastName="Gough" streetNumber="753" streetName="Mcatee Avenue" apartmentNumber="4a4" city="Mousei" state="KY" zip="41834"/>
<person entityId="26793" recordId="113580" ssn="478632850" firstName="Duruea" middleName="Y" lastName="Gough" streetNumber="753" streetName="Mcatee Avenue" apartmentNumber="4a4" city="Mousieg" state="KY" zip="41839"/>
</MarkedRecordPair>
<MarkedRecordPair decision="match" date="2007-03-22" user="rphall" src="matcher" comment="0.8">
<person entityId="69409" recordId="119956" ssn="000000000" firstName="Buffington" middleName="b" lastName="gen" streetNumber="918" streetName="Bxumann Avenue" apartmentNumber="5n5" city="Aiken" state="SC" zip="29802"/>
<person entityId="69409" recordId="147766" ssn="000000000" firstName="Buffington" middleName="R" lastName="Humbeek" streetNumber="918" streetName="Buxmann Avenue" apartmentNumber="5n5" city="Aikeb" state="SC" zip="29802"/>
</MarkedRecordPair>
<MarkedRecordPair decision="match" date="2007-03-22" user="rphall" src="matcher" comment="0.8">
<person entityId="61765" recordId="115220" ssn="000000000" firstName="Bisad" middleName="M" lastName="Corege" streetNumber="219" streetName="Cofa" apartmentNumber="5h0" city="Erskine" state="MN" zip="56535"/>
<person entityId="61765" recordId="123042" ssn="000000000" firstName="Bisad" middleName="j" lastName="ose" streetNumber="579" streetName="Corr" apartmentNumber="5h0" city="Erskine" state="MN" zip="56535"/>
</MarkedRecordPair>
<MarkedRecordPair decision="match" date="2007-03-22" user="rphall" src="matcher" comment="0.8">
<person entityId="72051" recordId="121559" ssn="000000000" firstName="Nuetzi" middleName="G" lastName="Lanzillotta" streetNumber="332" streetName="Brandon Road" apartmentNumber="4s8" city="Soso" state="MS" zip="39480"/>
<person entityId="72051" recordId="144187" ssn="000000000" firstName="Nuetzi" middleName="G" lastName="icihbayashi" streetNumber="332" streetName="Brandon Road" apartmentNumber="4s8" city="oso" state="LA" zip="33480"/>
</MarkedRecordPair>
<MarkedRecordPair decision="match" date="2007-03-22" user="rphall" src="matcher" comment="0.8">
<person entityId="78618" recordId="121647" ssn="382653174" firstName="kIocntrl" middleName="L" lastName="Broglsy" streetNumber="40" streetName="Eduv Road" apartmentNumber="0f5" city="Southport" state="IL" zip="28461"/>
<person entityId="78618" recordId="133170" ssn="382653171" firstName="Iocntrl" middleName="L" lastName="Brogley" streetNumber="40" streetName="Eduv Road" apartmentNumber="0f5" city="Southport" state="NC" zip="28461"/>
</MarkedRecordPair>
<MarkedRecordPair decision="match" date="2007-03-22" user="rphall" src="matcher" comment="0.8">
<person entityId="28094" recordId="110669" ssn="722555003" firstName="Duensing" middleName="" lastName="Rude" streetNumber="905" streetName="Urs Ave" apartmentNumber="5c3" city="Gradyvilel" state="GA" zip="42742"/>
<person entityId="28094" recordId="120870" ssn="722553053" firstName="Duensing" middleName="" lastName="ude" streetNumber="905" streetName="Urs Ave" apartmentNumber="5c3" city="Gradyville" state="KY" zip="42742"/>
</MarkedRecordPair>
<MarkedRecordPair decision="match" date="2007-03-22" user="rphall" src="matcher" comment="0.8">
<person entityId="36607" recordId="116205" ssn="343334358" firstName="Leaafloor" middleName="J" lastName="Gazala" streetNumber="392" streetName="Keh Street" apartmentNumber="7c8" city="Annemanie" state="AL" zip="36721"/>
<person entityId="36607" recordId="118023" ssn="343234358" firstName="oeafloor" middleName="J" lastName="Gazala" streetNumber="392" streetName="Kejh St" apartmentNumber="7c8" city="Annemanie" state="CO" zip="36721"/>
</MarkedRecordPair>
<MarkedRecordPair decision="match" date="2007-03-22" user="rphall" src="matcher" comment="0.8">
<person entityId="54555" recordId="115509" ssn="504240538" firstName="Aldis" middleName="x" lastName="Telles" streetNumber="" streetName="PO Box 2270" apartmentNumber="" city="Somners" state="IA" zip="50586"/>
<person entityId="54555" recordId="130821" ssn="504240538" firstName="Aldis" middleName="I" lastName="Telles" streetNumber="" streetName="PO Box 2270" apartmentNumber="" city="Soers" state="SC" zip="50586"/>
</MarkedRecordPair>
<MarkedRecordPair decision="match" date="2007-03-22" user="rphall" src="matcher" comment="0.8">
<person entityId="107096" recordId="107096" ssn="651105607" firstName="Lueck" middleName="E" lastName="Santangelo" streetNumber="" streetName="PO Box 1524" apartmentNumber="" city="Thomaston" state="AL" zip="36783"/>
<person entityId="107096" recordId="169278" ssn="651105607" firstName="Lueck" middleName="E" lastName="antnagelo" streetNumber="" streetName="PO Box 1524" apartmentNumber="" city="Thojaston" state="AL" zip="16783"/>
</MarkedRecordPair>
<MarkedRecordPair decision="match" date="2007-03-22" user="rphall" src="matcher" comment="0.8">
<person entityId="22667" recordId="110245" ssn="271411105" firstName="Shahkarami" middleName="X" lastName="Melson" streetNumber="676" streetName="Beneytti St" apartmentNumber="3a8" city="Seattle" state="NJ" zip="98102"/>
<person entityId="22667" recordId="112690" ssn="771211105" firstName="Shahkarami" middleName="X" lastName="Melson" streetNumber="626" streetName="Benetti St" apartmentNumber="3a8" city="Seattle" state="WA" zip="98102"/>
</MarkedRecordPair>
<MarkedRecordPair decision="match" date="2007-03-22" user="rphall" src="matcher" comment="0.9411765">
<person entityId="92538" recordId="152569" ssn="552744028" firstName="Arvest" middleName="N" lastName="Paintin" streetNumber="436" streetName="Seiler Lane" apartmentNumber="0z6" city="Green Spring" state="WV" zip="26722"/>
<person entityId="92538" recordId="153402" ssn="656744028" firstName="Arves" middleName="N" lastName="Paintin" streetNumber="416" streetName="Seiler Lane" apartmentNumber="0z6" city="Green Spring" state="WV" zip="26722"/>
</MarkedRecordPair>
<MarkedRecordPair decision="match" date="2007-03-22" user="rphall" src="matcher" comment="0.9411765">
<person entityId="55790" recordId="152153" ssn="747347207" firstName="Schffer" middleName="" lastName="Brau" streetNumber="774" streetName="Detar Street" apartmentNumber="6d0" city="Oelrichs" state="SD" zip="57763"/>
<person entityId="55790" recordId="152503" ssn="747662207" firstName="Scheffer" middleName="" lastName="Brau" streetNumber="770" streetName="Detar Street" apartmentNumber="6d0" city="Oelrichs" state="SD" zip="57763"/>
</MarkedRecordPair>
<MarkedRecordPair decision="match" date="2007-03-22" user="rphall" src="matcher" comment="0.9411765">
<person entityId="82953" recordId="149715" ssn="250808046" firstName="Dodgsotn" middleName="B" lastName="Therp" streetNumber="" streetName="OP Box 4955" apartmentNumber="" city="San Juan" state="PR" zip="00931"/>
<person entityId="82953" recordId="155078" ssn="250808046" firstName="Dodgson" middleName="B" lastName="Therp" streetNumber="" streetName="PO Box 4955" apartmentNumber="" city="San Juan" state="PR" zip="00931"/>
</MarkedRecordPair>
<MarkedRecordPair decision="match" date="2007-03-22" user="rphall" src="matcher" comment="0.9411765">
<person entityId="77983" recordId="144834" ssn="300737061" firstName="Shortlkino" middleName="V" lastName="Merylene" streetNumber="" streetName="oO Box 4621" apartmentNumber="" city="Blakely" state="AR" zip="71931"/>
<person entityId="77983" recordId="164066" ssn="300737061" firstName="Shortino" middleName="V" lastName="Merylene" streetNumber="" streetName="PO Box 4621" apartmentNumber="" city="Blakely" state="AR" zip="71931"/>
</MarkedRecordPair>
<MarkedRecordPair decision="match" date="2007-03-22" user="rphall" src="matcher" comment="0.9411765">
<person entityId="78299" recordId="158724" ssn="453257283" firstName="Ballabio" middleName="N" lastName="Butvich" streetNumber="" streetName="PO Box 2387" apartmentNumber="" city="Rusyh" state="HI" zip="80833"/>
<person entityId="78299" recordId="160697" ssn="453257283" firstName="Ballabio" middleName="N" lastName="Butvich" streetNumber="" streetName="PO Box 2387" apartmentNumber="" city="Rush" state="CO" zip="80833"/>
</MarkedRecordPair>
<MarkedRecordPair decision="match" date="2007-03-22" user="rphall" src="matcher" comment="0.9411765">
<person entityId="103906" recordId="103906" ssn="000000000" firstName="Fuensanta" middleName="S" lastName="Michon" streetNumber="" streetName="PO Box 4449" apartmentNumber="" city="Bessemer" state="AL" zip="35023"/>
<person entityId="103906" recordId="137478" ssn="000000000" firstName="Fuensanta" middleName="S" lastName="Michon" streetNumber="" streetName="PO Box 4449" apartmentNumber="" city="Bwssemer" state="VI" zip="35023"/>
</MarkedRecordPair>
<MarkedRecordPair decision="match" date="2007-03-22" user="rphall" src="matcher" comment="0.9411765">
<person entityId="92145" recordId="175132" ssn="510205782" firstName="Marshaus" middleName="Z" lastName="Towery" streetNumber="488" streetName="Wilk Road" apartmentNumber="2u0" city="Pima" state="AZ" zip="85543"/>
<person entityId="92145" recordId="184939" ssn="510205052" firstName="Marshaus" middleName="Z" lastName="Towery" streetNumber="988" streetName="Wik Rd" apartmentNumber="2u0" city="Pima" state="AZ" zip="85543"/>
</MarkedRecordPair>
<MarkedRecordPair decision="match" date="2007-03-22" user="rphall" src="matcher" comment="0.9411765">
<person entityId="79986" recordId="148361" ssn="302575431" firstName="Kylo" middleName="A" lastName="Coffin" streetNumber="569" streetName="Ooka Street" apartmentNumber="5w7" city="Northfield" state="OH" zip="44067"/>
<person entityId="79986" recordId="170650" ssn="302175451" firstName="Kylo" middleName="A" lastName="Coffin" streetNumber="566" streetName="Ookza St" apartmentNumber="5w7" city="Northfield" state="OH" zip="44067"/>
</MarkedRecordPair>
<MarkedRecordPair decision="match" date="2007-03-22" user="rphall" src="matcher" comment="0.9411765">
<person entityId="69219" recordId="151553" ssn="000000000" firstName="Eino" middleName="H" lastName="Danica" streetNumber="188" streetName="Armande St" apartmentNumber="0o1" city="Hanapepe" state="HI" zip="96716"/>
<person entityId="69219" recordId="159762" ssn="000000000" firstName="Eino" middleName="H" lastName="Dahica" streetNumber="182" streetName="Armande St" apartmentNumber="0o1" city="Hanapdepe" state="HI" zip="96716"/>
</MarkedRecordPair>
<MarkedRecordPair decision="match" date="2007-03-22" user="rphall" src="matcher" comment="0.9411765">
<person entityId="61849" recordId="140066" ssn="000000000" firstName="Sandridge" middleName="L" lastName="Kaethe" streetNumber="727" streetName="Combes Ave" apartmentNumber="5b8" city="rIwin" state="ID" zip="83428"/>
<person entityId="61849" recordId="140629" ssn="000000000" firstName="Sandridge" middleName="L" lastName="lKaethe" streetNumber="757" streetName="Combes Ave" apartmentNumber="5b8" city="Irwin" state="ID" zip="83428"/>
</MarkedRecordPair>
<MarkedRecordPair decision="match" date="2007-03-22" user="rphall" src="matcher" comment="0.9411765">
<person entityId="83550" recordId="168315" ssn="411072440" firstName="Nickle" middleName="B" lastName="Chongchat" streetNumber="178" streetName="Krym Road" apartmentNumber="5m6" city="Lula" state="MS" zip="38644"/>
<person entityId="83550" recordId="181455" ssn="411072440" firstName="Nicle" middleName="B" lastName="Chongchat" streetNumber="178" streetName="Khrym Road" apartmentNumber="5m6" city="Lual" state="MS" zip="38644"/>
</MarkedRecordPair>
<MarkedRecordPair decision="match" date="2007-03-22" user="rphall" src="matcher" comment="0.9411765">
<person entityId="45360" recordId="134456" ssn="373413145" firstName="Aide" middleName="Q" lastName="Costelloe" streetNumber="213" streetName="Leppert St" apartmentNumber="6g3" city="Atoka" state="OK" zip="74542"/>
<person entityId="45360" recordId="135784" ssn="373413145" firstName="Aie" middleName="Q" lastName="Costelloe" streetNumber="213" streetName="Leppeert St" apartmentNumber="6g3" city="Artoka" state="OK" zip="74542"/>
</MarkedRecordPair>
<MarkedRecordPair decision="match" date="2007-03-22" user="rphall" src="matcher" comment="0.9411765">
<person entityId="88863" recordId="159235" ssn="241807113" firstName="Submital" middleName="" lastName="Kawazoe" streetNumber="132" streetName="Cheee Pkwy" apartmentNumber="3j8" city="gaven" state="CT" zip="67543"/>
<person entityId="88863" recordId="168875" ssn="241807113" firstName="Submital" middleName="" lastName="Kawazoe" streetNumber="132" streetName="Chee Pkwy" apartmentNumber="3j8" city="Haven" state="KS" zip="67543"/>
</MarkedRecordPair>
<MarkedRecordPair decision="match" date="2007-03-22" user="rphall" src="matcher" comment="0.9411765">
<person entityId="72167" recordId="156025" ssn="000000000" firstName="Erinn" middleName="D" lastName="Sayer" streetNumber="502" streetName="Cbiling St" apartmentNumber="6f4" city="Bernaalillo" state="MS" zip="87004"/>
<person entityId="72167" recordId="158266" ssn="000000000" firstName="Erinn" middleName="D" lastName="Sayer" streetNumber="502" streetName="Cabilihg St" apartmentNumber="6f4" city="Bernalillo" state="NM" zip="87004"/>
</MarkedRecordPair>
<MarkedRecordPair decision="match" date="2007-03-22" user="rphall" src="matcher" comment="0.9411765">
<person entityId="72967" recordId="158665" ssn="000000000" firstName="Shown" middleName="O" lastName="Hettlage" streetNumber="984" streetName="Nou Ln" apartmentNumber="3o1" city="Minneota" state="MN" zip="56264"/>
<person entityId="72967" recordId="171097" ssn="000000000" firstName="Shown" middleName="O" lastName="Hettolage" streetNumber="" streetName="PO Box 4189" apartmentNumber="" city="Minneota" state="MN" zip="56264"/>
</MarkedRecordPair>
<MarkedRecordPair decision="match" date="2007-03-22" user="rphall" src="matcher" comment="0.9411765">
<person entityId="77863" recordId="156073" ssn="000000000" firstName="Yetta" middleName="I" lastName="agenheimer" streetNumber="" streetName="PO Box 1157" apartmentNumber="" city="Vadito" state="NM" zip="87579"/>
<person entityId="77863" recordId="177337" ssn="000000000" firstName="Yetta" middleName="I" lastName="Magenhemer" streetNumber="808" streetName="Chitnis Pkwy" apartmentNumber="6q3" city="Vadito" state="NM" zip="87579"/>
</MarkedRecordPair>
<MarkedRecordPair decision="match" date="2007-03-22" user="rphall" src="matcher" comment="0.9411765">
<person entityId="63553" recordId="159415" ssn="000000000" firstName="Beaton" middleName="D" lastName="Tarak" streetNumber="49" streetName="Brillhart St" apartmentNumber="0w6" city="Charlotte Amalie" state="VI" zip="00802"/>
<person entityId="63553" recordId="163065" ssn="000000000" firstName="Beaton" middleName="D" lastName="Tarak" streetNumber="49" streetName="nBrillhart St" apartmentNumber="0w6" city="Chafrlotte Amalie" state="VI" zip="20802"/>
</MarkedRecordPair>
<MarkedRecordPair decision="match" date="2007-03-22" user="rphall" src="matcher" comment="0.9411765">
<person entityId="51719" recordId="120617" ssn="437877332" firstName="Seim" middleName="F" lastName="Setsu" streetNumber="916" streetName="Petroff Rd" apartmentNumber="5v0" city="FPO SanF rancisco" state="GU" zip="36637"/>
<person entityId="51719" recordId="136093" ssn="437877332" firstName="Seim" middleName="F" lastName="Setsu" streetNumber="916" streetName="Petrofvf Rd" apartmentNumber="5v0" city="FPO San Francisco" state="GU" zip="96637"/>
</MarkedRecordPair>
<MarkedRecordPair decision="match" date="2007-03-22" user="rphall" src="matcher" comment="0.9411765">
<person entityId="88797" recordId="155366" ssn="000000000" firstName="Pedro" middleName="E" lastName="Kanevsky" streetNumber="" streetName="PO Blox 3815" apartmentNumber="" city="Leicghton" state="AL" zip="35646"/>
<person entityId="88797" recordId="167693" ssn="000000000" firstName="Pedro" middleName="E" lastName="Kanevsky" streetNumber="" streetName="PO Box 381s5" apartmentNumber="" city="Leighton" state="AL" zip="35646"/>
</MarkedRecordPair>
<MarkedRecordPair decision="match" date="2007-03-22" user="rphall" src="matcher" comment="0.9411765">
<person entityId="77283" recordId="150966" ssn="318778482" firstName="Affolter" middleName="" lastName="Koriner" streetNumber="" streetName="PO Box 4857" apartmentNumber="" city="Dayton" state="OH" zip="45431"/>
<person entityId="77283" recordId="176431" ssn="318778482" firstName="Affolter" middleName="" lastName="Koriner" streetNumber="226" streetName="Wiard Parkway" apartmentNumber="1n3" city="ayton" state="OH" zip="45431"/>
</MarkedRecordPair>
<MarkedRecordPair decision="match" date="2007-03-22" user="rphall" src="matcher" comment="0.9411765">
<person entityId="73727" recordId="149742" ssn="168823161" firstName="Longman" middleName="" lastName="Malenock" streetNumber="206" streetName="Nickolai Ave" apartmentNumber="5i6" city="Faivriew" state="WY" zip="83119"/>
<person entityId="73727" recordId="159633" ssn="040823162" firstName="Longamn" middleName="" lastName="Malenock" streetNumber="206" streetName="Nickolai Ave" apartmentNumber="5i6" city="Fairview" state="WY" zip="83119"/>
</MarkedRecordPair>
<MarkedRecordPair decision="match" date="2007-03-22" user="rphall" src="matcher" comment="0.9411765">
<person entityId="52511" recordId="138517" ssn="254733557" firstName="aWhitburn" middleName="Z" lastName="Constancy" streetNumber="503" streetName="Wall St" apartmentNumber="7q8" city="Topea" state="KS" zip="66617"/>
<person entityId="52511" recordId="148768" ssn="244736557" firstName="Whitburn" middleName="Z" lastName="Constancy" streetNumber="503" streetName="Wall St" apartmentNumber="7q8" city="Topeka" state="KS" zip="66617"/>
</MarkedRecordPair>
<MarkedRecordPair decision="match" date="2007-03-22" user="rphall" src="matcher" comment="0.9411765">
<person entityId="68679" recordId="161378" ssn="657617445" firstName="Kei" middleName="f" lastName="Pcbtools" streetNumber="485" streetName="Wakley Parkway" apartmentNumber="1r7" city="Richards" state="MO" zip="64778"/>
<person entityId="68679" recordId="164305" ssn="657610245" firstName="Kei" middleName="" lastName="Pcbtools" streetNumber="485" streetName="Wakey Parkway" apartmentNumber="1r7" city="Richards" state="MO" zip="64778"/>
</MarkedRecordPair>
<MarkedRecordPair decision="match" date="2007-03-22" user="rphall" src="matcher" comment="0.9411765">
<person entityId="72035" recordId="159668" ssn="511164681" firstName="Dietze" middleName="P" lastName="Shashi" streetNumber="918" streetName="Chock Avenue" apartmentNumber="3i7" city="Dawson" state="WV" zip="24932"/>
<person entityId="72035" recordId="162690" ssn="511164662" firstName="Dietxe" middleName="P" lastName="Shashi" streetNumber="918" streetName="dChock Av" apartmentNumber="3i7" city="Dawson" state="WV" zip="24932"/>
</MarkedRecordPair>
<MarkedRecordPair decision="match" date="2007-03-22" user="rphall" src="matcher" comment="0.9411765">
<person entityId="90753" recordId="147089" ssn="057128788" firstName="ventek" middleName="N" lastName="Eder" streetNumber="44" streetName="Congsons Rd" apartmentNumber="6i3" city="Stryker" state="MT" zip="59933"/>
<person entityId="90753" recordId="174099" ssn="667128788" firstName="Sevntek" middleName="N" lastName="Eder" streetNumber="44" streetName="Congson Rd" apartmentNumber="6i3" city="Stryker" state="MT" zip="59933"/>
</MarkedRecordPair>
<MarkedRecordPair decision="match" date="2007-03-22" user="rphall" src="matcher" comment="0.9411765">
<person entityId="38980" recordId="130011" ssn="000000000" firstName="Mohajeri" middleName="" lastName="Piroezzi" streetNumber="" streetName="PO Box 1090" apartmentNumber="" city="Raleigh" state="NC" zip="27690"/>
<person entityId="38980" recordId="130858" ssn="000000000" firstName="Mohajeri" middleName="" lastName="Pirozzi" streetNumber="" streetName="PO Box 1090" apartmentNumber="" city="Rlaeigh" state="NC" zip="27690"/>
</MarkedRecordPair>
<MarkedRecordPair decision="match" date="2007-03-22" user="rphall" src="matcher" comment="0.9411765">
<person entityId="51584" recordId="122546" ssn="706255481" firstName="Gilmour" middleName="C" lastName="Mcke" streetNumber="" streetName="PO Box 1804" apartmentNumber="" city="Wanda" state="MN" zip="56294"/>
<person entityId="51584" recordId="124388" ssn="706255481" firstName="Gilmour" middleName="C" lastName="Mvcke" streetNumber="" streetName="PO Box 1804" apartmentNumber="" city="Wandal" state="MN" zip="56294"/>
</MarkedRecordPair>
<MarkedRecordPair decision="match" date="2007-03-22" user="rphall" src="matcher" comment="0.9411765">
<person entityId="58030" recordId="148224" ssn="604016345" firstName="Tamila" middleName="" lastName="Wloska" streetNumber="441" streetName="Shcaub Street" apartmentNumber="3r6" city="Brandon" state="SD" zip="57005"/>
<person entityId="58030" recordId="155804" ssn="604026374" firstName="Tamila" middleName="" lastName="Wolska" streetNumber="441" streetName="Schaub Street" apartmentNumber="3r6" city="Brandon" state="SD" zip="57005"/>
</MarkedRecordPair>
<MarkedRecordPair decision="match" date="2007-03-22" user="rphall" src="matcher" comment="0.9411765">
<person entityId="90291" recordId="137860" ssn="684825155" firstName="Haswell" middleName="Q" lastName="chanck" streetNumber="128" streetName="Simala" apartmentNumber="3t6" city="Bogata" state="TX" zip="75417"/>
<person entityId="90291" recordId="164261" ssn="684825178" firstName="Haswell" middleName="Q" lastName="Schanck" streetNumber="128" streetName="Spimala" apartmentNumber="3t6" city="Bogata" state="TX" zip="75417"/>
</MarkedRecordPair>
<MarkedRecordPair decision="match" date="2007-03-22" user="rphall" src="matcher" comment="0.9411765">
<person entityId="60757" recordId="126452" ssn="000000000" firstName="Mastragelo" middleName="A" lastName="Jrwels" streetNumber="" streetName="PO Box 2410" apartmentNumber="" city="Pleasant Grove" state="UT" zip="84042"/>
<person entityId="60757" recordId="141019" ssn="000000000" firstName="Mastrangwlo" middleName="A" lastName="Jewels" streetNumber="" streetName="PO Box 2410" apartmentNumber="" city="Pleasant Grove" state="UT" zip="84042"/>
</MarkedRecordPair>
<MarkedRecordPair decision="match" date="2007-03-22" user="rphall" src="matcher" comment="0.9411765">
<person entityId="47555" recordId="123313" ssn="210500648" firstName="Seaton" middleName="G" lastName="Melaine" streetNumber="" streetName="PO Box 3537" apartmentNumber="" city="Blackfoot" state="ID" zip="83277"/>
<person entityId="47555" recordId="147283" ssn="210500648" firstName="S" middleName="G" lastName="Melsaine" streetNumber="" streetName="PO Box 3537" apartmentNumber="" city="Blackfoot" state="ID" zip="83277"/>
</MarkedRecordPair>
<MarkedRecordPair decision="match" date="2007-03-22" user="rphall" src="matcher" comment="0.9411765">
<person entityId="85965" recordId="154921" ssn="000000000" firstName="Zalite" middleName="T" lastName="Bagetakoxs" streetNumber="192" streetName="uzi Ave" apartmentNumber="4a8" city="Rinard Mills" state="OH" zip="45774"/>
<person entityId="85965" recordId="182320" ssn="000000000" firstName="Zalite" middleName="T" lastName="Bagetakos" streetNumber="192" streetName="Suzi Ave" apartmentNumber="4a8" city="Rinard Mill" state="OH" zip="45774"/>
</MarkedRecordPair>
<MarkedRecordPair decision="match" date="2007-03-22" user="rphall" src="matcher" comment="0.9411765">
<person entityId="52646" recordId="147275" ssn="342271871" firstName="Netty" middleName="" lastName="Alleq" streetNumber="197" streetName="Upcyurch" apartmentNumber="0w3" city="Lhyme" state="NH" zip="03768"/>
<person entityId="52646" recordId="149231" ssn="342271871" firstName="Netty" middleName="" lastName="qlldeq" streetNumber="197" streetName="Upchurch" apartmentNumber="0w3" city="Lyme" state="NH" zip="03768"/>
</MarkedRecordPair>
<MarkedRecordPair decision="match" date="2007-03-22" user="rphall" src="matcher" comment="0.9411765">
<person entityId="71823" recordId="153518" ssn="657385675" firstName="Thor" middleName="z" lastName="Tschann" streetNumber="788" streetName="Rowley Road" apartmentNumber="6b6" city="Charlotte Amalie" state="VI" zip="00803"/>
<person entityId="71823" recordId="162326" ssn="607385675" firstName="Thor" middleName="U" lastName="Tschann" streetNumber="188" streetName="Rowley Road" apartmentNumber="6b6" city="Charlotte Amalie" state="VI" zip="00803"/>
</MarkedRecordPair>
<MarkedRecordPair decision="match" date="2007-03-22" user="rphall" src="matcher" comment="0.9411765">
<person entityId="52007" recordId="150591" ssn="150087862" firstName="Aihua" middleName="G" lastName="Wydra" streetNumber="539" streetName="Eine Street" apartmentNumber="8f4" city="Cheswold" state="DE" zip="19936"/>
<person entityId="52007" recordId="151547" ssn="150287562" firstName="Aihua" middleName="m" lastName="Wydra" streetNumber="639" streetName="Eine Street" apartmentNumber="8f4" city="Cheswold" state="DE" zip="19936"/>
</MarkedRecordPair>
<MarkedRecordPair decision="match" date="2007-03-22" user="rphall" src="matcher" comment="0.9411765">
<person entityId="59087" recordId="150683" ssn="142546815" firstName="Petre" middleName="O" lastName="Shimazaki" streetNumber="936" streetName="Pembroke St" apartmentNumber="3f2" city="Rutledge" state="GA" zip="30663"/>
<person entityId="59087" recordId="153191" ssn="142546885" firstName="Petre" middleName="O" lastName="Shimazaki" streetNumber="" streetName="PO Box 1056" apartmentNumber="" city="Rutledge" state="GA" zip="30663"/>
</MarkedRecordPair>
<MarkedRecordPair decision="match" date="2007-03-22" user="rphall" src="matcher" comment="0.9411765">
<person entityId="90684" recordId="139255" ssn="623461630" firstName="Dubost" middleName="N" lastName="Liesie" streetNumber="" streetName="PO Box 95" apartmentNumber="" city="Blue Ridge" state="GA" zip="30513"/>
<person entityId="90684" recordId="161528" ssn="723467630" firstName="Dubost" middleName="N" lastName="Liesie" streetNumber="477" streetName="Poorani Rd" apartmentNumber="5q1" city="Blue Ridge" state="GA" zip="30513"/>
</MarkedRecordPair>
<MarkedRecordPair decision="match" date="2007-03-22" user="rphall" src="matcher" comment="0.9411765">
<person entityId="61795" recordId="150380" ssn="585127436" firstName="Mcadam" middleName="H" lastName="Dido" streetNumber="" streetName="PO Box 4156" apartmentNumber="" city="Schroeder" state="MN" zip="55613"/>
<person entityId="61795" recordId="159029" ssn="585527435" firstName="Mcadam" middleName="H" lastName="Dodo" streetNumber="" streetName="PO Box 4156" apartmentNumber="" city="Schroeder" state="MN" zip="55613"/>
</MarkedRecordPair>
<MarkedRecordPair decision="match" date="2007-03-22" user="rphall" src="matcher" comment="0.9411765">
<person entityId="49291" recordId="129524" ssn="166156102" firstName="Nate" middleName="H" lastName="Donough" streetNumber="" streetName="PO Box 3101" apartmentNumber="" city="Great Falls" state="MT" zip="59403"/>
<person entityId="49291" recordId="135744" ssn="166756302" firstName="Nate" middleName="H" lastName="aDonough" streetNumber="" streetName="PO Box 3101" apartmentNumber="" city="Great Falls" state="MT" zip="59403"/>
</MarkedRecordPair>
<MarkedRecordPair decision="match" date="2007-03-22" user="rphall" src="matcher" comment="0.9411765">
<person entityId="30686" recordId="126060" ssn="641367330" firstName="Greear" middleName="D" lastName="Mccarrell" streetNumber="810" streetName="Snipes Avenue" apartmentNumber="5i7" city="Prairie View" state="KS" zip="67664"/>
<person entityId="30686" recordId="127555" ssn="641367100" firstName="Greear" middleName="D" lastName="Mccarrell" streetNumber="810" streetName="Smnipes Avenue" apartmentNumber="5i7" city="Prairie View" state="KS" zip="64664"/>
</MarkedRecordPair>
<MarkedRecordPair decision="match" date="2007-03-22" user="rphall" src="matcher" comment="0.9411765">
<person entityId="48781" recordId="117469" ssn="355033681" firstName="Diserens" middleName="E" lastName="Migliori" streetNumber="704" streetName="Landamu St" apartmentNumber="6s8" city="Ashwood" state="OR" zip="97711"/>
<person entityId="48781" recordId="132043" ssn="355063682" firstName="Diserens" middleName="E" lastName="Migliori" streetNumber="704" streetName="Landau St" apartmentNumber="6s8" city="Ashwood" state="OR" zip="97713"/>
</MarkedRecordPair>
<MarkedRecordPair decision="match" date="2007-03-22" user="rphall" src="matcher" comment="0.9411765">
<person entityId="75251" recordId="145477" ssn="753735422" firstName="Saenger" middleName="" lastName="Forland" streetNumber="240" streetName="Nouri Rd" apartmentNumber="4k5" city="Christiansted" state="VI" zip="00824"/>
<person entityId="75251" recordId="173438" ssn="753735422" firstName="Saenger" middleName="f" lastName="Forland" streetNumber="230" streetName="mouri Rd" apartmentNumber="4k5" city="Christiansted" state="VI" zip="00824"/>
</MarkedRecordPair>
<MarkedRecordPair decision="match" date="2007-03-22" user="rphall" src="matcher" comment="0.9411765">
<person entityId="40976" recordId="126247" ssn="000000000" firstName="Pernell" middleName="W" lastName="Mallett" streetNumber="620" streetName="Manfred Parkway" apartmentNumber="6w4" city="Cleveland" state="MS" zip="38733"/>
<person entityId="40976" recordId="131111" ssn="000000000" firstName="Pernell" middleName="o" lastName="Mallett" streetNumber="720" streetName="Manfredm Parkway" apartmentNumber="6w4" city="Cleveland" state="MS" zip="38733"/>
</MarkedRecordPair>
<MarkedRecordPair decision="match" date="2007-03-22" user="rphall" src="matcher" comment="0.9411765">
<person entityId="68739" recordId="145242" ssn="000000000" firstName="Belkin" middleName="T" lastName="Fluker" streetNumber="184" streetName="Naoto" apartmentNumber="2o1" city="Columbisa" state="SC" zip="21098"/>
<person entityId="68739" recordId="146803" ssn="000000000" firstName="Belkin" middleName="T" lastName="Fluke" streetNumber="184" streetName="Naoto" apartmentNumber="2o1" city="Columbia" state="MD" zip="21098"/>
</MarkedRecordPair>
<MarkedRecordPair decision="match" date="2007-03-22" user="rphall" src="matcher" comment="0.9411765">
<person entityId="42686" recordId="122853" ssn="000000000" firstName="Heyman" middleName="" lastName="Deaes" streetNumber="709" streetName="Jackey Avenue" apartmentNumber="5g1" city="Millersville" state="MO" zip="63766"/>
<person entityId="42686" recordId="140800" ssn="000000000" firstName="Heyman" middleName="" lastName="Deames" streetNumber="709" streetName="Jackey Avenue" apartmentNumber="5g1" city="Millwersville" state="GU" zip="63766"/>
</MarkedRecordPair>
<MarkedRecordPair decision="match" date="2007-03-22" user="rphall" src="matcher" comment="0.9411765">
<person entityId="61135" recordId="134260" ssn="583640067" firstName="Dellos" middleName="G" lastName="Frens" streetNumber="" streetName="PO Box 1233" apartmentNumber="" city="Rose Bud" state="AR" zip="72137"/>
<person entityId="61135" recordId="134445" ssn="584240067" firstName="Dellosq" middleName="G" lastName="Frens" streetNumber="" streetName="PO Box 1233" apartmentNumber="" city="Rose Bud" state="AR" zip="72137"/>
</MarkedRecordPair>
<MarkedRecordPair decision="match" date="2007-03-22" user="rphall" src="matcher" comment="0.9411765">
<person entityId="31796" recordId="129578" ssn="542082346" firstName="Tsakada" middleName="Q" lastName="Newbold" streetNumber="" streetName="PO Box 4742" apartmentNumber="" city="Port Norris" state="NJ" zip="08349"/>
<person entityId="31796" recordId="130715" ssn="543082344" firstName="Takaad" middleName="Q" lastName="Newbold" streetNumber="" streetName="PO Box 4742" apartmentNumber="" city="Port Norris" state="NJ" zip="08349"/>
</MarkedRecordPair>
<MarkedRecordPair decision="match" date="2007-03-22" user="rphall" src="matcher" comment="0.9411765">
<person entityId="55657" recordId="138446" ssn="000000000" firstName="Adan" middleName="R" lastName="Kegle" streetNumber="936" streetName="Jarnak Road" apartmentNumber="8p6" city="Trujillo Alto" state="PR" zip="00760"/>
<person entityId="55657" recordId="145303" ssn="000000000" firstName="Adan" middleName="R" lastName="boxldy" streetNumber="936" streetName="Jarnak Road" apartmentNumber="8p6" city="Trujillo Alrto" state="PR" zip="50760"/>
</MarkedRecordPair>
<MarkedRecordPair decision="match" date="2007-03-22" user="rphall" src="matcher" comment="0.9411765">
<person entityId="72295" recordId="115889" ssn="210553356" firstName="Bruesewitz" middleName="T" lastName="Whiting" streetNumber="47" streetName="Takesako Street" apartmentNumber="8e4" city="Miles City" state="MT" zip="59345"/>
<person entityId="72295" recordId="151531" ssn="210553356" firstName="Bruesewitz" middleName="T" lastName="Whitinbg" streetNumber="47" streetName="Takesako Street" apartmentNumber="8e4" city="jiles City" state="MT" zip="59645"/>
</MarkedRecordPair>
<MarkedRecordPair decision="match" date="2007-03-22" user="rphall" src="matcher" comment="0.9411765">
<person entityId="88482" recordId="138202" ssn="300442416" firstName="Balmonte" middleName="O" lastName="Boutsikaris" streetNumber="11" streetName="Neng Pkwy" apartmentNumber="5p3" city="Nottinghill" state="MO" zip="65518"/>
<person entityId="88482" recordId="170118" ssn="300442416" firstName="Balmonte" middleName="O" lastName="Boutsikaris" streetNumber="11" streetName="Neng Pkwy" apartmentNumber="5p3" city="oottinghill" state="MT" zip="65718"/>
</MarkedRecordPair>
<MarkedRecordPair decision="match" date="2007-03-22" user="rphall" src="matcher" comment="0.9411765">
<person entityId="92226" recordId="130935" ssn="000000000" firstName="Kotera" middleName="R" lastName="Kwsk" streetNumber="286" streetName="Mistry Lane" apartmentNumber="6a1" city="Winslow" state="AR" zip="72959"/>
<person entityId="92226" recordId="185413" ssn="000000000" firstName="Kotera" middleName="R" lastName="Kwsk" streetNumber="286" streetName="Mistry Lane" apartmentNumber="6a1" city="Winslowb" state="ND" zip="72359"/>
</MarkedRecordPair>
<MarkedRecordPair decision="match" date="2007-03-22" user="rphall" src="matcher" comment="0.9411765">
<person entityId="65844" recordId="142587" ssn="000000000" firstName="Deraaf" middleName="f" lastName="Queenie" streetNumber="" streetName="PO Box 4262" apartmentNumber="" city="Richmond" state="MO" zip="64085"/>
<person entityId="65844" recordId="150321" ssn="000000000" firstName="Deraaf" middleName="" lastName="Queenie" streetNumber="" streetName="PO Box 4262" apartmentNumber="" city="fRichmond" state="MO" zip="64085"/>
</MarkedRecordPair>
<MarkedRecordPair decision="match" date="2007-03-22" user="rphall" src="matcher" comment="0.9411765">
<person entityId="55643" recordId="138313" ssn="000000000" firstName="Sattar" middleName="I" lastName="Marve" streetNumber="800" streetName="Burlingame Road" apartmentNumber="8c2" city="Belmont" state="WV" zip="26134"/>
<person entityId="55643" recordId="147824" ssn="000000000" firstName="Sttar" middleName="I" lastName="Marve" streetNumber="800" streetName="Burlingame Road" apartmentNumber="8c2" city="Bemont" state="WV" zip="26534"/>
</MarkedRecordPair>
<MarkedRecordPair decision="match" date="2007-03-22" user="rphall" src="matcher" comment="0.9411765">
<person entityId="43382" recordId="131513" ssn="000000000" firstName="Gooi" middleName="G" lastName="Andris" streetNumber="696" streetName="Kamysz St" apartmentNumber="7c6" city="Frogan" state="OK" zip="73958"/>
<person entityId="43382" recordId="133529" ssn="000000000" firstName="Goi" middleName="G" lastName="Andris" streetNumber="696" streetName="Kamysz St" apartmentNumber="7c6" city="Forgan" state="OK" zip="73938"/>
</MarkedRecordPair>
<MarkedRecordPair decision="match" date="2007-03-22" user="rphall" src="matcher" comment="0.9411765">
<person entityId="42966" recordId="136340" ssn="313846077" firstName="Dahms" middleName="Z" lastName="Strandvold" streetNumber="871" streetName="Krishinkumar Ln" apartmentNumber="6x1" city="East Stoneham" state="ME" zip="04231"/>
<person entityId="42966" recordId="139045" ssn="313846077" firstName="Dahms" middleName="i" lastName="Strandvold" streetNumber="871" streetName="Krishiknumar Ln" apartmentNumber="6x1" city="Eas tStoneham" state="ME" zip="04231"/>
</MarkedRecordPair>
<MarkedRecordPair decision="match" date="2007-03-22" user="rphall" src="matcher" comment="0.9411765">
<person entityId="35370" recordId="113104" ssn="000000000" firstName="Wellington" middleName="Y" lastName="Portella" streetNumber="778" streetName="Nsaud Road" apartmentNumber="1d2" city="Lyndhurst" state="VA" zip="22952"/>
<person entityId="35370" recordId="132835" ssn="000000000" firstName="Wellington" middleName="u" lastName="Portella" streetNumber="778" streetName="Naud Road" apartmentNumber="1d2" city="Lynfhurst" state="VA" zip="22952"/>
</MarkedRecordPair>
<MarkedRecordPair decision="match" date="2007-03-22" user="rphall" src="matcher" comment="0.9411765">
<person entityId="77135" recordId="139122" ssn="000000000" firstName="Mitds" middleName="x" lastName="Siebenaler" streetNumber="453" streetName="Bartman Street" apartmentNumber="7x8" city="Miara" state="LA" zip="71059"/>
<person entityId="77135" recordId="141033" ssn="000000000" firstName="Mits" middleName="" lastName="Siebenaler" streetNumber="453" streetName="Bartman Street" apartmentNumber="7x8" city="Mira" state="LA" zip="71059"/>
</MarkedRecordPair>
<MarkedRecordPair decision="match" date="2007-03-22" user="rphall" src="matcher" comment="0.9411765">
<person entityId="74523" recordId="122157" ssn="682654470" firstName="Mibs" middleName="I" lastName="Melicent" streetNumber="535" streetName="Kordestani" apartmentNumber="2k6" city="fDover" state="DE" zip="19903"/>
<person entityId="74523" recordId="123316" ssn="682654470" firstName="Mips" middleName="f" lastName="Melicent" streetNumber="535" streetName="Kordestani" apartmentNumber="2k6" city="Dover" state="DE" zip="19903"/>
</MarkedRecordPair>
<MarkedRecordPair decision="match" date="2007-03-22" user="rphall" src="matcher" comment="0.9411765">
<person entityId="61945" recordId="137605" ssn="000000000" firstName="Setsuo" middleName="E" lastName="Brexl" streetNumber="509" streetName="Ambiel Avenue" apartmentNumber="4g5" city="Kittery Point" state="ME" zip="03905"/>
<person entityId="61945" recordId="140528" ssn="000000000" firstName="Setsuo" middleName="E" lastName="Brexl" streetNumber="569" streetName="Ambiel Avenue" apartmentNumber="4g5" city="Kittery Poingt" state="GU" zip="03905"/>
</MarkedRecordPair>
<MarkedRecordPair decision="match" date="2007-03-22" user="rphall" src="matcher" comment="0.9411765">
<person entityId="66114" recordId="129403" ssn="122171178" firstName="Oliveira" middleName="D" lastName="Tucher" streetNumber="805" streetName="Latef Ave" apartmentNumber="2m0" city="Concors" state="MA" zip="03302"/>
<person entityId="66114" recordId="132602" ssn="122171178" firstName="Oliveira" middleName="D" lastName="Tucher" streetNumber="205" streetName="Latef Ave" apartmentNumber="2m0" city="Concord" state="NH" zip="03302"/>
</MarkedRecordPair>
<MarkedRecordPair decision="match" date="2007-03-22" user="rphall" src="matcher" comment="0.9411765">
<person entityId="55579" recordId="138120" ssn="743362760" firstName="pcboards" middleName="P" lastName="Rosskopf" streetNumber="16" streetName="Candelario Road" apartmentNumber="8m7" city="Belleville" state="WV" zip="26133"/>
<person entityId="55579" recordId="140192" ssn="743362760" firstName="Pcboards" middleName="P" lastName="Rosskopf" streetNumber="16" streetName="Candelario Road" apartmentNumber="8m7" city="Bellevillew" state="TX" zip="26133"/>
</MarkedRecordPair>
<MarkedRecordPair decision="match" date="2007-03-22" user="rphall" src="matcher" comment="0.9411765">
<person entityId="42238" recordId="136329" ssn="000000000" firstName="Cadzow" middleName="a" lastName="Misse" streetNumber="148" streetName="Qa Ave" apartmentNumber="7h2" city="Haywad" state="CA" zip="94557"/>
<person entityId="42238" recordId="140413" ssn="000000000" firstName="Cadzow" middleName="F" lastName="Misse" streetNumber="248" streetName="Qa Ave" apartmentNumber="7h2" city="Hayward" state="CA" zip="94557"/>
</MarkedRecordPair>
<MarkedRecordPair decision="match" date="2007-03-22" user="rphall" src="matcher" comment="0.9411765">
<person entityId="23140" recordId="102839" ssn="338781287" firstName="Prange" middleName="g" lastName="Ocarroll" streetNumber="336" streetName="Swerlein Ave" apartmentNumber="7d0" city="Vance" state="AL" zip="35490"/>
<person entityId="23140" recordId="117221" ssn="338741286" firstName="Prabnge" middleName="B" lastName="Ocarroll" streetNumber="336" streetName="Swerlein Ave" apartmentNumber="7d0" city="Vance" state="AL" zip="35490"/>
</MarkedRecordPair>
<MarkedRecordPair decision="match" date="2007-03-22" user="rphall" src="matcher" comment="0.9411765">
<person entityId="30716" recordId="112741" ssn="527172444" firstName="Halert" middleName="w" lastName="Imes" streetNumber="527" streetName="Sithole Rd" apartmentNumber="5p6" city="Foster" state="OR" zip="97345"/>
<person entityId="30716" recordId="129119" ssn="537172444" firstName="Halbert" middleName="M" lastName="Imes" streetNumber="527" streetName="Sithole Rd" apartmentNumber="5p6" city="Foster" state="OR" zip="97345"/>
</MarkedRecordPair>
<MarkedRecordPair decision="match" date="2007-03-22" user="rphall" src="matcher" comment="0.9411765">
<person entityId="41051" recordId="136104" ssn="650747170" firstName="Mecteau" middleName="Z" lastName="Benyon" streetNumber="959" streetName="wey Ave" apartmentNumber="8c4" city="Hawleyville" state="CT" zip="06440"/>
<person entityId="41051" recordId="136796" ssn="650727178" firstName="Mecteau" middleName="Z" lastName="Benyon" streetNumber="959" streetName="Hwey Ave" apartmentNumber="8c4" city="Hawleyville" state="AK" zip="06440"/>
</MarkedRecordPair>
<MarkedRecordPair decision="match" date="2007-03-22" user="rphall" src="matcher" comment="0.9411765">
<person entityId="42084" recordId="128345" ssn="524800732" firstName="Pellervo" middleName="P" lastName="Goulden" streetNumber="180" streetName="Doue" apartmentNumber="5u8" city="Edisons" state="OH" zip="43320"/>
<person entityId="42084" recordId="131949" ssn="524800732" firstName="Pellervo" middleName="p" lastName="yongil" streetNumber="180" streetName="Doue" apartmentNumber="5u8" city="Edison" state="OH" zip="43320"/>
</MarkedRecordPair>
<MarkedRecordPair decision="match" date="2007-03-22" user="rphall" src="matcher" comment="0.9411765">
<person entityId="19311" recordId="101257" ssn="000000000" firstName="Meiklejohn" middleName="G" lastName="Windsorj" streetNumber="889" streetName="Sacke St" apartmentNumber="8x4" city="Newcastle" state="WY" zip="82701"/>
<person entityId="19311" recordId="104875" ssn="000000000" firstName="Meiklejohn" middleName="k" lastName="Windsor" streetNumber="889" streetName="Sacke St" apartmentNumber="8x4" city="Necastle" state="WY" zip="82701"/>
</MarkedRecordPair>
<MarkedRecordPair decision="match" date="2007-03-22" user="rphall" src="matcher" comment="0.9411765">
<person entityId="76799" recordId="116410" ssn="270402443" firstName="Rajchwald" middleName="Z" lastName="Coriale" streetNumber="58" streetName="Balocco Avenue" apartmentNumber="6z6" city="Twin Bridges" state="MT" zip="59754"/>
<person entityId="76799" recordId="140843" ssn="270403343" firstName="Rajchwald" middleName="Z" lastName="Coriale" streetNumber="48" streetName="Balocco Avenue" apartmentNumber="6z6" city="Twin Bridges" state="CT" zip="59754"/>
</MarkedRecordPair>
<MarkedRecordPair decision="match" date="2007-03-22" user="rphall" src="matcher" comment="0.9411765">
<person entityId="61621" recordId="100414" ssn="546262138" firstName="Ustaris" middleName="J" lastName="Chiah" streetNumber="281" streetName="Haurat Lane" apartmentNumber="2n5" city="Waucoma" state="IA" zip="52171"/>
<person entityId="61621" recordId="156647" ssn="541262148" firstName="Ustaris" middleName="J" lastName="Chiah" streetNumber="233" streetName="Haurat Lane" apartmentNumber="2n5" city="Waucoma" state="OK" zip="52171"/>
</MarkedRecordPair>
<MarkedRecordPair decision="match" date="2007-03-22" user="rphall" src="matcher" comment="0.9411765">
<person entityId="42476" recordId="123245" ssn="637852184" firstName="Suchocki" middleName="" lastName="Lyndia" streetNumber="3" streetName="Raaflaub St" apartmentNumber="3s3" city="Hasse" state="TX" zip="76456"/>
<person entityId="42476" recordId="129662" ssn="237856184" firstName="Sucxhocki" middleName="" lastName="Lyndia" streetNumber="3" streetName="Raaflaub St" apartmentNumber="3s3" city="Hasse" state="UT" zip="76456"/>
</MarkedRecordPair>
<MarkedRecordPair decision="match" date="2007-03-22" user="rphall" src="matcher" comment="0.9411765">
<person entityId="46862" recordId="127333" ssn="518053240" firstName="Phyliss" middleName="S" lastName="Shioya" streetNumber="184" streetName="Troup St" apartmentNumber="3x3" city="Leicester Junction" state="VT" zip="05752"/>
<person entityId="46862" recordId="129265" ssn="518053240" firstName="Phylisas" middleName="S" lastName="Shioya" streetNumber="184" streetName="Ttoup St" apartmentNumber="3x3" city="Leicester Junction" state="AL" zip="05752"/>
</MarkedRecordPair>
<MarkedRecordPair decision="match" date="2007-03-22" user="rphall" src="matcher" comment="0.9411765">
<person entityId="67554" recordId="116171" ssn="661853860" firstName="Gayle" middleName="" lastName="Hukkaneni" streetNumber="832" streetName="Visa Road" apartmentNumber="6d5" city="Heber" state="AZ" zip="85928"/>
<person entityId="67554" recordId="157668" ssn="661853860" firstName="Gayle" middleName="b" lastName="Hukkanen" streetNumber="822" streetName="Visa Road" apartmentNumber="6d5" city="Heber" state="AZ" zip="85928"/>
</MarkedRecordPair>
<MarkedRecordPair decision="match" date="2007-03-22" user="rphall" src="matcher" comment="0.9411765">
<person entityId="101078" recordId="101078" ssn="148863877" firstName="Muchowski" middleName="p" lastName="ong" streetNumber="473" streetName="Wittman" apartmentNumber="2o3" city="Tallassee" state="AL" zip="36078"/>
<person entityId="101078" recordId="193986" ssn="148863877" firstName="Muchowski" middleName="L" lastName="Nong" streetNumber="472" streetName="Wittman" apartmentNumber="2o3" city="Tallassee" state="AL" zip="36078"/>
</MarkedRecordPair>
<MarkedRecordPair decision="match" date="2007-03-22" user="rphall" src="matcher" comment="0.9411765">
<person entityId="63719" recordId="123436" ssn="000000000" firstName="Horsefield" middleName="" lastName="Levisky" streetNumber="400" streetName="fGhay St" apartmentNumber="0d1" city="Park City" state="UT" zip="84068"/>
<person entityId="63719" recordId="139228" ssn="000000000" firstName="Horsefield" middleName="" lastName="Leivsky" streetNumber="400" streetName="Ghay St" apartmentNumber="0d1" city="Park City" state="UT" zip="04068"/>
</MarkedRecordPair>
<MarkedRecordPair decision="match" date="2007-03-22" user="rphall" src="matcher" comment="0.9411765">
<person entityId="26107" recordId="111079" ssn="000000000" firstName="Liming" middleName="" lastName="clausse" streetNumber="180" streetName="Fredefrick Av" apartmentNumber="8x2" city="Penuelas" state="PR" zip="00724"/>
<person entityId="26107" recordId="112586" ssn="000000000" firstName="Liming" middleName="S" lastName="Fujisaki" streetNumber="180" streetName="Freferick Avenue" apartmentNumber="8x2" city="Penuelas" state="PR" zip="00724"/>
</MarkedRecordPair>
<MarkedRecordPair decision="match" date="2007-03-22" user="rphall" src="matcher" comment="0.9411765">
<person entityId="34562" recordId="103952" ssn="000000000" firstName="Haschke" middleName="j" lastName="Christalle" streetNumber="552" streetName="Geharring Avenue" apartmentNumber="6b1" city="Edgewater" state="NJ" zip="07020"/>
<person entityId="34562" recordId="131371" ssn="000000000" firstName="Haschke" middleName="Z" lastName="Chrsitalle" streetNumber="552" streetName="Gearring Avenue" apartmentNumber="6b1" city="Edgewater" state="NJ" zip="07020"/>
</MarkedRecordPair>
<MarkedRecordPair decision="match" date="2007-03-22" user="rphall" src="matcher" comment="0.9411765">
<person entityId="47819" recordId="122149" ssn="318286306" firstName="Neve" middleName="d" lastName="Ou" streetNumber="735" streetName="Mazanji" apartmentNumber="4e4" city="Balchj" state="AR" zip="72009"/>
<person entityId="47819" recordId="140831" ssn="712286306" firstName="Neve" middleName="O" lastName="Ou" streetNumber="735" streetName="Mazanji" apartmentNumber="4e4" city="Balch" state="AR" zip="72009"/>
</MarkedRecordPair>
<MarkedRecordPair decision="match" date="2007-03-22" user="rphall" src="matcher" comment="0.9411765">
<person entityId="35040" recordId="119381" ssn="213738272" firstName="Ibrah" middleName="J" lastName="Iluminada" streetNumber="902" streetName="Kumar Road" apartmentNumber="3o8" city="Meriden" state="CT" zip="26450"/>
<person entityId="35040" recordId="133462" ssn="213738272" firstName="Ibrah" middleName="J" lastName="Iluminada" streetNumber="" streetName="PO Bozx 956" apartmentNumber="" city="Meriden" state="CT" zip="06450"/>
</MarkedRecordPair>
<MarkedRecordPair decision="match" date="2007-03-22" user="rphall" src="matcher" comment="0.9411765">
<person entityId="12384" recordId="102869" ssn="000000000" firstName="Motoi" middleName="P" lastName="Vignuda" streetNumber="" streetName="PO Box 4587" apartmentNumber="" city="Richburg" state="SC" zip="29729"/>
<person entityId="12384" recordId="103890" ssn="000000000" firstName="Motoi" middleName="P" lastName="Vignuda" streetNumber="188" streetName="Beiklenson Ave" apartmentNumber="6k4" city="Richburg" state="SC" zip="29129"/>
</MarkedRecordPair>
<MarkedRecordPair decision="match" date="2007-03-22" user="rphall" src="matcher" comment="0.9411765">
<person entityId="20882" recordId="107602" ssn="681150083" firstName="Talgoe" middleName="Z" lastName="Kreklywich" streetNumber="181" streetName="Albertz Road" apartmentNumber="4b3" city="Agana" state="GU" zip="96974"/>
<person entityId="20882" recordId="108705" ssn="681148083" firstName="Talgoe" middleName="Z" lastName="Kreklywich" streetNumber="581" streetName="Albertz Road" apartmentNumber="4b3" city="Agana" state="GU" zip="96914"/>
</MarkedRecordPair>
<MarkedRecordPair decision="match" date="2007-03-22" user="rphall" src="matcher" comment="0.9411765">
<person entityId="58037" recordId="102497" ssn="442715702" firstName="Veryl" middleName="G" lastName="Antonetta" streetNumber="335" streetName="Debbie" apartmentNumber="8g0" city="Combes" state="TX" zip="72535"/>
<person entityId="58037" recordId="112318" ssn="842715712" firstName="Veryl" middleName="G" lastName="Antonetta" streetNumber="385" streetName="Debbie" apartmentNumber="8g0" city="Combes" state="TX" zip="78535"/>
</MarkedRecordPair>
<MarkedRecordPair decision="match" date="2007-03-22" user="rphall" src="matcher" comment="0.9411765">
<person entityId="37393" recordId="106331" ssn="000000000" firstName="Kakuta" middleName="S" lastName="Mercurio" streetNumber="" streetName="Pl Box 3868" apartmentNumber="" city="Omaha" state="GA" zip="68180"/>
<person entityId="37393" recordId="111876" ssn="000000000" firstName="Kakuta" middleName="S" lastName="Mercurio" streetNumber="" streetName="PO xox 3868" apartmentNumber="" city="Omaha" state="NE" zip="68180"/>
</MarkedRecordPair>
<MarkedRecordPair decision="match" date="2007-03-22" user="rphall" src="matcher" comment="0.9411765">
<person entityId="105032" recordId="105032" ssn="624151282" firstName="Hively" middleName="" lastName="Glynn" streetNumber="" streetName="PO Box 3980" apartmentNumber="" city="Big Horn" state="WY" zip="82833"/>
<person entityId="105032" recordId="148050" ssn="624151282" firstName="Hively" middleName="" lastName="Glynn" streetNumber="" streetName="P Box 3980" apartmentNumber="" city="Big Horn" state="NE" zip="82833"/>
</MarkedRecordPair>
<MarkedRecordPair decision="match" date="2007-03-22" user="rphall" src="matcher" comment="0.9411765">
<person entityId="80514" recordId="118235" ssn="210676757" firstName="Ninian" middleName="j" lastName="Bulletin" streetNumber="545" streetName="Oren Ave" apartmentNumber="4h5" city="Lenoir" state="NC" zip="28633"/>
<person entityId="80514" recordId="146147" ssn="215656747" firstName="Ninian" middleName="F" lastName="Bulletin" streetNumber="545" streetName="Oren Ave" apartmentNumber="4h5" city="Ldnoir" state="NC" zip="28633"/>
</MarkedRecordPair>
<MarkedRecordPair decision="match" date="2007-03-22" user="rphall" src="matcher" comment="0.9411765">
<person entityId="23703" recordId="103538" ssn="523141477" firstName="Blazejrewski" middleName="" lastName="Teichner" streetNumber="664" streetName="Kujna Ave" apartmentNumber="6o2" city="Sandy" state="OH" zip="84090"/>
<person entityId="23703" recordId="106232" ssn="523146177" firstName="Blazejewski" middleName="" lastName="Teichner" streetNumber="664" streetName="Kujna Ave" apartmentNumber="6o2" city="Sandy" state="UT" zip="84090"/>
</MarkedRecordPair>
<MarkedRecordPair decision="match" date="2007-03-22" user="rphall" src="matcher" comment="0.9411765">
<person entityId="18221" recordId="100666" ssn="000000000" firstName="Duco" middleName="I" lastName="Tahajmi" streetNumber="65" streetName="Josiee St" apartmentNumber="3a7" city="Fort Madison" state="IA" zip="52627"/>
<person entityId="18221" recordId="107031" ssn="000000000" firstName="Duco" middleName="I" lastName="Tagami" streetNumber="65" streetName="Josine St" apartmentNumber="3a7" city="Fort Madison" state="IA" zip="58627"/>
</MarkedRecordPair>
<MarkedRecordPair decision="match" date="2007-03-22" user="rphall" src="matcher" comment="0.9411765">
<person entityId="11013" recordId="105084" ssn="667605863" firstName="Babbitto" middleName="F" lastName="Johnath" streetNumber="65" streetName="Flqachslaender Avenue" apartmentNumber="8b4" city="Kenosha" state="FL" zip="53140"/>
<person entityId="11013" recordId="108818" ssn="667605863" firstName="Babbitt" middleName="F" lastName="Johnath" streetNumber="65" streetName="Flchslaender Avenue" apartmentNumber="8b4" city="Kenosha" state="WI" zip="53140"/>
</MarkedRecordPair>
<MarkedRecordPair decision="match" date="2007-03-22" user="rphall" src="matcher" comment="0.9411765">
<person entityId="70511" recordId="107543" ssn="536353067" firstName="Brechot" middleName="V" lastName="Orr" streetNumber="528" streetName="Oecni Ln" apartmentNumber="0f6" city="Trammel" state="VA" zip="24289"/>
<person entityId="70511" recordId="143815" ssn="535351067" firstName="Brechot" middleName="V" lastName="Orr" streetNumber="528" streetName="Oeni Ln" apartmentNumber="0f6" city="Trammel" state="PR" zip="24289"/>
</MarkedRecordPair>
<MarkedRecordPair decision="match" date="2007-03-22" user="rphall" src="matcher" comment="0.9411765">
<person entityId="42294" recordId="119029" ssn="137545240" firstName="Yul" middleName="G" lastName="Konstantopoulos" streetNumber="189" streetName="Petschi Rd" apartmentNumber="2w0" city="Lindcoln" state="NE" zip="68512"/>
<person entityId="42294" recordId="136434" ssn="137545240" firstName="Yul" middleName="j" lastName="Konstantopoulos" streetNumber="185" streetName="Petschi Rd" apartmentNumber="2w0" city="Linvoln" state="NE" zip="68512"/>
</MarkedRecordPair>
<MarkedRecordPair decision="match" date="2007-03-22" user="rphall" src="matcher" comment="0.9411765">
<person entityId="74187" recordId="126571" ssn="368813464" firstName="Tandbegr" middleName="" lastName="Sabrina" streetNumber="856" streetName="Pawlowski Road" apartmentNumber="2k0" city="Uppea Lake" state="CA" zip="95485"/>
<person entityId="74187" recordId="127223" ssn="368813464" firstName="Tandberg" middleName="" lastName="Sabrina" streetNumber="856" streetName="Pawlowski Road" apartmentNumber="2k0" city="Upper Lake" state="NM" zip="95485"/>
</MarkedRecordPair>
<MarkedRecordPair decision="match" date="2007-03-22" user="rphall" src="matcher" comment="0.9411765">
<person entityId="70191" recordId="140299" ssn="358267500" firstName="Attyberry" middleName="e" lastName="Walrond" streetNumber="" streetName="PO Box 279" apartmentNumber="" city="Amity" state="MO" zip="64422"/>
<person entityId="70191" recordId="142449" ssn="388267400" firstName="Attyberry" middleName="S" lastName="Walrond" streetNumber="" streetName="PO Box 279" apartmentNumber="" city="Amity" state="MO" zip="64422"/>
</MarkedRecordPair>
<MarkedRecordPair decision="match" date="2007-03-22" user="rphall" src="matcher" comment="0.9411765">
<person entityId="49851" recordId="115489" ssn="332800048" firstName="Eliasnia" middleName="" lastName="Florette" streetNumber="" streetName="PO Box 901" apartmentNumber="" city="Oklahoma City" state="OK" zip="73159"/>
<person entityId="49851" recordId="144972" ssn="382800041" firstName="Eliasnia" middleName="b" lastName="Florette" streetNumber="" streetName="PO Box 901" apartmentNumber="" city="Oklahoma City" state="OK" zip="73159"/>
</MarkedRecordPair>
<MarkedRecordPair decision="match" date="2007-03-22" user="rphall" src="matcher" comment="0.9411765">
<person entityId="104616" recordId="104616" ssn="554507814" firstName="Credille" middleName="q" lastName="Antony" streetNumber="" streetName="PO Box 2604" apartmentNumber="" city="Cooprrs Mills" state="ME" zip="04341"/>
<person entityId="104616" recordId="174965" ssn="554507814" firstName="Credille" middleName="R" lastName="Antony" streetNumber="" streetName="PO Box 2604" apartmentNumber="" city="Coopers Mills" state="ME" zip="04341"/>
</MarkedRecordPair>
<MarkedRecordPair decision="match" date="2007-03-22" user="rphall" src="matcher" comment="0.9411765">
<person entityId="90516" recordId="153943" ssn="453132804" firstName="Humfrid" middleName="A" lastName="Yeen" streetNumber="537" streetName="aHyase Street" apartmentNumber="0x5" city="Baton Rouge" state="LA" zip="70811"/>
<person entityId="90516" recordId="175042" ssn="453132804" firstName="Humfrid" middleName="A" lastName="Yeen" streetNumber="567" streetName="ayase Street" apartmentNumber="0x5" city="Baton Rouge" state="AZ" zip="70811"/>
</MarkedRecordPair>
<MarkedRecordPair decision="match" date="2007-03-22" user="rphall" src="matcher" comment="0.9411765">
<person entityId="42420" recordId="106836" ssn="527334315" firstName="Railsback" middleName="H" lastName="Emro" streetNumber="153" streetName="Woidby Street" apartmentNumber="5w3" city="Tribune" state="KS" zip="67879"/>
<person entityId="42420" recordId="112745" ssn="527334315" firstName="Railsback" middleName="H" lastName="Emro" streetNumber="173" streetName="Widby Street" apartmentNumber="5w3" city="Tribune" state="CT" zip="67879"/>
</MarkedRecordPair>
<MarkedRecordPair decision="match" date="2007-03-22" user="rphall" src="matcher" comment="0.9411765">
<person entityId="72835" recordId="127894" ssn="577105382" firstName="Erlbacher" middleName="A" lastName="Bori" streetNumber="428" streetName="Reising St" apartmentNumber="4n1" city="Phoenix" state="AZ" zip="85073"/>
<person entityId="72835" recordId="166089" ssn="573145382" firstName="Erlbacher" middleName="e" lastName="Bori" streetNumber="428" streetName="Reisilng St" apartmentNumber="4n1" city="Phoenix" state="AZ" zip="85073"/>
</MarkedRecordPair>
<MarkedRecordPair decision="match" date="2007-03-22" user="rphall" src="matcher" comment="0.2">
<person entityId="75359" recordId="164091" ssn="273622463" firstName="Khambao" middleName="V" lastName="Nonn" streetNumber="675" streetName="Turf Ln" apartmentNumber="5k5" city="Rock Hall" state="MD" zip="21661"/>
<person entityId="75359" recordId="173199" ssn="273622463" firstName="K" middleName="v" lastName="Nonny" streetNumber="175" streetName="Truf Ln" apartmentNumber="5k5" city="Rck Hall" state="MD" zip="21661"/>
</MarkedRecordPair>
<MarkedRecordPair decision="differ" date="2007-03-22" user="rphall" src="matcher" comment="0.2">
<person entityId="75275" recordId="170255" ssn="000000000" firstName="Vehnor" middleName="W" lastName="Bissig" streetNumber="884" streetName="Foss" apartmentNumber="5t1" city="Agana" state="GU" zip="96925"/>
<person entityId="89502" recordId="174778" ssn="000000000" firstName="Rayment" middleName="Y" lastName="Nyffenegger" streetNumber="" streetName="PO Box 276" apartmentNumber="" city="Aganqa" state="GU" zip="96925"/>
</MarkedRecordPair>
<MarkedRecordPair decision="match" date="2007-03-22" user="rphall" src="matcher" comment="0.2">
<person entityId="27162" recordId="109051" ssn="578808032" firstName="Jerosazko" middleName="R" lastName="caryl" streetNumber="618" streetName="Mlcardy Road" apartmentNumber="3d7" city="Bern" state="KS" zip="66408"/>
<person entityId="27162" recordId="109698" ssn="578808032" firstName="Jeroszko" middleName="R" lastName="Clayborn" streetNumber="650" streetName="Mvclardy Road" apartmentNumber="3d7" city="Befn" state="FM" zip="66408"/>
</MarkedRecordPair>
<MarkedRecordPair decision="match" date="2007-03-22" user="rphall" src="matcher" comment="0.2">
<person entityId="41636" recordId="121718" ssn="247707358" firstName="Rohita" middleName="u" lastName="Mihalik" streetNumber="691" streetName="Alfonse Ln" apartmentNumber="8e4" city="Henry" state="VA" zip="24102"/>
<person entityId="41636" recordId="127088" ssn="247707357" firstName="Rohita" middleName="M" lastName="Mihalik" streetNumber="696" streetName="Alfonase Lane" apartmentNumber="8e4" city="genry" state="VA" zip="23102"/>
</MarkedRecordPair>
<MarkedRecordPair decision="match" date="2007-03-22" user="rphall" src="matcher" comment="0.2">
<person entityId="45036" recordId="136719" ssn="468101076" firstName="Siden" middleName="T" lastName="Sand" streetNumber="905" streetName="Cqahalan Rd" apartmentNumber="6m3" city="Safford" state="AL" zip="36773"/>
<person entityId="45036" recordId="139315" ssn="468106036" firstName="Sidne" middleName="T" lastName="Sand" streetNumber="546" streetName="Faruque Ln" apartmentNumber="8m8" city="Sfaford" state="AL" zip="36773"/>
</MarkedRecordPair>
<MarkedRecordPair decision="match" date="2007-03-22" user="rphall" src="matcher" comment="0.2">
<person entityId="81849" recordId="132298" ssn="763018077" firstName="Clearnon" middleName="" lastName="Dahlinger" streetNumber="647" streetName="Ohop St" apartmentNumber="2r3" city="Dfickens" state="ID" zip="69132"/>
<person entityId="81849" recordId="164077" ssn="773010077" firstName="Clearnon" middleName="" lastName="Dahlinger" streetNumber="776" streetName="Zakiah Rd" apartmentNumber="5o0" city="Dickens" state="NE" zip="69132"/>
</MarkedRecordPair>
<MarkedRecordPair decision="match" date="2007-03-22" user="rphall" src="matcher" comment="0.2">
<person entityId="89046" recordId="146045" ssn="531533151" firstName="Wernher" middleName="U" lastName="Anspach" streetNumber="877" streetName="Juillet Pkwy" apartmentNumber="3x0" city="rvington" state="KY" zip="40126"/>
<person entityId="89046" recordId="158489" ssn="531537651" firstName="Wernher" middleName="U" lastName="Anspach" streetNumber="752" streetName="Mniece Street" apartmentNumber="6u7" city="Irvington" state="KY" zip="40146"/>
</MarkedRecordPair>
<MarkedRecordPair decision="match" date="2007-03-22" user="rphall" src="matcher" comment="0.2">
<person entityId="2267" recordId="101006" ssn="000000000" firstName="Ehlert" middleName="w" lastName="onboy" streetNumber="174" streetName="Finney Road" apartmentNumber="6o5" city="Emabrrass" state="WI" zip="54933"/>
<person entityId="2267" recordId="101984" ssn="000000000" firstName="Ehlert" middleName="Q" lastName="Conboy" streetNumber="424" streetName="Katuma Street" apartmentNumber="8i8" city="Embarrass" state="WI" zip="54933"/>
</MarkedRecordPair>
<MarkedRecordPair decision="differ" date="2007-03-22" user="rphall" src="matcher" comment="0.2">
<person entityId="103948" recordId="150826" ssn="000000000" firstName="Sinna" middleName="D" lastName="Sid" streetNumber="672" streetName="Chrissy" apartmentNumber="6g1" city="Robinson" state="KS" zip="66532"/>
<person entityId="76607" recordId="155695" ssn="000000000" firstName="Sinna" middleName="D" lastName="Rosenuaer" streetNumber="" streetName="PO Box 2873" apartmentNumber="" city="Readsboro" state="VT" zip="05352"/>
</MarkedRecordPair>
<MarkedRecordPair decision="match" date="2007-03-22" user="rphall" src="matcher" comment="0.2">
<person entityId="28570" recordId="108102" ssn="000000000" firstName="Verhoeven" middleName="M" lastName="Betti" streetNumber="113" streetName="Gingold Ave" apartmentNumber="3c4" city="Ferfrisburg" state="GA" zip="05456"/>
<person entityId="28570" recordId="121865" ssn="000000000" firstName="Verhoeven" middleName="M" lastName="Beatti" streetNumber="115" streetName="Kiersten Ave" apartmentNumber="1l5" city="Ferrisburg" state="VT" zip="05456"/>
</MarkedRecordPair>
<MarkedRecordPair decision="differ" date="2007-03-22" user="rphall" src="matcher" comment="0.2">
<person entityId="55379" recordId="148869" ssn="000000000" firstName="Charo" middleName="G" lastName="Quevedo" streetNumber="567" streetName="Byrnes Avenue" apartmentNumber="5g2" city="San Juan" state="PR" zip="00929"/>
<person entityId="102660" recordId="181693" ssn="000000000" firstName="Nishitsuru" middleName="Q" lastName="Trueamn" streetNumber="" streetName="PO Box 4531" apartmentNumber="" city="San Juan" state="NM" zip="00929"/>
</MarkedRecordPair>
<MarkedRecordPair decision="match" date="2007-03-22" user="rphall" src="matcher" comment="0.2">
<person entityId="81474" recordId="100635" ssn="245481141" firstName="Randall" middleName="" lastName="Tewksbury" streetNumber="544" streetName="Cabiere Street" apartmentNumber="0j2" city="ttawa" state="WV" zip="45875"/>
<person entityId="81474" recordId="144175" ssn="645481131" firstName="Randall" middleName="" lastName="rTewksbury" streetNumber="514" streetName="arbiere Street" apartmentNumber="0j2" city="pttawa" state="OH" zip="45875"/>
</MarkedRecordPair>
<MarkedRecordPair decision="differ" date="2007-03-22" user="rphall" src="matcher" comment="0.2">
<person entityId="107224" recordId="107224" ssn="144600027" firstName="Wilfried" middleName="" lastName="Jarrell" streetNumber="963" streetName="Hsing" apartmentNumber="8d5" city="eaumont" state="TX" zip="77702"/>
<person entityId="78135" recordId="145350" ssn="547140158" firstName="Wilfried" middleName="" lastName="Rudeen" streetNumber="" streetName="PO Box 376" apartmentNumber="" city="faywood" state="TX" zip="77582"/>
</MarkedRecordPair>
<MarkedRecordPair decision="match" date="2007-03-22" user="rphall" src="matcher" comment="0.2">
<person entityId="75503" recordId="144055" ssn="000000000" firstName="Zinclone" middleName="y" lastName="Radecki" streetNumber="" streetName="PO Box 1974" apartmentNumber="" city="Wasnington Depot" state="CT" zip="06793"/>
<person entityId="75503" recordId="157179" ssn="000000000" firstName="Zibcone" middleName="R" lastName="Radecki" streetNumber="" streetName="P Box 1974" apartmentNumber="" city="Washnigton Depot" state="CT" zip="66793"/>
</MarkedRecordPair>
<MarkedRecordPair decision="match" date="2007-03-22" user="rphall" src="matcher" comment="0.2">
<person entityId="47764" recordId="104725" ssn="303585137" firstName="E" middleName="A" lastName="Anthloula" streetNumber="" streetName="PO Box 432" apartmentNumber="" city="Circleivlle" state="UT" zip="84723"/>
<person entityId="47764" recordId="136395" ssn="305185137" firstName="Elgar" middleName="w" lastName="bernadine" streetNumber="" streetName="PO Box 432" apartmentNumber="" city="Circleville" state="UT" zip="84723"/>
</MarkedRecordPair>
<MarkedRecordPair decision="match" date="2007-03-22" user="rphall" src="matcher" comment="0.2">
<person entityId="65644" recordId="107122" ssn="000000000" firstName="Pichocki" middleName="T" lastName="Sinniva" streetNumber="56" streetName="sDominica Avenue" apartmentNumber="0s3" city="White Hall" state="MD" zip="21161"/>
<person entityId="65644" recordId="151472" ssn="000000000" firstName="Picjhocki" middleName="x" lastName="Sinniva" streetNumber="83" streetName="Blackburn Road" apartmentNumber="2i6" city="White Hall" state="MO" zip="21161"/>
</MarkedRecordPair>
<MarkedRecordPair decision="match" date="2007-03-22" user="rphall" src="matcher" comment="0.2">
<person entityId="33005" recordId="124464" ssn="775880274" firstName="Girivn" middleName="e" lastName="Norizam" streetNumber="440" streetName="Llsur Ave" apartmentNumber="7h0" city="Sidney" state="NE" zip="69160"/>
<person entityId="33005" recordId="125221" ssn="772880474" firstName="Girvin" middleName="" lastName="Norizam" streetNumber="871" streetName="Chrykl Street" apartmentNumber="8z0" city="Sidney" state="NE" zip="69160"/>
</MarkedRecordPair>
<MarkedRecordPair decision="match" date="2007-03-22" user="rphall" src="matcher" comment="0.2">
<person entityId="60427" recordId="129720" ssn="347808313" firstName="Chancd" middleName="M" lastName="rof" streetNumber="261" streetName="Stoevsky Road" apartmentNumber="0b7" city="Elizaqeth" state="IL" zip="07216"/>
<person entityId="60427" recordId="135557" ssn="347848713" firstName="Chand" middleName="M" lastName="Prof" streetNumber="961" streetName="Stoevsky Road" apartmentNumber="0b7" city="Elizabeth" state="NJ" zip="07216"/>
</MarkedRecordPair>
<MarkedRecordPair decision="differ" date="2007-03-22" user="rphall" src="matcher" comment="0.2">
<person entityId="65069" recordId="110893" ssn="781400563" firstName="Chic" middleName="" lastName="zBarella" streetNumber="546" streetName="Rhetta Street" apartmentNumber="1r0" city="Kosrae" state="FM" zip="96944"/>
<person entityId="87984" recordId="137794" ssn="000000000" firstName="Salkini" middleName="" lastName="Glander" streetNumber="" streetName="PO Box 3619" apartmentNumber="" city="Kosrae" state="GA" zip="96944"/>
</MarkedRecordPair>
<MarkedRecordPair decision="differ" date="2007-03-22" user="rphall" src="matcher" comment="0.2">
<person entityId="62539" recordId="135565" ssn="000000000" firstName="Eloisa" middleName="" lastName="Lechner" streetNumber="" streetName="PO Box 4901" apartmentNumber="" city="Agana" state="GU" zip="96929"/>
<person entityId="84690" recordId="136388" ssn="000000000" firstName="Elbinger" middleName="" lastName="Delangue" streetNumber="806" streetName="Kanazawa St" apartmentNumber="8m2" city="qAgana" state="FL" zip="96929"/>
</MarkedRecordPair>
<MarkedRecordPair decision="match" date="2007-03-22" user="rphall" src="matcher" comment="0.2">
<person entityId="64704" recordId="125458" ssn="676855455" firstName="Hamet" middleName="C" lastName="Syarbird" streetNumber="" streetName="PO Box 3349" apartmentNumber="" city="Wdestminster" state="VT" zip="05158"/>
<person entityId="64704" recordId="161516" ssn="678855755" firstName="Hajmet" middleName="C" lastName="Starbird" streetNumber="" streetName="PO Box3 349" apartmentNumber="" city="Westminster" state="VT" zip="05158"/>
</MarkedRecordPair>
<MarkedRecordPair decision="match" date="2007-03-22" user="rphall" src="matcher" comment="0.2">
<person entityId="58646" recordId="124280" ssn="117337140" firstName="Summitt" middleName="" lastName="Juch" streetNumber="735" streetName="Benzie Street" apartmentNumber="5c5" city="Stephensoni" state="VA" zip="22656"/>
<person entityId="58646" recordId="138229" ssn="113637140" firstName="Summitt" middleName="" lastName="uJuch" streetNumber="351" streetName="Imler St" apartmentNumber="2u0" city="Stephenson" state="VA" zip="22656"/>
</MarkedRecordPair>
<MarkedRecordPair decision="differ" date="2007-03-22" user="rphall" src="matcher" comment="0.2">
<person entityId="36158" recordId="128781" ssn="000000000" firstName="Montijo" middleName="" lastName="Deslaurier" streetNumber="681" streetName="Deneige Lane" apartmentNumber="1i7" city="Groton" state="VT" zip="05046"/>
<person entityId="69014" recordId="151749" ssn="000000000" firstName="Kuntz" middleName="" lastName="Deslaurier" streetNumber="68" streetName="Josep Ave" apartmentNumber="7y2" city="Westminster Station" state="VT" zip="05159"/>
</MarkedRecordPair>
<MarkedRecordPair decision="match" date="2007-03-22" user="rphall" src="matcher" comment="0.2">
<person entityId="50666" recordId="132800" ssn="784074566" firstName="Alford" middleName="t" lastName="Tiburcio" streetNumber="" streetName="PO Boxg 2237" apartmentNumber="" city="Tracys Lanidng" state="MD" zip="20779"/>
<person entityId="50666" recordId="142195" ssn="784074566" firstName="Tiburcio" middleName="D" lastName="Alford" streetNumber="" streetName="PO Box 2237" apartmentNumber="" city="Tracys Landing" state="MD" zip="20779"/>
</MarkedRecordPair>
<MarkedRecordPair decision="match" date="2007-03-22" user="rphall" src="matcher" comment="0.2">
<person entityId="60511" recordId="133615" ssn="646526358" firstName="Zadok" middleName="V" lastName="Junhgmeisteris" streetNumber="555" streetName="sigiambattista Street" apartmentNumber="0r5" city="Hartflord" state="CT" zip="06112"/>
<person entityId="60511" recordId="157719" ssn="666526317" firstName="Zadok" middleName="s" lastName="Jungmeisteris" streetNumber="752" streetName="igiambattista Avenue" apartmentNumber="0r5" city="Hartford" state="CT" zip="06112"/>
</MarkedRecordPair>
<MarkedRecordPair decision="match" date="2007-03-22" user="rphall" src="matcher" comment="0.2">
<person entityId="78407" recordId="111726" ssn="286251271" firstName="Almena" middleName="U" lastName="Setros" streetNumber="237" streetName="Ceriel St" apartmentNumber="0r1" city="Mnadeville" state="LA" zip="70448"/>
<person entityId="78407" recordId="135813" ssn="216252271" firstName="Almena" middleName="g" lastName="Setros" streetNumber="670" streetName="Vae Ln" apartmentNumber="4c7" city="Mandeville" state="LA" zip="70448"/>
</MarkedRecordPair>
<MarkedRecordPair decision="match" date="2007-03-22" user="rphall" src="matcher" comment="0.2">
<person entityId="62557" recordId="132657" ssn="371025826" firstName="Y" middleName="P" lastName="Wewetzrer" streetNumber="729" streetName="Sarma Street" apartmentNumber="3t3" city="Rogers" state="MN" zip="55374"/>
<person entityId="62557" recordId="151953" ssn="671125828" firstName="Yatin" middleName="P" lastName="Wewetzer" streetNumber="729" streetName="dSarma Street" apartmentNumber="3t3" city="Riogers" state="ID" zip="55374"/>
</MarkedRecordPair>
<MarkedRecordPair decision="match" date="2007-03-22" user="rphall" src="matcher" comment="0.2">
<person entityId="69664" recordId="131405" ssn="277676338" firstName="Ddeska" middleName="G" lastName="Girvan" streetNumber="730" streetName="Tsujimura Ave" apartmentNumber="2j0" city="Yorklybn" state="DE" zip="19736"/>
<person entityId="69664" recordId="138292" ssn="227676348" firstName="Deska" middleName="G" lastName="Girvan" streetNumber="737" streetName="rsujimura Ave" apartmentNumber="2j0" city="Yorkyn" state="DE" zip="19716"/>
</MarkedRecordPair>
<MarkedRecordPair decision="match" date="2007-03-22" user="rphall" src="matcher" comment="0.2">
<person entityId="58429" recordId="127758" ssn="531148132" firstName="Lacarain" middleName="Q" lastName="Jit" streetNumber="119" streetName="Barawi Avenue" apartmentNumber="3v2" city="Coleman" state="OK" zip="73432"/>
<person entityId="58429" recordId="143150" ssn="531148132" firstName="Jit" middleName="t" lastName="Lacarain" streetNumber="188" streetName="Fairy Avenue" apartmentNumber="1e6" city="Coleman" state="OK" zip="73432"/>
</MarkedRecordPair>
<MarkedRecordPair decision="match" date="2007-03-22" user="rphall" src="matcher" comment="0.2">
<person entityId="68589" recordId="131096" ssn="772757856" firstName="Sowerbutts" middleName="" lastName="Suriyati" streetNumber="34" streetName="Guerriero Avenue" apartmentNumber="2t4" city="Fellows" state="CA" zip="33224"/>
<person entityId="68589" recordId="149684" ssn="462757856" firstName="S" middleName="" lastName="Suriyati" streetNumber="31" streetName="Guerriero Avenue" apartmentNumber="2t4" city="Fellow" state="MI" zip="03224"/>
</MarkedRecordPair>
<MarkedRecordPair decision="differ" date="2007-03-22" user="rphall" src="matcher" comment="0.2">
<person entityId="97540" recordId="101261" ssn="000000000" firstName="Phonesavan" middleName="K" lastName="Trochelman" streetNumber="64" streetName="Stuker Road" apartmentNumber="8f2" city="Los Angeles" state="CA" zip="90043"/>
<person entityId="106424" recordId="197548" ssn="000000000" firstName="Cesar" middleName="D" lastName="Enver" streetNumber="64" streetName="Vadnam Parkway" apartmentNumber="7n3" city="Los Angeles" state="CA" zip="90016"/>
</MarkedRecordPair>
<MarkedRecordPair decision="match" date="2007-03-22" user="rphall" src="matcher" comment="0.2">
<person entityId="33877" recordId="126597" ssn="317662154" firstName="Blakely" middleName="r" lastName="Phon" streetNumber="584" streetName="Fileo Ave" apartmentNumber="8r2" city="Beech Iwland" state="OK" zip="29842"/>
<person entityId="33877" recordId="128815" ssn="217662351" firstName="Blakely" middleName="Z" lastName="Phon" streetNumber="" streetName="PO Box 878" apartmentNumber="" city="Beech Island" state="SC" zip="29842"/>
</MarkedRecordPair>
<MarkedRecordPair decision="match" date="2007-03-22" user="rphall" src="matcher" comment="0.2">
<person entityId="32481" recordId="103195" ssn="477745125" firstName="osemond" middleName="C" lastName="Tomo" streetNumber="" streetName="PO Box 966" apartmentNumber="" city="Guanica" state="PR" zip="00653"/>
<person entityId="32481" recordId="128784" ssn="276745125" firstName="Tomo" middleName="C" lastName="Rosemond" streetNumber="" streetName="PO Box 966" apartmentNumber="" city="puanica" state="PR" zip="50653"/>
</MarkedRecordPair>
<MarkedRecordPair decision="match" date="2007-03-22" user="rphall" src="matcher" comment="0.2">
<person entityId="30531" recordId="110039" ssn="657664845" firstName="Kuribayashi" middleName="W" lastName="Scheullen" streetNumber="931" streetName="Whiakin Ave" apartmentNumber="8r0" city="Birmingram" state="WV" zip="35202"/>
<person entityId="30531" recordId="127928" ssn="657664544" firstName="Kuribayashi" middleName="W" lastName="Scheulen" streetNumber="" streetName="PO Box 4125" apartmentNumber="" city="Birmingham" state="AL" zip="35202"/>
</MarkedRecordPair>
<MarkedRecordPair decision="match" date="2007-03-22" user="rphall" src="matcher" comment="0.2">
<person entityId="24547" recordId="102326" ssn="182281770" firstName="Venier" middleName="B" lastName="Teal" streetNumber="548" streetName="Molek Street" apartmentNumber="8j6" city="Benningtrn" state="AL" zip="74723"/>
<person entityId="24547" recordId="107292" ssn="182281770" firstName="Venire" middleName="B" lastName="Teal" streetNumber="483" streetName="Sukhwant Avenue" apartmentNumber="4w3" city="Bennington" state="OK" zip="74723"/>
</MarkedRecordPair>
<MarkedRecordPair decision="match" date="2007-03-22" user="rphall" src="matcher" comment="0.2">
<person entityId="60265" recordId="124937" ssn="123652840" firstName="Dumas" middleName="N" lastName="Sqachiko" streetNumber="832" streetName="Megowan Road" apartmentNumber="5m8" city="Kely" state="AL" zip="83411"/>
<person entityId="60265" recordId="134378" ssn="213652840" firstName="Dumas" middleName="N" lastName="Sachiko" streetNumber="832" streetName="Meogwan Road" apartmentNumber="5m8" city="Kellty" state="WY" zip="83011"/>
</MarkedRecordPair>
<MarkedRecordPair decision="match" date="2007-03-22" user="rphall" src="matcher" comment="0.2">
<person entityId="51800" recordId="122839" ssn="600806665" firstName="S" middleName="D" lastName="sentworth" streetNumber="661" streetName="Platt Pkwy" apartmentNumber="7i1" city="lsage" state="WY" zip="82733"/>
<person entityId="51800" recordId="127655" ssn="607806663" firstName="Sherra" middleName="D" lastName="Wentworth" streetNumber="631" streetName="Platt Pkwy" apartmentNumber="7i1" city="Osage" state="WY" zip="82723"/>
</MarkedRecordPair>
<MarkedRecordPair decision="match" date="2007-03-22" user="rphall" src="matcher" comment="0.2">
<person entityId="41696" recordId="118032" ssn="367737635" firstName="Darlene" middleName="E" lastName="Deski" streetNumber="" streetName="PO Box 1465" apartmentNumber="" city="Barnstead" state="NH" zip="03218"/>
<person entityId="41696" recordId="124503" ssn="337737633" firstName="Darlene" middleName="E" lastName="Demski" streetNumber="704" streetName="Ryngebrant Ave" apartmentNumber="1j8" city="Newton Junction" state="NH" zip="03859"/>
</MarkedRecordPair>
<MarkedRecordPair decision="match" date="2007-03-22" user="rphall" src="matcher" comment="0.2">
<person entityId="37127" recordId="117194" ssn="628153222" firstName="Boutont" middleName="B" lastName="Todd" streetNumber="" streetName="PO gox 1627" apartmentNumber="" city="Limcoln" state="RI" zip="02867"/>
<person entityId="37127" recordId="123518" ssn="628153222" firstName="B" middleName="B" lastName="fodd" streetNumber="" streetName="PO Box 1627" apartmentNumber="" city="Lkincoln" state="RI" zip="02865"/>
</MarkedRecordPair>
<MarkedRecordPair decision="match" date="2007-03-22" user="rphall" src="matcher" comment="0.2">
<person entityId="46576" recordId="102111" ssn="683257330" firstName="omar" middleName="R" lastName="Scruggs" streetNumber="579" streetName="yerbstritt St" apartmentNumber="3f0" city="Blackville" state="SC" zip="29817"/>
<person entityId="46576" recordId="112262" ssn="623287330" firstName="Tomar" middleName="z" lastName="Scruggs" streetNumber="576" streetName="Herbstritt St" apartmentNumber="3f0" city="lBackville" state="SC" zip="29817"/>
</MarkedRecordPair>
<MarkedRecordPair decision="differ" date="2007-03-22" user="rphall" src="matcher" comment="0.2">
<person entityId="56826" recordId="116574" ssn="000000000" firstName="Fraise" middleName="J" lastName="Hiroe" streetNumber="" streetName="PO Box 2q4" apartmentNumber="" city="Greenbeolt" state="MD" zip="20770"/>
<person entityId="99822" recordId="182401" ssn="000000000" firstName="Boerner" middleName="F" lastName="Hiroe" streetNumber="525" streetName="Ritzel Avenue" apartmentNumber="4y5" city="Annapolis" state="MD" zip="21412"/>
</MarkedRecordPair>
<MarkedRecordPair decision="match" date="2007-03-22" user="rphall" src="matcher" comment="0.2">
<person entityId="14950" recordId="100000" ssn="685338237" firstName="Tirao" middleName="V" lastName="Ostrqander" streetNumber="468" streetName="Imming Av" apartmentNumber="1x0" city="Birmingham" state="AL" zip="35295"/>
<person entityId="14950" recordId="106053" ssn="655338235" firstName="Tirao" middleName="V" lastName="Ostrander" streetNumber="460" streetName="Imming Avenue" apartmentNumber="1x0" city="Brimingham" state="AL" zip="35265"/>
</MarkedRecordPair>
<MarkedRecordPair decision="match" date="2007-03-22" user="rphall" src="matcher" comment="0.2">
<person entityId="51827" recordId="105335" ssn="000000000" firstName="Onno" middleName="u" lastName="Rye" streetNumber="585" streetName="Lorenzana Road" apartmentNumber="7u3" city="Hancock" state="ME" zip="04640"/>
<person entityId="51827" recordId="121766" ssn="000000000" firstName="Onno" middleName="J" lastName="Rye" streetNumber="120" streetName="Tyrell Avenue" apartmentNumber="8e4" city="Solon" state="ME" zip="04979"/>
</MarkedRecordPair>
<MarkedRecordPair decision="match" date="2007-03-22" user="rphall" src="matcher" comment="0.2">
<person entityId="29803" recordId="101553" ssn="647417058" firstName="Stillmann" middleName="D" lastName="Philbeck" streetNumber="999" streetName="Menetn Ln" apartmentNumber="5t0" city="Agaan" state="GU" zip="66921"/>
<person entityId="29803" recordId="105244" ssn="647527058" firstName="Stillmann" middleName="D" lastName="Philbeck" streetNumber="949" streetName="Menten Ln" apartmentNumber="5t0" city="Agara" state="AK" zip="96921"/>
</MarkedRecordPair>
<MarkedRecordPair decision="match" date="2007-03-22" user="rphall" src="matcher" comment="0.2">
<person entityId="24748" recordId="113644" ssn="000000000" firstName="Kolski" middleName="c" lastName="Labartino" streetNumber="824" streetName="Naro Avenue" apartmentNumber="0d8" city="Redmond" state="OR" zip="97756"/>
<person entityId="24748" recordId="117284" ssn="000000000" firstName="Kolski" middleName="" lastName="Labartino" streetNumber="" streetName="PO Box 1402" apartmentNumber="" city="Green Sulphur Springs" state="WV" zip="25966"/>
</MarkedRecordPair>
<MarkedRecordPair decision="match" date="2007-03-22" user="rphall" src="matcher" comment="0.2">
<person entityId="47368" recordId="118080" ssn="763347658" firstName="Shareen" middleName="i" lastName="Qing" streetNumber="466" streetName="cWescott Ln" apartmentNumber="3c2" city="FPp San Francisco" state="GU" zip="96630"/>
<person entityId="47368" recordId="119950" ssn="763347658" firstName="Shareen" middleName="Y" lastName="Qing" streetNumber="212" streetName="Ursuline Pkwy" apartmentNumber="0p6" city="FPO Sn Francisco" state="KS" zip="96630"/>
</MarkedRecordPair>
<MarkedRecordPair decision="match" date="2007-03-22" user="rphall" src="matcher" comment="0.2">
<person entityId="40518" recordId="100181" ssn="652421465" firstName="Schmelmeier" middleName="H" lastName="Linsday" streetNumber="868" streetName="Jessamyn Ave" apartmentNumber="1t2" city="Clayton" state="WA" zip="99110"/>
<person entityId="40518" recordId="119530" ssn="652423165" firstName="S" middleName="H" lastName="Linsdya" streetNumber="866" streetName="Jessamsn Ave" apartmentNumber="1t2" city="Clayton" state="WA" zip="99100"/>
</MarkedRecordPair>
<MarkedRecordPair decision="differ" date="2007-03-22" user="rphall" src="matcher" comment="0.2">
<person entityId="43120" recordId="112589" ssn="000000000" firstName="Holmstepdt" middleName="W" lastName="Bilhaus" streetNumber="678" streetName="ong Rd" apartmentNumber="1u4" city="Afgana" state="GU" zip="96923"/>
<person entityId="61783" recordId="160152" ssn="000000000" firstName="Brogrehn" middleName="Q" lastName="Christal" streetNumber="678" streetName="Kroot" apartmentNumber="2p3" city="Agana" state="GU" zip="96923"/>
</MarkedRecordPair>
<MarkedRecordPair decision="match" date="2007-03-22" user="rphall" src="matcher" comment="0.2">
<person entityId="42011" recordId="108175" ssn="708346237" firstName="Bilcke" middleName="F" lastName="Hildebrand" streetNumber="" streetName="PO Box 399" apartmentNumber="" city="Suoperior" state="NM" zip="85273"/>
<person entityId="42011" recordId="118525" ssn="757346263" firstName="B" middleName="F" lastName="Hildebrand" streetNumber="130" streetName="Lewestma St" apartmentNumber="4s8" city="uperior" state="AZ" zip="85273"/>
</MarkedRecordPair>
<MarkedRecordPair decision="match" date="2007-03-22" user="rphall" src="matcher" comment="0.2">
<person entityId="21238" recordId="111600" ssn="460440753" firstName="Sanfeliaz" middleName="I" lastName="Pricing" streetNumber="633" streetName="Guiboud Rd" apartmentNumber="3a5" city="Omaha" state="NE" zip="68217"/>
<person entityId="21238" recordId="118518" ssn="410440453" firstName="Sanfeliz" middleName="I" lastName="Pricing" streetNumber="955" streetName="Kandis Road" apartmentNumber="1y8" city="Omaha" state="NE" zip="68117"/>
</MarkedRecordPair>
<MarkedRecordPair decision="match" date="2007-03-22" user="rphall" src="matcher" comment="0.2">
<person entityId="53283" recordId="117306" ssn="445414286" firstName="Fischer" middleName="T" lastName="Kretschmer" streetNumber="" streetName="PO Box 672" apartmentNumber="" city="Yiolyn" state="WV" zip="25654"/>
<person entityId="53283" recordId="132946" ssn="415414281" firstName="gFsicher" middleName="T" lastName="Kretschmer" streetNumber="" streetName="PO Box 672" apartmentNumber="" city="Yolynf" state="OH" zip="55654"/>
</MarkedRecordPair>
<MarkedRecordPair decision="match" date="2007-03-22" user="rphall" src="matcher" comment="0.2">
<person entityId="46818" recordId="103325" ssn="834556543" firstName="Niolson" middleName="I" lastName="Tueller" streetNumber="152" streetName="Sukhija Avenue" apartmentNumber="6c7" city="Providence" state="RI" zip="02908"/>
<person entityId="46818" recordId="117019" ssn="164556543" firstName="Nicolson" middleName="I" lastName="Tueller" streetNumber="152" streetName="Sukhia Av" apartmentNumber="6c7" city="Prvoidence" state="SD" zip="02968"/>
</MarkedRecordPair>
<MarkedRecordPair decision="match" date="2007-03-22" user="rphall" src="matcher" comment="0.2">
<person entityId="72627" recordId="101415" ssn="538564363" firstName="zAer" middleName="V" lastName="Shogo" streetNumber="" streetName="PO Box 3226" apartmentNumber="" city="Bakersfield" state="TN" zip="05441"/>
<person entityId="72627" recordId="116758" ssn="038764853" firstName="Azer" middleName="V" lastName="hogo" streetNumber="" streetName="Pb Box 3226" apartmentNumber="" city="Bakersfield" state="VT" zip="05441"/>
</MarkedRecordPair>
<MarkedRecordPair decision="match" date="2007-03-22" user="rphall" src="matcher" comment="0.2">
<person entityId="12976" recordId="103612" ssn="557468475" firstName="Dagorne" middleName="Q" lastName="Goodpasture" streetNumber="880" streetName="Noorizan Avenue" apartmentNumber="5k8" city="Tahuya" state="SC" zip="98588"/>
<person entityId="12976" recordId="107013" ssn="557468475" firstName="Daborne" middleName="Q" lastName="Goodpaasture" streetNumber="888" streetName="Wasowicz Avenue" apartmentNumber="0u6" city="Tahuya" state="WA" zip="98588"/>
</MarkedRecordPair>
<MarkedRecordPair decision="differ" date="2007-03-22" user="rphall" src="matcher" comment="0.2">
<person entityId="14804" recordId="102060" ssn="000000000" firstName="Signorat" middleName="" lastName="Mackoff" streetNumber="709" streetName="Tarrance Rd" apartmentNumber="4c3" city="Washington" state="DC" zip="20398"/>
<person entityId="82686" recordId="105291" ssn="000000000" firstName="Kielstra" middleName="" lastName="Mackoff" streetNumber="" streetName="PO Box 2976" apartmentNumber="" city="Cataldo" state="ID" zip="83810"/>
</MarkedRecordPair>
<MarkedRecordPair decision="match" date="2007-03-22" user="rphall" src="matcher" comment="0.2">
<person entityId="42952" recordId="101298" ssn="271212382" firstName="L" middleName="S" lastName="tresci" streetNumber="721" streetName="Kimbrough Ave" apartmentNumber="4x8" city="Schaumburg" state="IL" zip="60196"/>
<person entityId="42952" recordId="109261" ssn="271212382" firstName="Lehmberg" middleName="S" lastName="Cresci" streetNumber="278" streetName="Wiese Avenue" apartmentNumber="1g3" city="Schaumburg" state="IL" zip="60796"/>
</MarkedRecordPair>
<MarkedRecordPair decision="match" date="2007-03-22" user="rphall" src="matcher" comment="0.2">
<person entityId="32953" recordId="111686" ssn="511161307" firstName="Kemplin" middleName="" lastName="Bannick" streetNumber="334" streetName="Noider Avenue" apartmentNumber="1p8" city="Sprignfield" state="MA" zip="01172"/>
<person entityId="32953" recordId="112774" ssn="511161307" firstName="Kempklin" middleName="" lastName="ajoy" streetNumber="330" streetName="Nodier Avenue" apartmentNumber="1p8" city="Springfield" state="MA" zip="01102"/>
</MarkedRecordPair>
<MarkedRecordPair decision="differ" date="2007-03-22" user="rphall" src="matcher" comment="0.2">
<person entityId="108360" recordId="110392" ssn="000000000" firstName="Tsuda" middleName="B" lastName="Kozsukan" streetNumber="" streetName="PO Box 2645" apartmentNumber="" city="Peoria" state="IL" zip="61655"/>
<person entityId="74311" recordId="168766" ssn="000000000" firstName="Fady" middleName="B" lastName="Schillinger" streetNumber="" streetName="PO Box 2645" apartmentNumber="" city="Quartzsite" state="AZ" zip="85359"/>
</MarkedRecordPair>
<MarkedRecordPair decision="differ" date="2007-03-22" user="rphall" src="matcher" comment="0.2">
<person entityId="98164" recordId="109544" ssn="157412516" firstName="Druineaud" middleName="" lastName="Tennant" streetNumber="" streetName="PO Box 1425" apartmentNumber="" city="Milltown" state="IN" zip="47145"/>
<person entityId="59593" recordId="147496" ssn="000000000" firstName="Mord" middleName="" lastName="Tennant" streetNumber="312" streetName="Bjarne Lane" apartmentNumber="6z6" city="Wilkinson" state="IN" zip="46186"/>
</MarkedRecordPair>
<MarkedRecordPair decision="match" date="2007-03-22" user="rphall" src="matcher" comment="0.2">
<person entityId="88167" recordId="108827" ssn="556476288" firstName="anna" middleName="C" lastName="Elrick" streetNumber="" streetName="PO Box 1425" apartmentNumber="" city="Letts" state="IA" zip="52754"/>
<person entityId="88167" recordId="155461" ssn="506478288" firstName="Ranna" middleName="C" lastName="Elrick" streetNumber="288" streetName="Deeyn" apartmentNumber="5m5" city="Lemts" state="IA" zip="52704"/>
</MarkedRecordPair>
<MarkedRecordPair decision="match" date="2007-03-22" user="rphall" src="matcher" comment="0.2">
<person entityId="79110" recordId="106541" ssn="758233571" firstName="Weitsig" middleName="v" lastName="Rtprel" streetNumber="711" streetName="Tanimogto Av" apartmentNumber="7q4" city="Anson" state="ME" zip="04911"/>
<person entityId="79110" recordId="174923" ssn="758233571" firstName="Weitsgi" middleName="C" lastName="Rtprel" streetNumber="411" streetName="Tanimoto Avenue" apartmentNumber="7q4" city="nAson" state="MO" zip="04911"/>
</MarkedRecordPair>
<MarkedRecordPair decision="match" date="2007-03-22" user="rphall" src="matcher" comment="0.2">
<person entityId="103512" recordId="103512" ssn="705805456" firstName="Mingchu" middleName="P" lastName="Jacobo" streetNumber="109" streetName="Crump Ln" apartmentNumber="8s2" city="Rozet" state="WY" zip="82727"/>
<person entityId="103512" recordId="132307" ssn="705805456" firstName="Minghcu" middleName="P" lastName="Jacobo" streetNumber="109" streetName="Ladonna Ave" apartmentNumber="1u2" city="Clatskanie" state="OR" zip="97016"/>
</MarkedRecordPair>
<MarkedRecordPair decision="match" date="2007-03-22" user="rphall" src="matcher" comment="0.2">
<person entityId="56056" recordId="134523" ssn="563665654" firstName="Wolpert" middleName="D" lastName="Forden" streetNumber="" streetName="PO Box 568" apartmentNumber="" city="anta Fe" state="MA" zip="87509"/>
<person entityId="56056" recordId="134719" ssn="564765652" firstName="olpert" middleName="D" lastName="dworak" streetNumber="" streetName="PO Box 568" apartmentNumber="" city="wanta Fe" state="NM" zip="87509"/>
</MarkedRecordPair>
<MarkedRecordPair decision="differ" date="2007-03-22" user="rphall" src="matcher" comment="0.015384615">
<person entityId="35414" recordId="135369" ssn="000000000" firstName="Keiffenheim" middleName="B" lastName="Patmafio" streetNumber="705" streetName="Arlie Ave" apartmentNumber="7s4" city="Riva" state="MD" zip="21140"/>
<person entityId="80331" recordId="141278" ssn="000000000" firstName="Gans" middleName="I" lastName="Dacia" streetNumber="395" streetName="Gillmzan Ave" apartmentNumber="7r8" city="tRiva" state="CT" zip="21140"/>
</MarkedRecordPair>
<MarkedRecordPair decision="differ" date="2007-03-22" user="rphall" src="matcher" comment="0.015384615">
<person entityId="69787" recordId="118506" ssn="000000000" firstName="Liap" middleName="M" lastName="Dos" streetNumber="211" streetName="Veck Street" apartmentNumber="8r4" city="aWrwick" state="AZ" zip="02886"/>
<person entityId="64654" recordId="142322" ssn="000000000" firstName="Belcher" middleName="E" lastName="Kidd" streetNumber="224" streetName="Stilp" apartmentNumber="0y6" city="Warwick" state="RI" zip="02886"/>
</MarkedRecordPair>
<MarkedRecordPair decision="differ" date="2007-03-22" user="rphall" src="matcher" comment="0.015384615">
<person entityId="109050" recordId="109050" ssn="000000000" firstName="Kouris" middleName="G" lastName="Nims" streetNumber="461" streetName="Albiston Ave" apartmentNumber="0h5" city="Ash For" state="VT" zip="86320"/>
<person entityId="55219" recordId="113160" ssn="000000000" firstName="Mlontagnini" middleName="E" lastName="Dellums" streetNumber="845" streetName="Cherrita Road" apartmentNumber="1j8" city="Ash Fork" state="AZ" zip="86320"/>
</MarkedRecordPair>
<MarkedRecordPair decision="match" date="2007-03-22" user="rphall" src="matcher" comment="0.015384615">
<person entityId="57708" recordId="143458" ssn="674147416" firstName="Haeupler" middleName="" lastName="Alanah" streetNumber="929" streetName="Debose St" apartmentNumber="8x5" city="Captain Cook" state="HI" zip="96704"/>
<person entityId="57708" recordId="144487" ssn="671147446" firstName="faeupler" middleName="" lastName="Alanah" streetNumber="916" streetName="Frederica Avenue" apartmentNumber="4h0" city="Climbing Hill" state="IA" zip="51015"/>
</MarkedRecordPair>
<MarkedRecordPair decision="match" date="2007-03-22" user="rphall" src="matcher" comment="0.015384615">
<person entityId="42672" recordId="122984" ssn="624266606" firstName="Fairleigh" middleName="E" lastName="Tish" streetNumber="87" streetName="Semeniuk Ave" apartmentNumber="7h2" city="Agana" state="GU" zip="96918"/>
<person entityId="42672" recordId="125618" ssn="321266600" firstName="airleigh" middleName="E" lastName="Tish" streetNumber="355" streetName="Tooker Road" apartmentNumber="4q3" city="La Salle" state="CO" zip="80645"/>
</MarkedRecordPair>
<MarkedRecordPair decision="match" date="2007-03-22" user="rphall" src="matcher" comment="0.015384615">
<person entityId="60691" recordId="108737" ssn="580572486" firstName="Bsoiljevac" middleName="Q" lastName="Zaida" streetNumber="603" streetName="Johanes" apartmentNumber="5e8" city="ebbetts" state="MO" zip="65080"/>
<person entityId="60691" recordId="117379" ssn="560672486" firstName="Bosiljevac" middleName="Q" lastName="Zaida" streetNumber="663" streetName="Rotthier St" apartmentNumber="0y6" city="Waterbury" state="CT" zip="06725"/>
</MarkedRecordPair>
<MarkedRecordPair decision="match" date="2007-03-22" user="rphall" src="matcher" comment="0.0038910506">
<person entityId="50071" recordId="135547" ssn="101044602" firstName="Olynykp" middleName="Z" lastName="Bemis" streetNumber="270" streetName="Sherard" apartmentNumber="6z3" city="Crabp Orchard" state="KY" zip="40419"/>
<person entityId="50071" recordId="141568" ssn="201046302" firstName="Olynyk" middleName="t" lastName="Bemis" streetNumber="314" streetName="Lonergan St" apartmentNumber="7j2" city="Christiansted" state="VI" zip="00823"/>
</MarkedRecordPair>
<MarkedRecordPair decision="match" date="2007-03-22" user="rphall" src="matcher" comment="0.0038910506">
<person entityId="40438" recordId="103422" ssn="786417317" firstName="Montelli" middleName="W" lastName="otmmi" streetNumber="637" streetName="Malaika" apartmentNumber="2p0" city="Agana" state="GU" zip="96911"/>
<person entityId="40438" recordId="130725" ssn="786417351" firstName="Montelli" middleName="s" lastName="Winett" streetNumber="143" streetName="Anderton Avenue" apartmentNumber="7o2" city="Suburb Maryland Fac" state="MD" zip="20997"/>
</MarkedRecordPair>
<MarkedRecordPair decision="differ" date="2007-03-22" user="rphall" src="matcher" comment="0.015384615">
<person entityId="61183" recordId="130173" ssn="000000000" firstName="O" middleName="G" lastName="Beltz" streetNumber="170" streetName="Demps Ave" apartmentNumber="0z8" city="Hales Corners" state="WI" zip="53132"/>
<person entityId="77131" recordId="132556" ssn="250531326" firstName="O" middleName="" lastName="Hertrich" streetNumber="653" streetName="Maymi Avenue" apartmentNumber="0z8" city="Champlain" state="VA" zip="22438"/>
</MarkedRecordPair>
<MarkedRecordPair decision="match" date="2007-03-22" user="rphall" src="matcher" comment="0.015384615">
<person entityId="44734" recordId="119781" ssn="385711020" firstName="Terryl" middleName="V" lastName="Pompeo" streetNumber="465" streetName="Frerazzi Ln" apartmentNumber="1y6" city="Cortland" state="IN" zip="47228"/>
<person entityId="44734" recordId="127053" ssn="385711020" firstName="Terryl" middleName="d" lastName="Pomapeo" streetNumber="318" streetName="Mardi Avenue" apartmentNumber="4b3" city="Weyanoke" state="LA" zip="70787"/>
</MarkedRecordPair>
<MarkedRecordPair decision="match" date="2007-03-22" user="rphall" src="matcher" comment="0.015384615">
<person entityId="73007" recordId="125144" ssn="773604448" firstName="Norjan" middleName="E" lastName="Haven" streetNumber="549" streetName="Monk Street" apartmentNumber="3c5" city="Georgetown" state="ID" zip="83239"/>
<person entityId="73007" recordId="151674" ssn="773604448" firstName="Norjan" middleName="p" lastName="Havne" streetNumber="282" streetName="Ellinger Road" apartmentNumber="5u4" city="Satsuma" state="AL" zip="36572"/>
</MarkedRecordPair>
<MarkedRecordPair decision="match" date="2007-03-22" user="rphall" src="matcher" comment="0.015384615">
<person entityId="18599" recordId="102645" ssn="318837120" firstName="Lanoeye" middleName="f" lastName="Girvan" streetNumber="138" streetName="Sohet Ln" apartmentNumber="5i7" city="Evanston" state="WY" zip="82931"/>
<person entityId="18599" recordId="115452" ssn="318837120" firstName="Lanoeye" middleName="" lastName="iGrvan" streetNumber="50" streetName="Korea Street" apartmentNumber="7a5" city="Roundhead" state="OH" zip="43346"/>
</MarkedRecordPair>
<MarkedRecordPair decision="differ" date="2007-03-22" user="rphall" src="matcher" comment="0.015384615">
<person entityId="108710" recordId="126495" ssn="338520783" firstName="Mcnichol" middleName="K" lastName="Abbai" streetNumber="798" streetName="Hideo" apartmentNumber="4q0" city="Fair Haven" state="VT" zip="05731"/>
<person entityId="70731" recordId="158286" ssn="651433512" firstName="Jooseppi" middleName="" lastName="Keely" streetNumber="647" streetName="Labdik Street" apartmentNumber="4q0" city="Fair Haven" state="NJ" zip="07704"/>
</MarkedRecordPair>
<MarkedRecordPair decision="differ" date="2007-03-22" user="rphall" src="matcher" comment="0.015384615">
<person entityId="109266" recordId="109266" ssn="724334642" firstName="Laner" middleName="H" lastName="Portalatin" streetNumber="22" streetName="Simonpuilok Road" apartmentNumber="3x7" city="Birch Tree" state="MO" zip="65438"/>
<person entityId="91227" recordId="180630" ssn="377607056" firstName="Marjorie" middleName="R" lastName="Rim" streetNumber="333" streetName="Simonpuilok Road" apartmentNumber="2h4" city="Cameron" state="MO" zip="64429"/>
</MarkedRecordPair>
<MarkedRecordPair decision="differ" date="2007-03-22" user="rphall" src="matcher" comment="0.015384615">
<person entityId="104726" recordId="104726" ssn="744565056" firstName="Sundaram" middleName="H" lastName="Carbonneau" streetNumber="202" streetName="Vigier Lane" apartmentNumber="3c7" city="Crescent" state="OK" zip="73028"/>
<person entityId="79002" recordId="140317" ssn="408350851" firstName="Zagrodney" middleName="N" lastName="Keiffenheim" streetNumber="986" streetName="Vigier Lane" apartmentNumber="2q5" city="Taullahassee" state="OK" zip="74466"/>
</MarkedRecordPair>
<MarkedRecordPair decision="differ" date="2007-03-22" user="rphall" src="matcher" comment="0.015384615">
<person entityId="103298" recordId="103298" ssn="000000000" firstName="Village" middleName="C" lastName="Puddington" streetNumber="146" streetName="Cort Lane" apartmentNumber="3u8" city="Little Rock" state="SC" zip="29567"/>
<person entityId="72351" recordId="157809" ssn="710710164" firstName="Linghui" middleName="" lastName="Shioya" streetNumber="634" streetName="Cort Lane" apartmentNumber="8j7" city="Johnston" state="SC" zip="29832"/>
</MarkedRecordPair>
<MarkedRecordPair decision="differ" date="2007-03-22" user="rphall" src="matcher" comment="0.015384615">
<person entityId="46873" recordId="120825" ssn="000000000" firstName="Gayetr" middleName="W" lastName="Mastaler" streetNumber="753" streetName="Glymph Lane" apartmentNumber="7j7" city="Red Cloud" state="NE" zip="68970"/>
<person entityId="106452" recordId="143145" ssn="176171417" firstName="Lori" middleName="M" lastName="Mastaler" streetNumber="753" streetName="Mccroy Road" apartmentNumber="5i4" city="Moatsville" state="WV" zip="26405"/>
</MarkedRecordPair>
<MarkedRecordPair decision="match" date="2007-03-22" user="rphall" src="matcher" comment="0.0038910506">
<person entityId="14950" recordId="113596" ssn="685338237" firstName="Tirao" middleName="m" lastName="nommay" streetNumber="468" streetName="Imming Avenue" apartmentNumber="1x0" city="Birmignham" state="AL" zip="35295"/>
<person entityId="14950" recordId="114085" ssn="685330238" firstName="Tirao" middleName="V" lastName="Ostrander" streetNumber="696" streetName="Hosein Ln" apartmentNumber="2o4" city="Saint Pauol" state="MN" zip="55106"/>
</MarkedRecordPair>
<MarkedRecordPair decision="match" date="2007-03-22" user="rphall" src="matcher" comment="0.0038910506">
<person entityId="74063" recordId="107697" ssn="782611424" firstName="Chaillot" middleName="u" lastName="Czreczor" streetNumber="00" streetName="oBwens Road" apartmentNumber="4c4" city="Saint James" state="LA" zip="70086"/>
<person entityId="74063" recordId="143590" ssn="182611428" firstName="Chaillot" middleName="L" lastName="Czeczor" streetNumber="246" streetName="Magtigay Road" apartmentNumber="6a4" city="Springfield" state="IL" zip="62766"/>
</MarkedRecordPair>
<MarkedRecordPair decision="differ" date="2007-03-22" user="rphall" src="matcher" comment="0.015384615">
<person entityId="61141" recordId="102737" ssn="567252775" firstName="Langeman" middleName="Y" lastName="Yasutomo" streetNumber="90" streetName="Czeczor Rd" apartmentNumber="2o8" city="Starksboro" state="VT" zip="05487"/>
<person entityId="93812" recordId="143231" ssn="000000000" firstName="Machacek" middleName="C" lastName="Yasutomo" streetNumber="90" streetName="Poole Ave" apartmentNumber="4j1" city="Camp Hill" state="AL" zip="36850"/>
</MarkedRecordPair>
<MarkedRecordPair decision="differ" date="2007-03-22" user="rphall" src="matcher" comment="0.015384615">
<person entityId="108178" recordId="108178" ssn="000000000" firstName="Adamson" middleName="L" lastName="Aldanondo" streetNumber="255" streetName="Sheikh St" apartmentNumber="6c1" city="Pon" state="MT" zip="59747"/>
<person entityId="67229" recordId="141046" ssn="334083622" firstName="Mondy" middleName="N" lastName="Aldanondo" streetNumber="255" streetName="Gallucci Rd" apartmentNumber="7e1" city="Grosse Tete" state="LA" zip="70740"/>
</MarkedRecordPair>
<MarkedRecordPair decision="differ" date="2007-03-22" user="rphall" src="matcher" comment="0.015384615">
<person entityId="17927" recordId="100130" ssn="285563822" firstName="Stclair" middleName="" lastName="Baril" streetNumber="392" streetName="Fortuny Avenue" apartmentNumber="6s7" city="Salisbury" state="NH" zip="03268"/>
<person entityId="82242" recordId="137826" ssn="000000000" firstName="Srikanth" middleName="J" lastName="Bellon" streetNumber="592" streetName="Lever Avenue" apartmentNumber="6s7" city="Salisbury" state="NC" zip="28144"/>
</MarkedRecordPair>
<MarkedRecordPair decision="differ" date="2007-03-22" user="rphall" src="matcher" comment="0.015384615">
<person entityId="100294" recordId="100294" ssn="263013165" firstName="Biddle" middleName="" lastName="Hams" streetNumber="789" streetName="Grills Rd" apartmentNumber="8u4" city="Warren" state="MI" zip="48092"/>
<person entityId="97594" recordId="197000" ssn="000000000" firstName="Souther" middleName="X" lastName="Glyn" streetNumber="397" streetName="Roslyn Rd" apartmentNumber="8u4" city="Warren" state="OH" zip="44484"/>
</MarkedRecordPair>
<MarkedRecordPair decision="differ" date="2007-03-22" user="rphall" src="matcher" comment="0.015384615">
<person entityId="42364" recordId="126633" ssn="000000000" firstName="D" middleName="X" lastName="Dy" streetNumber="422" streetName="Uberecken Avenue" apartmentNumber="8z0" city="Midwest" state="WY" zip="82643"/>
<person entityId="81225" recordId="162963" ssn="765855348" firstName="D" middleName="H" lastName="Plyedon" streetNumber="899" streetName="Ellie Rd" apartmentNumber="8z0" city="New Richmond" state="WI" zip="54017"/>
</MarkedRecordPair>
<MarkedRecordPair decision="differ" date="2007-03-22" user="rphall" src="matcher" comment="0.015384615">
<person entityId="61879" recordId="117031" ssn="408327752" firstName="H" middleName="L" lastName="iDmas" streetNumber="403" streetName="Parkison Parkway" apartmentNumber="1x3" city="Carterville" state="MO" zip="64835"/>
<person entityId="86007" recordId="130826" ssn="000000000" firstName="H" middleName="C" lastName="Ep" streetNumber="719" streetName="Orth St" apartmentNumber="1x3" city="Vaughn" state="NM" zip="88353"/>
</MarkedRecordPair>
<MarkedRecordPair decision="match" date="2007-03-22" user="rphall" src="matcher" comment="0.0038910506">
<person entityId="25565" recordId="102837" ssn="701643054" firstName="Sedivpy" middleName="N" lastName="Mcturner" streetNumber="117" streetName="Eneida Road" apartmentNumber="1i4" city="West Sringfield" state="NH" zip="03284"/>
<person entityId="25565" recordId="113345" ssn="605643054" firstName="Sedivy" middleName="q" lastName="Mcturner" streetNumber="179" streetName="Playatuna Rd" apartmentNumber="3b2" city="Haledon" state="NJ" zip="07508"/>
</MarkedRecordPair>
<MarkedRecordPair decision="match" date="2007-03-22" user="rphall" src="matcher" comment="0.0038910506">
<person entityId="8902" recordId="104719" ssn="074064606" firstName="Derome" middleName="u" lastName="Ilgenfritz" streetNumber="954" streetName="Casserly Road" apartmentNumber="3h4" city="Kosrae" state="FM" zip="96944"/>
<person entityId="8902" recordId="105880" ssn="574064602" firstName="Dderome" middleName="Q" lastName="Ilgenfritz" streetNumber="154" streetName="Quinhn Rd" apartmentNumber="5g0" city="Washington" state="DC" zip="20047"/>
</MarkedRecordPair>
<MarkedRecordPair decision="match" date="2007-03-22" user="rphall" src="matcher" comment="0.9846154">
<person entityId="92058" recordId="167060" ssn="343160548" firstName="Gerano" middleName="A" lastName="Rheba" streetNumber="" streetName="PO Box 4453" apartmentNumber="" city="Kosrae" state="FM" zip="96944"/>
<person entityId="92058" recordId="191382" ssn="343760588" firstName="Gerano" middleName="A" lastName="Rheba" streetNumber="" streetName="PO Box 4453" apartmentNumber="" city="Kosrae" state="FM" zip="96944"/>
</MarkedRecordPair>
<MarkedRecordPair decision="match" date="2007-03-22" user="rphall" src="matcher" comment="0.9846154">
<person entityId="59857" recordId="143072" ssn="487367684" firstName="Stancliff" middleName="J" lastName="Hawryluk" streetNumber="" streetName="PO Box 661" apartmentNumber="" city="Kansas City" state="MO" zip="64119"/>
<person entityId="59857" recordId="159109" ssn="467367624" firstName="Stancliff" middleName="J" lastName="Hawryluk" streetNumber="" streetName="PO Box 661" apartmentNumber="" city="Kansas City" state="MO" zip="64119"/>
</MarkedRecordPair>
<MarkedRecordPair decision="match" date="2007-03-22" user="rphall" src="matcher" comment="0.9846154">
<person entityId="40758" recordId="128044" ssn="130325236" firstName="Lowden" middleName="R" lastName="Pratts" streetNumber="" streetName="PO Box 2786" apartmentNumber="" city="Britt" state="MN" zip="55710"/>
<person entityId="40758" recordId="136785" ssn="130325636" firstName="Lowden" middleName="R" lastName="Pratts" streetNumber="" streetName="PO Box 2786" apartmentNumber="" city="Britt" state="MN" zip="55710"/>
</MarkedRecordPair>
<MarkedRecordPair decision="match" date="2007-03-22" user="rphall" src="matcher" comment="0.9846154">
<person entityId="89901" recordId="152337" ssn="000000000" firstName="Gurcharan" middleName="S" lastName="Allemandou" streetNumber="761" streetName="Chaplin St" apartmentNumber="7r6" city="Sun City" state="AZ" zip="85372"/>
<person entityId="89901" recordId="159283" ssn="000000000" firstName="Gurcharan" middleName="S" lastName="Allemandou" streetNumber="761" streetName="Chaplin St" apartmentNumber="7r6" city="Sujn City" state="NM" zip="85372"/>
</MarkedRecordPair>
<MarkedRecordPair decision="match" date="2007-03-22" user="rphall" src="matcher" comment="0.9846154">
<person entityId="82263" recordId="144275" ssn="340447570" firstName="Denzler" middleName="X" lastName="Parmelin" streetNumber="203" streetName="Amerson Lane" apartmentNumber="8m6" city="Charlogte" state="ME" zip="28211"/>
<person entityId="82263" recordId="152177" ssn="340447570" firstName="Denzler" middleName="X" lastName="Parmelin" streetNumber="203" streetName="Amerson Lane" apartmentNumber="8m6" city="Charlotte" state="NC" zip="28211"/>
</MarkedRecordPair>
<MarkedRecordPair decision="match" date="2007-03-22" user="rphall" src="matcher" comment="0.9846154">
<person entityId="64624" recordId="131007" ssn="422308502" firstName="Willa" middleName="B" lastName="Kolovson" streetNumber="693" streetName="Perdriau Lane" apartmentNumber="7o3" city="Epek" state="DC" zip="35460"/>
<person entityId="64624" recordId="155860" ssn="422308502" firstName="Willa" middleName="B" lastName="Kolovson" streetNumber="693" streetName="Perdriau Lane" apartmentNumber="7o3" city="Epews" state="AL" zip="35460"/>
</MarkedRecordPair>
<MarkedRecordPair decision="match" date="2007-03-22" user="rphall" src="matcher" comment="0.9846154">
<person entityId="88392" recordId="162992" ssn="354747106" firstName="Reber" middleName="c" lastName="Soeren" streetNumber="653" streetName="Ananas St" apartmentNumber="0u7" city="Libertytown" state="MD" zip="21762"/>
<person entityId="88392" recordId="170208" ssn="354777176" firstName="Reber" middleName="T" lastName="Soeren" streetNumber="653" streetName="Ananas St" apartmentNumber="0u7" city="Libertytown" state="MD" zip="21762"/>
</MarkedRecordPair>
<MarkedRecordPair decision="match" date="2007-03-22" user="rphall" src="matcher" comment="0.9846154">
<person entityId="82032" recordId="149988" ssn="218024801" firstName="Mcturner" middleName="y" lastName="Anselma" streetNumber="771" streetName="Wolfangel Pkwy" apartmentNumber="3m4" city="Tilly" state="AR" zip="72679"/>
<person entityId="82032" recordId="180078" ssn="218084802" firstName="Mcturner" middleName="U" lastName="Anselma" streetNumber="771" streetName="Wolfangel Pkwy" apartmentNumber="3m4" city="Tilly" state="AR" zip="72679"/>
</MarkedRecordPair>
<MarkedRecordPair decision="match" date="2007-03-22" user="rphall" src="matcher" comment="0.9846154">
<person entityId="74147" recordId="135508" ssn="428103638" firstName="Ancona" middleName="L" lastName="Yaping" streetNumber="259" streetName="Nata Ln" apartmentNumber="3t5" city="Ligon" state="KY" zip="41646"/>
<person entityId="74147" recordId="150063" ssn="428183658" firstName="Ancona" middleName="y" lastName="Yaping" streetNumber="259" streetName="Nata Ln" apartmentNumber="3t5" city="Ligon" state="KY" zip="41646"/>
</MarkedRecordPair>
<MarkedRecordPair decision="match" date="2007-03-22" user="rphall" src="matcher" comment="0.99610895">
<person entityId="89892" recordId="137232" ssn="000000000" firstName="Veini" middleName="H" lastName="Mondol" streetNumber="112" streetName="Miscoski Ave" apartmentNumber="1t2" city="Flemington" state="WV" zip="26347"/>
<person entityId="89892" recordId="146501" ssn="000000000" firstName="Veini" middleName="H" lastName="Mondol" streetNumber="112" streetName="Miscoski Ave" apartmentNumber="1t2" city="Flemington" state="IL" zip="26347"/>
</MarkedRecordPair>
<MarkedRecordPair decision="match" date="2007-03-22" user="rphall" src="matcher" comment="0.99610895">
<person entityId="82923" recordId="116669" ssn="000000000" firstName="Auer" middleName="H" lastName="Mclavin" streetNumber="946" streetName="Blewitt Ave" apartmentNumber="8i2" city="Bentley" state="LA" zip="71407"/>
<person entityId="82923" recordId="174929" ssn="000000000" firstName="Auer" middleName="H" lastName="Mclavin" streetNumber="946" streetName="Blewitt Ave" apartmentNumber="8i2" city="Bentley" state="WY" zip="71407"/>
</MarkedRecordPair>
<MarkedRecordPair decision="match" date="2007-03-22" user="rphall" src="matcher" comment="0.99610895">
<person entityId="100524" recordId="100524" ssn="000000000" firstName="Shiode" middleName="R" lastName="Bisler" streetNumber="888" streetName="Prog Pkwy" apartmentNumber="2k2" city="Omaha" state="IL" zip="62871"/>
<person entityId="100524" recordId="143282" ssn="000000000" firstName="Shiode" middleName="R" lastName="Bisler" streetNumber="888" streetName="Prog Pkwy" apartmentNumber="2k2" city="Omaha" state="DC" zip="62871"/>
</MarkedRecordPair>
<MarkedRecordPair decision="match" date="2007-03-22" user="rphall" src="matcher" comment="0.9846154">
<person entityId="65144" recordId="140469" ssn="520366480" firstName="Vitali" middleName="X" lastName="Mugniot" streetNumber="" streetName="PO Box 4807" apartmentNumber="" city="Elberta" state="UT" zip="84626"/>
<person entityId="65144" recordId="145731" ssn="520366480" firstName="Vitali" middleName="n" lastName="Mugniot" streetNumber="" streetName="PO Box 4807" apartmentNumber="" city="Elberta" state="UT" zip="84626"/>
</MarkedRecordPair>
<MarkedRecordPair decision="match" date="2007-03-22" user="rphall" src="matcher" comment="0.9846154">
<person entityId="58982" recordId="127791" ssn="171278824" firstName="Ficek" middleName="B" lastName="Ragudo" streetNumber="" streetName="PO Box 326" apartmentNumber="" city="Goldonna" state="LA" zip="71031"/>
<person entityId="58982" recordId="145766" ssn="171278824" firstName="Ficek" middleName="m" lastName="Ragudo" streetNumber="" streetName="PO Box 326" apartmentNumber="" city="Goldonna" state="LA" zip="71031"/>
</MarkedRecordPair>
<MarkedRecordPair decision="match" date="2007-03-22" user="rphall" src="matcher" comment="0.9846154">
<person entityId="108516" recordId="108516" ssn="761552863" firstName="Arthaud" middleName="y" lastName="Neifert" streetNumber="" streetName="PO Box 917" apartmentNumber="" city="Burfordville" state="MO" zip="63739"/>
<person entityId="108516" recordId="196113" ssn="761552863" firstName="Arthaud" middleName="B" lastName="Neifert" streetNumber="" streetName="PO Box 917" apartmentNumber="" city="Burfordville" state="MO" zip="63739"/>
</MarkedRecordPair>
<MarkedRecordPair decision="match" date="2007-03-22" user="rphall" src="matcher" comment="0.9846154">
<person entityId="55403" recordId="139767" ssn="600152885" firstName="Cecco" middleName="x" lastName="Shiun" streetNumber="591" streetName="Lloprieno Street" apartmentNumber="6d2" city="Haworth" state="OK" zip="74740"/>
<person entityId="55403" recordId="150552" ssn="600152885" firstName="Cecco" middleName="" lastName="Shiun" streetNumber="591" streetName="Loprieno Street" apartmentNumber="6d2" city="Haworth" state="OK" zip="74740"/>
</MarkedRecordPair>
<MarkedRecordPair decision="match" date="2007-03-22" user="rphall" src="matcher" comment="0.9846154">
<person entityId="62995" recordId="120731" ssn="501056525" firstName="Veciana" middleName="i" lastName="Jagdishb" streetNumber="887" streetName="Augusto Avenue" apartmentNumber="8b0" city="Agana" state="GU" zip="96919"/>
<person entityId="62995" recordId="160625" ssn="501056525" firstName="Veciana" middleName="" lastName="Jagdishb" streetNumber="887" streetName="Auvusto Avenue" apartmentNumber="8b0" city="Agana" state="GU" zip="96919"/>
</MarkedRecordPair>
<MarkedRecordPair decision="match" date="2007-03-22" user="rphall" src="matcher" comment="0.9846154">
<person entityId="90906" recordId="111846" ssn="781036230" firstName="Motegi" middleName="s" lastName="Zella" streetNumber="241" streetName="Nzaola" apartmentNumber="3w6" city="Mayville" state="ND" zip="58257"/>
<person entityId="90906" recordId="112104" ssn="781036230" firstName="Motegi" middleName="M" lastName="Zella" streetNumber="241" streetName="Naola" apartmentNumber="3w6" city="Mayville" state="ND" zip="58257"/>
</MarkedRecordPair>
<MarkedRecordPair decision="match" date="2007-03-22" user="rphall" src="matcher" comment="0.9846154">
<person entityId="62011" recordId="130673" ssn="000000000" firstName="Lanae" middleName="Z" lastName="Ugo" streetNumber="990" streetName="Bajwa" apartmentNumber="7m6" city="Rio Vista" state="CA" zip="94571"/>
<person entityId="62011" recordId="132973" ssn="000000000" firstName="aLnae" middleName="u" lastName="Ugo" streetNumber="990" streetName="Bajwa" apartmentNumber="7m6" city="Rio Vista" state="CA" zip="94571"/>
</MarkedRecordPair>
<MarkedRecordPair decision="match" date="2007-03-22" user="rphall" src="matcher" comment="0.9846154">
<person entityId="75955" recordId="122732" ssn="274846476" firstName="S" middleName="j" lastName="Sugiura" streetNumber="138" streetName="Aquin Street" apartmentNumber="0e7" city="Salt Lake City" state="UT" zip="84189"/>
<person entityId="75955" recordId="158386" ssn="274846476" firstName="Scheffler" middleName="Q" lastName="Sugiura" streetNumber="138" streetName="Aquin Street" apartmentNumber="0e7" city="Salt Lake City" state="UT" zip="84189"/>
</MarkedRecordPair>
<MarkedRecordPair decision="match" date="2007-03-22" user="rphall" src="matcher" comment="0.9846154">
<person entityId="21446" recordId="107193" ssn="000000000" firstName="Lambregtse" middleName="t" lastName="Isabeau" streetNumber="684" streetName="Limbursky Avenue" apartmentNumber="7z3" city="Charlotte Amalie" state="VI" zip="00801"/>
<person entityId="21446" recordId="108246" ssn="000000000" firstName="oLambregtse" middleName="R" lastName="Isabeau" streetNumber="684" streetName="Limbursky Avenue" apartmentNumber="7z3" city="Charlotte Amalie" state="VI" zip="00801"/>
</MarkedRecordPair>
<MarkedRecordPair decision="match" date="2007-03-22" user="rphall" src="matcher" comment="0.9846154">
<person entityId="76811" recordId="146804" ssn="764605513" firstName="Amory" middleName="N" lastName="Belmares" streetNumber="880" streetName="Knouse St" apartmentNumber="8f7" city="Montague" state="NJ" zip="07827"/>
<person entityId="76811" recordId="151211" ssn="764605513" firstName="Amory" middleName="N" lastName="Belmares" streetNumber="884" streetName="Knouse St" apartmentNumber="8f7" city="Montague" state="NJ" zip="07887"/>
</MarkedRecordPair>
<MarkedRecordPair decision="match" date="2007-03-22" user="rphall" src="matcher" comment="0.9846154">
<person entityId="88425" recordId="140609" ssn="270217421" firstName="Cpm" middleName="Y" lastName="Yohnk" streetNumber="615" streetName="Fanning Ave" apartmentNumber="4u4" city="Maricopa" state="AZ" zip="35239"/>
<person entityId="88425" recordId="180741" ssn="270217421" firstName="Cpm" middleName="Y" lastName="Yohk" streetNumber="615" streetName="Fanning Ave" apartmentNumber="4u4" city="Maricopa" state="AZ" zip="85239"/>
</MarkedRecordPair>
<MarkedRecordPair decision="match" date="2007-03-22" user="rphall" src="matcher" comment="0.9846154">
<person entityId="54795" recordId="131782" ssn="000000000" firstName="Catherine" middleName="R" lastName="Sitler" streetNumber="532" streetName="Aronson Rd" apartmentNumber="8p4" city="Sawyerville" state="IL" zip="67085"/>
<person entityId="54795" recordId="133634" ssn="000000000" firstName="Catherine" middleName="R" lastName="dSitler" streetNumber="532" streetName="Aronson Rd" apartmentNumber="8p4" city="Sawyerville" state="IL" zip="62085"/>
</MarkedRecordPair>
<MarkedRecordPair decision="match" date="2007-03-22" user="rphall" src="matcher" comment="0.9846154">
<person entityId="20207" recordId="102197" ssn="000000000" firstName="Gwen" middleName="" lastName="Pescatoere" streetNumber="902" streetName="Carrol Ave" apartmentNumber="7m0" city="Wales" state="MA" zip="01081"/>
<person entityId="20207" recordId="116777" ssn="000000000" firstName="Gwen" middleName="" lastName="Pescatore" streetNumber="902" streetName="Carrol Ave" apartmentNumber="7m0" city="Wales" state="MA" zip="01084"/>
</MarkedRecordPair>
<MarkedRecordPair decision="match" date="2007-03-22" user="rphall" src="matcher" comment="0.9846154">
<person entityId="67824" recordId="125501" ssn="000000000" firstName="Tague" middleName="h" lastName="Durnin" streetNumber="705" streetName="Sock Road" apartmentNumber="8e7" city="Danby" state="VT" zip="05739"/>
<person entityId="67824" recordId="167722" ssn="000000000" firstName="Tague" middleName="X" lastName="fDurnin" streetNumber="705" streetName="Sock Road" apartmentNumber="8e7" city="Danby" state="VT" zip="05739"/>
</MarkedRecordPair>
<MarkedRecordPair decision="match" date="2007-03-22" user="rphall" src="matcher" comment="0.9846154">
<person entityId="37773" recordId="100477" ssn="000000000" firstName="Callicutt" middleName="E" lastName="Pyatt" streetNumber="426" streetName="Nathan Rd" apartmentNumber="0p4" city="Redding Ridge" state="CT" zip="06876"/>
<person entityId="37773" recordId="121255" ssn="000000000" firstName="Callicutt" middleName="s" lastName="mccaughey" streetNumber="426" streetName="Nathan Rd" apartmentNumber="0p4" city="Redding Ridge" state="CT" zip="06876"/>
</MarkedRecordPair>
<MarkedRecordPair decision="match" date="2007-03-22" user="rphall" src="matcher" comment="0.9846154">
<person entityId="79761" recordId="110648" ssn="325618732" firstName="Davaz" middleName="t" lastName="Tiou" streetNumber="196" streetName="Jaminon Ave" apartmentNumber="7m4" city="Saddle River" state="NJ" zip="07458"/>
<person entityId="79761" recordId="165747" ssn="325618732" firstName="Davaz" middleName="N" lastName="Toiu" streetNumber="196" streetName="Jaminon Ave" apartmentNumber="7m4" city="Saddle River" state="NJ" zip="07458"/>
</MarkedRecordPair>
<MarkedRecordPair decision="match" date="2007-03-22" user="rphall" src="matcher" comment="0.9846154">
<person entityId="29473" recordId="106070" ssn="000000000" firstName="Kimmett" middleName="T" lastName="Deanne" streetNumber="332" streetName="Wgitt St" apartmentNumber="4l7" city="Columbus" state="GA" zip="31901"/>
<person entityId="29473" recordId="125003" ssn="000000000" firstName="Kimmett" middleName="T" lastName="Deanne" streetNumber="332" streetName="Whitt St" apartmentNumber="4l7" city="Columbus" state="GA" zip="31201"/>
</MarkedRecordPair>
<MarkedRecordPair decision="match" date="2007-03-22" user="rphall" src="matcher" comment="0.9846154">
<person entityId="62233" recordId="114041" ssn="415021650" firstName="Seely" middleName="I" lastName="Vyacheslav" streetNumber="34" streetName="Santillan Ave" apartmentNumber="7a8" city="Still Pond" state="MD" zip="21667"/>
<person entityId="62233" recordId="146338" ssn="415021650" firstName="Seely" middleName="I" lastName="Vyacheslav" streetNumber="34" streetName="antillan Ave" apartmentNumber="7a8" city="Still Pond" state="MD" zip="24667"/>
</MarkedRecordPair>
<MarkedRecordPair decision="match" date="2007-03-22" user="rphall" src="matcher" comment="0.9846154">
<person entityId="106322" recordId="106322" ssn="100204000" firstName="Sosima" middleName="P" lastName="Westmoreland" streetNumber="291" streetName="Cyrillus Lane" apartmentNumber="2y4" city="Little Hocking" state="OH" zip="45742"/>
<person entityId="106322" recordId="167677" ssn="100204000" firstName="Sosima" middleName="P" lastName="Westmoreland" streetNumber="291" streetName="Cyrillubs Ln" apartmentNumber="2y4" city="Little Hocking" state="OH" zip="45642"/>
</MarkedRecordPair>
<MarkedRecordPair decision="match" date="2007-03-22" user="rphall" src="matcher" comment="0.9846154">
<person entityId="102560" recordId="102560" ssn="000000000" firstName="Ziyou" middleName="S" lastName="Nagammal" streetNumber="232" streetName="Ricles Rd" apartmentNumber="3c1" city="Dell Rapids" state="SD" zip="57022"/>
<person entityId="102560" recordId="140114" ssn="000000000" firstName="Zigou" middleName="S" lastName="Nagammal" streetNumber="232" streetName="Ricles Rd" apartmentNumber="3c1" city="Dell Rapids" state="SD" zip="67022"/>
</MarkedRecordPair>
<MarkedRecordPair decision="match" date="2007-03-22" user="rphall" src="matcher" comment="0.9846154">
<person entityId="107872" recordId="107872" ssn="170724084" firstName="Kia" middleName="Q" lastName="Scampini" streetNumber="433" streetName="Pamel Lane" apartmentNumber="5n7" city="Lerna" state="IL" zip="62440"/>
<person entityId="107872" recordId="164182" ssn="170724084" firstName="lia" middleName="Q" lastName="Scampini" streetNumber="433" streetName="Pamel Lane" apartmentNumber="5n7" city="Lerna" state="IL" zip="65440"/>
</MarkedRecordPair>
<MarkedRecordPair decision="match" date="2007-03-22" user="rphall" src="matcher" comment="0.9846154">
<person entityId="81615" recordId="103217" ssn="381318175" firstName="Duffin" middleName="" lastName="Rugel" streetNumber="396" streetName="Acton Lane" apartmentNumber="0z1" city="Jayuya" state="PR" zip="00664"/>
<person entityId="81615" recordId="172390" ssn="381318175" firstName="Dudfin" middleName="" lastName="Rugel" streetNumber="396" streetName="Acton Lane" apartmentNumber="0z1" city="Jayuya" state="PR" zip="00164"/>
</MarkedRecordPair>
<MarkedRecordPair decision="match" date="2007-03-22" user="rphall" src="matcher" comment="0.9846154">
<person entityId="105942" recordId="105942" ssn="317560170" firstName="Hooshang" middleName="" lastName="Horzella" streetNumber="85" streetName="Geer Pkwy" apartmentNumber="0a4" city="Pioneer" state="OH" zip="43504"/>
<person entityId="105942" recordId="131839" ssn="317560170" firstName="Hooshang" middleName="" lastName="Horzella" streetNumber="95" streetName="Geer Pkwy" apartmentNumber="0a4" city="Pioneer" state="OH" zip="43554"/>
</MarkedRecordPair>
<MarkedRecordPair decision="match" date="2007-03-22" user="rphall" src="matcher" comment="0.9846154">
<person entityId="25188" recordId="101819" ssn="336783614" firstName="Lenard" middleName="Q" lastName="Simonetti" streetNumber="45" streetName="Beaman Ave" apartmentNumber="8q3" city="Newport" state="RI" zip="02841"/>
<person entityId="25188" recordId="123344" ssn="336783614" firstName="Lenard" middleName="Q" lastName="Simonetti" streetNumber="65" streetName="Beaman Ave" apartmentNumber="8q3" city="Newport" state="RI" zip="82841"/>
</MarkedRecordPair>
<MarkedRecordPair decision="differ" date="2007-03-22" user="rphall" src="matcher" comment="0.05882353">
<person entityId="108136" recordId="166593" ssn="000000000" firstName="Gerst" middleName="Y" lastName="Husarewych" streetNumber="600" streetName="Bajohra Parkway" apartmentNumber="7q0" city="Shreveport" state="LA" zip="71104"/>
<person entityId="101878" recordId="166990" ssn="000000000" firstName="Gerst" middleName="P" lastName="Hariharan" streetNumber="" streetName="PO Box 2337" apartmentNumber="" city="Register" state="GA" zip="30452"/>
</MarkedRecordPair>
<MarkedRecordPair decision="differ" date="2007-03-22" user="rphall" src="matcher" comment="0.05882353">
<person entityId="69707" recordId="147055" ssn="000000000" firstName="Mcsorley" middleName="T" lastName="Huhn" streetNumber="850" streetName="Guillette Pkwy" apartmentNumber="5b8" city="Salt Gum" state="KY" zip="40980"/>
<person entityId="87579" recordId="157763" ssn="000000000" firstName="Mcsorley" middleName="X" lastName="Hussan" streetNumber="" streetName="PO Box 4580" apartmentNumber="" city="Woodburnq" state="IN" zip="46797"/>
</MarkedRecordPair>
<MarkedRecordPair decision="differ" date="2007-03-22" user="rphall" src="matcher" comment="0.05882353">
<person entityId="109358" recordId="169248" ssn="000000000" firstName="Carling" middleName="" lastName="Schaeffer" streetNumber="" streetName="PO Box 4530" apartmentNumber="" city="Wiborg" state="KY" zip="42654"/>
<person entityId="107844" recordId="188384" ssn="000000000" firstName="Roseberry" middleName="V" lastName="Aubine" streetNumber="" streetName="PO Box 4530" apartmentNumber="" city="Kenton" state="OH" zip="43326"/>
</MarkedRecordPair>
<MarkedRecordPair decision="differ" date="2007-03-22" user="rphall" src="matcher" comment="0.05882353">
<person entityId="108990" recordId="152200" ssn="000000000" firstName="Lavanaway" middleName="I" lastName="Schejbal" streetNumber="" streetName="PO Box 4550" apartmentNumber="" city="bouston" state="TX" zip="73240"/>
<person entityId="80796" recordId="160095" ssn="000000000" firstName="Kayar" middleName="X" lastName="hNiccolls" streetNumber="" streetName="PO Box 4550" apartmentNumber="" city="Charlotte Amalie" state="VI" zip="00801"/>
</MarkedRecordPair>
<MarkedRecordPair decision="differ" date="2007-03-22" user="rphall" src="matcher" comment="0.05882353">
<person entityId="84450" recordId="160607" ssn="000000000" firstName="Kamsainah" middleName="" lastName="Xiaowen" streetNumber="" streetName="PO Box 692" apartmentNumber="" city="Edagrd" state="LA" zip="70049"/>
<person entityId="108306" recordId="175535" ssn="460675400" firstName="Kamsainah" middleName="" lastName="Langenfeld" streetNumber="848" streetName="Ghantous Pkwy" apartmentNumber="3b3" city="Washington" state="DC" zip="20000"/>
</MarkedRecordPair>
<MarkedRecordPair decision="differ" date="2007-03-22" user="rphall" src="matcher" comment="0.05882353">
<person entityId="51161" recordId="142560" ssn="185574737" firstName="B" middleName="O" lastName="Leger" streetNumber="158" streetName="Dueross Street" apartmentNumber="2m0" city="Cleveland" state="NM" zip="87715"/>
<person entityId="87957" recordId="182440" ssn="000000000" firstName="B" middleName="O" lastName="Bettinghouse" streetNumber="" streetName="PO Box 1392" apartmentNumber="" city="Mesae" state="AZ" zip="85204"/>
</MarkedRecordPair>
<MarkedRecordPair decision="differ" date="2007-03-22" user="rphall" src="matcher" comment="0.05882353">
<person entityId="105982" recordId="162133" ssn="000000000" firstName="Ginette" middleName="" lastName="Mages" streetNumber="461" streetName="Berthold Ave" apartmentNumber="4c8" city="Mc Comb" state="MS" zip="39648"/>
<person entityId="96584" recordId="178541" ssn="000000000" firstName="Ginette" middleName="" lastName="Papisca" streetNumber="542" streetName="Baddeley Street" apartmentNumber="1c0" city="Colby" state="KS" zip="67701"/>
</MarkedRecordPair>
<MarkedRecordPair decision="differ" date="2007-03-22" user="rphall" src="matcher" comment="0.05882353">
<person entityId="78684" recordId="133412" ssn="000000000" firstName="Valto" middleName="D" lastName="Stromereder" streetNumber="832" streetName="Canning St" apartmentNumber="2l1" city="Lesington" state="KY" zip="40516"/>
<person entityId="70035" recordId="139139" ssn="000000000" firstName="Valto" middleName="D" lastName="Guisler" streetNumber="164" streetName="Grandinwetti" apartmentNumber="1f5" city="San Antonio" state="TX" zip="78294"/>
</MarkedRecordPair>
<MarkedRecordPair decision="match" date="2007-03-22" user="rphall" src="matcher" comment="0.05882353">
<person entityId="44940" recordId="116014" ssn="408384265" firstName="Guardiola" middleName="" lastName="Gushima" streetNumber="557" streetName="Langill Road" apartmentNumber="0z7" city="Cross Tkimbers" state="MO" zip="65034"/>
<person entityId="44940" recordId="139480" ssn="408380264" firstName="Gueardiola" middleName="" lastName="Gushima" streetNumber="720" streetName="Stracco Ln" apartmentNumber="2l6" city="Cross Timbers" state="MO" zip="65634"/>
</MarkedRecordPair>
<MarkedRecordPair decision="match" date="2007-03-22" user="rphall" src="matcher" comment="0.05882353">
<person entityId="65764" recordId="107648" ssn="581068868" firstName="Mariann" middleName="N" lastName="Nino" streetNumber="57" streetName="Iwashita Rd" apartmentNumber="2m4" city="Tyngsboro" state="MA" zip="01879"/>
<person entityId="65764" recordId="143872" ssn="181068866" firstName="Mariahn" middleName="N" lastName="Nino" streetNumber="98" streetName="Barkman Parkway" apartmentNumber="2m1" city="Tyngsbvro" state="MA" zip="01479"/>
</MarkedRecordPair>
<MarkedRecordPair decision="differ" date="2007-03-22" user="rphall" src="matcher" comment="0.05882353">
<person entityId="78135" recordId="127077" ssn="537140076" firstName="Wilfried" middleName="" lastName="Rudeen" streetNumber="599" streetName="Tanimoto Avenue" apartmentNumber="7x6" city="Rauwood" state="TX" zip="77582"/>
<person entityId="107224" recordId="195564" ssn="144600027" firstName="Wilfried" middleName="" lastName="Jarrell" streetNumber="568" streetName="Dhiren Avenue" apartmentNumber="2t3" city="Beaumont" state="TX" zip="77702"/>
</MarkedRecordPair>
<MarkedRecordPair decision="differ" date="2007-03-22" user="rphall" src="matcher" comment="0.05882353">
<person entityId="34792" recordId="101317" ssn="243765846" firstName="Lusser" middleName="I" lastName="Liszka" streetNumber="697" streetName="Danchi Street" apartmentNumber="1e2" city="Birminhgam" state="AL" zip="35220"/>
<person entityId="108442" recordId="109258" ssn="145772374" firstName="Lusser" middleName="I" lastName="Bracken" streetNumber="472" streetName="Annita Lane" apartmentNumber="5r0" city="Nanafalia" state="AL" zip="36764"/>
</MarkedRecordPair>
<MarkedRecordPair decision="match" date="2007-03-22" user="rphall" src="matcher" comment="0.05882353">
<person entityId="68734" recordId="152585" ssn="667517803" firstName="Dme" middleName="" lastName="Chonh" streetNumber="" streetName="PO Box 2454" apartmentNumber="" city="North Platte" state="NE" zip="69101"/>
<person entityId="68734" recordId="155120" ssn="667587801" firstName="Dme" middleName="" lastName="Chionh" streetNumber="666" streetName="Covelli Lane" apartmentNumber="3k5" city="Hutchinson" state="KS" zip="67504"/>
</MarkedRecordPair>
<MarkedRecordPair decision="match" date="2007-03-22" user="rphall" src="matcher" comment="0.05882353">
<person entityId="41561" recordId="109790" ssn="414100277" firstName="Boucouris" middleName="J" lastName="Gilis" streetNumber="963" streetName="Solone Road" apartmentNumber="0x0" city="Montmorenci" state="IN" zip="47962"/>
<person entityId="41561" recordId="111895" ssn="434105277" firstName="Boucouris" middleName="J" lastName="Gilids" streetNumber="" streetName="PO Box 1583" apartmentNumber="" city="Kosrae" state="FM" zip="96944"/>
</MarkedRecordPair>
<MarkedRecordPair decision="match" date="2007-03-22" user="rphall" src="matcher" comment="0.05882353">
<person entityId="78431" recordId="142572" ssn="283582300" firstName="Luoma" middleName="D" lastName="Dqamour" streetNumber="318" streetName="Slovick Ln" apartmentNumber="7u6" city="U S A F Academy" state="CO" zip="80840"/>
<person entityId="78431" recordId="154616" ssn="283582300" firstName="Luoma" middleName="D" lastName="Damour" streetNumber="228" streetName="Utkovic" apartmentNumber="8n6" city="Kalvesta" state="KS" zip="67856"/>
</MarkedRecordPair>
<MarkedRecordPair decision="match" date="2007-03-22" user="rphall" src="matcher" comment="0.05882353">
<person entityId="48641" recordId="142511" ssn="000000000" firstName="Koai" middleName="M" lastName="trangis" streetNumber="359" streetName="Bagshaw St" apartmentNumber="0n7" city="Gilbereon" state="PA" zip="17934"/>
<person entityId="48641" recordId="145463" ssn="000000000" firstName="Koai" middleName="M" lastName="Strangis" streetNumber="923" streetName="Pannach St" apartmentNumber="5w1" city="Carleton" state="NE" zip="68326"/>
</MarkedRecordPair>
<MarkedRecordPair decision="differ" date="2007-03-22" user="rphall" src="matcher" comment="0.05882353">
<person entityId="52795" recordId="121564" ssn="183336787" firstName="Freyer" middleName="M" lastName="Kira" streetNumber="239" streetName="Lybaarger Ave" apartmentNumber="3j1" city="Manati" state="PR" zip="00701"/>
<person entityId="48291" recordId="141397" ssn="668820478" firstName="Brumit" middleName="B" lastName="Dirintshof" streetNumber="239" streetName="Hornback Ln" apartmentNumber="0k5" city="Manai" state="PR" zip="00701"/>
</MarkedRecordPair>
<MarkedRecordPair decision="differ" date="2007-03-22" user="rphall" src="matcher" comment="0.05882353">
<person entityId="109272" recordId="109272" ssn="626362322" firstName="Leivber" middleName="G" lastName="Abidin" streetNumber="525" streetName="Pabst St" apartmentNumber="1a7" city="Agana" state="GU" zip="96930"/>
<person entityId="77387" recordId="110911" ssn="000000000" firstName="Wynn" middleName="F" lastName="Mrugesh" streetNumber="525" streetName="Krataz Avenue" apartmentNumber="0l4" city="Agnaa" state="GU" zip="96930"/>
</MarkedRecordPair>
<MarkedRecordPair decision="differ" date="2007-03-22" user="rphall" src="matcher" comment="0.05882353">
<person entityId="63475" recordId="154463" ssn="115337744" firstName="Keshnre" middleName="M" lastName="Cassis" streetNumber="168" streetName="Burges" apartmentNumber="5g4" city="Silver Lake" state="NH" zip="03875"/>
<person entityId="104432" recordId="173577" ssn="000000000" firstName="Wisler" middleName="F" lastName="Loyoenga" streetNumber="755" streetName="Rajen Road" apartmentNumber="5g4" city="Silevr Lake" state="NH" zip="03875"/>
</MarkedRecordPair>
<MarkedRecordPair decision="differ" date="2007-03-22" user="rphall" src="matcher" comment="0.05882353">
<person entityId="87456" recordId="152198" ssn="621047735" firstName="Sjoerd" middleName="Y" lastName="Anabel" streetNumber="" streetName="PO Box 762" apartmentNumber="" city="North Pomfret" state="VT" zip="05053"/>
<person entityId="101644" recordId="176654" ssn="000000000" firstName="Sjoerd" middleName="T" lastName="Ahame" streetNumber="656" streetName="Allmendinger Road" apartmentNumber="4t3" city="Cabot" state="VT" zip="05647"/>
</MarkedRecordPair>
<MarkedRecordPair decision="differ" date="2007-03-22" user="rphall" src="matcher" comment="0.05882353">
<person entityId="91359" recordId="141460" ssn="642822006" firstName="Shisler" middleName="X" lastName="Veljko" streetNumber="" streetName="PO Box 1597" apartmentNumber="" city="soundhill" state="KY" zip="42275"/>
<person entityId="67954" recordId="158295" ssn="438357011" firstName="Shisler" middleName="I" lastName="Vaserfirer" streetNumber="532" streetName="ikawa Avenue" apartmentNumber="3g5" city="Harrods Creek" state="KY" zip="40027"/>
</MarkedRecordPair>
<MarkedRecordPair decision="differ" date="2007-03-22" user="rphall" src="matcher" comment="0.05882353">
<person entityId="84300" recordId="148323" ssn="000000000" firstName="S" middleName="X" lastName="Infantino" streetNumber="11" streetName="Sagun Street" apartmentNumber="0f0" city="Belvidere" state="NC" zip="27919"/>
<person entityId="96204" recordId="156454" ssn="000000000" firstName="S" middleName="" lastName="Nazari" streetNumber="98" streetName="Herviault Ave" apartmentNumber="2d0" city="Provdence" state="NC" zip="27315"/>
</MarkedRecordPair>
<MarkedRecordPair decision="match" date="2007-03-22" user="rphall" src="matcher" comment="0.05882353">
<person entityId="17086" recordId="101597" ssn="671123621" firstName="Salidtt" middleName="Q" lastName="courtnay" streetNumber="629" streetName="Nzauenberg Rd" apartmentNumber="5u6" city="Hatford" state="CT" zip="06102"/>
<person entityId="17086" recordId="107933" ssn="671123621" firstName="Salditt" middleName="Q" lastName="Joachimpillai" streetNumber="395" streetName="Clapham Street" apartmentNumber="6d6" city="Harford" state="CT" zip="06104"/>
</MarkedRecordPair>
<MarkedRecordPair decision="match" date="2007-03-22" user="rphall" src="matcher" comment="0.05882353">
<person entityId="32693" recordId="100163" ssn="683730117" firstName="Spelman" middleName="A" lastName="Focco" streetNumber="580" streetName="Hetti Avenue" apartmentNumber="4d8" city="Marbel" state="PA" zip="16334"/>
<person entityId="32693" recordId="105691" ssn="683730117" firstName="Spemlan" middleName="A" lastName="Ficco" streetNumber="408" streetName="Narayanasamy Ave" apartmentNumber="4s2" city="Mafrble" state="PA" zip="16534"/>
</MarkedRecordPair>
<MarkedRecordPair decision="match" date="2007-03-22" user="rphall" src="matcher" comment="0.05882353">
<person entityId="87267" recordId="123123" ssn="381775561" firstName="Hoppins" middleName="O" lastName="Otted" streetNumber="859" streetName="Corstorphine Avenue" apartmentNumber="5a0" city="Burns Flat" state="OK" zip="73624"/>
<person entityId="87267" recordId="182541" ssn="381776551" firstName="Hioppins" middleName="O" lastName="Ottes" streetNumber="338" streetName="Margulieux Street" apartmentNumber="4x2" city="Burns Falt" state="OK" zip="73624"/>
</MarkedRecordPair>
<MarkedRecordPair decision="match" date="2007-03-22" user="rphall" src="matcher" comment="0.05882353">
<person entityId="27162" recordId="104406" ssn="578808032" firstName="Clayborn" middleName="R" lastName="ueroszko" streetNumber="610" streetName="Mclardy Road" apartmentNumber="3d7" city="eBrn" state="KS" zip="66408"/>
<person entityId="27162" recordId="115127" ssn="578883032" firstName="Jeroszko" middleName="R" lastName="Clayborn" streetNumber="609" streetName="Bernsen Avenue" apartmentNumber="6z0" city="Bern" state="KS" zip="66408"/>
</MarkedRecordPair>
<MarkedRecordPair decision="differ" date="2007-03-22" user="rphall" src="matcher" comment="0.05882353">
<person entityId="79971" recordId="100093" ssn="311384827" firstName="Michalek" middleName="N" lastName="Parske" streetNumber="64" streetName="Tan Avenue" apartmentNumber="7e0" city="Charlotte Amalie" state="VI" zip="00804"/>
<person entityId="101324" recordId="143613" ssn="238668453" firstName="Seligman" middleName="I" lastName="Parske" streetNumber="13" streetName="Jessa Road" apartmentNumber="4n7" city="Charlotte Amalie" state="VI" zip="00802"/>
</MarkedRecordPair>
<MarkedRecordPair decision="differ" date="2007-03-22" user="rphall" src="matcher" comment="0.05882353">
<person entityId="12784" recordId="112733" ssn="133555673" firstName="Pierosara" middleName="T" lastName="Inn" streetNumber="929" streetName="Harben Ave" apartmentNumber="7p0" city="Fiskevikle" state="FL" zip="02823"/>
<person entityId="100412" recordId="144479" ssn="254474740" firstName="Howland" middleName="T" lastName="Yoshimitsu" streetNumber="" streetName="PO Bos 2845" apartmentNumber="" city="Cockeysville/Hunt Vslley" state="FL" zip="21031"/>
</MarkedRecordPair>
<MarkedRecordPair decision="differ" date="2007-03-22" user="rphall" src="matcher" comment="0.05882353">
<person entityId="57393" recordId="143752" ssn="000000000" firstName="Beitz" middleName="" lastName="Rodelio" streetNumber="85" streetName="Beukers St" apartmentNumber="5u3" city="mew Haven" state="AK" zip="06538"/>
<person entityId="71283" recordId="169850" ssn="000000000" firstName="Buissin" middleName="" lastName="Honesto" streetNumber="462" streetName="Leonore Ave" apartmentNumber="2j1" city="Crumplerp" state="AK" zip="24825"/>
</MarkedRecordPair>
<MarkedRecordPair decision="differ" date="2007-03-22" user="rphall" src="matcher" comment="0.05882353">
<person entityId="71707" recordId="138962" ssn="000000000" firstName="Aura" middleName="K" lastName="Jaenisch" streetNumber="493" streetName="Mahrt" apartmentNumber="0x4" city="Conway" state="MI" zip="49722"/>
<person entityId="85986" recordId="143834" ssn="000000000" firstName="Langjahr" middleName="K" lastName="Bunz" streetNumber="775" streetName="Mahrt" apartmentNumber="7c3" city="Oakland" state="CA" zip="94601"/>
</MarkedRecordPair>
<MarkedRecordPair decision="differ" date="2007-03-22" user="rphall" src="matcher" comment="0.05882353">
<person entityId="39201" recordId="137627" ssn="000000000" firstName="Rohani" middleName="" lastName="Chxlmer" streetNumber="" streetName="POq Box 1724" apartmentNumber="" city="Erie" state="KY" zip="58029"/>
<person entityId="49471" recordId="139567" ssn="000000000" firstName="Dewi" middleName="W" lastName="Lredo" streetNumber="78" streetName="Woodhull Avenue" apartmentNumber="3h5" city="Eire" state="ND" zip="58029"/>
</MarkedRecordPair>
<MarkedRecordPair decision="differ" date="2007-03-22" user="rphall" src="matcher" comment="0.05882353">
<person entityId="83271" recordId="108607" ssn="000000000" firstName="Ohala" middleName="C" lastName="Evvie" streetNumber="" streetName="PO Box 3222" apartmentNumber="" city="Lexington" state="OK" zip="73051"/>
<person entityId="83886" recordId="147066" ssn="000000000" firstName="Nonkes" middleName="" lastName="Ossi" streetNumber="825" streetName="Liv Pkwy" apartmentNumber="6t7" city="Leington" state="CO" zip="73051"/>
</MarkedRecordPair>
<MarkedRecordPair decision="differ" date="2007-03-22" user="rphall" src="matcher" comment="0.05882353">
<person entityId="32535" recordId="102744" ssn="000000000" firstName="Fedraw" middleName="Z" lastName="Greytock" streetNumber="" streetName="PO Box 570" apartmentNumber="" city="Belding" state="NY" zip="48809"/>
<person entityId="68909" recordId="138155" ssn="441826181" firstName="Grand" middleName="Z" lastName="Nandan" streetNumber="100" streetName="Quintus Pkwy" apartmentNumber="7l0" city="Conyres" state="NY" zip="30208"/>
</MarkedRecordPair>
<MarkedRecordPair decision="differ" date="2007-03-22" user="rphall" src="matcher" comment="0.05882353">
<person entityId="74103" recordId="139394" ssn="337378033" firstName="Sizemore" middleName="X" lastName="uDnnan" streetNumber="604" streetName="Luu Rd" apartmentNumber="5j0" city="Hanford" state="CA" zip="93231"/>
<person entityId="101642" recordId="196990" ssn="000000000" firstName="Hubregs" middleName="" lastName="Gorenberg" streetNumber="597" streetName="Shiun St" apartmentNumber="5j0" city="Hanford" state="CA" zip="93232"/>
</MarkedRecordPair>
<MarkedRecordPair decision="differ" date="2007-03-22" user="rphall" src="matcher" comment="0.05882353">
<person entityId="78891" recordId="136404" ssn="000000000" firstName="Concha" middleName="" lastName="Calderoni" streetNumber="132" streetName="Huetu St" apartmentNumber="6e8" city="Arlington" state="KS" zip="67514"/>
<person entityId="77671" recordId="161928" ssn="000000000" firstName="Surles" middleName="" lastName="Chhriste" streetNumber="959" streetName="Tzu St" apartmentNumber="1a8" city="Arington" state="MA" zip="67514"/>
</MarkedRecordPair>
<MarkedRecordPair decision="match" date="2007-03-22" user="rphall" src="matcher" comment="0.05882353">
<person entityId="78930" recordId="135242" ssn="641072804" firstName="Denlomme" middleName="S" lastName="Kaigtlin" streetNumber="884" streetName="Sapragg" apartmentNumber="6n5" city="Fort Wayne" state="IN" zip="46869"/>
<person entityId="78930" recordId="159740" ssn="641872304" firstName="Denommde" middleName="S" lastName="Kaitlin" streetNumber="" streetName="PO Box 3388" apartmentNumber="" city="rort Wayne" state="WI" zip="46869"/>
</MarkedRecordPair>
<MarkedRecordPair decision="differ" date="2007-03-22" user="rphall" src="matcher" comment="0.05882353">
<person entityId="66009" recordId="120102" ssn="000000000" firstName="Cehngtseng" middleName="N" lastName="Liesqa" streetNumber="758" streetName="Nse Avenue" apartmentNumber="5w5" city="Shirley Basin" state="WY" zip="82615"/>
<person entityId="63421" recordId="153692" ssn="371065270" firstName="Jasrotia" middleName="N" lastName="Dahlstrom" streetNumber="" streetName="PO Box 3263" apartmentNumber="" city="Shiley Basin" state="NE" zip="82615"/>
</MarkedRecordPair>
<MarkedRecordPair decision="differ" date="2007-03-22" user="rphall" src="matcher" comment="0.05882353">
<person entityId="29572" recordId="104978" ssn="000000000" firstName="Degezelle" middleName="" lastName="Delbret" streetNumber="" streetName="PO Box 2798" apartmentNumber="" city="Luncoln" state="PA" zip="68505"/>
<person entityId="94460" recordId="162009" ssn="283746774" firstName="Knighton" middleName="" lastName="Trisha" streetNumber="429" streetName="Yard St" apartmentNumber="6q3" city="Lincoln" state="NE" zip="68505"/>
</MarkedRecordPair>
<MarkedRecordPair decision="differ" date="2007-03-22" user="rphall" src="matcher" comment="0.05882353">
<person entityId="78678" recordId="101850" ssn="387187468" firstName="Bermel" middleName="R" lastName="Picha" streetNumber="63" streetName="Belding Rd" apartmentNumber="0x8" city="Washington" state="DC" zip="20425"/>
<person entityId="63749" recordId="125347" ssn="000000000" firstName="Bermel" middleName="V" lastName="Kameyoshi" streetNumber="194" streetName="Bethke Ave" apartmentNumber="6l1" city="Washington" state="DC" zip="20029"/>
</MarkedRecordPair>
<MarkedRecordPair decision="differ" date="2007-03-22" user="rphall" src="matcher" comment="0.05882353">
<person entityId="109592" recordId="123091" ssn="523341677" firstName="Yosuke" middleName="W" lastName="Goell" streetNumber="584" streetName="Tampo Avenue" apartmentNumber="0w3" city="Washington" state="DC" zip="20016"/>
<person entityId="52205" recordId="141724" ssn="753760776" firstName="Yosuke" middleName="" lastName="Kollmann" streetNumber="142" streetName="Eustice St" apartmentNumber="7p4" city="Washington" state="DC" zip="20565"/>
</MarkedRecordPair>
<MarkedRecordPair decision="differ" date="2007-03-22" user="rphall" src="matcher" comment="0.05882353">
<person entityId="53107" recordId="109779" ssn="402122705" firstName="S" middleName="X" lastName="Zahzaratone" streetNumber="165" streetName="Lsarreau St" apartmentNumber="8m1" city="Kosrae" state="FM" zip="96944"/>
<person entityId="77519" recordId="146011" ssn="348300043" firstName="S" middleName="U" lastName="Duvergefr" streetNumber="293" streetName="Kammerscheid Road" apartmentNumber="7r8" city="Kosrad" state="FM" zip="96944"/>
</MarkedRecordPair>
<MarkedRecordPair decision="differ" date="2007-03-22" user="rphall" src="matcher" comment="0.05882353">
<person entityId="37868" recordId="107002" ssn="000000000" firstName="Gandy" middleName="F" lastName="Rauha" streetNumber="889" streetName="Giffin Ave" apartmentNumber="6g1" city="Marion" state="SC" zip="29571"/>
<person entityId="81252" recordId="128547" ssn="000000000" firstName="Caviel" middleName="" lastName="Threlfall" streetNumber="889" streetName="Miclat Rd" apartmentNumber="0u5" city="Marion" state="CT" zip="06444"/>
</MarkedRecordPair>
<MarkedRecordPair decision="match" date="2007-03-22" user="rphall" src="matcher" comment="0.05882353">
<person entityId="30686" recordId="114798" ssn="641367330" firstName="Greear" middleName="D" lastName="Mccarrell" streetNumber="212" streetName="Dupkacey Rd" apartmentNumber="7r1" city="Ruthven" state="IA" zip="51358"/>
<person entityId="30686" recordId="127134" ssn="641367330" firstName="Greear" middleName="f" lastName="Mccarrell" streetNumber="810" streetName="Snipes Avenue" apartmentNumber="5i7" city="Prairie View" state="KS" zip="67664"/>
</MarkedRecordPair>
<MarkedRecordPair decision="match" date="2007-03-22" user="rphall" src="matcher" comment="0.05882353">
<person entityId="46212" recordId="111090" ssn="243284644" firstName="Quee" middleName="a" lastName="Lorin" streetNumber="461" streetName="Alvina Avenue" apartmentNumber="2i7" city="Bryant" state="IL" zip="61519"/>
<person entityId="46212" recordId="113225" ssn="243284644" firstName="Quee" middleName="" lastName="Lorin" streetNumber="36" streetName="Coonrod Street" apartmentNumber="0c1" city="Egg Harbor" state="WI" zip="54209"/>
</MarkedRecordPair>
<MarkedRecordPair decision="match" date="2007-03-22" user="rphall" src="matcher" comment="0.05882353">
<person entityId="44409" recordId="111935" ssn="548046545" firstName="Schoots" middleName="J" lastName="Haynes" streetNumber="334" streetName="Dai" apartmentNumber="0t4" city="Eavns" state="GU" zip="80620"/>
<person entityId="44409" recordId="127675" ssn="543048545" firstName="Schroots" middleName="J" lastName="Haynes" streetNumber="414" streetName="Wolfarth St" apartmentNumber="4t7" city="Eans" state="CO" zip="80620"/>
</MarkedRecordPair>
<MarkedRecordPair decision="differ" date="2007-03-22" user="rphall" src="matcher" comment="0.05882353">
<person entityId="53835" recordId="114561" ssn="000000000" firstName="Roseanna" middleName="O" lastName="jcmenamy" streetNumber="230" streetName="Spier Road" apartmentNumber="0h4" city="Evansville" state="IN" zip="47736"/>
<person entityId="74067" recordId="146827" ssn="000000000" firstName="Blaisdell" middleName="" lastName="Altizen" streetNumber="230" streetName="Guittat Road" apartmentNumber="4n0" city="Evansville" state="AR" zip="72729"/>
</MarkedRecordPair>
<MarkedRecordPair decision="match" date="2007-03-22" user="rphall" src="matcher" comment="0.05882353">
<person entityId="35260" recordId="126195" ssn="436218357" firstName="Amrich" middleName="O" lastName="Carrasco" streetNumber="510" streetName="Coey Street" apartmentNumber="4p7" city="Teasdale" state="UT" zip="84773"/>
<person entityId="35260" recordId="126694" ssn="636216357" firstName="Carrasco" middleName="r" lastName="Amrich" streetNumber="335" streetName="psiris Rd" apartmentNumber="0f4" city="Teasdale" state="UT" zip="84773"/>
</MarkedRecordPair>
<MarkedRecordPair decision="differ" date="2007-03-22" user="rphall" src="matcher" comment="0.05882353">
<person entityId="43204" recordId="125713" ssn="665331340" firstName="Angelini" middleName="Q" lastName="Spitz" streetNumber="" streetName="PO Box 104" apartmentNumber="" city="Sunbury" state="PA" zip="17801"/>
<person entityId="57645" recordId="147821" ssn="000000000" firstName="Gibson" middleName="O" lastName="Ruiz" streetNumber="" streetName="PO Box 104" apartmentNumber="" city="Erie" state="PA" zip="16515"/>
</MarkedRecordPair>
<MarkedRecordPair decision="differ" date="2007-03-22" user="rphall" src="matcher" comment="0.05882353">
<person entityId="43204" recordId="106953" ssn="661331345" firstName="Angelini" middleName="Q" lastName="Spitz" streetNumber="" streetName="PO Box 104" apartmentNumber="" city="Sunbury" state="PA" zip="17801"/>
<person entityId="57645" recordId="124224" ssn="000000000" firstName="Gibson" middleName="O" lastName="Ruiz" streetNumber="" streetName="PO Box 104" apartmentNumber="" city="Erie" state="PA" zip="16515"/>
</MarkedRecordPair>
<MarkedRecordPair decision="differ" date="2007-03-22" user="rphall" src="matcher" comment="0.05882353">
<person entityId="98310" recordId="120205" ssn="000000000" firstName="Pavliger" middleName="T" lastName="Braneff" streetNumber="932" streetName="Goering Rd" apartmentNumber="2a1" city="Ponsford" state="MN" zip="56575"/>
<person entityId="81570" recordId="121764" ssn="000000000" firstName="Delf" middleName="L" lastName="Braneff" streetNumber="492" streetName="Windsor Pkwy" apartmentNumber="3d8" city="Saint aul" state="MN" zip="55121"/>
</MarkedRecordPair>
<MarkedRecordPair decision="differ" date="2007-03-22" user="rphall" src="matcher" comment="0.05882353">
<person entityId="17304" recordId="100682" ssn="000000000" firstName="Bonaparte" middleName="" lastName="Wickowski" streetNumber="303" streetName="Radominski St" apartmentNumber="7g2" city="Pittsburgh" state="PA" zip="15212"/>
<person entityId="88701" recordId="104385" ssn="000000000" firstName="Blackham" middleName="J" lastName="Wickowski" streetNumber="892" streetName="Kendall Rd" apartmentNumber="7j6" city="Glensahaw" state="PA" zip="15116"/>
</MarkedRecordPair>
<MarkedRecordPair decision="match" date="2007-03-22" user="rphall" src="matcher" comment="0.05882353">
<person entityId="58863" recordId="123625" ssn="000000000" firstName="Cerberus" middleName="" lastName="Arther" streetNumber="687" streetName="Moriike Rd" apartmentNumber="6a0" city="Agana" state="GU" zip="96915"/>
<person entityId="58863" recordId="151550" ssn="000000000" firstName="Arther" middleName="r" lastName="Cerberus" streetNumber="618" streetName="Pisheng St" apartmentNumber="5u8" city="gana" state="GU" zip="96915"/>
</MarkedRecordPair>
<MarkedRecordPair decision="match" date="2007-03-22" user="rphall" src="matcher" comment="0.05882353">
<person entityId="32130" recordId="107788" ssn="288233514" firstName="Maasen" middleName="P" lastName="Theriault" streetNumber="458" streetName="Naily St" apartmentNumber="8o7" city="Costsa Mesa" state="CA" zip="92626"/>
<person entityId="32130" recordId="109980" ssn="288233514" firstName="Theriault" middleName="o" lastName="Maasen" streetNumber="623" streetName="Nagai St" apartmentNumber="7o5" city="Costa Mesa" state="CA" zip="92626"/>
</MarkedRecordPair>
<MarkedRecordPair decision="match" date="2007-03-22" user="rphall" src="matcher" comment="0.05882353">
<person entityId="92454" recordId="121363" ssn="145715188" firstName="Tocrac" middleName="L" lastName="Shim" streetNumber="356" streetName="Petre Road" apartmentNumber="2g3" city="Collnis" state="VT" zip="50055"/>
<person entityId="92454" recordId="145715" ssn="045715788" firstName="Torcac" middleName="L" lastName="Shim" streetNumber="877" streetName="Chaput Avenue" apartmentNumber="3v3" city="Collins" state="IA" zip="50055"/>
</MarkedRecordPair>
<MarkedRecordPair decision="match" date="2007-03-22" user="rphall" src="matcher" comment="0.05882353">
<person entityId="37450" recordId="101025" ssn="573035158" firstName="Chikayo" middleName="U" lastName="Kartik" streetNumber="976" streetName="Mckinlay Pkwy" apartmentNumber="1g5" city="Colorado Springs" state="CO" zip="80941"/>
<person entityId="37450" recordId="130298" ssn="573035158" firstName="C" middleName="U" lastName="Chikayo" streetNumber="" streetName="PO Box 1169" apartmentNumber="" city="Agnaa" state="GU" zip="96927"/>
</MarkedRecordPair>
<MarkedRecordPair decision="match" date="2007-03-22" user="rphall" src="matcher" comment="0.05882353">
<person entityId="80805" recordId="105847" ssn="638236714" firstName="Knapper" middleName="T" lastName="Belzarini" streetNumber="" streetName="PO Box 2233" apartmentNumber="" city="Little Suamico" state="WI" zip="54141"/>
<person entityId="80805" recordId="179580" ssn="638236714" firstName="Bezlarini" middleName="T" lastName="Knapper" streetNumber="856" streetName="Neyret Street" apartmentNumber="8p5" city="Warxer Robins" state="GA" zip="31098"/>
</MarkedRecordPair>
<MarkedRecordPair decision="differ" date="2007-03-22" user="rphall" src="matcher" comment="0.05882353">
<person entityId="107492" recordId="107492" ssn="000000000" firstName="Can" middleName="L" lastName="Zauner" streetNumber="52" streetName="Tjerk Road" apartmentNumber="7h8" city="Kosrae" state="FM" zip="96944"/>
<person entityId="44357" recordId="119078" ssn="371547231" firstName="Can" middleName="" lastName="halprin" streetNumber="467" streetName="Romanowski Ave" apartmentNumber="2g1" city="Kposrae" state="FM" zip="96944"/>
</MarkedRecordPair>
<MarkedRecordPair decision="match" date="2007-03-22" user="rphall" src="matcher" comment="0.05882353">
<person entityId="26793" recordId="116275" ssn="474632880" firstName="Duryea" middleName="Y" lastName="Gough" streetNumber="501" streetName="Vonda" apartmentNumber="3o5" city="ousie" state="KS" zip="41839"/>
<person entityId="26793" recordId="117758" ssn="478632850" firstName="Duryea" middleName="Y" lastName="hough" streetNumber="753" streetName="Mcatee Avenue" apartmentNumber="4a4" city="Mousie" state="KY" zip="41839"/>
</MarkedRecordPair>
<MarkedRecordPair decision="differ" date="2007-03-22" user="rphall" src="matcher" comment="0.05882353">
<person entityId="80040" recordId="113317" ssn="470016752" firstName="Senten" middleName="" lastName="Vicari" streetNumber="532" streetName="Cati St" apartmentNumber="2z0" city="Agana" state="GU" zip="96916"/>
<person entityId="100134" recordId="142033" ssn="414117113" firstName="Fox" middleName="W" lastName="Vicari" streetNumber="911" streetName="Wollen Street" apartmentNumber="8v8" city="Agana" state="GU" zip="96923"/>
</MarkedRecordPair>
<MarkedRecordPair decision="match" date="2007-03-22" user="rphall" src="matcher" comment="0.05882353">
<person entityId="38034" recordId="106413" ssn="557215443" firstName="xonderhouse" middleName="S" lastName="Nakayasu" streetNumber="168" streetName="Meelberg Ave" apartmentNumber="8g7" city="East Greenwich" state="RI" zip="02818"/>
<person entityId="38034" recordId="112620" ssn="557215443" firstName="Sonderhouse" middleName="S" lastName="Nakaau" streetNumber="387" streetName="Lynwood Avenue" apartmentNumber="2k2" city="EastG reenwich" state="NV" zip="02818"/>
</MarkedRecordPair>
<MarkedRecordPair decision="match" date="2007-03-22" user="rphall" src="matcher" comment="0.05882353">
<person entityId="13345" recordId="101576" ssn="000000000" firstName="albraith" middleName="C" lastName="Atbate" streetNumber="748" streetName="Hasert Ave" apartmentNumber="4m5" city="Thibodauzx" state="VI" zip="70310"/>
<person entityId="13345" recordId="108594" ssn="000000000" firstName="Galbraith" middleName="C" lastName="Abare" streetNumber="860" streetName="Dagas Street" apartmentNumber="2m7" city="Thibodaux" state="LA" zip="70310"/>
</MarkedRecordPair>
<MarkedRecordPair decision="match" date="2007-03-22" user="rphall" src="matcher" comment="0.05882353">
<person entityId="49071" recordId="106975" ssn="712036432" firstName="Aitken" middleName="I" lastName="luper" streetNumber="241" streetName="uIannetta Ln" apartmentNumber="8v6" city="Quimby" state="ME" zip="04770"/>
<person entityId="49071" recordId="111253" ssn="012036535" firstName="Aitken" middleName="I" lastName="Duyts" streetNumber="020" streetName="Sarkaria Ave" apartmentNumber="7x0" city="uimby" state="NM" zip="04770"/>
</MarkedRecordPair>
<MarkedRecordPair decision="match" date="2007-03-22" user="rphall" src="matcher" comment="0.05882353">
<person entityId="45936" recordId="100881" ssn="784723875" firstName="Signorile" middleName="Y" lastName="Code" streetNumber="787" streetName="Dwe Ave" apartmentNumber="6e2" city="Window Rock" state="AZ" zip="86515"/>
<person entityId="45936" recordId="123004" ssn="744722875" firstName="Code" middleName="k" lastName="Signorile" streetNumber="590" streetName="Papazian Road" apartmentNumber="0r3" city="Window Rock" state="AZ" zip="86515"/>
</MarkedRecordPair>
<MarkedRecordPair decision="match" date="2007-03-22" user="rphall" src="matcher" comment="0.05882353">
<person entityId="35885" recordId="100193" ssn="726173083" firstName="Arnhem" middleName="W" lastName="Brassil" streetNumber="" streetName="PO Boz 1931" apartmentNumber="" city="Columboa" state="MT" zip="29260"/>
<person entityId="35885" recordId="111627" ssn="756173083" firstName="A" middleName="W" lastName="rBassil" streetNumber="" streetName="PO Box 1931" apartmentNumber="" city="Columbia" state="SC" zip="29260"/>
</MarkedRecordPair>
<MarkedRecordPair decision="differ" date="2007-03-22" user="rphall" src="matcher" comment="0.05882353">
<person entityId="38808" recordId="105943" ssn="000000000" firstName="Bosque" middleName="" lastName="Sattsa" streetNumber="926" streetName="Rivaherrera Road" apartmentNumber="6e2" city="Ohsoto" state="IA" zip="82724"/>
<person entityId="87624" recordId="116904" ssn="000000000" firstName="Albini" middleName="" lastName="Mantia" streetNumber="3" streetName="Matouschek Rd" apartmentNumber="3n1" city="Oshoto" state="WY" zip="82724"/>
</MarkedRecordPair>
<MarkedRecordPair decision="differ" date="2007-03-22" user="rphall" src="matcher" comment="0.05882353">
<person entityId="44240" recordId="103460" ssn="000000000" firstName="Kemp" middleName="B" lastName="Norsiah" streetNumber="637" streetName="Sonoda Avenue" apartmentNumber="6q0" city="Post" state="TX" zip="79356"/>
<person entityId="107734" recordId="126573" ssn="000000000" firstName="Jasnoch" middleName="B" lastName="Jali" streetNumber="702" streetName="Sonoda Avenue" apartmentNumber="4d5" city="Mexico" state="MO" zip="65265"/>
</MarkedRecordPair>
<MarkedRecordPair decision="differ" date="2007-03-22" user="rphall" src="matcher" comment="0.05882353">
<person entityId="101642" recordId="101642" ssn="000000000" firstName="Hubregs" middleName="" lastName="Gorenberg" streetNumber="597" streetName="Shiun St" apartmentNumber="5j0" city="Hanford" state="CA" zip="93232"/>
<person entityId="74103" recordId="116591" ssn="337378033" firstName="Sizemode" middleName="X" lastName="Dunnan" streetNumber="624" streetName="Luu Rd" apartmentNumber="5j0" city="Hanford" state="CA" zip="93231"/>
</MarkedRecordPair>
<MarkedRecordPair decision="differ" date="2007-03-22" user="rphall" src="matcher" comment="0.05882353">
<person entityId="79440" recordId="114957" ssn="000000000" firstName="Jloby" middleName="" lastName="Laurena" streetNumber="167" streetName="Pseudonym Road" apartmentNumber="0j7" city="Sslt Lake City" state="TN" zip="84616"/>
<person entityId="108976" recordId="158160" ssn="000000000" firstName="Vigna" middleName="" lastName="Bostelmann" streetNumber="389" streetName="Bringhurst Road" apartmentNumber="1y6" city="Cobalt" state="TN" zip="83229"/>
</MarkedRecordPair>
<MarkedRecordPair decision="differ" date="2007-03-22" user="rphall" src="matcher" comment="0.05882353">
<person entityId="86730" recordId="122201" ssn="000000000" firstName="Kuen" middleName="B" lastName="Torpel" streetNumber="822" streetName="Lefrou Ln" apartmentNumber="1c4" city="estport" state="PA" zip="17278"/>
<person entityId="107780" recordId="148759" ssn="000000000" firstName="Kuen" middleName="G" lastName="Carolin" streetNumber="606" streetName="Junelle St" apartmentNumber="3c0" city="Leola" state="PA" zip="17540"/>
</MarkedRecordPair>
<MarkedRecordPair decision="differ" date="2007-03-22" user="rphall" src="matcher" comment="0.05882353">
<person entityId="103902" recordId="103902" ssn="308538855" firstName="Gedeon" middleName="T" lastName="Hancott" streetNumber="421" streetName="Carian" apartmentNumber="4u1" city="Agana" state="GU" zip="96925"/>
<person entityId="26541" recordId="122775" ssn="415815147" firstName="Sicotte" middleName="" lastName="Mcadams" streetNumber="43" streetName="Sharma Avenue" apartmentNumber="4u1" city="gana" state="GU" zip="96925"/>
</MarkedRecordPair>
<MarkedRecordPair decision="differ" date="2007-03-22" user="rphall" src="matcher" comment="0.015384615">
<person entityId="76775" recordId="169266" ssn="730327023" firstName="Rosalia" middleName="Z" lastName="Danilowicz" streetNumber="432" streetName="Godsoe Avenue" apartmentNumber="7d0" city="Bozrah" state="CT" zip="06334"/>
<person entityId="91299" recordId="180002" ssn="000000000" firstName="Wayman" middleName="B" lastName="Sassone" streetNumber="36" streetName="Grisell Ave" apartmentNumber="7d0" city="Bozrrah" state="GA" zip="06334"/>
</MarkedRecordPair>
<MarkedRecordPair decision="differ" date="2007-03-22" user="rphall" src="matcher" comment="0.015384615">
<person entityId="103550" recordId="103550" ssn="000000000" firstName="Incze" middleName="K" lastName="Barner" streetNumber="32" streetName="Omerso" apartmentNumber="6z2" city="sAgana" state="NH" zip="96912"/>
<person entityId="61345" recordId="110966" ssn="264747274" firstName="Limay" middleName="J" lastName="Wauth" streetNumber="48" streetName="Bouraghda St" apartmentNumber="6z2" city="Agana" state="GU" zip="96912"/>
</MarkedRecordPair>
<MarkedRecordPair decision="differ" date="2007-03-22" user="rphall" src="matcher" comment="0.015384615">
<person entityId="79119" recordId="150161" ssn="000000000" firstName="Savaryego" middleName="G" lastName="Rumbaugh" streetNumber="519" streetName="Vaage Ave" apartmentNumber="2g7" city="Nsorman" state="OK" zip="73019"/>
<person entityId="92391" recordId="173671" ssn="400042506" firstName="Johnston" middleName="S" lastName="Rumbaugh" streetNumber="800" streetName="Dagama St" apartmentNumber="2g7" city="Cisco" state="UT" zip="84515"/>
</MarkedRecordPair>
<MarkedRecordPair decision="differ" date="2007-03-22" user="rphall" src="matcher" comment="0.015384615">
<person entityId="79119" recordId="127915" ssn="000000000" firstName="Savaryego" middleName="G" lastName="Rumbaugh" streetNumber="519" streetName="Vaage Ave" apartmentNumber="2g7" city="Norman" state="OK" zip="73019"/>
<person entityId="92391" recordId="177569" ssn="400042506" firstName="Johnston" middleName="S" lastName="Rumbaugh" streetNumber="800" streetName="Dagama St" apartmentNumber="2g7" city="Cisco" state="UT" zip="84515"/>
</MarkedRecordPair>
<MarkedRecordPair decision="match" date="2007-03-22" user="rphall" src="matcher" comment="0.015384615">
<person entityId="69459" recordId="145274" ssn="115143140" firstName="Sost" middleName="p" lastName="Enge" streetNumber="20" streetName="Mouon St" apartmentNumber="0f3" city="Greebnush" state="MA" zip="02080"/>
<person entityId="69459" recordId="167065" ssn="115143140" firstName="Somst" middleName="P" lastName="Egne" streetNumber="633" streetName="Atul Avenue" apartmentNumber="7d4" city="Greenbush" state="MA" zip="02040"/>
</MarkedRecordPair>
<MarkedRecordPair decision="differ" date="2007-03-22" user="rphall" src="matcher" comment="0.015384615">
<person entityId="45300" recordId="120283" ssn="438332380" firstName="Norean" middleName="P" lastName="Hausmann" streetNumber="503" streetName="uousef Ave" apartmentNumber="0u8" city="rulsa" state="FL" zip="74121"/>
<person entityId="86385" recordId="164643" ssn="728485810" firstName="Cris" middleName="H" lastName="Nagaoka" streetNumber="" streetName="PO Box 3011" apartmentNumber="" city="oIndianola" state="FL" zip="69074"/>
</MarkedRecordPair>
<MarkedRecordPair decision="differ" date="2007-03-22" user="rphall" src="matcher" comment="0.015384615">
<person entityId="16514" recordId="102001" ssn="000000000" firstName="Fpinch" middleName="G" lastName="Gerringer" streetNumber="382" streetName="Hahrahan Ln" apartmentNumber="4w3" city="Plqantersville" state="TN" zip="38862"/>
<person entityId="65804" recordId="160454" ssn="478020538" firstName="Thege" middleName="R" lastName="Naola" streetNumber="" streetName="PO Box 4364i" apartmentNumber="" city="Wihmington" state="TN" zip="19892"/>
</MarkedRecordPair>
<MarkedRecordPair decision="differ" date="2007-03-22" user="rphall" src="matcher" comment="0.015384615">
<person entityId="87822" recordId="124260" ssn="000000000" firstName="Hautala" middleName="D" lastName="Catuli" streetNumber="155" streetName="Rizk Street" apartmentNumber="6d2" city="lOcean City" state="FL" zip="08226"/>
<person entityId="78927" recordId="138299" ssn="000000000" firstName="Hesselgren" middleName="" lastName="Cjhao" streetNumber="205" streetName="Ginzburg Street" apartmentNumber="6y6" city="Rolesille" state="FL" zip="27571"/>
</MarkedRecordPair>
<MarkedRecordPair decision="differ" date="2007-03-22" user="rphall" src="matcher" comment="0.015384615">
<person entityId="107978" recordId="107978" ssn="000000000" firstName="Ruch" middleName="U" lastName="Gio" streetNumber="864" streetName="Yhutin Rd" apartmentNumber="3k3" city="Baton Rofuge" state="NV" zip="70896"/>
<person entityId="72099" recordId="157068" ssn="000000000" firstName="Guillemet" middleName="L" lastName="Bosiljevac" streetNumber="287" streetName="Karon Rd" apartmentNumber="1q3" city="Boidse" state="NV" zip="83729"/>
</MarkedRecordPair>
<MarkedRecordPair decision="match" date="2007-03-22" user="rphall" src="matcher" comment="0.015384615">
<person entityId="18026" recordId="101669" ssn="155436143" firstName="Hamlette" middleName="" lastName="Goldspiel" streetNumber="515" streetName="Mikaim Street" apartmentNumber="1i1" city="Trujillo Alto" state="PR" zip="00760"/>
<person entityId="18026" recordId="115568" ssn="155436143" firstName="Hmalette" middleName="p" lastName="Goldspiel" streetNumber="357" streetName="Trueblood St" apartmentNumber="8j5" city="Kealia" state="HI" zip="96751"/>
</MarkedRecordPair>
<MarkedRecordPair decision="match" date="2007-03-22" user="rphall" src="matcher" comment="0.015384615">
<person entityId="15093" recordId="104666" ssn="703441526" firstName="B" middleName="l" lastName="Leutwyler" streetNumber="214" streetName="Cogburn Avenue" apartmentNumber="0f1" city="Marquette" state="NE" zip="68854"/>
<person entityId="15093" recordId="108628" ssn="703441526" firstName="Benzinger" middleName="R" lastName="Leutwyler" streetNumber="88" streetName="Panias St" apartmentNumber="6u8" city="Owatonna" state="MN" zip="55060"/>
</MarkedRecordPair>
<MarkedRecordPair decision="differ" date="2007-03-22" user="rphall" src="matcher" comment="0.015384615">
<person entityId="49491" recordId="116505" ssn="684513617" firstName="Bengt" middleName="C" lastName="Madich" streetNumber="126" streetName="Faisa Rd" apartmentNumber="4i4" city="Washington" state="IN" zip="20542"/>
<person entityId="95518" recordId="123710" ssn="482804343" firstName="Gentillon" middleName="M" lastName="Madich" streetNumber="967" streetName="Heyvaert Street" apartmentNumber="6y7" city="Washington" state="DC" zip="20380"/>
</MarkedRecordPair>
<MarkedRecordPair decision="match" date="2007-03-22" user="rphall" src="matcher" comment="0.015384615">
<person entityId="61891" recordId="118368" ssn="673615304" firstName="Kelvcy" middleName="Y" lastName="noland" streetNumber="592" streetName="anin Ave" apartmentNumber="4u0" city="Mayville" state="ND" zip="58257"/>
<person entityId="61891" recordId="122018" ssn="673315303" firstName="Kelvuy" middleName="Y" lastName="Hailey" streetNumber="882" streetName="Beaupere Rd" apartmentNumber="7c0" city="Mayvile" state="HI" zip="58257"/>
</MarkedRecordPair>
<MarkedRecordPair decision="differ" date="2007-03-22" user="rphall" src="matcher" comment="0.015384615">
<person entityId="99284" recordId="108400" ssn="588872657" firstName="Pcboards" middleName="L" lastName="Paxson" streetNumber="199" streetName="Bah Rd" apartmentNumber="5o6" city="Windsor" state="CO" zip="80551"/>
<person entityId="99576" recordId="190488" ssn="000000000" firstName="Wakisaka" middleName="E" lastName="Paxson" streetNumber="112" streetName="Rudelle Avenue" apartmentNumber="3t4" city="Windsor" state="CT" zip="06095"/>
</MarkedRecordPair>
<MarkedRecordPair decision="match" date="2007-03-22" user="rphall" src="matcher" comment="0.015384615">
<person entityId="14950" recordId="104853" ssn="685338237" firstName="Tiralo" middleName="V" lastName="Ostrander" streetNumber="488" streetName="Imming Avenue" apartmentNumber="1x0" city="pirmingham" state="KY" zip="35295"/>
<person entityId="14950" recordId="113098" ssn="685378267" firstName="Tirao" middleName="V" lastName="osorn" streetNumber="112" streetName="Bucklzand Pkwy" apartmentNumber="6t2" city="Birminghsm" state="AL" zip="35295"/>
</MarkedRecordPair>
<MarkedRecordPair decision="match" date="2007-03-22" user="rphall" src="matcher" comment="0.015384615">
<person entityId="46344" recordId="133268" ssn="266146460" firstName="Gottschakk" middleName="o" lastName="Leomiza" streetNumber="789" streetName="Yoshitake Road" apartmentNumber="0c4" city="Arbyrd" state="MO" zip="63821"/>
<person entityId="46344" recordId="137418" ssn="266146460" firstName="Leomiza" middleName="" lastName="Gottschalk" streetNumber="930" streetName="Speminario" apartmentNumber="0o8" city="Pittsburg" state="MO" zip="65724"/>
</MarkedRecordPair>
<MarkedRecordPair decision="match" date="2007-03-22" user="rphall" src="matcher" comment="0.9846154">
<person entityId="26283" recordId="101273" ssn="000000000" firstName="Wellman" middleName="E" lastName="Ebeling" streetNumber="" streetName="PO Box 4016" apartmentNumber="" city="Underwood" state="VA" zip="56586"/>
<person entityId="26283" recordId="118651" ssn="000000000" firstName="Wellman" middleName="E" lastName="Ebeling" streetNumber="" streetName="PO Box 4016" apartmentNumber="" city="Underwood" state="MN" zip="56586"/>
</MarkedRecordPair>
<MarkedRecordPair decision="match" date="2007-03-22" user="rphall" src="matcher" comment="0.9846154">
<person entityId="88563" recordId="111031" ssn="000000000" firstName="Kresek" middleName="R" lastName="Harwell" streetNumber="" streetName="PO Box 109" apartmentNumber="" city="Ravenel" state="DE" zip="29470"/>
<person entityId="88563" recordId="178376" ssn="000000000" firstName="Kresek" middleName="R" lastName="Harwell" streetNumber="" streetName="PO Box 109" apartmentNumber="" city="Ravenel" state="SC" zip="29470"/>
</MarkedRecordPair>
<MarkedRecordPair decision="match" date="2007-03-22" user="rphall" src="matcher" comment="0.9846154">
<person entityId="15770" recordId="107149" ssn="382251538" firstName="Neomi" middleName="J" lastName="Kelemen" streetNumber="903" streetName="Earnie Road" apartmentNumber="7o8" city="Gays Mills" state="WI" zip="54631"/>
<person entityId="15770" recordId="114546" ssn="382211838" firstName="Neomi" middleName="J" lastName="Kelemen" streetNumber="903" streetName="Earnie Road" apartmentNumber="7o8" city="Gays Mills" state="WI" zip="54635"/>
</MarkedRecordPair>
<MarkedRecordPair decision="match" date="2007-03-22" user="rphall" src="matcher" comment="0.9846154">
<person entityId="88977" recordId="113235" ssn="561278114" firstName="Hedger" middleName="Q" lastName="Sarmiento" streetNumber="1" streetName="Feman Ave" apartmentNumber="5n5" city="Danforth" state="ME" zip="04484"/>
<person entityId="88977" recordId="177202" ssn="561288114" firstName="Hedger" middleName="Q" lastName="Sarmiento" streetNumber="1" streetName="Feman Ave" apartmentNumber="5n5" city="Danforth" state="ME" zip="04424"/>
</MarkedRecordPair>
<MarkedRecordPair decision="match" date="2007-03-22" user="rphall" src="matcher" comment="0.9846154">
<person entityId="76251" recordId="140598" ssn="000000000" firstName="Boddy" middleName="v" lastName="Nishimura" streetNumber="553" streetName="Jundanian Ave" apartmentNumber="0k8" city="Seelyville" state="HI" zip="47878"/>
<person entityId="76251" recordId="147566" ssn="000000000" firstName="Boddy" middleName="Y" lastName="Nishimura" streetNumber="553" streetName="Jundanian Ave" apartmentNumber="0k8" city="Seelyville" state="IN" zip="47878"/>
</MarkedRecordPair>
<MarkedRecordPair decision="match" date="2007-03-22" user="rphall" src="matcher" comment="0.9846154">
<person entityId="19971" recordId="105136" ssn="000000000" firstName="Benita" middleName="A" lastName="Duh" streetNumber="185" streetName="Holmans Pkwy" apartmentNumber="4k3" city="Lynch" state="MA" zip="21646"/>
<person entityId="19971" recordId="116117" ssn="000000000" firstName="Benita" middleName="l" lastName="Duh" streetNumber="185" streetName="Holmans Pkwy" apartmentNumber="4k3" city="Lynch" state="MD" zip="21646"/>
</MarkedRecordPair>
<MarkedRecordPair decision="match" date="2007-03-22" user="rphall" src="matcher" comment="0.9846154">
<person entityId="48521" recordId="128897" ssn="348322653" firstName="Fellinger" middleName="F" lastName="Cabaret" streetNumber="420" streetName="Reijerkerk Rd" apartmentNumber="6k7" city="Summerdale" state="AL" zip="36580"/>
<person entityId="48521" recordId="132985" ssn="348322653" firstName="Fellinger" middleName="F" lastName="Cabaret" streetNumber="420" streetName="Opinia" apartmentNumber="5w6" city="Summerdale" state="AL" zip="36580"/>
</MarkedRecordPair>
<MarkedRecordPair decision="match" date="2007-03-22" user="rphall" src="matcher" comment="0.9846154">
<person entityId="56105" recordId="115528" ssn="000000000" firstName="Ishii" middleName="V" lastName="Kazuaki" streetNumber="233" streetName="dhet Ave" apartmentNumber="6q1" city="Providence" state="RI" zip="02903"/>
<person entityId="56105" recordId="146930" ssn="000000000" firstName="Ishii" middleName="V" lastName="Kazuaki" streetNumber="233" streetName="Naegeli Rd" apartmentNumber="0d1" city="Providence" state="RI" zip="02903"/>
</MarkedRecordPair>
<MarkedRecordPair decision="match" date="2007-03-22" user="rphall" src="matcher" comment="0.9846154">
<person entityId="66659" recordId="100387" ssn="000000000" firstName="Armenta" middleName="Y" lastName="Mathewson" streetNumber="970" streetName="Georis Street" apartmentNumber="5n5" city="Tallulah" state="KS" zip="71284"/>
<person entityId="66659" recordId="125052" ssn="000000000" firstName="Armenta" middleName="Y" lastName="Mathewsuon" streetNumber="970" streetName="Georis Street" apartmentNumber="5n5" city="Tallulah" state="LA" zip="71284"/>
</MarkedRecordPair>
<MarkedRecordPair decision="match" date="2007-03-22" user="rphall" src="matcher" comment="0.9846154">
<person entityId="16975" recordId="111252" ssn="166010078" firstName="Jalilah" middleName="K" lastName="Zilkl" streetNumber="477" streetName="Ratliff Street" apartmentNumber="1z5" city="Carrsville" state="VA" zip="23481"/>
<person entityId="16975" recordId="112243" ssn="166010078" firstName="Jalilah" middleName="K" lastName="Zll" streetNumber="477" streetName="Ratliff Street" apartmentNumber="1z5" city="Carrsville" state="PA" zip="23481"/>
</MarkedRecordPair>
<MarkedRecordPair decision="match" date="2007-03-22" user="rphall" src="matcher" comment="0.9846154">
<person entityId="56301" recordId="136646" ssn="688224646" firstName="Tagoe" middleName="" lastName="Franky" streetNumber="" streetName="PO Box 1893" apartmentNumber="" city="Portland" state="OR" zip="97230"/>
<person entityId="56301" recordId="150881" ssn="688224646" firstName="Tagoe" middleName="" lastName="Franky" streetNumber="" streetName="PO Box 1893" apartmentNumber="" city="Portland" state="OR" zip="97830"/>
</MarkedRecordPair>
<MarkedRecordPair decision="match" date="2007-03-22" user="rphall" src="matcher" comment="0.9846154">
<person entityId="19138" recordId="101499" ssn="516575386" firstName="Croom" middleName="E" lastName="Soong" streetNumber="" streetName="PO Box 2494" apartmentNumber="" city="Toccopola" state="MS" zip="38874"/>
<person entityId="19138" recordId="112231" ssn="516575386" firstName="Croom" middleName="E" lastName="Soong" streetNumber="" streetName="PO Box 2494" apartmentNumber="" city="Toccopola" state="MS" zip="38876"/>
</MarkedRecordPair>
<MarkedRecordPair decision="match" date="2007-03-22" user="rphall" src="matcher" comment="0.9411765">
<person entityId="44123" recordId="137849" ssn="438776140" firstName="Kolodiejchuk" middleName="" lastName="Woessner" streetNumber="566" streetName="Ziff Ave" apartmentNumber="1y3" city="Osdsipee" state="OK" zip="03864"/>
<person entityId="44123" recordId="139481" ssn="638370145" firstName="Kolodiejchuk" middleName="" lastName="Woessner" streetNumber="566" streetName="Ziff Ave" apartmentNumber="1y3" city="Ossipee" state="NH" zip="03864"/>
</MarkedRecordPair>
<MarkedRecordPair decision="match" date="2007-03-22" user="rphall" src="matcher" comment="0.9411765">
<person entityId="88803" recordId="179634" ssn="000000000" firstName="Kulin" middleName="X" lastName="Ranger" streetNumber="822" streetName="Soehring Rd" apartmentNumber="1l7" city="Leander" state="TX" zip="78645"/>
<person entityId="88803" recordId="185339" ssn="000000000" firstName="Kulin" middleName="X" lastName="Ranger" streetNumber="739" streetName="Middlesworth Rd" apartmentNumber="0u1" city="Leander" state="TX" zip="78645"/>
</MarkedRecordPair>
<MarkedRecordPair decision="match" date="2007-03-22" user="rphall" src="matcher" comment="0.9411765">
<person entityId="10482" recordId="105436" ssn="504286126" firstName="Moreates" middleName="" lastName="Naoyuki" streetNumber="886" streetName="Alkemeyer Rd" apartmentNumber="8s1" city="Hot Springs National Park" state="AR" zip="71913"/>
<person entityId="10482" recordId="108222" ssn="504286126" firstName="Moraetes" middleName="" lastName="Naoyuki" streetNumber="876" streetName="Alkemeyer Rd" apartmentNumber="8s1" city="Hot Springs National Park" state="IN" zip="71913"/>
</MarkedRecordPair>
<MarkedRecordPair decision="match" date="2007-03-22" user="rphall" src="matcher" comment="0.9411765">
<person entityId="39643" recordId="111161" ssn="676625333" firstName="Osterkamp" middleName="S" lastName="Odecki" streetNumber="957" streetName="Briant Pkwy" apartmentNumber="0j7" city="Midland" state="MI" zip="48674"/>
<person entityId="39643" recordId="125785" ssn="676625333" firstName="Osterkamp" middleName="S" lastName="Odeki" streetNumber="757" streetName="Briant Pkwy" apartmentNumber="0j7" city="Midland" state="MI" zip="58674"/>
</MarkedRecordPair>
<MarkedRecordPair decision="match" date="2007-03-22" user="rphall" src="matcher" comment="0.9411765">
<person entityId="82347" recordId="155504" ssn="661777627" firstName="Tamiya" middleName="o" lastName="Kresse" streetNumber="885" streetName="Ghartey" apartmentNumber="7k2" city="Frederiksted" state="VI" zip="00840"/>
<person entityId="82347" recordId="169324" ssn="661777627" firstName="Tamiya" middleName="J" lastName="Kresse" streetNumber="886" streetName="Ghartey" apartmentNumber="7k2" city="Frederiksted" state="MI" zip="00840"/>
</MarkedRecordPair>
<MarkedRecordPair decision="match" date="2007-03-22" user="rphall" src="matcher" comment="0.9411765">
<person entityId="53019" recordId="112285" ssn="686360065" firstName="Lonald" middleName="P" lastName="Borgsteadt" streetNumber="330" streetName="aBrbra Rd" apartmentNumber="7g7" city="Belcourt" state="ND" zip="58316"/>
<person entityId="53019" recordId="138228" ssn="686360065" firstName="L" middleName="f" lastName="Borgsteadt" streetNumber="330" streetName="Barbra Road" apartmentNumber="7g7" city="Belcourt" state="ND" zip="58316"/>
</MarkedRecordPair>
<MarkedRecordPair decision="match" date="2007-03-22" user="rphall" src="matcher" comment="0.9411765">
<person entityId="72803" recordId="110217" ssn="287210330" firstName="Chaparro" middleName="W" lastName="Courtlandt" streetNumber="" streetName="PO Box 42v" apartmentNumber="" city="Cochrane" state="WI" zip="54622"/>
<person entityId="72803" recordId="111586" ssn="287210330" firstName="Chaparro" middleName="a" lastName="Courtlandt" streetNumber="" streetName="PO Box 42" apartmentNumber="" city="Cochrane" state="WI" zip="54622"/>
</MarkedRecordPair>
<MarkedRecordPair decision="match" date="2007-03-22" user="rphall" src="matcher" comment="0.9411765">
<person entityId="28606" recordId="101021" ssn="173363537" firstName="Zuabidah" middleName="N" lastName="Fssup" streetNumber="788" streetName="Hershfiled Ln" apartmentNumber="5q6" city="Fall River" state="MA" zip="02722"/>
<person entityId="28606" recordId="128221" ssn="173363537" firstName="Zubaidah" middleName="N" lastName="Fssup" streetNumber="788" streetName="Hershfield Ln" apartmentNumber="5q6" city="Fall River" state="MA" zip="02723"/>
</MarkedRecordPair>
<MarkedRecordPair decision="match" date="2007-03-22" user="rphall" src="matcher" comment="0.9411765">
<person entityId="79854" recordId="120819" ssn="530756007" firstName="Boparder" middleName="j" lastName="nagayama" streetNumber="880" streetName="Jedidiah Ave" apartmentNumber="4z5" city="Hawk Springs" state="WY" zip="82217"/>
<person entityId="79854" recordId="123365" ssn="530756007" firstName="Boarder" middleName="M" lastName="Godden" streetNumber="880" streetName="Jedidiah Ave" apartmentNumber="4z5" city="Hawk Springs" state="WY" zip="82217"/>
</MarkedRecordPair>
<MarkedRecordPair decision="match" date="2007-03-22" user="rphall" src="matcher" comment="0.9411765">
<person entityId="59305" recordId="105579" ssn="522030421" firstName="Izatt" middleName="F" lastName="Lawrence" streetNumber="" streetName="PO Box 2144" apartmentNumber="" city="Long Point" state="IL" zip="61333"/>
<person entityId="59305" recordId="142148" ssn="522030421" firstName="Izatt" middleName="F" lastName="Lawrencze" streetNumber="" streetName="PO Box 2144" apartmentNumber="" city="Long Point" state="CO" zip="61333"/>
</MarkedRecordPair>
<MarkedRecordPair decision="match" date="2007-03-22" user="rphall" src="matcher" comment="0.9411765">
<person entityId="32667" recordId="124125" ssn="165483077" firstName="Greenleaves" middleName="" lastName="Magrin" streetNumber="962" streetName="Boguth St" apartmentNumber="3z4" city="Lake Preston" state="OK" zip="57240"/>
<person entityId="32667" recordId="127524" ssn="165483077" firstName="Greenleaves" middleName="" lastName="Magrin" streetNumber="960" streetName="Boguth St" apartmentNumber="3z4" city="Lake Preston" state="SD" zip="57249"/>
</MarkedRecordPair>
<MarkedRecordPair decision="match" date="2007-03-22" user="rphall" src="matcher" comment="0.9411765">
<person entityId="86859" recordId="112078" ssn="572861514" firstName="Andrighetti" middleName="g" lastName="Volt" streetNumber="414" streetName="Marfiah Ln" apartmentNumber="6c7" city="Antelope" state="MT" zip="59211"/>
<person entityId="86859" recordId="175700" ssn="102861514" firstName="Andrighetti" middleName="D" lastName="Voltb" streetNumber="414" streetName="Marfiah Ln" apartmentNumber="6c7" city="Antelope" state="MT" zip="59211"/>
</MarkedRecordPair>
<MarkedRecordPair decision="match" date="2007-03-22" user="rphall" src="matcher" comment="0.9411765">
<person entityId="43876" recordId="100475" ssn="157423660" firstName="Elsebeth" middleName="B" lastName="Krishnamm" streetNumber="430" streetName="Wentzcovitch Avenue" apartmentNumber="4r2" city="Osage" state="OK" zip="74054"/>
<person entityId="43876" recordId="135399" ssn="157423660" firstName="Elsebeth" middleName="B" lastName="Krishnamm" streetNumber="330" streetName="Wentzdcovitch Avenue" apartmentNumber="4r2" city="Osage" state="OK" zip="73054"/>
</MarkedRecordPair>
<MarkedRecordPair decision="match" date="2007-03-22" user="rphall" src="matcher" comment="0.9411765">
<person entityId="49291" recordId="109937" ssn="166156102" firstName="Nate" middleName="H" lastName="Donough" streetNumber="" streetName="PO Box 3101" apartmentNumber="" city="Great Falls" state="MT" zip="59403"/>
<person entityId="49291" recordId="113110" ssn="166156102" firstName="Nate" middleName="v" lastName="Domough" streetNumber="" streetName="PO Box 3101" apartmentNumber="" city="Great Falls" state="MT" zip="59403"/>
</MarkedRecordPair>
<MarkedRecordPair decision="match" date="2007-03-22" user="rphall" src="matcher" comment="0.9411765">
<person entityId="59353" recordId="134932" ssn="626740483" firstName="Bickford" middleName="A" lastName="Wirfel" streetNumber="51" streetName="Diarmid" apartmentNumber="7v6" city="Casper" state="PA" zip="81630"/>
<person entityId="59353" recordId="142696" ssn="628740403" firstName="Bickford" middleName="A" lastName="Wirfel" streetNumber="51" streetName="Diarmid" apartmentNumber="7v6" city="Casper" state="WY" zip="82630"/>
</MarkedRecordPair>
<MarkedRecordPair decision="match" date="2007-03-22" user="rphall" src="matcher" comment="0.9411765">
<person entityId="26625" recordId="100150" ssn="310203181" firstName="Branscombe" middleName="d" lastName="Wenchih" streetNumber="703" streetName="Candida Ave" apartmentNumber="1l8" city="Zion Grove" state="PA" zip="17985"/>
<person entityId="26625" recordId="108113" ssn="310203181" firstName="Branscojbe" middleName="" lastName="Wenchih" streetNumber="709" streetName="Candida Ave" apartmentNumber="1l8" city="Zion Grove" state="PA" zip="17985"/>
</MarkedRecordPair>
<MarkedRecordPair decision="match" date="2007-03-22" user="rphall" src="matcher" comment="0.9411765">
<person entityId="42238" recordId="117444" ssn="000000000" firstName="Cadzow" middleName="F" lastName="Misse" streetNumber="148" streetName="Qa Ave" apartmentNumber="7h2" city="Hayward" state="CA" zip="94557"/>
<person entityId="42238" recordId="129972" ssn="000000000" firstName="Caedzow" middleName="x" lastName="Misse" streetNumber="148" streetName="Qa Ave" apartmentNumber="7h2" city="Hayward" state="CA" zip="94657"/>
</MarkedRecordPair>
<MarkedRecordPair decision="match" date="2007-03-22" user="rphall" src="matcher" comment="0.9411765">
<person entityId="86178" recordId="129474" ssn="245075604" firstName="Maund" middleName="V" lastName="Mattia" streetNumber="11" streetName="Zahnley Street" apartmentNumber="5v1" city="Hyattville" state="WY" zip="82448"/>
<person entityId="86178" recordId="159012" ssn="245056604" firstName="nMaund" middleName="V" lastName="Mattia" streetNumber="11" streetName="Zahnley Street" apartmentNumber="5v1" city="Hyattville" state="WY" zip="82428"/>
</MarkedRecordPair>
<MarkedRecordPair decision="match" date="2007-03-22" user="rphall" src="matcher" comment="0.9411765">
<person entityId="45564" recordId="110206" ssn="348712014" firstName="Thulan" middleName="L" lastName="Suzi" streetNumber="751" streetName="Puett Rd" apartmentNumber="6g8" city="Clearmont" state="SC" zip="82835"/>
<person entityId="45564" recordId="114217" ssn="348712014" firstName="Suzi" middleName="L" lastName="Thulahn" streetNumber="751" streetName="Puett Rd" apartmentNumber="6g8" city="Clearmont" state="WY" zip="82835"/>
</MarkedRecordPair>
<MarkedRecordPair decision="match" date="2007-03-22" user="rphall" src="matcher" comment="0.9411765">
<person entityId="67714" recordId="101552" ssn="272015766" firstName="Matsushita" middleName="I" lastName="Grete" streetNumber="485" streetName="Cauthers Road" apartmentNumber="0i1" city="Christiansted" state="VI" zip="00823"/>
<person entityId="67714" recordId="155539" ssn="272015766" firstName="Matsushita" middleName="o" lastName="Grete" streetNumber="485" streetName="Cauthers Road" apartmentNumber="0i1" city="Christiasnted" state="VI" zip="00723"/>
</MarkedRecordPair>
<MarkedRecordPair decision="match" date="2007-03-22" user="rphall" src="matcher" comment="0.9411765">
<person entityId="78019" recordId="103067" ssn="000000000" firstName="Kunstek" middleName="Y" lastName="Geereking" streetNumber="829" streetName="Muniandj Parkway" apartmentNumber="5i6" city="Wakefield" state="RI" zip="02879"/>
<person entityId="78019" recordId="122691" ssn="000000000" firstName="Kunstek" middleName="Y" lastName="Geereking" streetNumber="829" streetName="Cluff Street" apartmentNumber="5t8" city="eWakefield" state="RI" zip="02879"/>
</MarkedRecordPair>
<MarkedRecordPair decision="match" date="2007-03-22" user="rphall" src="matcher" comment="0.9411765">
<person entityId="28316" recordId="114381" ssn="167130120" firstName="Sattar" middleName="P" lastName="Dokulil" streetNumber="928" streetName="Doriabnne" apartmentNumber="2y4" city="Bridgeport" state="ID" zip="06605"/>
<person entityId="28316" recordId="117416" ssn="167130120" firstName="Sattar" middleName="P" lastName="Doaulil" streetNumber="928" streetName="Dorianne" apartmentNumber="2y4" city="Bridgeport" state="CT" zip="06605"/>
</MarkedRecordPair>
<MarkedRecordPair decision="match" date="2007-03-22" user="rphall" src="matcher" comment="0.9411765">
<person entityId="14190" recordId="103062" ssn="000000000" firstName="Thihom" middleName="P" lastName="Wesolowspki" streetNumber="647" streetName="Mccarthy Road" apartmentNumber="3l2" city="Burbank" state="CA" zip="91560"/>
<person entityId="14190" recordId="104152" ssn="000000000" firstName="hihom" middleName="P" lastName="Wesolowski" streetNumber="647" streetName="Mccarthy Road" apartmentNumber="3l2" city="Burbank" state="CA" zip="91520"/>
</MarkedRecordPair>
<MarkedRecordPair decision="match" date="2007-03-22" user="rphall" src="matcher" comment="0.9411765">
<person entityId="47346" recordId="104883" ssn="123146231" firstName="Couder" middleName="c" lastName="Va" streetNumber="" streetName="PO Box 3118" apartmentNumber="" city="Vienna" state="VA" zip="22183"/>
<person entityId="47346" recordId="120572" ssn="123146231" firstName="Coudre" middleName="F" lastName="Va" streetNumber="" streetName="PO Box 3118" apartmentNumber="" city="Vienna" state="VA" zip="22183"/>
</MarkedRecordPair>
<MarkedRecordPair decision="match" date="2007-03-22" user="rphall" src="matcher" comment="0.9411765">
<person entityId="20361" recordId="100152" ssn="000000000" firstName="Gallien" middleName="T" lastName="Tazeau" streetNumber="327" streetName="Doolin Road" apartmentNumber="8d7" city="Smithfield" state="UT" zip="84335"/>
<person entityId="20361" recordId="106509" ssn="000000000" firstName="Gallien" middleName="g" lastName="Tazeau" streetNumber="327" streetName="Doolin Road" apartmentNumber="8d7" city="Smithfideld" state="WI" zip="84335"/>
</MarkedRecordPair>
<MarkedRecordPair decision="match" date="2007-03-22" user="rphall" src="matcher" comment="0.9411765">
<person entityId="42322" recordId="106290" ssn="000000000" firstName="Gremillon" middleName="O" lastName="Buchwitz" streetNumber="" streetName="PO Box 2447" apartmentNumber="" city="Savage" state="IA" zip="59262"/>
<person entityId="42322" recordId="120868" ssn="000000000" firstName="Gremillcon" middleName="O" lastName="Buchwitz" streetNumber="" streetName="PO Box 2447" apartmentNumber="" city="Savage" state="MT" zip="59262"/>
</MarkedRecordPair>
<MarkedRecordPair decision="match" date="2007-03-22" user="rphall" src="matcher" comment="0.9411765">
<person entityId="42840" recordId="100109" ssn="000000000" firstName="Preruzzi" middleName="R" lastName="Metcalfe" streetNumber="321" streetName="Lovegren Ave" apartmentNumber="3p4" city="Casper" state="WY" zip="82630"/>
<person entityId="42840" recordId="118597" ssn="000000000" firstName="Perruzzi" middleName="R" lastName="Metcalfe" streetNumber="331" streetName="Lovegren Ave" apartmentNumber="3p4" city="Casper" state="WY" zip="42630"/>
</MarkedRecordPair>
<MarkedRecordPair decision="match" date="2007-03-22" user="rphall" src="matcher" comment="0.9411765">
<person entityId="55909" recordId="111732" ssn="641872647" firstName="Ayub" middleName="F" lastName="Mullner" streetNumber="511" streetName="Baysek Street" apartmentNumber="5o7" city="Vardaman" state="MS" zip="78878"/>
<person entityId="55909" recordId="135280" ssn="647872647" firstName="Ayub" middleName="F" lastName="tatsymi" streetNumber="511" streetName="Baysek Street" apartmentNumber="5o7" city="Vardaman" state="MS" zip="38878"/>
</MarkedRecordPair>
<MarkedRecordPair decision="match" date="2007-03-22" user="rphall" src="matcher" comment="0.9411765">
<person entityId="21782" recordId="109706" ssn="577160325" firstName="Poetschok" middleName="" lastName="Leva" streetNumber="566" streetName="Philippine Ave" apartmentNumber="3r5" city="Basalt" state="ID" zip="83218"/>
<person entityId="21782" recordId="112992" ssn="577160325" firstName="Poetschko" middleName="" lastName="Leva" streetNumber="566" streetName="Philippine Ave" apartmentNumber="3r5" city="Basalt" state="AR" zip="83268"/>
</MarkedRecordPair>
<MarkedRecordPair decision="match" date="2007-03-22" user="rphall" src="matcher" comment="0.9411765">
<person entityId="104470" recordId="104470" ssn="221375618" firstName="Dep" middleName="C" lastName="Nhut" streetNumber="7" streetName="Baio St" apartmentNumber="8y3" city="Milton Mills" state="NH" zip="03852"/>
<person entityId="104470" recordId="109093" ssn="221375618" firstName="Dep" middleName="i" lastName="Nhut" streetNumber="0" streetName="Baio St" apartmentNumber="8y3" city="Milton Mills" state="NH" zip="03882"/>
</MarkedRecordPair>
<MarkedRecordPair decision="match" date="2007-03-22" user="rphall" src="matcher" comment="0.9411765">
<person entityId="78287" recordId="108593" ssn="510376370" firstName="Ouida" middleName="I" lastName="Skrunfdz" streetNumber="803" streetName="Pedraza Parkway" apartmentNumber="5e5" city="Wendell" state="FM" zip="83355"/>
<person entityId="78287" recordId="156229" ssn="560326370" firstName="Ouida" middleName="I" lastName="Skrundz" streetNumber="803" streetName="Pedraza Parkway" apartmentNumber="5e5" city="Wendell" state="ID" zip="83355"/>
</MarkedRecordPair>
<MarkedRecordPair decision="match" date="2007-03-22" user="rphall" src="matcher" comment="0.9411765">
<person entityId="32346" recordId="100993" ssn="673586353" firstName="Ertl" middleName="Y" lastName="Spiros" streetNumber="498" streetName="Hodedo Pkwy" apartmentNumber="6j8" city="Newcastle" state="WY" zip="82701"/>
<person entityId="32346" recordId="107721" ssn="673586353" firstName="Ertl" middleName="Y" lastName="piros" streetNumber="498" streetName="Hodedo Pkwy" apartmentNumber="6j8" city="Newcastle" state="WI" zip="22701"/>
</MarkedRecordPair>
<MarkedRecordPair decision="match" date="2007-03-22" user="rphall" src="matcher" comment="0.9411765">
<person entityId="31426" recordId="101223" ssn="318707354" firstName="Ikeuchi" middleName="M" lastName="Halvorsen" streetNumber="" streetName="PO Box 1136" apartmentNumber="" city="Corwin Springs" state="NE" zip="59021"/>
<person entityId="31426" recordId="103118" ssn="318747354" firstName="Ikeuchi" middleName="M" lastName="Halvorsen" streetNumber="" streetName="PO Box 1136" apartmentNumber="" city="Corwin Springs" state="MT" zip="59021"/>
</MarkedRecordPair>
<MarkedRecordPair decision="differ" date="2007-03-22" user="rphall" src="matcher" comment="0.05882353">
<person entityId="107700" recordId="107700" ssn="784753213" firstName="Valto" middleName="Z" lastName="Kristine" streetNumber="651" streetName="Leilah Ave" apartmentNumber="1p8" city="qgana" state="GU" zip="96928"/>
<person entityId="94670" recordId="133781" ssn="000000000" firstName="Koene" middleName="X" lastName="Kristine" streetNumber="875" streetName="Garek Street" apartmentNumber="5h7" city="Agana" state="GU" zip="96928"/>
</MarkedRecordPair>
<MarkedRecordPair decision="differ" date="2007-03-22" user="rphall" src="matcher" comment="0.05882353">
<person entityId="48701" recordId="135480" ssn="000000000" firstName="Gui" middleName="" lastName="Hines" streetNumber="742" streetName="Nose Parkway" apartmentNumber="8u6" city="Musella" state="GA" zip="31066"/>
<person entityId="67559" recordId="155295" ssn="000000000" firstName="Gui" middleName="E" lastName="Glazener" streetNumber="742" streetName="Caviel Avenue" apartmentNumber="8o8" city="Kosrae" state="FM" zip="96944"/>
</MarkedRecordPair>
<MarkedRecordPair decision="match" date="2007-03-22" user="rphall" src="matcher" comment="0.05882353">
<person entityId="20050" recordId="115636" ssn="000000000" firstName="Hornyak" middleName="w" lastName="Armstead" streetNumber="235" streetName="Rongjen Ave" apartmentNumber="1f1" city="Subolette" state="KS" zip="67878"/>
<person entityId="20050" recordId="116477" ssn="000000000" firstName="Hornyak" middleName="O" lastName="Arjmstead" streetNumber="37" streetName="Quarchioni Ave" apartmentNumber="5u0" city="Sublette" state="KS" zip="67877"/>
</MarkedRecordPair>
<MarkedRecordPair decision="match" date="2007-03-22" user="rphall" src="matcher" comment="0.05882353">
<person entityId="74719" recordId="140487" ssn="682642761" firstName="Hersh" middleName="U" lastName="Ikai" streetNumber="543" streetName="Isarella Ave" apartmentNumber="5u6" city="Kaaawa" state="HI" zip="96730"/>
<person entityId="74719" recordId="147052" ssn="682642767" firstName="Hersch" middleName="U" lastName="Ikai" streetNumber="" streetName="PO Box 3090" apartmentNumber="" city="gerry" state="AL" zip="35546"/>
</MarkedRecordPair>
<MarkedRecordPair decision="match" date="2007-03-22" user="rphall" src="matcher" comment="0.05882353">
<person entityId="42518" recordId="140156" ssn="238820771" firstName="aPik" middleName="S" lastName="Jetton" streetNumber="" streetName="PO Box 588" apartmentNumber="" city="Livermore gFalls" state="OR" zip="00254"/>
<person entityId="42518" recordId="141968" ssn="230520771" firstName="Paik" middleName="S" lastName="Jtton" streetNumber="" streetName="PO Box 588" apartmentNumber="" city="Livermore Falls" state="ME" zip="04254"/>
</MarkedRecordPair>
<MarkedRecordPair decision="match" date="2007-03-22" user="rphall" src="matcher" comment="0.05882353">
<person entityId="86214" recordId="138065" ssn="142647813" firstName="Caires" middleName="S" lastName="Lippolt" streetNumber="160" streetName="Gowie Parkway" apartmentNumber="8x7" city="Concord" state="NC" zip="28026"/>
<person entityId="86214" recordId="172620" ssn="142647813" firstName="Caxires" middleName="c" lastName="Lippolt" streetNumber="271" streetName="Ridner Road" apartmentNumber="2h6" city="Concofrd" state="MA" zip="28026"/>
</MarkedRecordPair>
<MarkedRecordPair decision="match" date="2007-03-22" user="rphall" src="matcher" comment="0.05882353">
<person entityId="86496" recordId="132486" ssn="376375533" firstName="Morreale" middleName="q" lastName="Scheu" streetNumber="" streetName="PO Box 4484" apartmentNumber="" city="Wilmington" state="DE" zip="19804"/>
<person entityId="86496" recordId="176514" ssn="376375533" firstName="Scheu" middleName="W" lastName="Morreale" streetNumber="" streetName="O Box 4484" apartmentNumber="" city="Wiklmington" state="DE" zip="19844"/>
</MarkedRecordPair>
<MarkedRecordPair decision="match" date="2007-03-22" user="rphall" src="matcher" comment="0.05882353">
<person entityId="34493" recordId="106351" ssn="587306421" firstName="Smillie" middleName="D" lastName="Allie" streetNumber="479" streetName="Cogwell Avenue" apartmentNumber="8p0" city="Hampton" state="VA" zip="20629"/>
<person entityId="34493" recordId="115906" ssn="565306421" firstName="Snillie" middleName="D" lastName="Alliae" streetNumber="658" streetName="Neregion Avenue" apartmentNumber="5c3" city="Hampton" state="VA" zip="23629"/>
</MarkedRecordPair>
<MarkedRecordPair decision="differ" date="2007-03-22" user="rphall" src="matcher" comment="0.05882353">
<person entityId="78549" recordId="128346" ssn="000000000" firstName="Alsfeld" middleName="R" lastName="Veillette" streetNumber="657" streetName="Droszcz Lane" apartmentNumber="5m4" city="Waterbury" state="CT" zip="06702"/>
<person entityId="60031" recordId="129873" ssn="000000000" firstName="Alsfeld" middleName="H" lastName="oonyean" streetNumber="531" streetName="Beaud Road" apartmentNumber="5m4" city="Chadbourn" state="NC" zip="28431"/>
</MarkedRecordPair>
<MarkedRecordPair decision="match" date="2007-03-22" user="rphall" src="matcher" comment="0.05882353">
<person entityId="34285" recordId="101205" ssn="278668207" firstName="Bourbassa" middleName="G" lastName="Sjimane" streetNumber="" streetName="PO Box 497" apartmentNumber="" city="Casperp" state="WY" zip="82604"/>
<person entityId="34285" recordId="107638" ssn="518668407" firstName="Bourassa" middleName="d" lastName="Shimane" streetNumber="738" streetName="Arja Ave" apartmentNumber="3c4" city="Casper" state="WY" zip="82604"/>
</MarkedRecordPair>
<MarkedRecordPair decision="match" date="2007-03-22" user="rphall" src="matcher" comment="0.05882353">
<person entityId="55636" recordId="116227" ssn="356384818" firstName="ioannini" middleName="L" lastName="Leres" streetNumber="726" streetName="Sng Street" apartmentNumber="0q8" city="Greenqood" state="OR" zip="38930"/>
<person entityId="55636" recordId="125027" ssn="306384811" firstName="Leres" middleName="r" lastName="Gioannini" streetNumber="726" streetName="Sug Street" apartmentNumber="0q8" city="Greenwood" state="MS" zip="38930"/>
</MarkedRecordPair>
<MarkedRecordPair decision="match" date="2007-03-22" user="rphall" src="matcher" comment="0.05882353">
<person entityId="25929" recordId="113010" ssn="571878385" firstName="S" middleName="w" lastName="Mazon" streetNumber="398" streetName="Richa Road" apartmentNumber="5v5" city="Ages-Brookisde" state="KY" zip="40801"/>
<person entityId="25929" recordId="122378" ssn="571878385" firstName="Sutor" middleName="C" lastName="Mazon" streetNumber="" streetName="PO Box 898" apartmentNumber="" city="Lancaster" state="NH" zip="03584"/>
</MarkedRecordPair>
<MarkedRecordPair decision="match" date="2007-03-22" user="rphall" src="matcher" comment="0.05882353">
<person entityId="33160" recordId="105708" ssn="246023860" firstName="Mollide" middleName="T" lastName="Hendqrdy" streetNumber="494" streetName="dabuco Rd" apartmentNumber="7j0" city="oLincoln" state="ME" zip="04467"/>
<person entityId="33160" recordId="121677" ssn="246023860" firstName="Moklie" middleName="T" lastName="Hendardy" streetNumber="594" streetName="Sabuco Rd" apartmentNumber="7j0" city="Linclln" state="MO" zip="04457"/>
</MarkedRecordPair>
<MarkedRecordPair decision="match" date="2007-03-22" user="rphall" src="matcher" comment="0.05882353">
<person entityId="51584" recordId="103679" ssn="706255481" firstName="Gilmour" middleName="" lastName="Mcqke" streetNumber="" streetName="PO Box 1804" apartmentNumber="" city="Wanra" state="MN" zip="56294"/>
<person entityId="51584" recordId="142520" ssn="706255481" firstName="Gilmour" middleName="C" lastName="Mxcke" streetNumber="118" streetName="Free Ave" apartmentNumber="4d5" city="Rockville" state="MD" zip="20856"/>
</MarkedRecordPair>
<MarkedRecordPair decision="match" date="2007-03-22" user="rphall" src="matcher" comment="0.05882353">
<person entityId="20437" recordId="108380" ssn="211533475" firstName="Fornara" middleName="u" lastName="Aroldo" streetNumber="497" streetName="Randie Parkway" apartmentNumber="4d7" city="unction City" state="WI" zip="54443"/>
<person entityId="20437" recordId="118962" ssn="211563475" firstName="Fornara" middleName="C" lastName="Aroldo" streetNumber="936" streetName="Mcinnes Pkwy" apartmentNumber="2m1" city="Junction Citiy" state="AK" zip="54443"/>
</MarkedRecordPair>
<MarkedRecordPair decision="match" date="2007-03-22" user="rphall" src="matcher" comment="0.05882353">
<person entityId="23140" recordId="109725" ssn="338741286" firstName="Prange" middleName="B" lastName="Ocarroll" streetNumber="236" streetName="Swerein Ave" apartmentNumber="7d0" city="Vance" state="AL" zip="35490"/>
<person entityId="23140" recordId="117115" ssn="336741686" firstName="Praneg" middleName="B" lastName="Ocarrolkl" streetNumber="336" streetName="Swerlein Ave" apartmentNumber="7d0" city="Vanve" state="WY" zip="35490"/>
</MarkedRecordPair>
<MarkedRecordPair decision="match" date="2007-03-22" user="rphall" src="matcher" comment="0.05882353">
<person entityId="14503" recordId="104946" ssn="175625051" firstName="Lissauer" middleName="T" lastName="Morreira" streetNumber="" streetName="PO Box 4720" apartmentNumber="" city="Crooks" state="SD" zip="57020"/>
<person entityId="14503" recordId="112224" ssn="175620052" firstName="Lissauer" middleName="a" lastName="Morreira" streetNumber="195" streetName="Jaymie Road" apartmentNumber="7e3" city="Oklahoma City" state="OK" zip="73179"/>
</MarkedRecordPair>
<MarkedRecordPair decision="differ" date="2007-03-22" user="rphall" src="matcher" comment="0.05882353">
<person entityId="100446" recordId="100446" ssn="155335653" firstName="Oconnell" middleName="" lastName="Hecekr" streetNumber="427" streetName="Alastevr Rd" apartmentNumber="5i8" city="Holbrook" state="MA" zip="02343"/>
<person entityId="83097" recordId="150856" ssn="431572112" firstName="J" middleName="" lastName="oMhamud" streetNumber="472" streetName="Scooter" apartmentNumber="5i8" city="Holbrook" state="AZ" zip="86025"/>
</MarkedRecordPair>
<MarkedRecordPair decision="match" date="2007-03-22" user="rphall" src="matcher" comment="0.05882353">
<person entityId="31880" recordId="102065" ssn="234324427" firstName="Mayenburg" middleName="N" lastName="Oshaughnessy" streetNumber="933" streetName="Towelle Road" apartmentNumber="0w6" city="Nevdaa" state="PR" zip="50201"/>
<person entityId="31880" recordId="108351" ssn="334384427" firstName="Mqayenburg" middleName="N" lastName="Oshaughnessy" streetNumber="909" streetName="Towell Road" apartmentNumber="0w6" city="uevada" state="IA" zip="58201"/>
</MarkedRecordPair>
<MarkedRecordPair decision="differ" date="2007-03-22" user="rphall" src="matcher" comment="0.05882353">
<person entityId="103626" recordId="103626" ssn="223384775" firstName="Okamoto" middleName="" lastName="Polinski" streetNumber="417" streetName="Id Avenue" apartmentNumber="5u0" city="Christiansted" state="VI" zip="00822"/>
<person entityId="58366" recordId="156862" ssn="636876603" firstName="Baggs" middleName="" lastName="Leavell" streetNumber="742" streetName="Serdra Av" apartmentNumber="0r4" city="Christiansted" state="DE" zip="00822"/>
</MarkedRecordPair>
<MarkedRecordPair decision="match" date="2007-03-22" user="rphall" src="matcher" comment="0.05882353">
<person entityId="6090" recordId="100628" ssn="243251685" firstName="Benjavan" middleName="P" lastName="stele" streetNumber="645" streetName="Lindajoy Parkway" apartmentNumber="2y0" city="Newburg" state="ND" zip="58762"/>
<person entityId="6090" recordId="103860" ssn="243251685" firstName="Benjavan" middleName="v" lastName="Estele" streetNumber="175" streetName="Eisenberg" apartmentNumber="4c3" city="Neqwburg" state="GA" zip="58762"/>
</MarkedRecordPair>
<MarkedRecordPair decision="differ" date="2007-03-22" user="rphall" src="matcher" comment="0.05882353">
<person entityId="74579" recordId="107456" ssn="000000000" firstName="Waghorne" middleName="B" lastName="Bragado" streetNumber="98" streetName="Figueroa Ave" apartmentNumber="5w7" city="Bear River City" state="UT" zip="84301"/>
<person entityId="104356" recordId="141636" ssn="000000000" firstName="Bonsack" middleName="G" lastName="xAdow" streetNumber="332" streetName="Figueroa Ave" apartmentNumber="0e7" city="ygden" state="UT" zip="84404"/>
</MarkedRecordPair>
<MarkedRecordPair decision="differ" date="2007-03-22" user="rphall" src="matcher" comment="0.05882353">
<person entityId="103040" recordId="103040" ssn="522780447" firstName="Rob" middleName="" lastName="Megazzini" streetNumber="399" streetName="Zappe Street" apartmentNumber="5f8" city="Hamburg" state="AR" zip="71646"/>
<person entityId="107426" recordId="107426" ssn="000000000" firstName="Uritani" middleName="" lastName="Franzman" streetNumber="640" streetName="Zappe Street" apartmentNumber="5n0" city="Hunter" state="AR" zip="72074"/>
</MarkedRecordPair>
<MarkedRecordPair decision="differ" date="2007-03-22" user="rphall" src="matcher" comment="0.05882353">
<person entityId="105190" recordId="105190" ssn="000000000" firstName="Lina" middleName="" lastName="Checinski" streetNumber="996" streetName="Irma Road" apartmentNumber="3k2" city="Aguada" state="PR" zip="00602"/>
<person entityId="90996" recordId="173410" ssn="546366041" firstName="Meaghan" middleName="" lastName="Flattum" streetNumber="996" streetName="Irma Road" apartmentNumber="6k1" city="Laneville" state="TX" zip="75667"/>
</MarkedRecordPair>
<MarkedRecordPair decision="match" date="2007-03-22" user="rphall" src="matcher" comment="0.05882353">
<person entityId="48991" recordId="101307" ssn="122841453" firstName="Goldean" middleName="" lastName="Succes" streetNumber="838" streetName="Kasbow Avenue" apartmentNumber="5m5" city="Mc Grars" state="FM" zip="25873"/>
<person entityId="48991" recordId="137889" ssn="122541423" firstName="Goldean" middleName="" lastName="ducces" streetNumber="858" streetName="Ksabow Av" apartmentNumber="5m5" city="Mc Graws" state="WV" zip="25876"/>
</MarkedRecordPair>
<MarkedRecordPair decision="differ" date="2007-03-22" user="rphall" src="matcher" comment="0.05882353">
<person entityId="103024" recordId="103024" ssn="284505562" firstName="Co" middleName="M" lastName="Hashmi" streetNumber="857" streetName="Bubenicek Rd" apartmentNumber="4w6" city="Washington" state="DC" zip="20331"/>
<person entityId="103640" recordId="103640" ssn="234240204" firstName="Mccullar" middleName="N" lastName="Lucina" streetNumber="154" streetName="Bubenicek Rd" apartmentNumber="8d5" city="Washington" state="DC" zip="20535"/>
</MarkedRecordPair>
<MarkedRecordPair decision="differ" date="2007-03-22" user="rphall" src="matcher" comment="0.05882353">
<person entityId="91818" recordId="134940" ssn="585278683" firstName="Roscoe" middleName="S" lastName="Hoferek" streetNumber="479" streetName="Weedon Ln" apartmentNumber="0y8" city="Buckfield" state="ME" zip="04220"/>
<person entityId="90039" recordId="189800" ssn="768835081" firstName="Roscoe" middleName="S" lastName="Maryann" streetNumber="479" streetName="Bronwen St" apartmentNumber="1m8" city="FPO San Francisco" state="GU" zip="96637"/>
</MarkedRecordPair>
<MarkedRecordPair decision="differ" date="2007-03-22" user="rphall" src="matcher" comment="0.015384615">
<person entityId="66104" recordId="147894" ssn="373757267" firstName="Nippert" middleName="T" lastName="Dresel" streetNumber="347" streetName="Scptest Street" apartmentNumber="7x4" city="Agaan" state="OR" zip="96930"/>
<person entityId="86736" recordId="159800" ssn="605576621" firstName="Glusac" middleName="U" lastName="Fadwa" streetNumber="347" streetName="Hudak Street" apartmentNumber="1a5" city="Agana" state="GU" zip="96930"/>
</MarkedRecordPair>
<MarkedRecordPair decision="differ" date="2007-03-22" user="rphall" src="matcher" comment="0.015384615">
<person entityId="22422" recordId="104927" ssn="000000000" firstName="Ladean" middleName="J" lastName="Sylvestre" streetNumber="905" streetName="Bierbrier Avenue" apartmentNumber="4l4" city="West Setwartstown" state="TN" zip="03597"/>
<person entityId="66599" recordId="126114" ssn="303252310" firstName="Omkai" middleName="" lastName="Uliano" streetNumber="905" streetName="Barhe Avenue" apartmentNumber="3n2" city="dColumbia" state="TN" zip="42728"/>
</MarkedRecordPair>
<MarkedRecordPair decision="match" date="2007-03-22" user="rphall" src="matcher" comment="0.0038910506">
<person entityId="26498" recordId="106307" ssn="267071032" firstName="Bailly" middleName="Z" lastName="Hald" streetNumber="937" streetName="Gnaedinger" apartmentNumber="0n3" city="Birmingham" state="AL" zip="35225"/>
<person entityId="26498" recordId="126235" ssn="267071032" firstName="Hald" middleName="d" lastName="Bially" streetNumber="861" streetName="Dehner Street" apartmentNumber="0s5" city="Washington" state="DC" zip="20376"/>
</MarkedRecordPair>
<MarkedRecordPair decision="match" date="2007-03-22" user="rphall" src="matcher" comment="0.015384615">
<person entityId="38826" recordId="115580" ssn="334051154" firstName="Aeriell" middleName="f" lastName="Anjanette" streetNumber="611" streetName="Naurn Road" apartmentNumber="8d1" city="Ashley Falls" state="MA" zip="01222"/>
<person entityId="38826" recordId="130111" ssn="364011154" firstName="Anjanette" middleName="B" lastName="Aeriell" streetNumber="970" streetName="Baominhh" apartmentNumber="4s7" city="Asjley Falls" state="MA" zip="01222"/>
</MarkedRecordPair>
<MarkedRecordPair decision="match" date="2007-03-22" user="rphall" src="matcher" comment="0.015384615">
<person entityId="34141" recordId="117319" ssn="146566302" firstName="Ulivi" middleName="w" lastName="coens" streetNumber="698" streetName="Tamila Ave" apartmentNumber="6s6" city="Datton" state="OH" zip="45490"/>
<person entityId="34141" recordId="118365" ssn="146566302" firstName="lUivi" middleName="V" lastName="Azim" streetNumber="" streetName="PO Box 4701" apartmentNumber="" city="Easley" state="SC" zip="29640"/>
</MarkedRecordPair>
<MarkedRecordPair decision="match" date="2007-03-22" user="rphall" src="matcher" comment="0.015384615">
<person entityId="81891" recordId="101706" ssn="220515376" firstName="Heggie" middleName="s" lastName="Rudeen" streetNumber="" streetName="oO Box 1925" apartmentNumber="" city="Washimngton" state="DC" zip="20389"/>
<person entityId="81891" recordId="159869" ssn="220515473" firstName="Heggie" middleName="R" lastName="udeen" streetNumber="212" streetName="Begg Pkwy" apartmentNumber="4g0" city="Pocatello" state="ID" zip="83206"/>
</MarkedRecordPair>
<MarkedRecordPair decision="match" date="2007-03-22" user="rphall" src="matcher" comment="0.9846154">
<person entityId="17086" recordId="103962" ssn="671123621" firstName="Salditt" middleName="Q" lastName="Joachimpillai" streetNumber="395" streetName="Clapham Street" apartmentNumber="6d6" city="Hartford" state="FL" zip="06106"/>
<person entityId="17086" recordId="104358" ssn="671123621" firstName="Salditt" middleName="Q" lastName="Joachimpillai" streetNumber="395" streetName="Clapham Street" apartmentNumber="6d6" city="Hartford" state="CT" zip="06102"/>
</MarkedRecordPair>
<MarkedRecordPair decision="match" date="2007-03-22" user="rphall" src="matcher" comment="0.9846154">
<person entityId="104730" recordId="104730" ssn="465410010" firstName="Null" middleName="W" lastName="Jloset" streetNumber="783" streetName="Jesse" apartmentNumber="7a2" city="Washington" state="DC" zip="20395"/>
<person entityId="104730" recordId="139835" ssn="465410010" firstName="Null" middleName="W" lastName="Joset" streetNumber="783" streetName="Jesse" apartmentNumber="7a2" city="Washington" state="DC" zip="20395"/>
</MarkedRecordPair>
<MarkedRecordPair decision="match" date="2007-03-22" user="rphall" src="matcher" comment="0.9846154">
<person entityId="31600" recordId="116804" ssn="000000000" firstName="Broek" middleName="Y" lastName="Fachon" streetNumber="298" streetName="Ashburn Rd" apartmentNumber="0b2" city="Coats" state="NC" zip="27521"/>
<person entityId="31600" recordId="126443" ssn="000000000" firstName="Broek" middleName="y" lastName="Fachon" streetNumber="298" streetName="Ashburn Rd" apartmentNumber="0b2" city="Coats" state="NC" zip="27526"/>
</MarkedRecordPair>
</ChoiceMakerMarkedRecordPairs>